-9.76922	-3.4569	
-1.01193	-2.78235	
-9.19567	1.58425	
-11.104	4.98523	
-8.98017	-6.13553	
-11.1051	-7.26226	
-8.48682	-3.48741	
-4.71135	-7.77276	
-8.40451	-8.05041	
-10.1587	-7.16496	
-2.29808	-0.124282	
-2.30448	-1.03771	
-11.3691	-3.58878	
-2.96654	3.78019	
-9.77314	-5.28432	
-9.66203	3.88323	
-2.36163	2.82166	
-9.36047	5.00096	
-10.0652	-4.39493	
-2.25432	1.02702	
-5.64052	-1.00729	
-4.71646	1.43571	
-1.27601	1.26159	
-5.60267	0.33527	
-5.77309	-0.0647282	
-7.55931	-2.75335	
-6.74048	-3.98796	
-2.25624	-0.613126	
-5.45355	0.523276	
-5.36805	-0.562281	
-5.80876	1.47649	
-6.00306	1.02314	
-1.51959	-0.274239	
-4.83641	-3.04747	
-6.00038	1.99363	
-2.24909	-1.82115	
-6.47332	1.86872	
-4.54749	-0.0407014	
-6.06147	1.0658	
-3.08347	-0.572705	
-6.46302	0.841452	
-6.48326	2.26815	
-2.16956	1.88477	
-4.82545	1.95133	
-6.71503	1.47308	
-3.05042	2.809	
-3.83131	-0.239245	
-1.57513	1.80617	
-5.38829	1.59658	
-4.42027	0.732161	
-6.52428	3.47271	
-8.50199	0.905287	
-7.70346	-3.23283	
-7.744	4.10075	
-6.36105	4.16763	
-3.83101	-2.77787	
-7.09311	-1.53429	
-5.31978	-4.10119	
-9.8466	1.58735	
-7.78762	-3.99072	
-7.31026	-0.991852	
-7.59084	-2.33915	
-9.35005	-2.12078	
-6.94935	-1.19115	
-5.30916	-0.97948	
-5.15856	-1.96516	
-6.94935	-1.19115	
-8.04278	-0.510131	
-6.94935	-1.19115	
-5.49788	-0.85771	
-6.21796	1.37203	
-6.21796	1.37203	
-6.21796	1.37203	
-6.30989	1.23027	
-3.52095	0.663729	
-6.21796	1.37203	
-7.36872	1.95141	
-7.27209	1.73079	
-7.58349	0.114331	
-7.36872	1.95141	
-3.99488	1.04634	
-6.4388	-0.654836	
-7.33696	5.02901	
-4.95022	1.98227	
-6.8631	4.21245	
-5.35372	-1.80427	
-4.67642	0.103999	
-6.65083	-5.69634	
-6.80469	5.57613	
-4.61662	-3.45957	
-4.88287	-2.98059	
-6.59259	-1.56084	
-4.37445	1.2477	
-5.48481	2.55601	
-7.84336	-1.28534	
-4.16929	1.7655	
-6.89367	-1.64561	
-7.24188	0.332956	
-4.893	0.365115	
-6.59259	-1.56084	
-5.65457	-2.72389	
-7.94966	-0.224719	
-7.13884	0.474059	
-6.53226	-0.684582	
-6.76192	-0.716558	
-5.5302	-4.02361	
-5.77934	-1.04317	
-7.19425	-1.80228	
-0.949069	0.399604	
-7.13884	0.474059	
-9.37083	0.318036	
-6.04097	-2.05216	
-5.98013	-3.73427	
-6.9517	0.119968	
-5.31927	-3.38388	
-9.69224	3.2809	
-3.72956	-1.54607	
-4.55976	-0.725745	
-7.4426	0.270026	
-7.00958	-3.4752	
-6.35971	0.595805	
-4.53059	-0.20435	
-3.91403	-1.89199	
-5.33439	-6.26951	
-6.68633	-0.0722252	
-6.14065	-1.19656	
-4.63045	-0.851145	
-3.91403	-1.89199	
-4.45076	0.0631987	
-4.53876	-0.507831	
-6.45306	2.41972	
-7.46625	1.84003	
-6.988	1.22368	
-6.79929	1.44172	
-3.0461	0.488523	
-5.16148	1.54487	
-7.68683	1.92614	
-3.32439	-2.16946	
-7.45961	2.06399	
-3.46706	-2.18583	
-7.77374	-1.47414	
-4.88781	-0.833422	
-7.22832	2.88639	
-7.44886	-1.96747	
-4.53722	0.158749	
-4.2888	0.0434384	
-3.23093	-0.0575835	
-6.66713	0.936612	
-1.7591	-3.95101	
-3.74989	0.680151	
-4.81316	-3.64195	
-5.09652	-4.23384	
-5.14667	-0.0900357	
-4.47325	0.387698	
-5.55688	-0.954881	
-4.51266	1.57086	
-3.13987	1.25397	
-4.1967	-3.32986	
-3.01678	1.77659	
-2.77832	-0.491701	
-2.47258	-1.07289	
-8.0095	2.12401	
-4.35534	2.87504	
-8.58113	1.33473	
-7.86702	0.586043	
-9.52779	3.60302	
-7.08574	2.54101	
-2.10839	1.56326	
-1.77763	-0.748097	
-7.08574	2.54101	
-4.17362	-2.87298	
-6.55749	-3.10457	
-3.52767	-3.48589	
-4.33007	-1.24783	
-4.5852	-1.96893	
-4.49763	-2.50454	
-4.11838	-1.25915	
-4.49763	-2.50454	
-4.0565	-2.02196	
-4.7712	-1.08666	
-4.12365	-4.00644	
-5.80876	1.47649	
-6.68633	-0.0722252	
-6.76097	-0.0446384	
-6.50281	1.05045	
-5.80876	1.47649	
-5.34309	0.681311	
-8.47411	1.76979	
-7.61863	3.40454	
-5.64906	-0.210778	
-6.06698	0.0579777	
-5.69387	-0.68263	
-4.32217	1.03548	
-3.14993	2.90167	
-6.96683	-0.418138	
-3.7168	0.220996	
-6.28524	0.335096	
-6.06698	0.0579777	
-2.03469	-0.794661	
-5.69387	-0.68263	
-7.67131	1.26178	
-5.84577	0.162262	
-7.67131	1.26178	
-4.37859	0.943187	
-7.40168	1.50942	
-7.40168	1.50942	
-5.00923	0.556086	
-7.67131	1.26178	
-5.35351	-0.51668	
-5.84577	0.162262	
-4.35029	-0.868781	
-8.95952	1.93169	
-4.35029	-0.868781	
-4.71154	1.24329	
-8.90032	0.436916	
-6.02399	3.13707	
-3.64223	3.01924	
-3.80832	3.29713	
-6.31352	-0.944672	
-3.50664	-0.602825	
-5.78733	2.92562	
-5.17694	3.42259	
-4.84172	2.38102	
-1.03157	0.0529408	
-3.05901	1.17066	
-3.20227	1.25291	
-1.08774	2.92325	
-4.29296	2.23254	
-3.8379	1.51399	
-1.66979	1.39349	
-9.48626	2.99838	
-7.61207	4.15943	
-9.06217	1.16735	
-9.0356	1.27179	
-8.83419	2.73673	
-9.29425	3.04247	
-7.53294	3.45147	
-2.94262	-2.21294	
-1.32485	3.43591	
-4.4005	3.09482	
-1.38065	0.716765	
-3.4299	0.410402	
-7.3197	-1.37424	
-2.01717	-2.33658	
-3.05355	-1.78237	
-1.23255	-0.98765	
-2.51911	-2.47574	
-7.76749	-2.28592	
-2.62064	-1.96583	
-7.16173	-1.02108	
-7.84904	-1.11199	
-6.0874	5.93636	
-3.99313	3.25903	
-4.00228	-2.8589	
-7.95141	-0.995888	
-1.32271	-1.37156	
-3.46175	4.18372	
-3.29263	3.55635	
-5.08622	1.75978	
-6.82964	3.10021	
-6.03129	-0.653911	
-6.67171	-4.76214	
-6.8806	-4.00477	
-9.45866	6.08327	
-5.95667	-0.716914	
0.0723786	-2.6501	
-6.71041	1.79121	
-7.24996	-3.11043	
-8.90018	2.6044	
-5.66972	-4.85415	
-4.01861	-2.78845	
-6.13248	-1.50937	
-7.74796	-4.47196	
-5.93822	-1.68036	
-7.39797	1.10356	
-4.63095	-0.847833	
-3.98546	-0.0682295	
-7.50151	1.21904	
-3.27794	-1.41487	
-3.71863	-0.006204	
-2.14684	2.23426	
0.784438	1.03247	
-0.0429593	-2.21065	
-1.44738	-0.0593815	
0.86923	-0.0718258	
-2.08421	0.0740288	
-9.12619	2.15903	
-1.49536	0.491867	
-0.484366	-1.67235	
-2.09517	0.406907	
-7.65631	2.21089	
-2.24976	2.37648	
-7.28088	2.78388	
-5.48481	2.55601	
-3.35192	1.3526	
-3.35192	1.3526	
-6.94294	2.96423	
-6.99348	1.72431	
-7.0021	2.98119	
-2.56524	2.75785	
-2.38455	2.4981	
-1.31989	1.99987	
-1.82546	2.77017	
-8.57004	-4.01909	
-2.62918	-5.26527	
0.411427	-2.49698	
-1.49167	2.37095	
-4.91211	-2.38206	
-0.664203	4.05297	
-1.26986	1.57464	
-3.25004	-1.31638	
-4.18303	-0.945974	
-3.7476	-0.960172	
-3.76187	-1.10139	
-3.81788	-1.02155	
-4.27268	1.3935	
-1.64652	-1.67051	
-3.25004	-1.31638	
-1.28649	-0.524235	
-1.64652	-1.67051	
-4.48353	-2.34777	
-6.14966	-5.11677	
-5.78857	-5.0945	
-3.9128	-3.2043	
-2.6323	-0.494386	
-6.68176	1.84089	
-1.56935	-3.60167	
-3.00327	2.76171	
-2.87915	-1.29962	
-7.18077	-3.94538	
-11.2292	2.02756	
-8.2228	7.10417	
-6.88731	4.87243	
-9.79977	-3.79275	
-8.70931	3.81913	
-6.19668	5.01025	
-8.12709	-2.34696	
-12.1551	3.36421	
-9.50225	-4.24758	
-8.05322	4.64044	
-7.6795	0.867797	
-8.25054	2.11201	
-4.33875	3.3264	
-8.14062	2.1097	
-4.85484	4.24367	
-8.05215	3.1557	
-6.17324	3.05533	
-8.14062	2.1097	
-5.35408	3.91365	
-6.68125	1.50923	
-3.44255	-0.0176094	
-2.76033	-0.118057	
-2.93827	-0.315138	
-7.11026	1.38805	
-7.11026	1.38805	
-8.12231	1.13928	
-3.96111	-0.297232	
-6.90746	1.19929	
-2.93827	-0.315138	
-3.66442	0.0949601	
-1.03534	1.16717	
-5.43325	3.3699	
0.346247	2.38795	
-0.95755	-1.2504	
-0.179178	1.62882	
-0.139144	1.48511	
0.621079	1.32728	
0.347635	-0.145438	
-0.105428	0.0900104	
0.134517	0.728414	
-8.67285	-3.06814	
-7.49949	-2.04738	
-9.21108	0.766447	
-8.78848	3.74744	
-9.25893	-3.4661	
-9.31819	-3.45576	
-10.6158	1.34601	
-7.98054	-4.62537	
-9.26107	-5.38839	
-8.19622	2.35695	
-6.26468	-3.22499	
-9.27257	4.53647	
-6.9387	-0.353596	
-6.9387	-0.353596	
-6.48326	2.26815	
-7.03797	1.32024	
-8.38748	-0.482679	
-6.97008	1.18942	
-7.72531	-0.369996	
-6.72129	1.02947	
-6.89856	-3.07966	
-5.51117	3.16098	
-3.27599	-0.178534	
-3.18526	-1.24432	
-8.16602	-3.64144	
-8.09322	-0.819267	
-6.28524	0.335096	
-5.80876	1.47649	
-3.38699	0.733761	
-4.94401	-0.494296	
-3.54737	2.69115	
-4.95942	2.56538	
-6.48516	-4.07166	
-5.24381	1.00906	
-4.79981	-0.598786	
-5.84799	-3.10706	
-1.5334	-0.636557	
-5.80876	1.47649	
-5.6372	-1.25489	
-8.67976	0.0766911	
-11.1625	0.629356	
-4.84847	-2.21952	
-10.2692	-1.85616	
-10.3843	-0.973677	
-3.78328	-3.01033	
-5.51058	-0.974211	
-11.8042	-0.0505933	
-10.7595	0.792796	
-11.3291	-1.75097	
-9.65021	1.76522	
-7.35259	3.20056	
-6.239	6.4533	
-9.52166	2.7291	
-6.092	3.90354	
-9.81466	2.38483	
-9.77934	2.47955	
-9.02512	4.86094	
-10.5443	3.4452	
-8.84566	-5.36051	
-8.54827	-3.65781	
-3.9788	0.753166	
-4.4083	0.265402	
-4.95308	0.992346	
-5.65907	-0.418446	
-4.34413	-0.832064	
-1.80929	-2.20272	
-2.81569	-2.59385	
-4.41536	0.456233	
-4.69259	-3.25473	
-3.99271	-0.315192	
-10.1039	4.50629	
-8.3767	-3.59461	
-7.48825	-5.68177	
-10.0667	2.17194	
-8.38585	0.19484	
-5.21671	-0.240696	
-6.33043	1.05229	
-4.22678	0.0544555	
-7.70492	-1.81715	
-8.51883	2.92055	
-4.54749	-0.0407014	
-7.18144	-5.09141	
-2.72532	-4.04794	
-5.02445	6.39709	
-4.5336	-4.96437	
-5.01844	0.759152	
-5.63513	-2.5978	
-7.06396	-5.11243	
-9.01072	-4.474	
-7.09734	-3.8239	
-8.28155	1.89212	
-4.08928	0.0648936	
-7.02075	6.75243	
-9.03635	-1.06607	
-8.35505	2.76759	
-1.72517	1.28882	
-7.73983	3.00504	
-7.54123	1.95691	
-5.29375	1.79521	
-7.54123	1.95691	
-7.96056	0.656058	
-7.829	-5.13389	
-5.40526	-7.04247	
-3.46874	-4.84419	
-0.590903	-2.45237	
-2.25347	-3.95281	
-2.74438	-4.7669	
-9.38573	2.22645	
-2.93266	-4.87303	
0.121686	-1.33327	
-3.67451	1.00101	
-7.80882	1.4821	
-4.75907	-0.663862	
-4.35756	-2.30693	
-5.64111	2.34487	
-7.2295	1.63435	
-3.61598	1.305	
-6.86943	2.05544	
-2.12833	-1.68372	
-3.74173	0.078243	
-2.807	-0.739019	
-4.98017	0.496421	
-5.80876	1.47649	
-4.63425	-0.181764	
-5.44087	-0.0347288	
-8.46293	1.6102	
-8.31253	-1.39729	
-4.72438	1.31519	
-8.22124	0.293053	
-4.98017	0.496421	
-2.71433	0.250087	
-5.36439	-0.652467	
-7.49858	0.724255	
-1.05027	1.84391	
-2.01336	-1.16885	
-8.38748	-0.482679	
-2.82014	1.75727	
-8.37556	3.3984	
-4.14464	-0.474761	
-4.61833	1.2619	
-5.10789	-0.99806	
-2.02418	-2.26515	
-1.47722	-5.84355	
-1.64455	-3.83649	
-0.251416	-2.3302	
-1.36996	-2.27639	
-4.53745	-2.43124	
-8.28569	-2.60086	
-6.90758	1.56015	
-9.02271	-4.71619	
-3.76174	-2.59112	
-6.57891	-4.50758	
-2.23813	-3.1585	
-5.52083	-2.31402	
-8.3264	2.34907	
-3.76174	-2.59112	
-2.69243	-1.24079	
-3.08404	-0.930245	
-5.27595	-2.10862	
-3.04518	-1.13962	
-7.64006	1.38056	
-3.95003	-0.976488	
-5.86309	-0.37134	
-1.66027	-0.885476	
-9.05987	1.57243	
-2.38935	-1.64346	
-5.01767	0.743411	
-8.12132	2.68654	
-4.60675	-0.343287	
-4.96793	-0.57219	
-5.26492	-0.773477	
-8.13445	1.28547	
-8.21546	0.767447	
-5.56888	-0.485424	
-5.61605	0.298254	
-7.25006	1.72521	
-5.99723	-0.807573	
-5.7386	-0.290566	
-6.35429	0.0885191	
-5.17581	-0.669798	
-5.39272	0.393138	
-3.59314	-3.08762	
-0.845897	0.633389	
-2.27812	4.75968	
-2.99277	2.03184	
-4.79083	-2.55353	
-6.75474	3.28237	
-6.2697	-3.41073	
-5.51052	0.577614	
-2.36959	4.13921	
-4.17072	-0.265076	
-5.81747	-3.7269	
-3.71626	1.72636	
-1.3212	0.466391	
-2.86481	3.24932	
-4.60286	5.28166	
-4.96986	3.74712	
-4.08914	3.69379	
-5.83367	3.64154	
-4.21804	3.53419	
-3.63265	2.73865	
-0.508684	0.688278	
-4.49957	4.92933	
-4.00029	3.40799	
-0.755404	-0.197034	
-1.59926	-0.352514	
-4.37445	1.2477	
-2.70901	0.848529	
-4.78901	4.40445	
-7.4028	-3.63886	
-5.99127	-2.44697	
-6.4388	-0.654836	
-4.94682	-0.783494	
-7.39457	-0.354344	
-7.39457	-0.354344	
-6.92736	-0.725229	
-3.68563	-1.22891	
-4.79289	-2.25099	
-7.1992	-0.949101	
-6.91049	-0.556844	
-8.07397	3.3849	
-2.50135	-1.21009	
-5.39272	0.393138	
-5.66577	-0.376714	
-5.09021	0.604565	
-8.57036	4.73831	
-1.89321	-1.70066	
-4.27154	0.728752	
-2.69829	0.533212	
-0.43874	0.746641	
-5.18189	-2.79476	
-8.07431	1.88833	
-7.49292	2.45981	
-7.31142	2.86312	
-6.31491	1.33252	
-8.6536	2.7164	
-7.53642	0.658408	
-6.0635	-2.60816	
-5.84493	0.473286	
-5.43945	-0.458202	
-10.3365	2.11637	
-8.0166	-1.81253	
-6.93232	-0.593669	
-9.45742	-0.10843	
-3.68752	0.0477862	
-7.67293	-5.43707	
-10.7005	-6.45738	
-5.79002	-6.03222	
-9.00185	-3.21603	
-4.28288	-0.219803	
-1.51623	-1.22822	
-6.92888	-2.1591	
-2.99234	-1.05707	
-5.45469	-0.904734	
-5.36817	-1.58777	
-6.92073	-3.89367	
-6.84558	-2.54818	
-5.44087	-0.0347288	
-3.97291	-2.30891	
-5.97921	-1.33703	
-3.49859	-0.889219	
-3.99457	0.648127	
-6.80933	2.28569	
-3.22124	1.52975	
-3.5373	1.42591	
-3.17893	0.490268	
-3.75071	0.285972	
-3.31971	1.27127	
-2.86099	0.569979	
-4.61418	-0.206935	
-1.82539	-3.94916	
-4.36907	-5.80324	
-1.92687	-4.83514	
-1.88739	-4.04449	
-3.26813	-2.70385	
-3.56409	5.17829	
-2.03447	-4.92476	
-4.77889	-5.25054	
-3.83954	-2.07527	
-1.3604	-4.33166	
-9.14262	2.2295	
-4.84188	-1.38136	
-4.60371	-1.13735	
-3.90999	-1.79378	
-7.76876	-0.881278	
-6.2264	2.60827	
-7.74862	2.23424	
-7.88037	0.328156	
-7.16675	1.44096	
-6.75414	1.00252	
-8.07729	1.0968	
-7.83293	1.05159	
-4.71727	-0.32585	
-4.96024	-2.55993	
-4.1106	0.550767	
-6.3642	-2.31553	
-8.07729	1.0968	
-5.4174	-1.20005	
-6.28524	0.335096	
-7.40005	-0.455194	
-8.27171	0.381778	
-6.39367	-0.798847	
-7.13898	-2.18849	
-7.88272	-1.54426	
-5.19536	3.26494	
-6.4082	3.55304	
-4.27074	-1.72297	
-8.27171	0.381778	
-5.24575	-0.282069	
-6.85235	-2.25808	
-8.09709	1.19387	
-7.19921	0.289694	
-3.00563	-2.92076	
-4.52583	-1.11994	
-8.09709	1.19387	
-7.24272	-1.39096	
-8.79009	1.84423	
-5.78922	0.946195	
-5.78922	0.946195	
-5.67349	-1.35626	
-3.71537	-3.15712	
-4.25614	-0.701912	
-6.06147	1.0658	
-5.00248	-1.82586	
-4.39278	-1.73064	
-8.02213	-1.27404	
-7.00963	2.84679	
-4.72257	-1.98122	
-4.88227	-2.68499	
-4.52602	-3.48412	
-1.65996	2.36119	
-1.94171	1.47359	
-2.23623	3.385	
-2.61913	1.28503	
-3.34497	1.17688	
-4.63975	3.83216	
-2.52098	2.03219	
-2.27155	-0.879337	
-2.053	1.67769	
-2.49114	2.6942	
-7.93591	3.1465	
-8.04278	-0.510131	
-5.05661	-2.63778	
-7.53895	-0.234255	
-6.53752	-2.09981	
-6.33512	-1.87451	
-4.68098	-2.26168	
-6.46521	-1.39685	
-6.15677	-1.5236	
-5.05661	-2.63778	
-4.43569	-1.95903	
-3.31774	-3.31033	
-3.67056	-1.54686	
-3.18322	-3.96835	
-4.27788	-1.78104	
-2.56583	-3.44855	
-2.46197	-4.27725	
-3.43493	-4.13725	
-1.4517	-2.08563	
-2.81656	-3.55631	
-5.29164	-1.85403	
-4.56839	-1.65656	
-6.64287	-1.33838	
-7.06293	-2.75049	
-6.12568	-1.23897	
-8.21007	-0.779497	
-4.66446	-1.61679	
-6.24975	-1.08967	
-4.88991	-3.91846	
-7.24286	-1.4892	
-7.24744	1.51358	
-3.05148	1.09736	
-3.04801	0.198008	
-4.31151	4.38411	
-8.21252	4.84409	
-7.2136	3.72442	
-7.2136	3.72442	
-8.59076	1.79671	
-7.12329	0.62342	
-7.2136	3.72442	
-7.45445	3.53489	
-7.52887	-0.552985	
-8.24342	1.55547	
-7.33525	0.879544	
-3.40249	1.77995	
-6.61464	2.30481	
-5.34968	0.038935	
-4.86025	-1.57382	
-5.31744	4.25918	
-7.30903	3.54505	
-5.65409	0.724995	
-7.45147	0.59631	
-6.07683	-1.93191	
-6.09284	0.552648	
-6.62562	0.0533605	
-6.38013	1.58497	
-5.65409	0.724995	
-4.34629	-2.78468	
-4.65596	0.406648	
-6.36922	0.791111	
-5.60802	-3.0212	
-4.15805	0.249175	
-9.78222	2.80923	
-2.82866	-0.530471	
-2.77132	0.643353	
-3.16935	0.354027	
-4.27213	-2.9139	
-7.95633	-0.177144	
-3.16935	0.354027	
-4.81182	-1.51076	
-7.62527	-2.76075	
-6.98985	-1.44901	
-7.02028	-1.3619	
-6.28541	0.884031	
-7.02028	-1.3619	
-8.53575	-1.00729	
-6.6555	-0.778614	
-7.85098	-2.26983	
-7.02028	-1.3619	
-6.67153	-1.07466	
-1.11078	-0.125751	
-6.06272	3.46675	
-6.35971	0.595805	
-2.61608	-0.55466	
-7.01797	2.76212	
-7.4426	0.270026	
-4.1875	1.98981	
-7.00362	0.379052	
-8.71926	1.21959	
-7.00362	0.379052	
-3.67624	-0.400968	
-3.91857	0.680965	
-7.14831	0.540543	
-5.48376	1.15889	
-6.30989	1.23027	
-7.83293	1.05159	
-4.0473	0.690628	
-4.80955	0.494933	
-5.48376	1.15889	
-7.83293	1.05159	
-3.57648	1.13477	
-7.09311	-1.53429	
-7.31702	2.67257	
-2.84278	2.84324	
-3.84147	0.449246	
-8.12714	0.393842	
-2.61048	-0.466764	
-4.62738	-0.151396	
-7.11569	1.65337	
-4.1826	-2.01766	
-4.34452	-1.60389	
-8.47539	2.6407	
-7.7248	0.358952	
-3.548	-2.50842	
-3.68485	-1.76442	
-3.9419	-1.56139	
-4.54284	-1.58388	
-4.12662	-1.24377	
-2.24099	2.5955	
-2.75922	-1.37229	
-1.50602	-0.585105	
-6.37911	-0.259454	
-1.276	-1.59484	
-5.12512	2.68537	
-3.52926	4.54886	
-6.47013	5.06327	
-0.965799	-0.791592	
-5.11551	4.23749	
-3.38991	1.13599	
-3.57758	3.11787	
-6.23088	-2.27446	
-6.3412	-0.0557572	
-7.27518	0.499316	
-7.08216	-2.09642	
-5.5439	0.0491289	
-6.44572	-1.52487	
-6.57776	-2.60094	
-7.16361	-4.01508	
-4.03301	-1.23424	
-6.72176	-2.0467	
-3.6352	2.23875	
-4.13631	0.0241833	
-7.34513	4.30112	
-3.46235	-2.42585	
-2.81002	0.649337	
-8.06299	-1.27516	
-3.16785	0.930553	
-3.6352	2.23875	
-6.07828	-2.91191	
-6.75447	1.02306	
-7.09311	-1.53429	
-5.4875	2.26231	
-8.65046	-3.16187	
-8.99231	-1.31804	
-6.45684	4.54333	
-7.91909	-3.18426	
-5.38529	2.08457	
-6.01929	-0.139491	
-5.4875	2.26231	
-6.67724	0.436497	
-3.22107	-0.100846	
-2.85972	0.452629	
-1.72353	1.54094	
-8.73049	1.54053	
-6.19021	-4.4912	
-2.59298	1.89459	
-6.27135	-4.48543	
-6.02179	0.40532	
-3.26269	0.725015	
-5.81383	-1.29958	
-4.54864	3.69185	
-4.3739	5.48121	
-4.22363	3.46787	
-3.95142	5.17737	
-3.05898	5.01437	
-0.690798	3.24383	
-4.67348	4.25613	
-4.04672	5.21173	
-3.33835	5.11104	
-3.60399	6.1282	
-8.92962	-0.260385	
-4.89291	0.82024	
-3.7179	-1.37067	
-7.13805	3.98374	
-7.14361	-1.17058	
-3.45102	-0.570403	
-3.69588	2.99953	
-5.44416	-2.63781	
-4.98406	1.70199	
-8.18021	-1.68821	
-7.73969	1.10942	
-9.57671	2.14746	
-7.6828	-3.0698	
-5.90886	2.28121	
-3.71812	3.36622	
-7.91149	2.57254	
-6.32933	-0.223498	
-2.34131	0.152329	
-8.24316	-2.33825	
-2.35858	0.51163	
-8.98181	-1.22657	
-8.88491	-1.19552	
-9.8335	-2.40113	
-9.91643	0.236412	
-9.06974	-2.52384	
-8.59993	-3.7266	
-7.45084	-2.07015	
-11.7145	1.70158	
-10.0369	-0.272589	
-10.1251	-3.09042	
-5.71801	7.13038	
-7.50866	5.30643	
-1.68086	-2.02468	
-9.28307	-4.11704	
1.45127	0.546809	
-2.35587	-7.17371	
-9.77031	3.73974	
-9.3992	-3.74009	
-0.511556	-7.23202	
-8.75153	5.71629	
-7.38106	2.15805	
-5.48376	1.15889	
-7.01518	1.52244	
-5.48376	1.15889	
-5.48376	1.15889	
-6.38188	1.67877	
-6.46953	0.702479	
-7.02603	-0.152524	
-4.37859	0.943187	
-9.46505	-0.659277	
-7.58491	-0.693277	
-0.951035	-2.77906	
-5.81217	-0.997899	
-4.37912	-2.16128	
-8.72026	-2.99694	
-6.38715	-1.37102	
-3.59826	-0.703227	
-5.11461	-1.09863	
-3.86092	0.865439	
-6.38715	-1.37102	
-2.33692	-0.126292	
-3.5773	2.16898	
-5.62023	3.5198	
-7.19862	1.34502	
-8.23774	0.0671278	
-2.37568	-0.0551538	
-7.65376	-3.08636	
-2.24105	-0.0474458	
-0.930341	0.942735	
-3.62211	-1.45841	
-9.56091	4.22124	
-12.5729	3.13562	
-10.4297	2.84458	
-11.2981	3.09162	
-8.58946	4.50658	
-13.7047	2.37246	
-9.75448	5.55462	
-6.80935	3.78396	
-7.98841	-6.62974	
-8.40368	-4.00131	
-9.00064	3.07369	
-5.11361	3.80688	
-2.06548	-0.324854	
-5.11051	3.03622	
-3.09601	1.7906	
-5.33366	3.29037	
-5.07554	3.87863	
-2.37662	-1.04692	
-4.84126	1.60032	
-3.29214	-0.46604	
-5.96182	-3.48693	
-3.74173	0.078243	
-5.57074	-4.23648	
-7.04171	-3.10891	
-5.68916	-0.889745	
-6.223	-2.59028	
1.56645	-2.10538	
-6.374	-3.62237	
-4.82538	-0.648985	
-4.23847	-1.38323	
-4.84543	0.41498	
-2.01606	0.796827	
-3.74173	0.078243	
-4.04507	0.561173	
-4.53745	-2.43124	
-3.74173	0.078243	
-6.28468	2.33747	
-2.6776	0.400834	
-6.28468	2.33747	
-4.55663	-0.688825	
-5.81947	1.84806	
-5.50227	1.45549	
-5.38829	1.59658	
-4.29296	2.23254	
-6.45306	2.41972	
-4.17367	1.9744	
-6.76623	2.17995	
-3.90161	1.02528	
-4.66533	2.61906	
-8.12632	-0.434604	
-3.8919	1.47595	
-4.37445	1.2477	
-3.43574	-1.47535	
-4.50631	1.8147	
-3.94569	1.31411	
-5.05665	-2.14386	
-3.90161	1.02528	
-6.00038	1.99363	
-3.94569	1.31411	
-3.23055	-0.706543	
-9.21138	0.912663	
-4.48993	-1.47637	
-2.52788	-4.63287	
-7.42149	-0.166592	
-11.3264	1.61589	
-8.3425	0.616675	
-9.50762	-2.99815	
-8.16651	-4.74988	
-8.1974	-5.2962	
-1.82727	-4.54305	
-6.10982	-1.12152	
-3.68672	3.34382	
-3.74958	-1.88284	
-5.07196	-3.27891	
-8.26054	-2.85763	
-4.27464	-0.483235	
-4.28371	-0.300478	
-3.03565	-2.49255	
-6.89367	-1.64561	
-2.46242	1.21916	
-6.32414	-2.46836	
-3.2083	-0.880093	
-3.66967	1.08423	
-5.70719	-1.66486	
-4.0965	1.51066	
-3.35593	-0.701977	
-4.01064	0.878425	
-5.70719	-1.66486	
-5.20109	-1.58878	
-3.33351	0.119298	
-10.3422	-2.5493	
-7.36008	-1.5451	
-10.5481	-1.99098	
-7.60138	-0.49787	
-11.2355	-0.893941	
-11.1416	-2.22336	
-6.45205	-1.8819	
-7.98976	-3.05089	
-7.60138	-0.49787	
-10.5481	-1.99098	
-4.97644	2.87292	
-6.67498	2.45933	
-5.96439	0.947038	
-11.2479	-0.808015	
-5.60331	-2.72787	
-5.61673	3.17304	
-4.97644	2.87292	
-4.86182	2.63055	
-5.9483	1.78619	
-5.81947	1.84806	
-4.0136	1.90085	
-5.01979	3.29686	
-2.98097	0.856048	
-2.98097	0.856048	
-3.34533	2.10291	
-3.42899	0.864319	
-5.14705	1.17269	
-5.50227	1.45549	
-4.31023	-1.15777	
-7.35713	-2.36513	
-3.18526	-1.24432	
-3.7939	-1.66217	
-3.36621	0.504503	
-5.50227	1.45549	
-4.62539	-1.80268	
-4.35063	-1.8473	
-3.68485	-1.76442	
-3.68485	-1.76442	
-3.68485	-1.76442	
-4.34392	-0.956271	
-9.25483	-0.322491	
-10.1201	1.28369	
-8.38748	-0.482679	
-9.59852	0.0755778	
-8.34382	-1.84543	
-9.40785	0.730158	
-9.4458	0.909451	
-9.4458	0.909451	
-9.26536	-0.468813	
-9.65572	-0.137593	
-5.65409	0.724995	
-8.56227	-0.585074	
-5.5969	-0.233471	
-5.35372	-1.80427	
-4.0565	-2.02196	
-5.20861	0.492875	
-7.10908	0.404652	
-4.0565	-2.02196	
-5.5541	-1.74227	
-5.58122	-1.31016	
-4.1171	-4.68383	
-4.14208	-0.982534	
-6.58226	-1.80967	
-3.1946	3.2966	
-10.0785	-2.64261	
-10.9491	1.26552	
-5.20861	0.492875	
-7.26163	-4.14376	
-10.0785	-2.64261	
-3.1946	3.2966	
-6.39542	-2.61782	
-6.29737	-2.76628	
-5.90529	-2.38416	
-4.18823	-2.70274	
-5.90529	-2.38416	
-6.93076	-2.41707	
-6.71809	0.210098	
-4.17367	1.9744	
-4.84172	2.38102	
-4.01064	0.878425	
-10.8777	-0.763069	
-9.52979	-0.560062	
-11.2765	0.214256	
-11.3583	-0.259946	
-10.9286	-0.408307	
-8.81094	-0.486736	
-7.25914	-0.470743	
-11.4436	-1.57043	
-10.0361	-1.71635	
-11.7125	0.184389	
-5.20109	-1.58878	
-4.6061	0.285043	
-3.13456	0.663201	
-5.9483	1.78619	
-6.32414	-2.46836	
-3.54882	-1.61448	
-4.45809	-2.98518	
-5.38829	1.59658	
-5.9483	1.78619	
-3.54882	-1.61448	
-9.33433	-2.63558	
-8.17885	-3.93726	
-2.76946	2.20828	
-1.10591	-3.07713	
-4.65409	-2.98003	
-4.49299	-5.49791	
-5.62086	-3.20554	
-8.78074	-2.512	
-2.79515	0.148364	
-7.33474	-4.6235	
-6.15991	-0.9274	
-0.255893	2.94059	
-0.604021	1.57214	
-10.2418	-2.3209	
-11.0753	1.20971	
-1.41156	2.25101	
-8.98821	-0.86261	
-3.27435	-0.996095	
-9.66583	0.837501	
-12.2801	-2.18439	
-7.0578	-0.673707	
-3.7309	-1.91654	
-3.04237	-2.03993	
-5.00248	-1.82586	
-5.6173	-2.26377	
-5.6173	-2.26377	
-5.52083	-2.31402	
-7.0886	-1.9381	
-7.6344	-1.75746	
-5.52083	-2.31402	
-7.42907	2.29523	
-5.40378	-2.27567	
-4.46898	-3.0926	
-6.53066	0.471339	
-5.70683	-2.16252	
-6.67498	2.45933	
-3.25795	-2.09206	
-7.42907	2.29523	
-5.26137	-2.28669	
-5.81947	1.84806	
-3.41187	-6.22507	
0.733983	-0.744441	
0.0321605	-1.52017	
-1.74054	-2.72612	
-0.371848	-1.74008	
-10.5159	-4.11424	
-3.62978	-5.38813	
-3.72278	-6.34387	
-1.87098	-2.91223	
-3.30393	-5.17196	
-5.64176	2.64026	
-3.86327	0.438024	
-3.75071	0.285972	
-3.92523	1.90247	
-3.35992	-0.227469	
-5.32254	-4.85443	
-4.47095	-1.87773	
-6.98864	0.464026	
-4.55663	-0.688825	
-4.76476	1.89526	
-10.8955	-1.27709	
-9.65052	-1.02947	
-10.3911	-1.07673	
-9.3781	0.517472	
-11.4668	-3.08376	
-10.0125	0.676947	
-6.06147	1.0658	
-10.6784	1.13034	
-9.6064	-1.90045	
-10.4209	-0.930291	
-7.84336	-1.28534	
-5.50966	1.77169	
-4.02786	2.73262	
-5.50966	1.77169	
-8.51746	0.787676	
-5.50966	1.77169	
-8.99586	-2.64675	
-4.06528	1.6133	
-5.50966	1.77169	
-7.81623	-0.034322	
-6.98104	-4.71488	
-6.33083	-3.36819	
-6.13978	-3.1646	
-5.7399	-4.7057	
-5.17626	-3.13857	
-6.763	-4.71186	
-5.17626	-3.13857	
-5.29191	2.78562	
-6.78074	-2.67195	
-6.88942	-3.26013	
-7.84336	-1.28534	
-8.30496	-0.910511	
-8.4062	-1.43488	
-7.84336	-1.28534	
-8.04278	-0.510131	
-8.55215	-0.440879	
-8.55215	-0.440879	
-7.64854	-2.07793	
-6.78074	-2.67195	
-8.21007	-0.779497	
-3.94168	-0.908986	
-4.07823	-0.796988	
-9.36472	-1.40862	
-4.81334	-0.739777	
-9.64163	1.33567	
-4.02264	-0.471241	
-7.79984	-2.69669	
-7.60138	-0.49787	
-3.53973	-2.24176	
-3.37375	-1.15499	
-5.04367	2.39618	
-6.92888	-2.1591	
-7.78378	-1.574	
-6.74946	-2.92899	
-6.71809	0.210098	
-7.6344	-1.75746	
-5.2738	-0.105831	
-7.09542	-2.76129	
-4.34105	1.47024	
-6.75153	-1.41764	
-4.64119	-1.30656	
-3.7254	-2.4337	
-6.52766	-1.14018	
-5.05665	-2.14386	
-3.55988	-4.75924	
-4.17079	-0.612702	
-3.46799	-2.22817	
-4.09297	-1.06705	
-4.26691	-3.72326	
-7.84336	-1.28534	
-11.716	0.585978	
-5.39716	-5.78112	
-10.3518	1.37674	
-10.2418	-2.3209	
-12.4493	-0.867969	
-5.70501	4.59825	
-12.4847	-1.63546	
-12.117	-2.5677	
-1.54049	-1.29056	
-0.434853	-0.258841	
-5.4875	2.26231	
-3.96959	2.06944	
-6.47332	1.86872	
-5.0902	-0.234902	
-7.19985	1.88221	
-5.4875	2.26231	
-5.4875	2.26231	
-5.78438	1.36491	
-3.19786	1.44913	
-2.99894	0.956174	
-6.39625	-1.7189	
-11.1626	-2.16229	
-7.45926	-2.98937	
-10.8777	-0.763069	
-3.51056	3.18617	
-7.13898	-2.18849	
-6.39625	-1.7189	
-8.41932	-0.590885	
-11.6874	1.09166	
-11.3182	-0.708158	
-7.34345	-0.437714	
-7.34345	-0.437714	
-5.9483	1.78619	
-5.81947	1.84806	
-4.48437	1.96487	
-3.0461	0.488523	
-5.57648	2.82356	
-3.09887	-1.00179	
-5.81947	1.84806	
-5.9483	1.78619	
-8.58747	-5.20809	
-7.32737	-1.10079	
-9.40209	-2.41321	
-3.40831	-4.00805	
-3.54636	-4.81512	
-10.6836	-2.27864	
-7.5166	-4.79465	
-3.26256	3.90738	
-8.19773	-1.95663	
-3.21554	-3.77258	
-7.36902	1.58152	
-3.27794	-1.41487	
-4.34105	1.47024	
-5.50966	1.77169	
-3.86051	-2.56673	
-3.14556	0.191783	
-5.14705	1.17269	
-3.23572	-0.132615	
-4.30863	-0.664152	
-4.63427	1.94915	
-11.7429	0.0284584	
-5.65409	0.724995	
-9.53252	-1.25087	
-3.00968	-4.56931	
-5.20075	-5.81259	
-7.47644	-2.73714	
-9.2459	0.64037	
-10.3252	-2.20361	
-8.04168	-4.0344	
-4.75599	-5.57135	
-1.46156	-3.55295	
-9.52189	-0.398541	
-2.26998	2.14537	
-10.6573	0.372087	
-9.25395	0.476759	
-1.49847	3.145	
-1.59881	-3.26936	
-9.25531	0.0135659	
-1.43909	-2.47843	
-8.38237	-0.115469	
-9.27143	-2.13469	
-5.96439	0.947038	
-5.26137	-2.28669	
-10.0888	-1.53024	
-10.58	-0.739105	
-9.9031	-0.719546	
-9.85039	-0.665078	
-6.06147	1.0658	
-9.15293	-0.635709	
-9.54496	-0.667649	
-9.70166	0.634076	
-4.45809	-2.98518	
-11.1919	0.697396	
-4.37907	-2.94306	
-9.52135	1.42596	
-4.18725	-1.24192	
-2.89735	-2.95352	
-2.07512	-3.09904	
-1.61456	2.56978	
-7.82089	0.24344	
-6.00038	1.99363	
-8.02547	-0.98693	
-8.09322	-0.819267	
-6.00038	1.99363	
-8.14819	-0.324871	
-8.02547	-0.98693	
-8.49826	-0.353828	
-8.09322	-0.819267	
-7.94789	-1.12281	
-8.09322	-0.819267	
-9.50939	5.07214	
-8.58126	6.32779	
-3.26556	-8.22123	
-0.407866	5.96738	
0.121161	-4.74754	
-11.6171	4.29627	
-2.63276	7.29869	
-15.5833	0.37538	
-13.5489	4.87358	
0.8248	4.78918	
-5.31395	0.403843	
-4.24441	-2.5233	
-3.71626	1.72636	
-4.32217	1.03548	
-4.63849	0.65455	
-5.55299	-3.34925	
-4.97593	1.37858	
-5.73475	-3.41897	
-6.59854	-3.39248	
-6.87458	-2.4619	
-9.79701	-2.00517	
-9.9962	-0.542754	
-2.27829	0.427837	
-7.12695	-0.727372	
-7.60138	-0.49787	
-10.5844	-2.12167	
-6.22291	-1.48343	
-1.97568	1.0939	
-10.7911	-1.54628	
-6.87698	-1.22888	
-8.71133	1.38783	
-2.78831	1.06742	
-5.82348	2.91324	
-5.95936	2.32837	
-5.82348	2.91324	
-5.64111	2.34487	
-8.85508	0.373051	
-5.21334	2.85685	
-2.70358	0.703373	
-2.77145	0.997071	
-4.65409	-2.98003	
-2.31308	3.27151	
-4.86188	-3.50921	
-4.893	0.365115	
-6.09284	0.552648	
-10.3911	-1.07673	
-11.1557	-0.616003	
-3.85101	-4.92313	
-10.8172	-2.83263	
-7.13761	-0.455281	
-6.42139	-1.34975	
-5.33846	-4.31764	
-7.38956	0.785831	
-6.13625	-2.83449	
-5.47548	-0.0688965	
-4.34105	1.47024	
-5.99127	-2.44697	
-5.01083	0.240585	
-6.48681	-3.27499	
-5.63992	-4.02921	
-6.59147	-1.90738	
-4.654	2.29276	
-6.54623	-1.18954	
-3.36096	2.65367	
-5.77998	-1.33791	
-8.88132	-2.72948	
-6.13706	-2.72838	
-3.08381	2.59503	
-5.77998	-1.33791	
-6.8949	-1.83894	
-5.49615	-1.23768	
-6.96683	-0.418138	
-5.5439	0.0491289	
-3.81917	-1.8758	
-6.66119	0.597279	
-3.12926	-0.336008	
-6.62313	-2.34738	
-5.40378	-2.27567	
-3.10284	-0.272522	
-6.16788	0.185622	
-7.60369	2.27243	
-7.52887	-0.552985	
-5.78049	3.71959	
-5.20109	-1.58878	
-5.87979	2.87646	
-6.96215	1.99519	
-5.08424	2.89343	
-6.47332	1.86872	
-5.87979	2.87646	
-7.42923	-2.57904	
-5.46248	1.87002	
-3.62882	1.74513	
-6.76104	2.35486	
-5.80876	1.47649	
-5.46248	1.87002	
-6.8859	2.41094	
-6.76104	2.35486	
-6.00038	1.99363	
-6.76623	2.17995	
-6.00038	1.99363	
-9.66196	-0.97101	
-7.69254	-1.96249	
-7.89907	-1.93621	
-6.30006	-1.18799	
-5.78525	-1.22182	
-6.29449	-0.449412	
-6.29449	-0.449412	
-6.29449	-0.449412	
-7.04132	-0.37797	
-8.09322	-0.819267	
-8.42033	0.490929	
-7.79262	-2.56861	
-5.14705	1.17269	
-10.0319	0.883446	
-9.06462	-1.82612	
-2.48525	3.50773	
-4.74259	0.653839	
-7.45123	0.557522	
-7.69254	-1.96249	
-4.893	0.365115	
-1.63289	-3.21148	
-1.33773	-2.93672	
-2.27615	-4.11493	
-7.69635	-4.57267	
-1.32749	-2.82661	
-8.42884	-4.4731	
-3.66268	-2.68278	
-0.589186	-2.79276	
-2.23873	-4.18998	
-6.3342	-1.4025	
-4.97644	2.87292	
-2.71698	0.444421	
-8.4062	-1.43488	
-7.07358	0.184077	
-6.71631	-3.23387	
-6.13437	-2.09994	
-5.67967	-3.26577	
-3.29354	-1.88436	
-6.47247	3.06862	
-7.32495	0.639924	
-10.7668	-1.48749	
-7.32854	-2.64152	
-9.26536	-0.468813	
-10.68	-0.0435011	
-9.9999	-0.0915748	
-8.55014	-1.43666	
-9.36934	-0.817413	
-9.96217	0.0275013	
-9.2639	-0.0827682	
-8.98821	-0.86261	
-6.65738	-0.24106	
-7.54918	-0.360544	
-5.70908	2.30232	
-6.00021	2.86129	
-6.65738	-0.24106	
-6.8859	2.41094	
-6.00021	2.86129	
-6.65738	-0.24106	
-6.65738	-0.24106	
-8.30496	-0.910511	
-8.04278	-0.510131	
-7.53642	0.658408	
-6.28524	0.335096	
-8.04278	-0.510131	
-7.67817	-0.275468	
-5.47548	-0.0688965	
-8.41932	-0.590885	
-6.96683	-0.418138	
-7.52887	-0.552985	
-6.53066	0.471339	
-3.66268	-2.68278	
-6.67498	2.45933	
-6.61464	2.30481	
-6.16788	0.185622	
-4.99385	-3.23866	
-3.84472	-2.69232	
-6.48326	2.26815	
-6.38639	2.0224	
-6.45306	2.41972	
-6.67498	2.45933	
-4.37445	1.2477	
-4.34105	1.47024	
-4.37445	1.2477	
-4.01064	0.878425	
-5.36041	-1.3787	
-5.0902	-0.234902	
-4.6262	2.15345	
-6.0922	-0.437229	
-4.98645	-0.248317	
-4.63427	1.94915	
-5.20139	2.7048	
-6.61464	2.30481	
-3.51436	2.27558	
-5.20139	2.7048	
-4.75563	1.62911	
-5.13563	2.05555	
-6.76623	2.17995	
-4.66533	2.61906	
-5.13563	2.05555	
-5.12512	2.68537	
-4.15224	2.29231	
-8.46274	0.814904	
-6.32414	-2.46836	
-4.50631	1.8147	
-6.32414	-2.46836	
-6.37696	-3.01699	
-7.47479	2.17477	
-7.98949	-2.13414	
-7.47479	2.17477	
-3.27727	1.96248	
-7.57415	0.9157	
-4.78887	-4.96314	
-9.94627	1.22503	
-4.97175	-4.3682	
-6.26125	-1.65098	
-6.35732	-1.47521	
-4.47555	4.54799	
-9.65052	-1.02947	
-9.5319	-2.04982	
-9.72514	-0.470562	
-8.31253	-1.39729	
-11.3187	-0.611272	
-4.00334	-5.12298	
-8.78071	-1.48423	
-11.3187	-0.611272	
-3.24904	-4.76607	
-3.84824	-4.64519	
-8.31253	-1.39729	
-10.9187	-0.542856	
-4.15945	-5.43383	
-4.86366	0.898864	
-6.16788	0.185622	
-4.34105	1.47024	
-5.50227	1.45549	
-5.14705	1.17269	
-5.46996	-2.06622	
-6.62562	0.0533605	
-6.16788	0.185622	
-7.38364	-1.57486	
-4.94605	1.09734	
-5.65867	4.53669	
-5.26137	-2.28669	
-3.05455	0.282353	
-9.33389	-1.79278	
-4.52906	-3.79504	
-5.60331	-2.72787	
-3.10956	-1.20505	
-5.26137	-2.28669	
-3.25004	-1.31638	
-5.89185	-4.45714	
-7.84336	-1.28534	
-4.37859	0.943187	
-3.60519	-1.41277	
-5.19629	-2.62502	
-5.34784	-2.74702	
-6.00038	1.99363	
-8.30496	-0.910511	
-4.27268	1.3935	
-4.52252	0.0238109	
-7.76876	-0.881278	
-3.54685	1.99416	
-5.38116	1.08148	
-5.97786	-2.90662	
-4.29	2.01911	
-7.37283	-2.5952	
-3.53566	2.13572	
-3.71626	1.72636	
-5.38529	2.08457	
-3.36894	0.597068	
-4.29	2.01911	
-2.92045	3.55001	
-8.61784	-2.58194	
-6.45306	2.41972	
-9.28122	-1.3819	
-9.10037	-1.77472	
-2.06568	1.9261	
-7.03872	-1.66578	
-5.2899	1.02724	
-4.56837	-3.09343	
-6.38639	2.0224	
-8.63464	0.232188	
-5.85289	-3.36431	
-6.68338	3.037	
-8.3858	1.78179	
-8.85988	1.17776	
-7.53736	2.61216	
-6.70484	2.95828	
-7.62164	2.69896	
-6.17995	-3.37886	
-6.69807	-2.03444	
-6.65315	0.208103	
-8.42033	0.490929	
-6.67498	2.45933	
-4.92341	2.17424	
-7.0188	0.567778	
-7.10908	0.404652	
-8.42033	0.490929	
-8.51634	0.113207	
-5.20861	0.492875	
-6.38639	2.0224	
-8.18457	-1.03497	
-7.70539	-0.380616	
-6.67044	1.95911	
-10.58	-0.739105	
-7.60138	-0.49787	
-8.64985	-1.63513	
-8.78071	-1.48423	
-6.80933	2.28569	
-4.74982	3.91641	
-7.13761	-0.455281	
-4.13181	2.15542	
-3.68316	1.33392	
-4.52268	4.12587	
-5.83835	-1.77414	
-3.66967	1.08423	
-4.50631	1.8147	
-5.52083	-2.31402	
-4.63662	2.71157	
-5.92319	-2.89503	
-4.13181	2.15542	
-4.06227	-2.63922	
-4.0965	1.51066	
-5.50227	1.45549	
-5.50227	1.45549	
-4.0965	1.51066	
-7.11403	-2.79271	
-5.50966	1.77169	
-4.0965	1.51066	
-6.0588	1.25878	
-5.50227	1.45549	
-11.7122	0.773627	
-9.15293	-0.635709	
-11.3861	1.65989	
-11.6411	1.34837	
-5.05665	-2.14386	
-10.774	-0.200939	
-10.9816	-2.42837	
-11.3654	-1.61543	
-11.3748	1.07802	
-11.3208	-0.464036	
-5.84493	0.776337	
-8.81615	-1.98013	
-3.89139	-5.02278	
-9.15659	-2.21526	
-7.95418	-4.08602	
-9.15659	-2.21526	
-10.0885	-0.10946	
-5.62316	3.24446	
-5.96439	0.947038	
-5.77998	-1.33791	
-5.85584	2.72769	
-10.3911	-1.07673	
-10.2303	-0.690474	
-5.70683	-2.16252	
-5.65409	0.724995	
-5.96439	0.947038	
-5.67175	-0.815605	
-6.43798	3.07395	
-6.17541	0.428544	
-2.83349	-4.55051	
-11.6611	-1.4986	
-4.37696	-4.55461	
-4.37696	-4.55461	
-10.6573	-0.534554	
-9.23234	-1.61068	
-2.09649	-3.42228	
-6.1666	-3.86268	
-5.70719	-1.66486	
-5.13807	-3.27845	
-10.6752	-1.75734	
-9.3614	-2.99342	
-4.40879	3.60964	
-5.89071	3.28769	
-8.44059	3.90713	
-7.11872	1.99384	
-4.51371	0.210173	
-5.60418	3.29351	
-7.14906	2.33842	
-6.35139	-5.83958	
-6.90408	-5.46749	
-4.2432	-0.650841	
-5.77998	-1.33791	
-11.5885	0.511067	
-7.60138	-0.49787	
-5.70683	-2.16252	
-5.46996	-2.06622	
-5.58122	-1.31016	
-5.70683	-2.16252	
-5.46996	-2.06622	
-4.35029	-0.868781	
-10.8163	-1.29096	
-9.36934	-0.817413	
-9.28122	-1.3819	
-9.74111	0.869128	
-9.32929	1.15324	
-4.78926	-1.63881	
-9.2405	-1.11254	
-3.00278	3.67279	
-6.88663	-2.8129	
-7.82872	0.510044	
-10.3911	-1.07673	
-3.80252	-4.90306	
-1.32632	-3.85895	
-4.32539	-5.43646	
-2.6177	-1.92955	
-2.6177	-1.92955	
-9.65052	-1.02947	
-11.068	0.0816821	
-10.7606	0.431711	
-0.87398	-3.42957	
-7.01518	1.52244	
-4.40292	3.66155	
-3.91708	4.21896	
-4.76679	3.51433	
-5.39615	-3.30905	
-4.3751	2.80017	
-7.87376	-2.05682	
-6.29791	1.73021	
-8.29588	-0.245265	
-5.01449	2.73718	
-6.56706	-3.91711	
-7.03872	-1.66578	
-8.00514	-2.79403	
-6.47668	-3.35429	
-6.1666	-3.86268	
-7.86455	0.618984	
-6.7274	-4.77358	
-5.42396	4.07858	
-7.54918	-0.360544	
-6.58226	-1.80967	
-7.00786	7.41132	
-0.181041	6.2442	
-7.40144	-9.61293	
-10.5249	8.22866	
-8.11089	10.6676	
1.78273	-0.9421	
-10.4009	7.23646	
-13.0076	7.04058	
-12.146	7.80189	
-7.1053	-8.17979	
-6.7617	-1.35114	
-5.36041	-1.3787	
-4.53519	-0.983568	
-4.95308	0.992346	
-5.67111	-2.91413	
-4.90478	-1.95405	
-5.00248	-1.82586	
-6.9541	3.06099	
-4.98645	-0.248317	
-6.67222	-1.87171	
-6.37696	-3.01699	
-5.9483	1.78619	
-6.07683	-1.93191	
-5.70683	-2.16252	
-6.34886	-0.0464102	
-5.28926	-0.045947	
-6.52652	-1.86675	
-7.08216	-2.09642	
-7.49766	-0.66995	
-7.48672	-2.4036	
-4.01064	0.878425	
-5.14705	1.17269	
-5.14705	1.17269	
-4.86717	-1.89718	
-4.63849	0.65455	
-4.63849	0.65455	
-5.50227	1.45549	
-4.63849	0.65455	
-5.14705	1.17269	
-6.53066	0.471339	
-4.81492	1.08087	
-4.8628	2.71057	
-7.13604	2.88578	
-3.08347	-0.572705	
-4.52942	2.48601	
-4.0965	1.51066	
-3.16935	0.354027	
-7.27518	0.499316	
-7.95721	0.185321	
-6.47087	2.90419	
-6.75917	-1.09101	
-5.43467	-5.8305	
-5.39148	-5.20266	
-6.92691	-1.83048	
-6.88083	-1.89476	
-8.15345	-1.99936	
-8.41932	-0.590885	
-8.25669	-1.789	
-6.94935	-1.19115	
-8.57561	-0.814865	
-6.00038	1.99363	
-4.6262	2.15345	
-6.66119	0.597279	
-5.50966	1.77169	
-5.78733	2.92562	
-4.8628	2.71057	
-4.8628	2.71057	
-6.00038	1.99363	
-7.38798	0.925922	
-4.8628	2.71057	
-10.271	0.527725	
-10.6959	-1.66675	
-4.28745	2.38351	
-4.03924	3.55747	
-3.65426	2.53522	
-4.52942	2.48601	
-9.65549	-1.83214	
-9.23052	-2.73063	
-8.7335	-2.08476	
-3.06049	2.36457	
-5.9483	1.78619	
-5.78733	2.92562	
-4.84172	2.38102	
-5.49004	2.86453	
-4.84172	2.38102	
-6.70484	2.95828	
-6.33838	3.08649	
-7.38956	0.785831	
-4.48437	1.96487	
-5.49004	2.86453	
-5.50227	1.45549	
-5.50227	1.45549	
-5.57648	2.82356	
-5.50227	1.45549	
-5.50227	1.45549	
-5.81947	1.84806	
-6.0588	1.25878	
-5.50227	1.45549	
-5.50227	1.45549	
-5.50227	1.45549	
-4.01757	-3.24581	
-1.05472	-3.55751	
-2.81705	-4.39586	
-6.2343	3.63839	
-4.55531	2.45666	
-4.92341	2.17424	
-4.8127	-5.61781	
-6.2343	3.63839	
-6.2343	3.63839	
-7.28973	-3.09596	
-4.8442	-3.16831	
-4.9505	-3.21849	
-9.88193	-1.8413	
-7.3864	-4.86268	
-4.9505	-3.21849	
-9.15659	-2.21526	
-9.21769	-1.54498	
-4.9505	-3.21849	
-8.24892	-4.60527	
-7.96917	-3.94915	
-5.93768	-3.97506	
-11.3208	-0.464036	
-8.00838	-2.53864	
-7.14686	-1.72606	
-3.81777	2.94308	
-3.58996	1.90531	
-9.64262	-2.1458	
-3.97981	3.95279	
-11.5966	0.707662	
-4.90847	3.95558	
-8.49348	-2.00557	
-6.29737	-2.76628	
-4.13411	-1.45334	
-6.13625	-2.83449	
-6.29737	-2.76628	
-7.13463	-4.51041	
-6.55607	-2.89941	
-11.305	-1.96855	
-8.4215	-3.04389	
-8.4215	-3.04389	
-5.28926	-0.045947	
-7.33809	0.636233	
-5.14705	1.17269	
-3.94569	1.31411	
-3.94569	1.31411	
-4.50631	1.8147	
-4.01064	0.878425	
-4.01064	0.878425	
-3.94569	1.31411	
-5.82779	-0.103249	
-6.69464	-2.79066	
-5.91945	-3.44032	
-4.28745	2.38351	
-4.1806	2.49673	
-7.57483	-2.66705	
-4.7146	-4.13588	
-7.26348	-2.62359	
-2.61384	-0.044701	
-5.70683	-2.16252	
-7.50764	-2.48583	
-3.15699	-2.01622	
-2.90929	-1.66114	
-4.8467	-3.14798	
-5.05665	-2.14386	
-2.99189	-1.86859	
-4.2734	-2.84605	
-3.17689	-2.21948	
-2.68763	-1.40243	
-5.05665	-2.14386	
-2.98097	0.856048	
-6.36203	-0.309085	
-6.36203	-0.309085	
-2.77113	-0.887237	
-5.87979	2.87646	
-6.62313	-2.34738	
-3.17859	0.737642	
-6.36203	-0.309085	
-6.36203	-0.309085	
-7.30832	0.399835	
-6.74946	-2.92899	
-9.00937	0.461944	
-10.5439	-2.4608	
-1.9131	1.83786	
-6.21936	-5.92989	
-2.41936	0.858717	
-3.1883	2.89936	
-11.8504	-4.08981	
-6.88501	3.78786	
-5.85661	4.50363	
-2.12961	2.54457	
-3.44311	-1.21655	
-4.6262	2.15345	
-5.5541	-1.74227	
-3.22344	0.126864	
-5.49615	-3.25613	
-5.5541	-1.74227	
-4.79605	-1.78066	
-5.27595	-2.10862	
-5.0902	-0.234902	
-4.05268	1.73066	
-3.14	-0.836666	
-7.71731	2.17224	
-3.02293	1.45812	
-2.75586	0.00306313	
-2.89178	-0.177755	
-8.28014	1.64902	
-4.30134	-1.32706	
-8.39055	0.558987	
-2.77132	0.643353	
-8.86793	1.1857	
-6.57177	0.968457	
-9.49483	-0.171615	
-7.44387	2.74916	
-6.9517	0.119968	
-6.57177	0.968457	
-9.641	1.24102	
-8.98234	0.79851	
-5.84493	0.776337	
-8.80641	-0.212141	
-5.86525	0.205002	
-0.666595	-2.46846	
-5.96439	0.947038	
-9.09251	-2.33278	
-5.81947	1.84806	
-8.92174	-4.21047	
-7.57056	-1.29752	
-4.71943	0.67716	
-3.94314	-5.09872	
-5.73766	3.63958	
-8.64985	-1.63513	
-8.24892	-4.60527	
-9.26536	-0.468813	
-11.0563	-1.15024	
-4.88248	1.33773	
-10.2748	-2.53599	
-11.0563	-1.15024	
-10.9721	-1.81874	
-11.2355	-0.893941	
-7.59084	-2.33915	
-6.89367	-1.64561	
-3.32452	-2.11818	
-6.9963	-2.82615	
-6.44349	1.84221	
-6.52197	2.00415	
-6.37649	-2.91173	
-6.44349	1.84221	
-6.52197	2.00415	
-6.00038	1.99363	
-3.92831	-2.77201	
-2.87611	-0.0829509	
