12.3791	11990	
-0.207029	11994.2	
11.1015	11991.2	
14.9671	11987.5	
0.17206	11987.9	
18.0369	11989.2	
5.12672	11988.6	
-2.26747	11990.6	
-4.41264	11994.6	
1.28275	11985.1	
11.4495	11996.6	
3.53743	11998.2	
12.7493	11988	
8.14932	12000.3	
14.4915	11989.1	
13.5879	11989.7	
5.1282	11999.2	
14.754	11989.5	
13.6118	11989	
11.7128	11996.4	
8.30673	11993.5	
6.7899	11996.4	
11.6532	11999.6	
7.61069	11994.7	
6.47923	11994.4	
5.47982	11990.9	
3.93819	11989.7	
4.1768	11998.6	
7.59195	11994.9	
7.86513	11994	
7.15397	11995.7	
7.78395	11994.9	
3.34384	11999	
11.3577	11993.7	
7.19298	11996	
12.531	11994.1	
7.99013	11995.7	
9.1682	11994.6	
7.06556	11995.1	
11.0621	11994.1	
8.32198	11994.4	
8.29071	11995.5	
12.0155	11996.8	
8.73407	11996	
9.2238	11995.6	
9.03872	11998.7	
9.85479	11994.9	
12.1565	11998.2	
6.99016	11995.4	
9.49214	11995.7	
8.1405	11998	
9.81019	11993.1	
11.8108	11992.5	
10.8459	11999.4	
10.5983	11998.5	
11.6117	11994.4	
6.44729	11992	
12.711	11994.5	
4.0617	11988.8	
12.8127	11992.3	
7.21342	11992.8	
6.57229	11991.4	
7.46194	11990	
6.95003	11992.5	
9.43889	11993.6	
5.21034	11992.7	
6.94501	11992.5	
7.86453	11992.2	
6.96865	11992.6	
9.25689	11993.6	
6.38142	11996	
6.40581	11995.9	
6.39211	11996	
6.8105	11995.5	
5.52799	11996.9	
6.40262	11996	
8.79918	11995	
8.70984	11994.9	
8.51362	11992.7	
8.76276	11994.9	
8.84194	11996.4	
6.2882	11993.7	
11.4426	12000.1	
8.10988	11996.6	
7.34579	11999.4	
5.12424	11993.7	
9.16432	11994.7	
14.8167	11993	
8.77519	12001.6	
3.59022	11993.2	
3.68111	11991.9	
6.39053	11992.6	
6.46637	11996.4	
7.60989	11997.1	
7.21383	11992	
7.30948	11997.1	
6.79516	11992.3	
7.33174	11993.8	
7.28292	11994.8	
6.42911	11992.6	
4.54088	11992.7	
7.98313	11992.5	
7.47065	11993.9	
6.88659	11993	
7.02872	11993	
3.0673	11992.1	
5.94798	11993.7	
6.39091	11991.8	
2.16317	11998.1	
7.46843	11993.9	
10.0569	11991	
10.278	11993.8	
2.57401	11993.1	
8.24907	11993.7	
3.83142	11991.2	
5.13211	11987	
3.45817	11995.7	
5.21359	11994.6	
8.43664	11993.1	
11.247	11992	
8.39879	11994.3	
5.59904	11995	
3.63179	11996	
-0.657155	11998.4	
8.18137	11993.7	
6.24853	11993.1	
9.52456	11993.8	
10.7028	11993.7	
8.65432	11994.5	
9.17115	11993.8	
8.4361	11995.5	
9.59005	11994.7	
8.39051	11994.7	
8.04901	11995	
4.8455	11996.4	
5.45987	11995.7	
9.57364	11994.6	
2.79719	11995.7	
9.78166	11994.6	
3.05747	11994.6	
9.67988	11992.2	
9.35893	11994.1	
9.89197	11995.8	
9.54498	11992.1	
9.24034	11994.8	
6.72892	11997.5	
4.7487	11996	
8.21117	11994.6	
-0.106694	11992.6	
9.81452	11996.1	
12.1854	11994.1	
13.0293	11994.8	
6.1468	11994.8	
5.84072	11995.6	
9.35946	11993.6	
9.49556	11996.3	
5.57118	11997.4	
11.9653	11993.7	
10.4299	11997.2	
4.21247	11996.4	
2.7849	11997.2	
4.67626	11998.3	
8.76698	11997.9	
9.38977	11991.9	
8.79903	11992.6	
6.43264	11986.3	
8.5763	11995.6	
11.216	11998.4	
11.837	11991.1	
8.57936	11995.6	
3.13453	11994	
5.6598	11990.7	
12.8131	11993.4	
4.07582	11994.1	
4.03283	11994	
3.55757	11993.8	
4.06907	11994.2	
3.55919	11993.8	
3.31264	11994.2	
4.34573	11994	
1.98952	11993.7	
7.13879	11995.7	
8.20462	11993.8	
8.11802	11993.7	
7.82721	11994.8	
7.11901	11995.7	
6.2297	11995.1	
7.99762	11993.1	
10.4894	11997.7	
5.74213	11994.7	
7.02763	11993.9	
6.06791	11993.9	
6.22387	11995.8	
8.75494	11998.8	
6.81756	11993.4	
5.23367	11996	
6.81206	11994.4	
7.0326	11993.9	
3.80857	11998.2	
6.07597	11993.9	
8.8072	11993.9	
9.12235	11994.3	
8.79342	11993.9	
6.15149	11995.7	
10.1555	11995	
10.1733	11995	
9.04004	11994.9	
8.80003	11993.9	
9.25093	11993.9	
9.09683	11994.4	
5.21356	11994.8	
10.1359	11991.4	
5.19838	11994.8	
8.4188	11995.7	
10.4408	11992	
9.16398	11997.6	
8.75628	11998.9	
8.23548	11999	
6.04612	11993.7	
10.6219	11994.5	
8.43093	11997.2	
6.44819	11997.7	
7.70709	11997.3	
5.4102	12000.8	
6.72038	11998.2	
6.97128	11998.3	
5.24513	12001.8	
7.45807	11997.4	
9.57912	11996.4	
6.51462	12000.6	
4.78	12000.8	
5.86481	12000.2	
6.23589	11989	
11.165	11991.6	
11.8382	11992	
13.6904	11994.1	
6.21676	11999.4	
11.6511	11992.2	
4.15464	12000.8	
6.65441	11999	
5.36618	11999.9	
5.45994	11996.9	
7.55294	11992.1	
2.01615	11995	
3.19019	11996.4	
1.95406	11997.4	
12.493	11993.4	
9.9284	11991.9	
3.02795	11996	
7.73352	11992.4	
7.22355	11992.4	
9.51418	12001.8	
7.42071	11999	
3.67731	11990.9	
7.48247	11992.4	
1.21081	11995.6	
7.44754	12000.2	
9.54292	11999.5	
7.6488	11996.6	
8.11651	11997.8	
8.12165	11993.6	
13.5561	11993.6	
3.693	11989.7	
12.0443	12003	
8.74463	11993.5	
-0.856974	11995.9	
9.46623	11995.9	
11.7627	11993.3	
12.8912	11995.4	
12.7889	11990.8	
2.65811	11994.1	
10.0435	11993.6	
3.12355	11988.9	
4.62231	11992.1	
10.2568	11994.8	
5.08181	11995	
10.2079	11994.6	
10.2765	11994.8	
3.75573	11995.1	
5.06451	11995.8	
3.75597	11999	
8.81564	12003.5	
-0.655667	11996.2	
13.0483	11996.2	
2.39712	12002.3	
12.1204	11995.9	
2.99109	11990.1	
11.449	11999	
14.8464	11996.3	
4.67274	11999.2	
9.28648	11995.4	
4.82565	11998.9	
9.87169	11995.7	
7.63391	11997.1	
5.5946	11997.2	
5.64044	11997.2	
10.3195	11996.7	
9.50673	11995.7	
10.2499	11996.8	
5.01835	11999	
12.0555	11997.5	
12.7403	11998	
12.704	11997.9	
13.0021	11991.8	
0.108902	11990.9	
0.852657	12001.2	
12.6992	11998.2	
5.0585	11993.1	
12.9379	12001.2	
12.7899	11997.8	
3.7748	11994.8	
4.72961	11994.7	
4.39438	11994.9	
4.39562	11994.9	
4.42749	11994.8	
8.7823	11996.1	
1.97658	11995.6	
3.75116	11994.8	
1.99461	11996.5	
1.94279	11995.5	
4.17913	11991.9	
14.089	11994.3	
2.42706	11989.3	
12.3054	11994.6	
4.11069	11996.5	
6.76731	11995.3	
14.8338	11996.9	
9.28646	11998.9	
3.44409	11995	
12.1647	11992.1	
12.9331	11988.8	
18.0339	11993.7	
8.61393	12000.5	
5.49727	11988.1	
4.48671	11987.5	
9.09338	12000.2	
6.61418	11990.4	
13.0583	11985.6	
5.4623	11987.3	
4.00801	11986.9	
7.42344	11993.5	
11.1486	11994.7	
7.96235	11998.3	
11.1049	11994.8	
8.42843	11999.2	
8.94177	11999.6	
8.93103	11997.7	
11.1247	11994.8	
8.33827	11998.5	
8.68671	11995.9	
3.97671	11996.3	
3.84115	11996.8	
10.8389	11995.3	
8.86617	11994.2	
8.89441	11994.1	
9.18414	11993.2	
4.65749	11995.8	
8.81718	11994.3	
10.8411	11995.3	
4.97406	11995.7	
3.36151	11999.9	
5.70102	11997.9	
3.90961	12002.5	
2.01722	11999.1	
2.82261	12000.4	
2.88797	12000.5	
3.16033	12002.1	
3.51983	12002	
3.29822	12001.2	
3.01911	12000.9	
5.84406	11989.4	
10.0241	11992.7	
11.3322	11991.8	
13.1446	11997.3	
5.74029	11988.6	
5.65566	11988.6	
11.6628	11989.9	
13.0567	11991	
2.43008	11986.9	
10.7704	11997.2	
5.02394	11991.6	
11.253	12001.6	
7.4187	11993.3	
7.43075	11993.3	
8.27312	11995.4	
8.4672	11994.8	
7.9818	11991.9	
8.43228	11994.7	
7.82356	11992.5	
8.1973	11994.6	
4.22725	11993	
6.57291	11997.3	
4.76521	11996.1	
4.08674	11994.9	
6.57816	11989.3	
7.83362	11992	
6.75936	11994.4	
7.13324	11995.7	
5.6457	11997	
5.7057	11994.8	
6.29938	11997.5	
6.01494	11996.5	
3.53194	11991.5	
6.92719	11995.8	
5.49681	11994.7	
4.44802	11991.4	
2.60874	11996.9	
7.13987	11995.7	
5.79837	11993.6	
9.87437	11991.8	
10.3288	11988.4	
10.3831	11993.9	
8.45004	11989	
9.12211	11989.3	
2.63171	11996.6	
9.11904	11993.7	
10.1955	11987.4	
10.4348	11989.1	
9.04042	11987.7	
11.2385	11990.6	
11.5715	11996.3	
14.4075	11999.5	
13.2442	11992.9	
11.8489	11996.4	
13.4319	11993	
13.5287	11993.1	
14.153	11998.6	
15.3193	11992.4	
3.27814	11986.8	
12.2511	11991.2	
5.95478	11996.9	
5.7434	11995.5	
6.67177	11996	
8.37763	11993.9	
5.24466	11994.9	
1.33917	11995.6	
12.544	11995.1	
9.15644	11995.8	
3.40069	11992.5	
9.54859	11994.3	
16.3236	11994.5	
4.89853	11988.6	
0.996675	11988.8	
13.1279	11991.4	
10.2465	11992.4	
6.01747	11994.8	
8.8768	11995.3	
5.14811	11995.7	
10.0198	11992.6	
10.8043	11997.7	
9.18333	11994.6	
2.43815	11989.9	
14.1165	11995.5	
14.1615	11999.9	
14.1682	11995.1	
7.96324	11995.2	
5.08992	11993	
2.49222	11989.8	
13.0468	11990.2	
4.83479	11990.5	
10.4896	11993.9	
10.0563	11994.7	
14.6593	12000.8	
6.36238	11990.5	
11.6769	11995.8	
2.96077	11998.3	
11.403	11996	
9.83172	11994.5	
8.51178	11995.8	
9.8396	11994.5	
3.5686	11996.6	
2.25101	11988.5	
-2.39296	11995.3	
14.7395	11994.4	
15.5203	11996.3	
0.696021	11997.6	
14.546	11996.9	
6.32617	11988	
0.19866	11997.7	
12.7107	12000.9	
9.69871	11996.1	
10.2889	11994.4	
9.5436	11993.8	
10.7355	11993.6	
8.00384	11996.6	
8.6212	11994.8	
9.71181	11996.3	
9.65881	11995.9	
12.8049	11994.8	
5.1124	11995.9	
4.16561	11996.3	
6.42443	11995.2	
7.13637	11995.7	
5.68943	11995	
6.25802	11994.5	
5.03207	11990.6	
6.98469	11991.4	
6.68571	11996.3	
6.56504	11993	
6.38625	11995.2	
10.9524	11995.4	
8.63105	11993.7	
8.47689	11993.5	
1.45043	11997.9	
12.6486	11993.6	
7.99288	11991.9	
11.1953	11996.5	
12.8533	11994	
5.08969	11995.3	
8.09241	11995.6	
9.12344	11993.6	
1.58052	11995.2	
-2.36691	11992.6	
-0.0179638	11994.5	
16.1855	11993.5	
0.734888	11996	
3.37105	11993.6	
10.9835	11991.6	
8.87849	11994.3	
5.09903	11986.2	
3.27245	11993.8	
2.8263	11991.1	
1.23345	11995.2	
4.70023	11993.4	
5.84017	11999.3	
3.29769	11993.8	
2.7518	11996	
3.88001	11994.9	
4.91068	11993.8	
3.71202	11994.9	
10.1451	11994.4	
4.86683	11995.1	
8.18306	11993.9	
4.47521	11999.7	
10.896	11991.2	
12.1545	11995.5	
8.91036	11995.7	
10.6236	11997.3	
9.27083	11994.1	
9.56276	11994	
5.43545	11994.2	
3.73243	11996.2	
9.15006	11992.9	
7.67242	11994.1	
8.01339	11994.6	
10.0844	11996	
9.26355	11993.4	
7.80163	11994.1	
7.93806	11994.1	
7.98118	11993.9	
6.71727	11995	
12.3855	11994.8	
13.7007	11996.8	
6.13675	12002	
10.7787	11997.1	
4.57698	11990.9	
10.7256	11997	
4.10748	11992	
9.05085	11995.2	
6.18673	12001.5	
9.41277	11994.5	
3.24615	11991.6	
7.47781	11997.5	
2.34789	11998	
9.827	11999.2	
9.89196	12000.9	
9.20495	11998.6	
9.02977	11999.2	
9.083	11998.5	
7.61994	11998.7	
6.08401	11997.7	
2.58901	11999.3	
8.51254	12000.4	
9.26856	11998.3	
2.4431	11999.3	
12.7572	11996.3	
6.46721	11996.4	
4.60807	11997.2	
8.12312	11999.7	
5.45692	11989.1	
4.9166	11992.8	
6.27993	11993.7	
9.4187	11993.9	
7.75617	11992.8	
7.7433	11992.8	
8.95946	11992.6	
10.6283	11994.3	
10.2927	11993.3	
7.80143	11992.5	
9.00786	11992.6	
9.34806	11999.6	
11.9537	11995.4	
6.73364	11995	
8.29668	11994	
7.65732	11995	
15.28	11993.7	
1.62028	11996.9	
5.99899	11995.6	
4.49647	11997	
0.650186	11989.4	
4.17119	11991.4	
5.9321	11994.3	
8.43019	11995.1	
9.71705	11995.8	
7.85948	11995	
1.96723	11996.9	
7.5169	11993.7	
10.669	11993.3	
7.65598	11994.7	
8.0743	11994	
6.35968	11987	
9.69475	11991.8	
8.91678	11992.7	
10.2873	11990.7	
10.3402	11995.2	
1.24056	11990.2	
8.12808	11983.7	
0.0738808	11998.3	
6.72824	11988	
9.5513	11994.4	
13.7481	11993.2	
6.11231	11991.7	
11.1115	11994.4	
5.83515	11993.9	
5.47842	11993.8	
11.5206	11991.2	
6.02898	11991.6	
6.26484	11994.5	
10.6771	11992.6	
6.23528	11993	
4.66252	11995.4	
5.74648	11996.4	
7.97992	11996	
10.6367	11995.4	
5.81736	11997.1	
4.93401	11996.2	
5.31474	11995.8	
5.66202	11997.3	
3.67717	11997	
5.67162	11995	
-0.0303981	11993	
15.5212	11990.8	
-0.685061	11992.8	
-0.0700234	11993.3	
12.0171	11994.5	
9.07608	12001.8	
-0.6433	11992.6	
1.02208	11992	
3.1794	11994.3	
-0.712111	11993	
12.3775	11994	
10.0438	11994	
4.43812	11994.3	
3.36877	11994.6	
7.41824	11992.4	
9.75794	11996.2	
9.56726	11995.3	
8.91463	11993.4	
8.66862	11995	
8.22124	11994.6	
3.8291	11991.9	
9.0117	11993.5	
5.56648	11995	
4.53419	11992.4	
5.71194	11996.3	
5.50178	11992.5	
3.17376	11995.7	
8.83522	11993.6	
6.78914	11994.4	
8.62824	11992.4	
9.5745	11992.2	
6.67418	11993.1	
6.31564	11991.8	
7.52775	11991.6	
7.76579	11998	
10.274	11997.3	
10.5368	11994	
9.60809	11992.2	
6.08468	11994.8	
9.9244	11992.8	
9.13643	11993	
8.27191	11993.6	
2.52381	11997.2	
9.68539	11993.9	
9.13236	11993	
6.82149	11992	
3.691	11990.2	
7.61348	11995	
7.62055	11995	
8.82674	11993.3	
2.3798	11993.6	
4.84469	11994.8	
7.07356	11995.1	
4.73488	11993.8	
3.64836	11994	
9.15394	11991.9	
6.2308	11997	
3.83827	11993.8	
4.27527	11993.4	
3.36197	11993.1	
5.17286	11999.7	
5.01951	11998.7	
5.47318	12000	
5.376	11997.9	
5.84125	11997.3	
6.05202	11999.4	
5.36766	11998.5	
3.64923	11997.6	
5.22026	11998.7	
5.47034	11999.1	
10.6197	11997.4	
7.86515	11992.2	
4.50678	11992.3	
8.65299	11992.4	
5.92596	11992.3	
6.0012	11992.7	
10.3947	11993.4	
6.353	11992.9	
6.00492	11993	
4.49582	11992.2	
3.91393	11994	
2.10139	11994.6	
3.15514	11993.6	
2.00917	11990.9	
3.90647	11994.2	
1.2395	11994.1	
14.8816	11995.9	
1.37951	11994.6	
1.05319	11997	
1.4746	11994.7	
9.64043	11993	
4.81742	11994.4	
9.21433	11992.4	
9.93634	11991.9	
6.29852	11993.1	
7.76988	11991.9	
4.74381	11994.3	
6.5087	11993.1	
3.25101	11990.6	
7.49363	11992.1	
8.70306	11994.3	
5.41218	11997.5	
4.4545	11996.7	
4.25246	11999	
11.3465	12000.5	
11.5085	11997.2	
11.5027	11997.2	
10.4277	11992.7	
8.27627	11993.9	
11.5171	11997.1	
10.4549	11997.8	
7.63635	11992.9	
4.65203	11991.1	
8.54442	11994	
10.4659	11995.9	
8.08223	11996	
9.0586	11994.3	
4.62489	11992.2	
7.99103	11999.2	
10.2503	11997.7	
6.77547	11995.1	
8.56142	11993.6	
5.70394	11992.9	
7.45801	11994.7	
7.18687	11994	
7.77919	11995.6	
6.79753	11995.1	
3.79994	11992.4	
6.14151	11995.3	
7.65963	11994.7	
11.3004	11994.1	
5.33373	11995.7	
12.4445	11990.5	
3.81928	11996.9	
10.9364	11995.5	
4.67712	11996.5	
11.3792	11993.9	
9.53561	11992.4	
4.70932	11996.5	
10.2944	11993.9	
5.59197	11990.6	
6.46894	11992.4	
6.22675	11992.4	
8.90155	11995.2	
6.26258	11992.4	
6.75134	11991.1	
7.0769	11993	
6.40472	11991.3	
6.25117	11992.4	
6.74371	11992.8	
3.58055	11999.3	
5.45216	11998.1	
8.39153	11994.3	
4.24812	11997.4	
9.88027	11995.2	
8.42717	11993	
5.10381	11996.7	
8.3998	11993.8	
10.6426	11991.8	
8.3974	11993.8	
4.78657	11995.4	
5.93139	11996.8	
8.36574	11993.7	
7.01205	11995.3	
6.86971	11995.5	
9.03496	11993.5	
5.84617	11996.8	
6.0683	11995.5	
7.01434	11995.3	
9.00995	11993.5	
6.72785	11998	
6.42417	11991.9	
9.72698	11995.5	
7.24142	11999.8	
9.91886	11995.1	
8.75075	11992.5	
11.5891	11995.3	
9.17596	11994.6	
8.66532	11994.8	
4.09552	11992.8	
4.49979	11994.6	
2.93605	11997.9	
8.38897	11993.1	
3.05682	11995.9	
4.17678	11994.6	
10.6841	11994.2	
4.28659	11994.4	
4.87553	11994.7	
6.65951	12000.1	
11.4835	11994.7	
4.03634	11999.9	
7.08727	11993.7	
13.5437	11990.4	
7.85011	11997.2	
8.99054	12000.6	
10.0436	12001	
1.68988	11998.2	
8.19108	11999.5	
5.60822	11996.5	
6.17673	11998.2	
5.61845	11992.4	
6.8146	11993.8	
6.71777	11993.6	
5.53151	11992	
6.14794	11994.5	
5.98579	11992.8	
5.56414	11992.2	
5.13459	11989.6	
4.04433	11995.7	
5.83245	11992.3	
9.96964	11996.7	
5.345	11995.6	
11.0275	11999.4	
2.72197	11993.8	
4.09709	11997.5	
6.88565	11991.9	
7.12246	11998.2	
9.95406	11996.7	
4.41256	11992.3	
8.08146	11994.6	
6.43496	11991.9	
8.22759	11996.6	
6.11014	11989.7	
8.31351	11990.7	
7.8307	11999.9	
4.97241	11990.1	
8.26254	11996.4	
6.91825	11994	
8.20718	11996.6	
7.25953	11993.9	
4.71412	11995.9	
4.55913	11997.3	
11.5313	11998.4	
11.0048	11992.6	
13.4438	11994.4	
3.48371	11997.2	
13.453	11994.5	
8.16397	11994.3	
4.67622	11997.5	
9.14776	11993.4	
8.33827	11999	
8.03208	12001.7	
8.47669	11998.9	
7.52719	12000.9	
6.77678	12001.6	
6.03564	12002.6	
7.97467	11999.3	
7.50714	12000.9	
7.26722	12001.6	
7.31391	12002.4	
9.62867	11991.6	
7.65924	11995.1	
3.45385	11996.1	
2.6759	11998	
6.5649	11992	
6.03337	11998.7	
9.05842	11998.3	
10.3734	11993.2	
8.61158	11996.1	
6.75367	11991.4	
7.44622	11993.5	
11.921	11990.3	
5.97828	11989	
8.86013	11996.1	
9.8261	11998.2	
8.87999	11998.4	
7.13965	11993.7	
3.14808	11997.1	
6.91822	11990.4	
3.29935	11997.3	
8.02249	11990.7	
8.41964	11990.8	
9.62922	11989.9	
10.2741	11990.4	
6.66248	11989.5	
11.7723	11990.5	
10.232	11992.5	
12.0774	11988.3	
10.1611	11990.4	
11.2101	11989.5	
6.134	12003.9	
7.68783	12002.2	
13.5053	11996.2	
5.8174	11986.9	
3.13131	11984.7	
-2.82316	11990.9	
4.23734	11986.7	
4.13278	11987.7	
14.0453	12004.6	
16.4137	11995.3	
9.41317	11994.9	
6.98439	11995.3	
8.78279	11994.5	
7.05532	11995.3	
7.01326	11995.3	
8.1181	11995.2	
8.32863	11994.3	
7.56637	11993.3	
6.17169	11995.7	
8.19233	11990.6	
7.68154	11992.8	
14.3803	11997.3	
6.03598	11993.7	
10.5633	11993.7	
5.94643	11989.4	
6.35152	11992.9	
3.49253	11996.1	
9.37608	11993.8	
9.98843	11995.3	
6.33033	11992.9	
11.5315	11995.8	
4.80467	11996.9	
5.44379	11998.1	
8.85096	11994.2	
9.63211	11992.3	
2.89725	11996.6	
2.96241	11991.2	
11.6342	11996.1	
1.94994	11998.7	
10.6062	11994.1	
10.6255	12001.4	
14.3146	11986.7	
13.7177	11990.8	
12.8035	11987.5	
10.691	12000.5	
5.73207	11983.3	
15.5848	11999.1	
10.6045	11998.1	
16.5597	11991.8	
4.1023	11989.3	
5.46357	11987.8	
7.97076	11998.6	
12.1641	11995.7	
8.31388	11997.5	
5.63987	11997.7	
7.98414	11997.8	
7.6666	11998.8	
12.0499	11995.1	
6.88066	11996.4	
10.6923	11994.8	
4.31465	11990.1	
5.11272	11995.9	
13.0208	11995.6	
11.6787	11993.3	
9.34682	11993.6	
10.6102	11993.2	
-2.77113	11995	
4.36979	11990	
5.56315	11994.7	
10.4344	11993.5	
6.04843	11995.4	
3.71973	11997.7	
5.07652	11995.9	
5.71816	11996.8	
3.42432	11993.6	
5.10578	11995.9	
9.41771	11996	
4.51849	11997	
9.42911	11996	
5.20027	11994.6	
7.09294	11996	
6.91155	11995.9	
6.95046	11995.4	
7.47905	11997.4	
8.44632	11995.5	
8.60623	11996.8	
8.23547	11995.3	
5.89191	11996	
8.87184	11996.8	
7.97585	11992.1	
5.95946	11996.3	
6.47013	11996.4	
4.07661	11994.9	
6.65134	11996.6	
5.92111	11996	
4.87421	11993.7	
5.94351	11996	
7.24546	11996	
5.92019	11996	
4.55636	11995.6	
11.6513	11992.7	
9.78415	11993.7	
0.202787	11993.7	
7.52496	11993.1	
10.2665	11987.9	
8.86188	11993	
13.1765	11992	
3.67859	11989.1	
14.6032	11991.9	
13.5505	12000.5	
5.90952	11993.6	
6.26568	11998.5	
3.75364	11994.6	
3.7244	11993.1	
5.90797	11990.5	
5.35929	11995.1	
5.32066	11995.3	
2.59985	11994.7	
6.72064	11992.3	
4.32214	11997.2	
5.40687	11992	
4.21154	11995.8	
7.15813	11997.2	
5.48883	11993.5	
5.98103	11996.2	
4.48055	11995.8	
5.93167	11995.9	
5.50514	11993.4	
5.52646	11993.7	
5.03282	11996.1	
7.98041	11988.3	
6.79352	11992.1	
8.32477	11988.7	
7.44598	11992.7	
8.65634	11988.4	
8.40979	11987.8	
6.32356	11992.6	
5.96938	11990.4	
7.4405	11992.7	
8.23808	11988.7	
8.03456	11997.5	
8.22032	11996.1	
6.95659	11995.1	
8.79728	11988.4	
4.25027	11992.6	
6.6658	11997.1	
8.04772	11997.5	
8.19415	11997.2	
7.13312	11996	
7.12748	11996	
8.66544	11997.1	
6.2529	11997.7	
6.62172	11998.3	
6.63707	11998.3	
10.0621	11996.9	
6.34622	11998	
6.6527	11995.5	
6.87445	11995.9	
9.64912	11993.3	
9.91117	11992	
4.09711	11995	
4.5743	11994.9	
5.48639	11996.9	
6.87003	11995.9	
4.65914	11994.2	
4.17816	11994	
4.14293	11994.5	
4.15724	11994.5	
4.1979	11994.6	
5.12216	11994.7	
8.45187	11991	
10.2065	11990.2	
7.9836	11991.9	
10.3843	11990.7	
6.73969	11991.1	
9.41447	11991	
9.50042	11991	
9.53183	11991	
8.22729	11990.9	
10.0462	11990.6	
6.81201	11995.1	
6.98155	11991.5	
6.31134	11994.4	
5.15935	11993.7	
10.4709	11994.2	
7.94168	11995.3	
7.33201	11994	
3.28912	11994.2	
5.1767	11993.7	
5.70433	11993.8	
1.40117	11992.8	
9.67357	11993.6	
6.38432	11992.6	
9.71364	11998.8	
7.96309	11988.6	
10.9872	11988.8	
7.96902	11995.3	
12.8136	11992.4	
7.93513	11988.6	
9.73867	11998.9	
5.65594	11992.1	
5.25445	11992.4	
5.55958	11992.4	
11.0097	11993.2	
5.5776	11992.4	
5.96402	11991.9	
7.01507	11993.8	
8.60485	11996.8	
7.7082	11997.3	
5.92241	11995.9	
8.66017	11989	
8.4305	11990.5	
10.0357	11988.4	
9.33306	11988.5	
9.05484	11989	
8.18681	11991.3	
7.44251	11992.9	
8.95716	11988	
9.03389	11989.7	
10.548	11987.5	
5.47844	11993.7	
7.38547	11994.9	
6.88683	11998.2	
7.10548	11996	
5.42622	11992.1	
4.38272	11995	
3.72427	11991.5	
6.97975	11995.4	
7.12147	11996	
4.36746	11995	
7.36473	11989.5	
4.2785	11989.4	
6.87564	11999.1	
0.493737	11995.6	
4.03298	11993.4	
0.590044	11992.2	
3.63568	11992.5	
6.13716	11990.2	
3.98267	11996.9	
13.4982	11996	
6.61742	11993.2	
1.81686	12000.5	
2.92709	11999.5	
8.14309	11988.8	
11.0712	11988.9	
12.3355	11998.7	
8.00616	11991	
11.0829	11993.9	
10.6723	11990.9	
8.76294	11986.5	
6.86983	11992.7	
3.38344	11995.7	
11.7003	11994.8	
4.7347	11993.8	
4.65554	11993.5	
4.64389	11993.5	
4.66952	11993.4	
6.15951	11991.6	
5.96015	11991.4	
4.6632	11993.4	
9.1625	11995.5	
4.7018	11993.5	
3.13258	11993.2	
6.72656	11994.4	
5.20097	11993.2	
8.23445	11996.1	
2.80163	11994.5	
9.16002	11995.5	
4.73626	11993.4	
7.1089	11996	
15.7543	11997.9	
-1.48811	11997.5	
0.201449	11999.3	
13.8176	11995.5	
0.658927	11998.9	
13.1268	11988.4	
14.9514	11995.3	
-1.55064	11996.9	
13.8593	11995.4	
14.9067	11995.1	
9.6018	11996.5	
10.0225	11994.8	
5.3245	11995.8	
9.57577	11996.5	
10.4299	11994.9	
2.08422	11989.7	
3.71315	11993.7	
8.36344	11993.9	
5.17209	11994.6	
8.75588	11996.5	
7.32168	11988.5	
8.05639	11990.3	
8.4066	11989.4	
9.34186	11990.9	
9.94056	11986.3	
9.92552	11990.3	
7.07519	11995.1	
10.0699	11989.1	
7.54178	11989.6	
8.60444	11989.3	
7.20446	11992	
7.09145	11995.4	
6.80039	11998.6	
7.10611	11995.4	
9.91991	11993.2	
7.11714	11995.4	
12.1449	11992.3	
8.65442	11996.5	
7.11269	11995.4	
8.49568	11992.9	
3.29966	11988.8	
4.23112	11990.4	
5.46172	11990.6	
13.5783	11993.7	
11.1137	11993.1	
13.4575	11993.8	
11.0543	11993.2	
8.47141	11997.1	
5.9182	11991.5	
4.47877	11990.4	
7.18374	11992	
7.36467	11991.9	
8.36357	11991.4	
7.19012	11992	
7.86968	11992.2	
8.02449	11991.7	
8.03019	11991.7	
7.61175	11991.4	
5.93294	11991.5	
7.73644	11991.8	
3.73591	11995.4	
10.2106	11994.2	
8.1388	11990.4	
9.3164	11993.9	
10.7029	11990.7	
4.93764	11995.2	
10.8109	11992.5	
7.42574	11992.7	
3.0899	11995.7	
4.44454	11995.4	
7.9228	11997	
6.11393	11991.7	
6.15765	11991.3	
4.20954	11992.4	
6.98036	11993.7	
6.02063	11991.4	
6.05991	11994.4	
6.05398	11991.4	
6.51886	11996.6	
6.66047	11992.5	
9.55693	11993.2	
3.28328	11994.1	
6.66196	11992.8	
4.89997	11993.7	
1.27974	11992.5	
5.22551	11995.2	
3.03242	11994.7	
9.74526	11993.4	
2.86544	11993.2	
7.18373	11992	
9.95563	11987.2	
0.882552	11991.2	
10.7485	11989.7	
8.09808	11988.9	
9.26435	11986.3	
7.39582	12000.3	
8.46695	11986.2	
8.59369	11986.5	
2.12027	11996.5	
4.25332	12001.3	
8.20642	11996.6	
7.46011	11998.1	
7.95942	11995.7	
6.0351	11994.5	
8.76367	11995.1	
8.23525	11996.6	
8.21599	11996.6	
7.92505	11995.9	
7.06564	11998.3	
6.07103	11998.3	
5.90283	11992.7	
8.52171	11987.6	
5.54282	11990.9	
8.63322	11989	
9.7126	11998.4	
6.28505	11991.8	
5.90902	11992.7	
7.88194	11991.8	
10.7762	11987.7	
8.79868	11988.2	
6.90455	11993.1	
6.9348	11993.1	
7.11785	11996	
7.13495	11996	
6.72886	11996.8	
4.85471	11996.4	
8.28849	11997	
3.86383	11995	
7.08062	11996	
7.10141	11996	
2.56213	11988.2	
10.2029	11993.6	
7.40379	11989.5	
1.81415	11992.6	
1.24172	11993.2	
10.5288	11988.7	
3.66783	11989.3	
9.80894	11999.3	
7.44509	11991.1	
1.94735	11992.9	
9.07154	11994.1	
3.77091	11995.1	
6.51969	11996.6	
7.07923	11995.4	
2.93898	11993	
4.62505	11996.4	
6.63856	11995.5	
4.81652	11996.1	
5.17916	11995.1	
6.72087	11996.7	
10.5775	11987.4	
6.76298	11995.1	
9.64229	11990.4	
0.956417	11992.2	
0.915908	11991.1	
5.55122	11991.3	
9.44101	11991.1	
8.0164	11988.6	
4.44721	11989.7	
1.05986	11991.6	
0.45948	11995.3	
9.67157	11990.6	
5.30088	11999	
7.05876	11987.7	
10.1114	11991.2	
4.76697	12000.5	
0.791003	11995	
9.57197	11990.9	
1.27331	11995.3	
9.17143	11991.9	
6.04003	11990	
6.9516	11995.1	
4.75226	11993.4	
8.44484	11989.7	
8.48623	11989.2	
8.2351	11990	
8.04632	11990.2	
7.07434	11995.1	
8.03124	11990.9	
8.22916	11990.5	
10.6203	11990.8	
11.3262	11993.6	
10.82	11988.6	
3.69485	11991.5	
10.5956	11990.6	
3.74141	11995.4	
1.87901	11993.9	
1.05961	11993.8	
12.2312	11998.5	
10.1759	11993.8	
7.20445	11996	
7.54548	11992.4	
7.8364	11992	
7.23542	11996	
7.87216	11992.6	
7.52629	11992.4	
8.14091	11991.9	
7.85471	11992	
7.32233	11992.4	
7.87029	11992	
16.4309	11993	
4.5581	11984.4	
1.3642	12004.5	
-0.626477	12002.2	
-1.92953	11998.9	
17.5992	11996	
11.0406	12004.4	
-2.79212	12003	
18.7657	11999	
8.39449	12005.5	
9.07996	11995.2	
10.82	11993.1	
7.52462	11997.5	
6.2129	11995.8	
6.28555	11995.5	
4.34771	11991.1	
7.64778	11996.5	
4.06464	11990.9	
4.10224	11991	
5.96503	11991.5	
7.24442	11989.3	
8.49289	11990.1	
4.18491	11997.1	
7.29884	11992.9	
7.47376	11992.7	
8.05158	11988.4	
6.30675	11992.8	
3.80947	11997.7	
8.85489	11988.9	
6.53284	11992.4	
10.1606	11992	
10.9792	11995.8	
8.18035	11997.2	
8.00327	11996.6	
8.1278	11997.2	
8.03015	11996.6	
10.2433	11991.9	
9.19856	11996.8	
11.1085	11995.6	
3.97503	11997.5	
3.98859	11993.4	
10.0723	12000	
3.20443	11992.7	
7.27857	11994.8	
7.50996	11994.7	
8.43681	11989.4	
8.53146	11988.3	
1.26287	11992.4	
8.20657	11987.7	
7.3959	11993.1	
6.33338	11992.9	
2.72157	11992.1	
7.51231	11993.8	
5.19269	11992.4	
6.27044	11994.4	
6.51494	11996.6	
4.89995	11992.8	
8.97906	11994.6	
4.59577	11991.8	
3.09051	11992.1	
5.69013	11992.6	
6.25136	11996	
6.58622	11992.5	
9.47756	11998	
5.71444	11993.6	
5.17486	11990	
5.57666	11992.1	
6.74941	11999.2	
5.70292	11993.6	
6.10128	11992.3	
5.73297	11993.7	
6.85951	11993.3	
6.15337	11994.5	
4.05876	11994.6	
6.78314	11994.4	
4.46961	11996.1	
5.47057	11992	
4.73921	11993.5	
4.34774	11996.8	
6.58968	11994.4	
9.55393	11995.4	
7.64124	11992.9	
8.33477	11998.2	
5.49169	11993.7	
8.49837	11997	
9.82216	11995.9	
8.16796	11997.5	
7.94881	11995.8	
8.50308	11997.1	
5.29803	11991.7	
8.11773	11996.4	
5.78714	11997.4	
8.41655	11995.4	
7.15112	11995.7	
8.11049	11996.4	
8.09957	11996.1	
8.39152	11995.4	
7.19579	11996	
8.23339	11995.3	
7.20834	11996	
8.28497	11990.3	
7.37048	11991.4	
7.41309	11991.3	
6.50415	11993	
5.83532	11993.7	
6.44041	11993.9	
6.43813	11993.9	
6.44972	11993.9	
7.37955	11993.2	
7.86426	11992	
8.9529	11992.2	
10.8878	11992.3	
6.64722	11995.5	
9.86369	11989.9	
7.68915	11990.4	
11.9736	11998.5	
7.91937	11995.4	
8.7206	11993.7	
7.37084	11991.4	
7.29371	11994.8	
0.479241	11994.5	
0.123102	11994.8	
0.40654	11994	
4.03235	11989.1	
13.4082	11998.8	
3.73554	11989	
2.70412	11993.9	
-0.913356	11994.3	
0.317331	11994.2	
6.48368	11992.7	
8.05998	11997.5	
11.0618	11995.2	
8.36087	11991.5	
6.78236	11993.7	
11.4222	11993.1	
5.42628	11993.2	
4.3492	11990.4	
11.399	11994.1	
10.286	11996.3	
7.29048	11993.5	
9.34223	11988.8	
5.28537	11991.6	
8.27143	11990.9	
9.0593	11989.3	
8.68824	11990.1	
7.8786	11991.2	
8.71976	11990.6	
8.73457	11990.3	
8.51319	11991	
8.02103	11991	
6.59285	11993.8	
7.65822	11992.8	
7.0315	11996.3	
7.00182	11996.8	
6.58272	11993.8	
8.11486	11996.1	
7.01533	11996.8	
6.61671	11993.8	
6.58368	11993.8	
7.33522	11991.8	
7.85676	11992.2	
7.50801	11993.7	
6.82059	11994.4	
7.86969	11992.2	
7.56857	11992.9	
6.28676	11994.5	
7.85144	11991.8	
6.83984	11993.3	
7.62831	11992.9	
6.73039	11994.4	
2.73084	11993.9	
8.20037	11996.1	
8.09622	11996	
6.59587	11994.4	
11.5174	11993.9	
2.90844	11994.2	
8.29037	11995.4	
7.80464	11996	
8.43343	11995.5	
8.18567	11996.1	
6.46352	11996.4	
6.53991	11996.6	
6.4764	11996.4	
5.92824	11995.9	
5.41055	11993.9	
6.0151	11994.5	
6.8383	11996.8	
6.47419	11993.6	
5.97182	11994.5	
6.75188	11996.7	
7.84312	11997.2	
8.06758	11996	
6.57023	11998.6	
7.90323	11997.2	
8.60324	11995.9	
7.73311	11996.7	
8.2466	11995.3	
8.88759	11996.8	
7.69566	11996.7	
7.87321	11997.2	
8.86623	11997	
9.3628	11993	
5.41648	11992	
6.65198	11996.6	
5.408	11992.1	
4.36208	11992.5	
9.38573	11995.4	
7.30325	11991.1	
9.37987	11995.4	
6.482	11998.6	
8.44032	11993.5	
1.8224	11992.2	
9.95051	11990.3	
2.38566	11992.3	
6.23982	11992.7	
6.17797	11992.9	
12.424	11997.6	
8.0537	11990.3	
7.60885	11989.7	
8.25449	11990.3	
7.01846	11991.5	
8.96289	11988.5	
15.3733	11991.3	
6.7928	11990.9	
8.93445	11988.6	
0.811733	11993	
1.48504	11993.1	
7.01297	11991.5	
8.92123	11988.9	
0.360202	11991.7	
7.81814	11995.2	
6.59376	11994.4	
6.50394	11996.6	
6.8953	11995.9	
6.64133	11995.5	
5.31183	11993.4	
7.17984	11994	
6.59386	11994.4	
6.85633	11992.5	
7.64355	11996.4	
6.06978	12000.3	
4.7003	11993.4	
4.65318	11996.2	
6.21435	11990.1	
2.92315	11992.8	
4.24228	11992.7	
3.6695	11994.9	
4.73945	11993.5	
3.71796	11994.8	
2.63356	11991.9	
7.19691	11992	
6.18766	11995.7	
3.39772	11994.3	
10.4466	11993.2	
10.553	11993.2	
7.22605	11996	
7.36335	11991.9	
8.76103	11996.2	
9.27753	11994.6	
7.40845	11992.4	
7.23879	11998.3	
7.89052	11995.9	
4.16422	11992.5	
7.61327	11997.2	
9.76438	11991.8	
9.94554	11996.7	
7.50457	11997.5	
8.23851	11996.4	
5.56663	11997	
7.57762	11997.2	
10.2877	11999.1	
5.52581	11990.2	
8.42725	11995.5	
8.70418	11990.5	
9.74033	11990.6	
11.8814	11997.4	
6.00027	11992.6	
8.76136	11996	
11.4855	11993.7	
7.83817	11996	
4.42138	11990.5	
4.05723	11990.6	
9.74036	11997.1	
11.5258	11994.3	
10.3161	11991.8	
10.29	11996.5	
10.2491	11996.4	
10.2904	11996.6	
4.04816	11990.6	
10.1299	11993.3	
7.12632	11993.7	
8.92885	11992.2	
8.18538	11996.1	
7.91632	11996.9	
7.46084	11994	
7.34975	11994	
8.95597	11992.2	
8.68938	11991.9	
7.96213	11995.3	
7.7993	11996	
7.17757	11991.8	
7.63231	11992.6	
6.25666	11996.7	
8.48078	11989.2	
7.43654	11992.7	
6.59254	11990.9	
6.78518	11990.9	
7.98533	11996	
4.93895	11998	
7.38723	11993.1	
7.3415	11997.4	
8.7399	11996.6	
7.67261	11999.3	
5.61386	11993	
7.15077	11997.1	
6.65261	11996.6	
4.61597	11993.5	
7.85608	11997.5	
4.48265	11992.8	
7.34748	11997.4	
11.0109	11993	
5.98477	11996.2	
6.87201	11995.9	
6.88316	11995.9	
5.99738	11996.1	
5.25806	11991.6	
7.1281	11995.4	
5.96683	11996.2	
7.58968	11995.6	
6.87224	11995.9	
10.735	11987.5	
8.05158	11990.9	
10.499	11988.1	
11.0086	11987.9	
4.89958	11993.7	
9.11588	11989.2	
8.34218	11988	
9.20551	11987.8	
10.9504	11988.3	
9.08316	11988.6	
7.0199	11995	
6.43878	11990.6	
1.13146	11992.3	
5.89578	11990.1	
4.48402	11989.7	
5.91284	11990	
12.4504	11992.2	
6.69402	11997.3	
6.97266	11995.1	
5.69537	11993.6	
6.95148	11996.8	
8.42697	11989.4	
8.48801	11989.7	
5.20976	11993.2	
6.75937	11995.1	
6.96369	11995.1	
5.89085	11993.9	
7.33502	11997.6	
6.55074	11994.7	
0.599724	11993.5	
8.98919	11987.1	
1.69351	11993	
1.68324	11993	
8.7926	11989.3	
7.88004	11990.4	
0.954522	11994.7	
3.01035	11992.4	
5.51847	11993.5	
3.64652	11993.1	
8.65845	11988.8	
6.82004	11988	
8.16575	11998.7	
7.97473	11998	
4.53245	11987.6	
9.81581	11996	
9.06082	11994.7	
7.95795	11998	
6.80051	11998.3	
1.04507	12000	
13.6159	11998.4	
5.19691	11995.1	
5.70127	11993.6	
9.51289	11987.8	
7.42935	11992.6	
5.22594	11993.2	
5.32486	11993.4	
5.71397	11993.8	
5.21327	11993.2	
5.30707	11993.4	
5.1922	11994.8	
9.5285	11988.9	
8.71873	11990.6	
8.72246	11990.5	
10.7321	11990.8	
9.63369	11991	
10.3256	11994	
7.85438	11990.3	
10.4583	11999	
5.03714	11992.1	
8.57084	11993	
8.41094	11989.4	
1.27728	11992.2	
-0.635086	11993.6	
0.839778	11991.5	
2.84959	11995	
2.88823	11995	
8.03454	11990.3	
10.6715	11988.7	
9.9965	11989.1	
-0.80449	11993.4	
8.75196	11994.5	
11.1709	11997.6	
10.1547	11999	
9.45063	11997.9	
3.76507	11991.6	
10.615	11996	
7.62533	11991.4	
8.58231	11996.2	
9.35457	11992.1	
9.01965	11996.9	
12.3887	11993.2	
5.99017	11992.6	
11.8771	11992.9	
4.29195	11990.8	
3.05149	11992.4	
10.1671	11993.8	
3.1483	11989.1	
6.6997	11999.6	
7.64922	11992.9	
6.37356	11992.6	
-1.42758	11987.8	
16.4639	12001.6	
18.6759	11987.6	
5.1354	12006.7	
21.6641	11995.6	
17.5254	11997.3	
-2.95662	11987.8	
20.4293	11991.5	
9.02317	11980.7	
-0.296216	11986	
6.68741	11992.6	
5.42145	11993.9	
5.16162	11994.9	
6.67472	11996	
4.65613	11992.7	
4.31985	11994.2	
4.7219	11993.8	
10.4568	11996.4	
5.98318	11994.5	
6.40107	11992.2	
4.31618	11992.5	
7.11374	11996	
5.73547	11992.9	
5.21895	11993.2	
6.86602	11993.9	
6.06728	11994.4	
5.6712	11992.7	
5.51418	11992	
7.62002	11992.8	
5.45647	11991.5	
5.94107	11995.9	
6.65025	11995.5	
6.65426	11995.4	
4.70182	11993.7	
6.29144	11995.5	
6.30371	11995.5	
6.88791	11995.9	
6.28978	11995.5	
6.65884	11995.5	
6.73416	11994.4	
6.43842	11995.5	
9.08437	11997.1	
10.9721	11996	
4.24319	11996.2	
9.00697	11997.1	
6.00584	11996.2	
4.68497	11996.5	
6.6987	11993.5	
9.40181	11992.3	
9.8582	11996.9	
6.66023	11992.8	
0.763055	11991.4	
1.6247	11991.7	
6.32027	11992.3	
6.21714	11992.2	
7.67711	11991.2	
7.8752	11991.8	
7.42474	11991.2	
6.95918	11992.6	
8.3756	11991.5	
7.22711	11996.1	
6.8466	11996.8	
6.78313	11994.4	
7.08454	11995.4	
8.43572	11997.3	
9.07576	11997.1	
9.05304	11997.1	
7.204	11996	
7.14735	11993.4	
9.04988	11997.1	
10.5987	11989.7	
9.38161	11988.8	
9.18748	11996.8	
9.6394	11998.3	
9.41644	11997.5	
8.98332	11997.1	
7.962	11989.5	
7.70838	11989.4	
7.68911	11990.4	
5.17092	11997.3	
7.13182	11996	
8.45345	11997.2	
7.73738	11997.3	
8.24997	11997.3	
7.72726	11997.3	
10.2656	11996.4	
9.68832	11997.2	
7.5218	11993.8	
6.72	11996.8	
8.28329	11997.3	
6.88203	11995.9	
6.9054	11995.9	
8.31965	11997.1	
6.87968	11995.9	
6.88631	11995.9	
7.11267	11996	
7.59422	11995.6	
6.88583	11995.9	
6.89328	11995.9	
6.89985	11995.9	
2.65838	11993.3	
-0.633113	11994.2	
0.740598	11993.8	
9.49723	11997.7	
8.98203	11996.5	
7.95249	11996.9	
15.2328	11990.8	
9.56458	11997.7	
9.54704	11997.7	
5.35236	11990.7	
3.80348	11993.2	
3.75172	11993.2	
9.18014	11990	
13.7873	11992.2	
3.74742	11993.2	
5.93651	11990.1	
8.8066	11990.5	
3.76607	11993.2	
13.7737	11992.4	
12.8629	11992.6	
12.4733	11993.2	
9.06296	11988.6	
6.25911	11990.9	
6.57088	11992.3	
4.41112	11997.5	
5.80376	11996.6	
7.98629	11989.6	
3.64454	11998.3	
9.79279	11988	
4.89492	11998	
6.0216	11990.8	
5.28429	11992.4	
4.10288	11995.4	
5.19037	11992.4	
5.24247	11992.4	
4.42532	11988.9	
4.99618	11992.1	
8.54641	11987.8	
5.39113	11990.1	
5.38079	11990.1	
6.0576	11994.4	
7.02969	11993.4	
6.65001	11995.5	
5.92032	11996.1	
5.93066	11996	
6.64514	11996.6	
5.91979	11995.9	
5.93358	11995.9	
5.95459	11996.1	
6.3838	11994.4	
5.35413	11991.8	
11.2302	11993.5	
9.19214	11996.8	
8.96222	11997.3	
5.84621	11991.2	
2.47344	11991.7	
5.7419	11991.3	
11.0893	11995.8	
5.19846	11993.2	
5.84257	11991.2	
11.5225	11994.9	
11.0832	11992.8	
4.29574	11991	
4.86435	11993.7	
3.0545	11996.2	
3.29453	11993.5	
2.71128	11994.3	
11.6163	11995	
4.89575	11993.7	
6.57767	11998.3	
6.94481	11993.7	
6.95206	11993.7	
11.3612	11995.1	
8.44542	11997	
5.44162	11992	
6.45763	11998	
6.96195	11993.7	
6.95636	11993.7	
7.25346	11993.7	
4.18921	11992.4	
9.17108	11991.4	
10.378	11988.6	
12.1575	11997.2	
2.40139	11987.8	
11.2328	11996.4	
9.75197	11998.3	
10.1775	11985.5	
11.6195	11997.2	
6.49694	12000.2	
6.44537	12000.1	
4.15574	11995.8	
6.81221	11996.8	
5.2054	11993.7	
10.5644	11995.1	
11.4552	11993.5	
5.18906	11993.7	
4.95806	11993.9	
4.89751	11993.7	
6.02889	11994.5	
6.03924	11996.3	
3.90679	11995.1	
9.33023	11995.3	
10.8734	11995.9	
10.851	11995.7	
3.85894	11997	
9.42278	11993.1	
4.13882	11995.5	
9.00107	11992.2	
10.953	11995.6	
10.3498	11991.9	
7.8065	11994.7	
8.47694	11990.7	
9.85504	11995.8	
8.24718	11993.7	
7.80604	11994.7	
9.90282	11990.8	
9.30744	11991.4	
7.0037	11995	
8.29214	11991.4	
6.80141	11994.6	
0.249013	11995.4	
6.98768	11995.1	
5.91517	11990.1	
7.13132	11996	
13.6045	11991.7	
7.05347	11992	
6.24407	11995.4	
1.05845	11993	
6.5424	11997.8	
6.58281	11990.9	
13.7817	11992.4	
8.25307	11990.9	
8.58124	11988.6	
8.56435	11995.8	
8.20384	11988.5	
8.51034	11988.6	
8.49703	11988.4	
8.64621	11988.4	
6.54623	11991.4	
6.75294	11992.3	
2.98612	11994.4	
5.80398	11991.5	
7.93022	11995.1	
7.71799	11996	
5.24229	11992.1	
7.88088	11995.1	
7.72742	11996.1	
7.20534	11996	
11.294	11993.3	
3.76478	11996.7	
