2.80864	-4.07626	
9.60037	2.27083	
2.28212	-7.21226	
5.07604	-5.38283	
1.78023	-4.0661	
7.90958	-4.2017	
3.32765	-8.1633	
4.26319	-5.41319	
4.04528	-7.88371	
8.19868	2.09583	
2.25913	-6.45411	
2.90635	3.58519	
2.00144	-3.03986	
1.45361	-3.24799	
1.0608	-4.12688	
6.46687	2.45827	
1.11307	-3.8237	
5.68473	-4.78684	
9.86738	4.96706	
2.75249	-3.6957	
2.85444	-4.63496	
2.50221	-3.14908	
10.238	1.23009	
10.7083	-1.90603	
4.52711	-4.39724	
10.6833	-0.0159266	
4.52711	-4.39724	
1.48849	-4.94828	
1.29946	-2.66346	
10.9519	2.68189	
1.61524	-4.11378	
2.54932	-4.59941	
0.378881	-6.33922	
4.28552	-1.47046	
9.5063	-3.89743	
3.23439	-1.83869	
4.82582	1.55573	
1.74166	-4.38296	
2.36319	-6.50562	
3.23702	-2.48263	
2.01571	-3.2984	
-0.403752	-2.81794	
1.43308	-1.61356	
10.3605	-2.73933	
5.26673	-2.06742	
9.92298	-7.95982	
3.41938	-3.25345	
1.44805	-3.44471	
1.6773	-3.72617	
-0.557271	-2.58505	
1.96479	-3.57667	
1.3107	-7.33391	
-0.894628	-5.71002	
4.86233	-2.34859	
1.26959	-5.52941	
0.504394	-4.14119	
2.45543	-6.5497	
0.650528	-3.22524	
-0.0124965	-3.03497	
-0.017406	-1.62935	
4.63443	-1.61088	
0.0229117	-2.63848	
2.91353	-0.350502	
-0.471994	-3.11216	
4.86233	-2.34859	
11.0567	2.20439	
5.83229	-4.92538	
6.98491	-8.65319	
8.92899	-0.53612	
10.7455	-1.54926	
2.30494	-2.91553	
3.1785	-5.16816	
3.8061	-1.88209	
2.32522	-2.69383	
0.411455	-3.329	
1.6773	-3.72617	
4.52642	-4.13388	
9.59388	3.45182	
4.91099	-1.87875	
0.273758	-6.01653	
0.950367	-6.43322	
0.904408	-6.9569	
5.94395	-7.16663	
2.42832	-4.76545	
11.9189	1.93841	
4.63751	-3.5435	
0.843007	-4.39567	
3.17253	-2.95638	
10.7222	-4.45055	
9.63608	4.55562	
4.3811	-6.79774	
9.41559	-0.220704	
7.29455	1.51452	
4.22175	-4.19028	
6.49583	-0.810474	
5.29549	-5.76937	
4.35363	-5.48494	
12.1181	0.835564	
2.59478	-3.41898	
6.6451	2.20952	
11.2771	-0.625664	
11.7592	0.357898	
10.4397	0.797899	
5.24165	-0.840812	
10.8381	-1.38563	
6.49585	2.30228	
6.99206	1.63333	
9.03298	-3.74385	
7.81054	-2.52218	
9.59348	-2.29361	
11.7281	-1.6945	
7.38613	2.71249	
9.07368	-2.57053	
9.43825	-4.37201	
10.8472	-0.710516	
7.462	2.67156	
9.41769	-0.589087	
4.99136	-2.69028	
9.68669	-2.72055	
9.43825	-4.37201	
6.6451	2.20952	
6.152	-3.78821	
3.80487	-5.50995	
8.20053	-3.55536	
3.51464	-2.71329	
10.5395	-1.95417	
11.3626	-0.809141	
9.45366	-5.00256	
8.70301	-0.0650752	
3.76224	-6.3702	
5.827	-0.602923	
2.89289	-2.16165	
8.16639	3.69154	
7.29524	-0.920444	
2.71363	-4.43173	
10.8472	-0.710516	
11.3599	0.0769689	
8.51944	-6.01884	
9.40623	-0.748416	
11.0135	-2.68427	
9.7811	-1.98566	
5.39194	0.497953	
7.19859	-3.21866	
6.14395	2.51954	
11.8469	0.0513726	
9.20903	0.752392	
8.73428	-0.628594	
10.7456	-0.295566	
4.40629	2.71293	
5.38143	0.042372	
8.06147	1.5968	
6.79897	-1.70244	
11.2504	-1.08898	
3.47433	-5.2509	
9.03087	-4.6195	
9.2238	-1.3056	
8.79708	2.24578	
12.2901	0.381056	
4.00268	-6.96757	
5.49944	0.00179499	
8.45312	-3.52879	
7.92827	-4.85568	
9.16302	3.60137	
9.72589	3.07071	
9.52337	-4.14719	
8.7383	-0.757301	
3.7762	-4.88613	
2.7697	0.21147	
7.92745	-6.08672	
11.8921	-0.109231	
9.50348	1.47259	
7.42478	4.3301	
2.53828	-4.29116	
9.36403	0.826623	
8.06147	1.5968	
4.99772	-4.99814	
7.29524	-0.920444	
5.41556	-0.848615	
10.5127	-2.27494	
10.786	0.162897	
7.9773	-1.98115	
9.64733	-0.598083	
4.53973	-2.75283	
5.15835	-5.05155	
4.90831	-3.02834	
10.9919	-1.80981	
5.68173	-6.0804	
9.5204	1.31496	
7.3856	-0.420012	
5.37875	-2.84482	
4.01472	-1.93777	
6.18148	-3.5834	
3.35717	-3.53777	
10.4649	-1.51146	
8.62046	-2.08467	
4.4027	-3.38924	
4.43464	-2.20744	
4.00569	-3.08858	
6.27845	-3.57016	
4.00569	-3.08858	
7.29673	-1.37814	
9.73565	-1.54717	
4.53973	-2.75283	
4.5133	-3.04414	
2.99974	-3.00282	
7.14191	-1.55484	
7.3809	-1.30898	
5.91035	-2.57181	
3.8302	-2.2947	
5.96387	-4.83759	
3.85168	-4.0347	
10.9392	0.863227	
5.28458	-2.64085	
4.53823	-2.41922	
4.28552	-1.47046	
4.53973	-2.75283	
6.04033	-4.9896	
5.46464	-3.24616	
4.01472	-1.93777	
4.29494	-2.47549	
11.071	-1.79347	
3.404	-5.0975	
5.46464	-3.24616	
5.85939	-4.18889	
9.13513	-1.48834	
6.09821	-5.07139	
3.67651	-4.56962	
7.30422	-4.96849	
5.74503	-6.67286	
0.786453	-1.7662	
4.90763	-4.59151	
3.99721	-4.33869	
7.44204	0.474077	
4.53973	-2.75283	
5.83611	-5.14701	
8.20027	-1.62047	
3.48902	-3.51387	
3.50528	-0.553582	
5.15959	-3.10981	
9.17572	0.82115	
5.28187	-1.90184	
3.16707	-3.26847	
11.0103	-1.93095	
4.45255	-3.65508	
9.02915	-2.18379	
9.63789	-1.87337	
8.72291	-1.91863	
5.46464	-3.24616	
8.31074	-0.211133	
9.79358	0.989325	
5.45211	-3.63256	
10.0769	-1.96347	
4.53823	-2.41922	
4.00569	-3.08858	
4.89915	-1.99656	
7.29673	-1.37814	
7.29673	-1.37814	
10.4521	-0.858112	
4.53973	-2.75283	
4.36368	-3.81564	
9.89272	-1.47596	
1.76065	-2.10648	
11.0512	-0.909888	
3.35226	-2.74345	
7.83855	-4.35577	
5.46464	-3.24616	
3.07591	-4.40484	
7.07224	-4.73059	
7.44204	0.474077	
8.18026	-1.53667	
5.73365	-1.11635	
2.62192	4.09336	
7.12704	-1.74277	
0.419851	-2.37185	
-1.39399	-1.76164	
2.27031	-0.0039043	
7.28052	-1.14132	
5.89221	-1.14139	
-0.420442	-1.75553	
2.76294	-0.544521	
0.934953	-1.55802	
0.934953	-1.55802	
10.9955	-3.11043	
7.17156	-2.3587	
3.50114	-0.870341	
0.935364	-1.17615	
2.03021	-0.5656	
1.36923	-0.120829	
1.43244	-1.07274	
0.665726	-1.11803	
6.40282	2.88243	
3.09201	-0.209522	
6.34597	3.475	
1.9121	-0.642189	
4.23362	-0.448812	
4.86077	2.56725	
5.98301	-1.04864	
4.57378	5.06538	
3.09201	-0.209522	
4.03957	5.14427	
9.46255	1.94652	
-0.180727	-2.11206	
1.4344	0.113042	
7.81317	1.94014	
-0.420442	-1.75553	
2.67139	-1.28344	
1.67652	-1.07508	
8.5481	0.146086	
7.63159	4.31761	
4.20012	0.352382	
1.03715	-1.93975	
5.47346	-1.2011	
-1.90876	-0.263884	
2.83755	3.12997	
1.59776	-1.31204	
0.746628	-1.76473	
8.42572	1.28726	
5.13139	4.60412	
2.8451	2.81611	
0.531855	-0.535687	
4.52033	-0.282063	
4.49919	4.6607	
0.893964	-2.04979	
0.997475	-0.487007	
2.27031	-0.0039043	
4.45547	4.65777	
2.27031	-0.0039043	
1.44554	-0.986876	
7.12704	-1.74277	
3.09201	-0.209522	
6.64848	-2.33363	
0.531855	-0.535687	
1.1036	-1.77688	
3.74223	-0.550105	
9.56938	1.66228	
7.37672	4.50189	
7.02909	-1.74813	
0.465287	-2.20801	
0.289006	-2.02086	
4.57378	5.06538	
7.80006	-3.20817	
2.27031	-0.0039043	
1.07909	-1.53477	
4.0236	-0.731405	
4.61612	0.935785	
2.82713	4.58308	
0.760642	-3.25789	
8.48956	0.446412	
2.76294	-0.544521	
3.05377	-0.796058	
2.00925	-1.00604	
1.34403	-1.11912	
7.02909	-1.74813	
3.94683	-0.0261537	
0.0529308	-0.279858	
3.50114	-0.870341	
-0.939514	-2.63811	
1.41431	-0.311986	
7.01623	-2.01108	
6.18111	3.3206	
3.12845	0.126058	
5.246	-2.4585	
4.15398	2.6346	
3.89339	-4.55989	
1.41206	-2.31282	
4.633	-1.7236	
1.91277	-3.40094	
3.251	-5.91666	
3.60904	-3.66221	
1.41206	-2.31282	
1.66347	-0.887567	
0.275102	-1.36311	
4.31115	-0.879002	
2.24798	-4.49167	
8.68461	-0.536459	
4.54597	-0.884033	
3.0571	-2.92391	
3.03348	-4.20866	
5.5572	2.45386	
1.12718	-2.21236	
5.13947	3.22155	
2.64472	1.54096	
4.42738	-2.85843	
8.51113	0.000495854	
3.5896	-4.3352	
0.0769508	-2.73858	
4.61186	2.43055	
3.08371	2.30443	
2.31167	-3.73655	
0.451618	1.6307	
3.48126	-4.31455	
1.24791	-2.1655	
1.96797	-0.759507	
3.95377	-3.66267	
5.71158	-1.05129	
2.82043	3.77293	
3.36027	-0.63503	
4.05816	-0.630955	
1.87712	-0.854401	
0.198525	-2.03055	
9.41381	3.40636	
3.12845	0.126058	
2.15608	-2.02931	
2.08915	-2.05104	
0.934341	-0.915058	
8.57092	3.37912	
3.38471	2.33856	
1.30485	-0.222715	
8.58392	-0.0547276	
3.38687	-0.0163221	
3.89489	2.59701	
1.36117	-4.91394	
6.36628	1.08025	
-0.455174	-0.202092	
4.03674	3.07973	
5.38355	-1.11434	
4.42738	-2.85843	
-0.38539	0.658657	
7.6513	-0.228842	
4.98117	-1.03077	
8.13909	1.82173	
1.81764	-1.30153	
2.48722	-2.94807	
2.11458	-2.41117	
1.26233	-1.86939	
4.16237	-3.89211	
1.36724	-2.27269	
3.0693	-2.99074	
3.89489	2.59701	
4.96114	-2.25783	
2.05071	-4.26183	
1.28251	-2.16988	
5.18126	0.531651	
-0.170972	1.3626	
3.382	1.57752	
1.94374	-4.973	
1.04218	-4.93751	
2.44937	-5.04635	
3.48126	-4.31455	
1.69463	4.18302	
0.431542	-2.27916	
9.17442	-1.99325	
1.30502	-3.70718	
1.84765	0.291054	
9.45241	-0.35117	
2.03482	-2.7383	
3.70413	-5.93746	
-0.316867	-1.00599	
8.87228	3.91035	
1.77237	-3.22033	
3.08521	0.358506	
5.33711	-1.91053	
3.38166	0.268299	
3.38166	0.268299	
2.88603	-1.53231	
4.2629	-1.28432	
8.52807	-0.101143	
2.79676	-1.02112	
4.68956	-1.35724	
6.56162	2.53301	
7.10071	-1.09446	
5.04858	-1.42793	
6.0333	1.13295	
6.06596	0.310135	
7.65254	-0.852235	
1.83757	-2.56367	
4.3609	-0.149482	
5.08964	-0.139409	
4.27935	-0.913601	
3.46893	-1.29866	
6.45934	-1.29071	
4.05543	2.02663	
3.8061	-1.88209	
3.15691	-0.348986	
4.3609	-0.149482	
4.86514	-0.611544	
5.20931	0.351911	
5.49531	-1.83513	
5.91239	-0.739575	
1.83757	-2.56367	
2.88479	-3.82906	
5.71376	-0.641133	
3.8061	-1.88209	
6.16293	-4.10948	
4.62405	-1.96166	
3.8061	-1.88209	
3.96146	2.85483	
5.96288	-2.42395	
6.23652	-0.854263	
7.84598	-1.87375	
5.91239	-0.739575	
3.46893	-1.29866	
6.61335	3.22207	
3.15691	-0.348986	
3.46893	-1.29866	
3.46893	-1.29866	
7.10071	-1.09446	
4.26558	-2.151	
4.08253	-2.51771	
5.53685	2.73525	
5.49531	-1.83513	
3.38166	0.268299	
3.38166	0.268299	
3.15691	-0.348986	
2.83727	-1.32309	
6.83752	-1.50676	
4.63443	-1.61088	
6.68216	-1.4317	
3.38166	0.268299	
3.8061	-1.88209	
5.91239	-0.739575	
3.47067	2.81738	
4.86514	-0.611544	
5.37713	-0.791745	
4.3609	-0.149482	
6.78456	-1.22698	
2.56805	-2.71759	
4.31186	1.25122	
6.53103	-0.0965919	
3.32651	-2.48878	
3.46893	-1.29866	
3.46893	-1.29866	
3.08521	0.358506	
6.60346	-2.67161	
5.84837	-0.940322	
4.08253	-2.51771	
3.8061	-1.88209	
6.63514	-1.12794	
5.91239	-0.739575	
3.96146	2.85483	
5.24714	-5.00733	
3.8061	-1.88209	
3.96146	2.85483	
3.08521	0.358506	
4.01821	0.597467	
7.44508	-0.253504	
5.91239	-0.739575	
6.11195	-2.00479	
4.53717	1.26951	
6.91071	-1.1546	
7.11829	-4.97315	
7.02508	-5.15017	
8.07275	-4.2194	
6.25201	-1.21079	
6.39975	-3.16808	
6.9516	-5.0483	
6.96123	-3.39692	
6.03732	-2.37163	
6.67811	-3.52641	
8.09096	-4.29526	
5.44173	-5.45888	
6.85894	-1.8825	
6.83952	-5.22724	
6.89833	-3.35178	
9.14179	0.173143	
6.39975	-3.16808	
6.44726	-1.41265	
6.67811	-3.52641	
6.67811	-3.52641	
6.35673	-3.68482	
5.47377	3.85533	
8.14712	0.553304	
7.11829	-4.97315	
6.04214	-0.696201	
7.30532	-3.17387	
8.16105	-4.61753	
5.93182	-3.37759	
6.88814	-4.71932	
7.55882	-4.62304	
6.67811	-3.52641	
6.07279	-3.33822	
5.75463	-3.53615	
4.46037	-0.451422	
6.62631	-1.89579	
5.99338	-2.8887	
6.79768	-7.45772	
5.98033	-0.561979	
5.68797	-5.25832	
6.67811	-3.52641	
7.32184	-6.08512	
5.98033	-0.561979	
6.77416	-3.6091	
9.7621	-0.0789398	
7.23721	-4.75056	
5.85755	-1.89864	
7.11829	-4.97315	
6.67811	-3.52641	
8.09096	-4.29526	
4.12559	-0.849748	
5.99338	-2.8887	
7.88	-2.1814	
4.92657	0.528109	
6.75651	-3.39728	
6.39975	-3.16808	
6.96123	-3.39692	
6.39975	-3.16808	
7.28509	-2.48029	
6.39975	-3.16808	
8.57982	-1.12606	
7.47601	-3.82448	
5.69833	-0.731197	
6.79375	-0.509172	
4.70302	-0.748573	
6.89833	-3.35178	
8.55808	-4.07078	
6.89833	-3.35178	
7.48512	-3.77867	
6.43201	-2.01566	
6.67811	-3.52641	
7.18566	-1.45597	
8.07549	-4.12829	
6.85894	-1.8825	
5.68259	-4.48116	
7.01315	-3.97038	
6.75651	-3.39728	
8.09096	-4.29526	
6.39975	-3.16808	
8.29232	-3.88265	
6.67811	-3.52641	
7.48512	-3.77867	
6.35673	-3.68482	
3.75158	-5.03388	
6.9516	-5.0483	
8.07549	-4.12829	
8.07549	-4.12829	
6.28919	-2.64626	
6.29222	-0.821799	
3.49186	-4.80308	
6.39975	-3.16808	
7.98816	-1.63995	
6.95443	-2.58159	
10.8968	-0.491297	
3.14369	0.219936	
6.63693	-1.808	
5.83998	-2.49812	
7.93566	-2.20895	
8.98983	-3.40943	
7.52818	-2.78364	
0.150421	-3.25846	
2.20454	-2.19254	
8.2054	-3.19379	
8.35649	-3.29559	
-0.295609	-4.72729	
7.81164	-3.27398	
5.68798	-2.23138	
4.52616	-3.10238	
8.70344	-2.86986	
10.1098	-3.30069	
8.80318	-2.87447	
7.75488	-2.58669	
2.36467	0.475032	
6.63693	-1.808	
-0.485101	-2.41893	
8.9228	-2.48235	
6.57791	-1.80356	
8.61276	-3.06161	
9.44019	-3.07396	
8.74239	-2.89774	
1.18986	-4.64552	
2.74102	-1.57206	
8.35649	-3.29559	
7.86866	-2.60581	
8.63635	-0.238565	
7.8451	-2.68069	
2.27139	-0.310583	
7.41552	-2.88311	
7.9203	-2.58426	
7.57614	-2.72882	
8.74239	-2.89774	
8.51768	-3.16042	
7.8451	-2.68069	
8.61276	-3.06161	
7.41552	-2.88311	
8.42408	-4.38031	
8.18664	-3.66932	
2.74102	-1.57206	
7.75488	-2.58669	
8.35649	-3.29559	
7.97357	-2.55083	
7.52818	-2.78364	
5.4168	2.2989	
8.61276	-3.06161	
5.26512	-1.56801	
8.83907	-0.594234	
5.9138	-1.79361	
7.54945	-3.59482	
0.715908	-2.79982	
7.97221	-3.79685	
8.79698	-2.76245	
8.35649	-3.29559	
2.54599	4.3659	
9.45793	-0.851887	
5.69731	-2.48556	
6.85505	-2.14606	
8.03081	-3.52749	
7.52818	-2.78364	
8.61276	-3.06161	
7.86866	-2.60581	
6.26868	-1.80924	
7.42678	3.8092	
6.34785	-2.14643	
10.1134	-5.17141	
8.68218	-0.409458	
9.20468	-4.40312	
9.93047	-3.37019	
11.5453	-0.100648	
10.0748	-0.397118	
9.93047	-3.37019	
2.27667	-1.41822	
7.86866	-2.60581	
7.88648	-4.3364	
2.74102	-1.57206	
6.92907	-2.60323	
7.8595	-3.51131	
8.82457	-2.68505	
7.54881	-2.74361	
4.63084	-1.61176	
-0.260733	-5.56939	
1.54827	-1.90506	
1.58872	-1.96644	
3.64635	0.689751	
3.68621	-2.02433	
4.01821	0.597467	
4.38316	-0.707206	
3.26153	-1.72575	
3.85329	-0.574377	
4.92702	-0.0952381	
3.26153	-1.72575	
4.38316	-0.707206	
3.54161	-2.33812	
3.26153	-1.72575	
4.01821	0.597467	
6.77193	0.846255	
4.08067	0.382006	
4.38316	-0.707206	
3.54161	-2.33812	
4.62615	0.831702	
4.38316	-0.707206	
3.54161	-2.33812	
3.26153	-1.72575	
3.26153	-1.72575	
4.32534	1.27772	
3.54161	-2.33812	
3.13209	-1.92715	
6.24442	0.785989	
4.08067	0.382006	
4.38316	-0.707206	
6.24442	0.785989	
4.81948	0.330458	
4.01821	0.597467	
4.81948	0.330458	
3.54161	-2.33812	
3.81675	-1.41326	
4.01821	0.597467	
4.08067	0.382006	
2.10479	-0.544708	
3.85329	-0.574377	
4.2174	-1.81781	
2.86756	-1.1714	
3.26153	-1.72575	
4.01821	0.597467	
3.22011	0.223261	
7.82978	2.30462	
3.52588	0.413454	
4.64068	-0.6203	
3.85329	-0.574377	
5.06279	-0.737673	
3.54161	-2.33812	
3.54161	-2.33812	
4.01821	0.597467	
4.38316	-0.707206	
7.63525	1.04703	
3.26153	-1.72575	
3.85329	-0.574377	
2.98988	0.0484494	
4.38316	-0.707206	
4.81948	0.330458	
4.37404	-2.63625	
3.26153	-1.72575	
4.01821	0.597467	
6.49355	0.517056	
3.82442	-2.60404	
4.38316	-0.707206	
4.65334	-1.90791	
4.01821	0.597467	
6.77193	0.846255	
8.13365	1.69667	
4.81948	0.330458	
4.29641	-0.0136894	
4.86028	0.612437	
3.57189	-2.74379	
3.54161	-2.33812	
3.54161	-2.33812	
4.94917	-0.661045	
3.85329	-0.574377	
3.26153	-1.72575	
3.54161	-2.33812	
5.79809	0.343482	
4.36338	1.40736	
3.85329	-0.574377	
3.26153	-1.72575	
4.81948	0.330458	
4.63168	0.517648	
3.85329	-0.574377	
5.05744	-0.681365	
5.79809	0.343482	
6.24442	0.785989	
4.38316	-0.707206	
4.08067	0.382006	
4.01821	0.597467	
3.05832	-1.78669	
6.32822	-6.2151	
3.35676	0.756002	
5.48099	-1.98642	
7.45771	-4.75463	
2.27031	-0.0039043	
6.30824	-4.82944	
2.34783	-0.681332	
7.4945	-1.12198	
2.02568	-1.71387	
9.57608	-1.74128	
2.43553	-2.23278	
1.81785	-0.760202	
6.04569	-2.84599	
1.08596	-1.43617	
4.01312	-3.18214	
0.927413	-0.975974	
8.65508	-3.0544	
0.898257	0.172875	
2.44484	-0.724524	
2.83727	-1.32309	
0.837121	-2.46434	
3.25837	-0.565436	
3.10318	-1.65381	
9.09407	-2.8856	
1.04483	-2.04268	
1.50052	-2.89638	
7.94578	-2.51388	
1.08019	0.586529	
2.43553	-2.23278	
1.97021	-2.95852	
5.80141	-2.03641	
0.854154	-1.29256	
7.45771	-4.75463	
5.00536	-2.1202	
4.2441	1.31795	
4.32724	-1.40628	
2.80857	2.5691	
2.87841	-2.49828	
10.0401	0.621134	
7.68137	-2.74253	
2.60405	-0.284485	
7.39147	-6.21571	
0.167155	-3.81664	
2.48283	-0.646365	
1.17561	-1.9429	
3.05832	-1.78669	
2.66874	-4.02838	
7.06595	-2.89006	
7.45771	-4.75463	
5.8576	-2.13449	
5.66262	-1.95701	
1.07863	-2.26129	
2.46919	-1.07922	
2.55314	-0.485516	
1.10779	0.233809	
9.575	-1.19347	
5.86327	-2.9688	
0.863058	-1.96897	
2.60405	-0.284485	
7.19626	-1.48093	
9.575	-1.19347	
6.56795	-3.64319	
4.01312	-3.18214	
8.03903	-2.43518	
0.979708	0.124608	
2.68508	-0.840692	
7.55014	-0.453983	
1.62719	-1.01166	
1.5882	-2.61461	
7.75964	-0.359416	
2.60405	-0.284485	
1.17912	-2.37621	
4.17523	-1.39315	
1.21665	-3.06405	
2.06671	-0.218239	
3.04183	0.491171	
-0.255815	-2.49853	
0.976029	-1.12193	
4.01312	-3.18214	
3.35676	0.756002	
0.967072	-2.73551	
8.92688	-1.82424	
3.50115	-0.472619	
5.86327	-2.9688	
1.49186	-1.26556	
-0.0596058	-1.67329	
0.822948	-1.62111	
8.04479	-3.67823	
7.74472	-2.23676	
4.97188	-2.13161	
8.33868	-0.539335	
5.4118	0.102903	
9.88925	-1.0786	
7.75573	-2.45028	
5.28458	-2.64085	
6.51478	-2.37357	
7.61955	-0.593991	
9.22375	-1.23001	
8.6234	-5.16836	
4.62401	1.43775	
8.19571	-4.04609	
7.76896	-3.68889	
8.86002	-0.829264	
5.01805	-2.38288	
7.92271	0.527652	
6.31881	-3.55303	
7.70705	-1.39553	
8.3509	-3.99256	
6.10238	-1.26236	
7.15323	-2.96054	
5.28054	-1.09353	
8.15688	-3.16546	
4.78281	1.11374	
9.87447	-1.24331	
4.53216	-1.59641	
9.87533	-1.32867	
6.51783	-2.05364	
5.67674	-0.888042	
9.01511	-1.71521	
8.81504	-4.43969	
5.42245	-3.16621	
8.8458	-2.43366	
4.53216	-1.59641	
5.49872	-1.50611	
6.08218	-1.4775	
5.57956	-1.08578	
3.73212	1.04413	
6.66	-3.3591	
6.0513	3.36052	
6.98699	-2.6356	
6.10238	-1.26236	
5.25117	-0.527162	
9.05586	1.2569	
6.14264	-2.57697	
5.11783	-3.01879	
9.17306	1.05426	
9.67819	-2.61941	
6.08218	-1.4775	
9.87447	-1.24331	
5.45155	-1.01947	
4.78339	1.7114	
6.7869	0.419472	
9.84107	-1.41832	
8.83531	-0.769153	
6.14264	-2.57697	
6.31881	-3.55303	
6.72324	3.28131	
6.66	-3.3591	
7.46251	-5.17855	
4.89312	-1.93277	
2.97703	-2.3352	
7.70149	-3.62367	
4.74976	-0.0567743	
5.75858	-2.09051	
4.89312	-1.93277	
9.22375	-1.23001	
8.21445	-2.09656	
6.00981	-1.51602	
5.42245	-3.16621	
6.00981	-1.51602	
6.98901	-1.44041	
6.74518	3.12778	
5.0325	2.57142	
6.10238	-1.26236	
3.75264	-5.12773	
7.75573	-2.45028	
9.81788	-0.64953	
10.0011	-2.94018	
9.5476	-2.84396	
6.14264	-2.57697	
7.66586	-6.07334	
8.98957	-2.17773	
6.66	-3.3591	
5.52688	-1.39083	
4.78441	0.00224001	
6.04788	-2.12975	
8.92471	-3.46418	
5.28458	-2.64085	
7.19117	-1.72012	
6.96558	1.06216	
8.82628	0.503186	
5.92488	-0.145854	
5.56159	-2.92971	
7.14331	-0.10936	
5.19778	-5.13979	
5.32135	-3.5728	
5.08754	-0.944343	
7.30183	0.46659	
2.89296	-0.658086	
8.86403	0.454546	
6.94539	2.35631	
4.89728	-2.87802	
4.53973	-2.75283	
5.73809	-1.59906	
5.73809	-1.59906	
3.54488	-6.94398	
7.24452	-1.96177	
5.08754	-0.944343	
4.86233	-2.34859	
5.35537	-2.81922	
3.22849	-1.50066	
5.72492	-1.77238	
5.32135	-3.5728	
5.32135	-3.5728	
4.64804	-0.154639	
5.94782	-3.76485	
5.72492	-1.77238	
6.71888	-5.20265	
7.52698	-3.10449	
4.89728	-2.87802	
8.35404	-0.0926325	
3.12709	0.000879421	
5.7671	-0.0913257	
7.16541	-0.349955	
5.32135	-3.5728	
5.08754	-0.944343	
9.0638	-0.374978	
5.73809	-1.59906	
4.22353	0.492693	
5.38418	-1.3758	
6.96558	1.06216	
5.18634	1.61938	
5.04657	-0.785237	
6.48647	-0.529772	
6.65175	-0.286948	
5.86147	-0.0211767	
5.32135	-3.5728	
7.14331	-0.10936	
6.96558	1.06216	
5.2283	-1.03778	
5.72492	-1.77238	
5.08754	-0.944343	
4.89728	-2.87802	
5.08754	-0.944343	
5.72492	-1.77238	
5.04458	-2.55545	
5.32135	-3.5728	
8.4791	0.693842	
5.34893	-1.99856	
5.86147	-0.0211767	
4.94612	-0.771086	
6.78718	-2.45313	
5.2283	-1.03778	
7.5263	-3.4328	
4.89728	-2.87802	
5.32135	-3.5728	
6.48647	-0.529772	
5.56159	-2.92971	
5.73809	-1.59906	
5.39194	0.497953	
5.7671	-0.0913257	
4.37178	-0.6111	
4.23197	-3.10248	
5.08754	-0.944343	
5.04458	-2.55545	
4.913	-2.12674	
5.73809	-1.59906	
6.63172	-0.696409	
5.49073	-5.02605	
5.75858	-2.09051	
6.04026	-0.69935	
5.72492	-1.77238	
6.58736	-0.391844	
4.86233	-2.34859	
5.98587	-0.894313	
5.08754	-0.944343	
4.37178	-0.6111	
5.03385	0.327879	
5.72492	-1.77238	
4.07461	0.996382	
3.8302	-2.2947	
3.30603	-1.98831	
6.35611	-2.64544	
5.26579	-2.75656	
2.59589	0.332066	
3.67943	-1.33662	
6.52627	-3.22241	
6.08026	-3.3617	
3.30603	-1.98831	
4.00569	-3.08858	
3.30603	-1.98831	
6.6622	-3.11908	
2.90601	0.16145	
3.67943	-1.33662	
3.8302	-2.2947	
6.24661	-2.84949	
4.42396	2.31386	
6.52627	-3.22241	
4.68956	-1.35724	
2.70109	-2.03028	
7.75489	-1.40542	
2.68646	0.562357	
6.40782	-1.2888	
2.77399	-1.81046	
3.8302	-2.2947	
3.30603	-1.98831	
3.30603	-1.98831	
2.83016	-1.38229	
6.68399	3.75783	
3.30603	-1.98831	
3.91871	-2.16969	
3.10111	1.00081	
7.70887	-0.0467084	
3.44403	0.0860826	
6.24661	-2.84949	
2.59589	0.332066	
3.8302	-2.2947	
3.12235	-2.45063	
5.87746	3.86156	
3.54956	2.90179	
3.30603	-1.98831	
4.08253	-2.51771	
6.97938	-2.05022	
6.1504	-1.49445	
3.30603	-1.98831	
4.08253	-2.51771	
3.66102	1.36734	
6.6986	-2.9668	
3.02868	2.02462	
5.95251	-3.23824	
6.24661	-2.84949	
4.59162	2.21296	
2.64708	-1.65019	
4.3036	3.15647	
4.42388	-1.87271	
6.63545	-2.19449	
4.08253	-2.51771	
3.66102	1.36734	
6.6622	-3.11908	
3.66102	1.36734	
3.42164	-1.56041	
7.05841	-3.30291	
4.4027	-3.38924	
2.62826	0.37012	
3.30603	-1.98831	
3.67943	-1.33662	
6.93536	-0.0132324	
3.8302	-2.2947	
4.27608	2.87018	
3.96464	-2.69613	
3.30603	-1.98831	
3.30603	-1.98831	
7.875	-0.24137	
6.6986	-2.9668	
2.70109	-2.03028	
3.30603	-1.98831	
5.5044	-1.02781	
3.66102	1.36734	
3.30603	-1.98831	
2.60077	-1.87736	
3.48473	0.603112	
3.30603	-1.98831	
4.08253	-2.51771	
2.70109	-2.03028	
6.96184	-2.7938	
3.52668	-3.00661	
3.79602	-3.33467	
3.67943	-1.33662	
2.70109	-2.03028	
5.45288	0.282343	
3.85329	-0.574377	
7.44204	0.474077	
6.05292	1.99236	
6.79375	-0.509172	
6.51135	0.889263	
4.64068	-0.6203	
5.77255	1.20443	
6.55614	0.256951	
8.77816	1.27772	
6.57485	0.314032	
7.76937	2.63523	
3.85329	-0.574377	
3.85329	-0.574377	
5.8932	0.0505329	
7.44204	0.474077	
6.27416	-0.0995577	
6.06596	0.310135	
3.52758	-0.0584846	
6.06596	0.310135	
6.64957	1.69615	
7.53444	2.35415	
7.60968	2.8778	
7.44204	0.474077	
7.4024	-0.184089	
6.2286	1.10401	
5.02488	-0.658271	
7.16237	0.626712	
6.54382	0.75198	
7.44204	0.474077	
6.54382	0.75198	
6.59585	1.04051	
2.00108	-1.2436	
5.89062	1.10735	
7.44204	0.474077	
8.00955	1.94595	
5.25186	-0.996267	
7.86756	-2.86598	
7.16237	0.626712	
5.72885	0.96117	
6.51135	0.889263	
6.06596	0.310135	
8.77816	1.27772	
7.54893	1.4088	
6.79281	-0.097858	
5.46464	-3.24616	
3.68621	-2.02433	
7.44204	0.474077	
6.05292	1.99236	
6.54382	0.75198	
4.64068	-0.6203	
4.64068	-0.6203	
3.52758	-0.0584846	
6.02761	2.54242	
6.77193	0.846255	
5.43712	1.23369	
1.1433	-4.21431	
6.64957	1.69615	
7.16237	0.626712	
3.68621	-2.02433	
8.22324	1.07741	
6.77193	0.846255	
7.92353	2.20944	
4.96472	-1.29248	
4.64068	-0.6203	
6.32115	2.31675	
6.92791	3.21956	
5.46464	-3.24616	
7.18608	2.42014	
6.06596	0.310135	
6.77193	0.846255	
2.00108	-1.2436	
7.1049	1.91316	
6.59585	1.04051	
6.64957	1.69615	
4.10706	-0.346883	
3.52758	-0.0584846	
4.29641	-0.0136894	
6.77193	0.846255	
3.35958	-5.41281	
3.52758	-0.0584846	
8.00955	1.94595	
3.52758	-0.0584846	
2.62572	-3.20202	
6.54382	0.75198	
5.27129	1.17653	
7.16237	0.626712	
6.00128	2.93746	
4.64068	-0.6203	
6.0333	1.13295	
8.08361	0.285343	
8.34952	-1.6646	
8.25926	-1.4357	
8.34952	-1.6646	
6.59585	1.04051	
8.34952	-1.6646	
7.14331	-0.10936	
7.59526	-2.85813	
7.17549	-2.12021	
7.92432	-2.33508	
6.34411	-3.0903	
7.30183	0.46659	
8.21543	-0.742052	
6.13022	1.0417	
7.92432	-2.33508	
8.34952	-1.6646	
7.83817	-1.05392	
7.91946	-1.37459	
7.91946	-1.37459	
2.99999	0.901367	
8.12411	-0.00853867	
7.7378	0.937225	
8.25926	-1.4357	
8.39703	-1.56796	
4.22353	0.492693	
8.39703	-1.56796	
8.25894	-1.27272	
7.14331	-0.10936	
7.14331	-0.10936	
6.07861	-1.64129	
7.14331	-0.10936	
7.92432	-2.33508	
8.20768	-1.86276	
8.21543	-0.742052	
7.68105	-2.6529	
8.35754	-1.46582	
8.00644	-2.29476	
8.33814	-0.680288	
8.40373	-1.38135	
8.40373	-1.38135	
7.14331	-0.10936	
5.88892	2.5194	
7.14331	-0.10936	
5.9192	-2.38094	
8.21543	-0.742052	
8.20353	-0.41193	
7.14331	-0.10936	
6.67295	-1.39261	
8.40373	-1.38135	
7.45072	-1.29477	
8.40152	-1.24985	
7.31427	-0.895167	
7.69847	-1.77414	
6.62585	-0.396597	
8.2298	0.252486	
7.70103	-0.783619	
7.01719	-2.3419	
8.35754	-1.46582	
5.71089	-1.39429	
8.39703	-1.56796	
8.31863	-2.98416	
7.71493	-1.79424	
7.83787	-1.99791	
8.11686	-0.226146	
8.34952	-1.6646	
9.0844	-0.817946	
8.25894	-1.27272	
8.39703	-1.56796	
8.20768	-1.86276	
8.35754	-1.46582	
6.92778	-0.902928	
8.40373	-1.38135	
7.14331	-0.10936	
6.14611	-3.1845	
8.36885	-0.960264	
2.73505	-0.7809	
7.79585	1.17106	
7.63884	0.176981	
8.21543	-0.742052	
8.33814	-0.680288	
6.59585	1.04051	
6.75651	-3.39728	
7.99015	0.982041	
7.92432	-2.33508	
8.25894	-1.27272	
8.21543	-0.742052	
8.20768	-1.86276	
7.92432	-2.33508	
4.82495	1.28777	
8.08454	-0.881984	
6.39018	2.06963	
6.39018	2.06963	
5.17261	1.16755	
4.11981	-0.0896153	
6.87875	1.42634	
5.11757	1.35719	
6.05292	1.99236	
4.70302	-0.748573	
5.38803	1.78901	
4.01472	-1.93777	
5.28158	1.36426	
5.76048	0.88542	
5.11757	1.35719	
5.17261	1.16755	
7.31857	1.74721	
6.2286	1.10401	
6.12068	0.803592	
4.736	-2.84812	
6.40645	0.029828	
7.92897	-0.755449	
5.17261	1.16755	
3.8787	-1.87182	
2.11204	-0.425239	
5.30351	0.609547	
6.12068	0.803592	
4.70302	-0.748573	
5.17261	1.16755	
6.03843	1.23745	
6.674	1.44575	
6.24732	1.68037	
5.66936	0.376388	
3.8787	-1.87182	
5.99026	1.73224	
6.53575	0.110384	
4.64791	-3.02945	
4.74537	1.64785	
4.86094	-0.489893	
7.16237	0.626712	
5.36304	0.745136	
5.02576	-0.890914	
6.85328	2.02947	
6.46002	1.5794	
6.39018	2.06963	
3.91816	-0.830152	
6.24732	1.68037	
5.06999	-0.442974	
3.12235	-2.45063	
5.99026	1.73224	
6.23556	-0.425957	
2.81168	-3.15519	
5.17261	1.16755	
6.12068	0.803592	
5.17261	1.16755	
4.34185	-3.02778	
5.76048	0.88542	
5.43043	1.01246	
5.76048	0.88542	
6.8141	1.21215	
4.95513	-2.48091	
6.24732	1.68037	
5.99026	1.73224	
5.1823	1.73346	
5.1823	1.73346	
5.11757	1.35719	
6.55337	1.83522	
4.04324	-0.450203	
7.32918	1.36124	
6.64957	1.69615	
6.12068	0.803592	
5.28158	1.36426	
6.24732	1.68037	
3.99197	1.35611	
4.15635	0.718292	
3.20019	-0.674361	
7.32918	1.36124	
6.4089	1.80181	
4.10706	-0.346883	
4.3314	-3.27731	
4.70302	-0.748573	
5.99026	1.73224	
6.24732	1.68037	
5.03207	2.15392	
5.17261	1.16755	
6.24732	1.68037	
5.1823	1.73346	
6.13022	1.0417	
7.32918	1.36124	
5.28158	1.36426	
6.05292	1.99236	
7.53197	0.339703	
2.7893	-4.96363	
5.52202	1.74477	
6.76455	-2.83338	
7.02589	-2.00545	
3.63863	-3.98755	
3.00802	1.76051	
5.47206	2.02307	
3.29975	-4.0289	
6.12068	0.803592	
4.52423	2.79848	
3.54161	-2.33812	
4.02286	0.185003	
4.76967	-1.8451	
2.56127	-4.8252	
1.37097	-3.20262	
4.0861	1.64548	
7.96845	0.280547	
7.33901	-0.420976	
2.77399	-1.81046	
5.11757	1.35719	
4.69298	0.280577	
6.52814	-5.24105	
6.0333	1.13295	
1.44297	-1.62559	
2.78499	1.81758	
5.22381	-2.39381	
5.03565	-4.38046	
2.64259	1.76443	
4.02286	0.185003	
6.25337	0.0385251	
7.27088	-4.91142	
8.17556	-1.02987	
3.43151	2.0179	
5.43043	1.01246	
4.92724	-3.46448	
3.10469	-2.22484	
1.51114	-0.386806	
5.41496	-2.53439	
6.20328	-0.711246	
5.99026	1.73224	
4.85669	0.0702996	
8.12466	-0.0975846	
6.48492	-0.886762	
3.98022	-5.04637	
5.12116	-2.26617	
1.69046	-3.51274	
5.99026	1.73224	
5.99026	1.73224	
3.8057	-3.17793	
1.91159	-4.29618	
3.10469	-2.22484	
5.35537	-2.81922	
3.00802	1.76051	
5.47206	2.02307	
5.56351	0.943402	
1.41471	-1.81827	
6.84939	-2.05833	
8.03226	-1.78791	
5.53537	1.76895	
2.06324	-3.83754	
3.32651	-2.48878	
3.17553	-4.62598	
6.35216	-5.20972	
4.64667	-2.00225	
6.40069	-1.39521	
7.97081	0.696887	
3.21529	2.33007	
2.50746	-3.7591	
6.25337	0.0385251	
6.94278	-3.28624	
5.1789	-3.48759	
8.07529	-1.78798	
8.12466	-0.0975846	
2.85787	-0.413772	
6.40069	-1.39521	
5.59015	-0.545123	
7.01586	0.670311	
7.01586	0.670311	
7.01586	0.670311	
7.5478	2.67989	
2.43534	-3.69907	
3.97682	-2.86023	
6.24382	-0.462913	
2.58857	-3.87163	
4.01691	-4.99488	
8.6126	2.81277	
3.8057	-3.17793	
4.92724	-3.46448	
2.77399	-1.81046	
6.58261	3.07218	
3.54031	2.6099	
2.09658	-4.57782	
6.87614	3.92066	
0.0275253	1.3242	
3.84682	4.2907	
3.31053	0.389653	
10.2619	2.31961	
5.70265	4.37246	
0.77856	-2.88921	
6.33413	0.355733	
1.30597	3.24643	
-0.58198	1.69518	
3.69244	4.13847	
4.31157	3.87271	
5.88914	4.76313	
3.84682	4.2907	
3.92301	4.94485	
6.33413	0.355733	
10.3091	1.43111	
5.35647	3.06603	
9.73388	2.00763	
5.51972	1.29852	
4.37402	4.27354	
0.37331	3.09374	
4.03214	3.87129	
4.03045	4.32676	
9.93452	0.693268	
3.95833	0.481219	
3.77272	4.85672	
3.51709	4.12183	
6.33413	0.355733	
5.51972	1.29852	
3.69244	4.13847	
6.28973	4.58311	
5.51972	1.29852	
9.73388	2.00763	
-0.445058	1.18719	
5.07463	4.36806	
3.86774	1.32723	
4.31157	3.87271	
4.25695	4.59515	
6.44762	4.56491	
5.66889	0.540111	
6.36965	4.66988	
4.96531	0.303157	
4.22964	1.74033	
6.6273	4.50384	
0.128844	2.91985	
6.02688	5.35435	
5.51972	1.29852	
4.99013	0.759042	
3.62824	4.11617	
3.54031	2.6099	
6.64261	4.07719	
4.31157	3.87271	
9.92134	2.8003	
-0.306305	1.58941	
5.07463	4.36806	
5.75958	-0.229357	
1.48693	-3.38667	
6.1863	0.460073	
6.33413	0.355733	
4.36491	0.347932	
5.95869	4.35405	
3.69244	4.13847	
4.394	0.870226	
5.51972	1.29852	
5.49632	4.71824	
0.708819	-2.67337	
3.51709	4.12183	
5.03614	0.981183	
6.06727	4.66261	
6.18104	4.89124	
4.25695	4.59515	
5.51972	1.29852	
3.84682	4.2907	
6.06727	4.66261	
4.03045	4.32676	
6.33413	0.355733	
5.46983	4.96073	
4.31157	3.87271	
10.2114	2.41073	
5.75752	4.09847	
6.1863	0.460073	
5.51972	1.29852	
1.53482	-3.44981	
4.03045	4.32676	
3.84682	4.2907	
4.03045	4.32676	
5.51972	1.29852	
3.67651	-4.56962	
4.90831	-3.02834	
4.56263	-5.11496	
7.57003	-4.78691	
6.41065	-3.31623	
6.50948	-2.61609	
4.56263	-5.11496	
7.12669	-3.20723	
3.94679	-4.66788	
5.10563	-5.14248	
4.25784	-3.10902	
4.70616	-5.13519	
5.23399	-3.67649	
7.01298	0.961765	
4.36002	-4.72052	
4.7985	-5.20999	
4.68043	-3.69195	
6.6986	-2.9668	
5.30313	-4.64507	
4.78443	-3.70225	
7.83012	2.60593	
4.56263	-5.11496	
4.57754	-4.7295	
4.56263	-5.11496	
4.97188	-2.13161	
7.00153	0.385481	
4.91483	-3.67924	
6.65885	-4.69009	
4.70616	-5.13519	
5.56416	-5.36247	
4.78443	-3.70225	
6.39606	-5.26961	
9.83918	-4.00914	
4.05346	-4.33969	
5.23399	-3.67649	
5.15959	-3.10981	
7.3773	-4.93506	
5.28855	-5.20462	
4.26558	-2.151	
8.62043	-3.77997	
6.03247	-4.86979	
4.68043	-3.69195	
7.36378	2.93084	
4.68043	-3.69195	
5.00129	-5.2119	
10.2892	-3.32584	
7.86231	-3.9551	
6.3992	-2.53619	
6.967	-3.42461	
4.56263	-5.11496	
4.7985	-5.20999	
7.53509	-4.84979	
5.98135	-2.52999	
5.73821	-5.35246	
4.68043	-3.69195	
4.78443	-3.70225	
5.28458	-2.64085	
4.68043	-3.69195	
7.17458	-4.60279	
4.59289	-3.84223	
4.2465	-4.71282	
4.05346	-4.33969	
4.12405	-4.68607	
4.53973	-2.75283	
5.9106	-5.33476	
6.6986	-2.9668	
5.56416	-5.36247	
4.56263	-5.11496	
4.53973	-2.75283	
4.05346	-4.33969	
5.04135	-4.90037	
3.67651	-4.56962	
5.9106	-5.33476	
6.03247	-4.86979	
4.56263	-5.11496	
5.45211	-3.63256	
4.72851	-5.20608	
8.01313	-1.17151	
4.56263	-5.11496	
5.17256	-2.98875	
7.01298	0.961765	
4.87127	-2.99134	
5.94986	-2.87292	
6.33453	-5.31412	
6.59105	-4.85753	
9.61828	-0.284286	
7.0939	-4.99695	
4.56263	-5.11496	
4.78443	-3.70225	
4.68043	-3.69195	
1.24266	2.26252	
0.267029	1.55899	
1.57672	2.86188	
2.55052	1.61184	
5.73065	-0.591994	
3.38338	1.15009	
3.97645	0.968697	
2.51484	1.43975	
0.377076	0.817485	
-0.770649	0.389488	
0.00486921	2.56568	
1.30582	2.47339	
3.27509	1.33256	
6.3484	-4.66344	
5.64282	-4.83078	
7.19617	-1.10119	
1.80877	3.18612	
2.51484	1.43975	
0.30715	1.6613	
2.12154	-2.53492	
1.98699	2.11492	
0.609865	3.33279	
1.80877	3.18612	
4.19172	0.966676	
5.39664	0.235564	
-0.260457	-0.0899459	
-1.00888	1.04263	
0.125142	1.08516	
1.41395	1.27613	
2.93338	2.33171	
0.027956	0.88839	
0.784556	1.61654	
6.67405	-4.58577	
6.03843	1.23745	
3.97645	0.968697	
1.80877	3.18612	
1.80877	3.18612	
3.19801	0.678551	
5.32271	0.0185163	
1.53215	-1.54282	
1.44786	2.42642	
1.51811	0.194994	
0.530357	3.48645	
0.125142	1.08516	
2.02702	-4.52184	
0.969162	2.8334	
5.54378	-0.465251	
0.267029	1.55899	
2.0087	3.32224	
0.659228	-0.209405	
5.68183	1.28626	
3.31311	-4.92771	
0.45101	1.85044	
4.538	0.550893	
-0.768452	2.18243	
1.44786	2.42642	
5.6409	2.93761	
1.80877	3.18612	
1.15585	1.87651	
4.58944	0.658956	
3.29619	-2.94291	
0.678423	2.77578	
3.20242	-4.05092	
2.62706	0.755175	
5.66889	0.540111	
1.44786	2.42642	
5.92959	-1.35735	
2.92459	-3.62401	
7.53404	1.2358	
1.14876	2.0345	
0.027956	0.88839	
0.8451	3.05837	
0.949954	3.29114	
1.15585	1.87651	
7.47928	-0.381942	
1.95091	-2.93589	
9.40205	-2.34523	
1.46751	2.84742	
4.18115	-4.62904	
2.20431	-4.63964	
4.18115	-4.62904	
0.267029	1.55899	
1.98699	2.11492	
4.538	0.550893	
2.50361	-3.93828	
1.84577	1.87333	
0.921976	1.33698	
-0.124786	-0.210023	
5.66691	-3.94567	
8.5501	-0.795285	
5.46212	-0.244036	
5.72287	-2.13325	
7.34638	-0.798439	
3.42164	-1.56041	
2.90469	3.40864	
5.95438	2.13492	
3.52774	-0.83026	
4.36857	2.10479	
5.22482	0.81907	
2.08861	-0.0265914	
3.8302	-2.2947	
4.01472	-1.93777	
3.01467	1.43855	
3.08945	1.61	
6.60574	-2.00456	
7.34638	-0.798439	
5.10645	2.22008	
4.36857	2.10479	
7.67506	-0.248366	
4.89312	-1.93277	
6.59585	1.04051	
4.01472	-1.93777	
6.38333	-0.259117	
2.81535	-2.23272	
8.09655	0.195148	
4.92688	-1.13085	
5.94329	0.457313	
4.03122	-3.03113	
3.42164	-1.56041	
5.95438	2.13492	
7.27419	-1.77521	
7.4034	-0.617449	
3.08945	1.61	
6.50243	-2.46987	
6.59585	1.04051	
8.09655	0.195148	
3.78306	-2.90776	
4.07925	1.88424	
6.4402	1.21913	
3.42164	-1.56041	
3.08945	1.61	
7.59065	1.36867	
5.10645	2.22008	
5.55028	-1.94248	
6.59585	1.04051	
6.55614	0.256951	
5.95438	2.13492	
7.15296	3.21172	
4.64336	3.59651	
4.41231	1.55523	
6.7502	0.478023	
5.90698	2.00992	
6.60574	-2.00456	
4.63848	-1.87578	
6.22288	-2.39729	
5.67128	-0.361017	
6.60574	-2.00456	
7.27419	-1.77521	
4.10706	-0.346883	
6.38333	-0.259117	
4.41231	1.55523	
6.1588	1.19433	
5.10645	2.22008	
5.95438	2.13492	
4.36857	2.10479	
7.3199	1.69156	
4.10706	-0.346883	
5.10645	2.22008	
4.03122	-3.03113	
4.01472	-1.93777	
2.91659	-0.0446348	
4.01472	-1.93777	
7.18186	1.91324	
2.41531	0.658204	
2.72279	1.34766	
4.36857	2.10479	
9.37266	0.339454	
6.59585	1.04051	
4.01472	-1.93777	
7.82542	0.779709	
7.9168	0.950975	
6.59585	1.04051	
2.41531	0.658204	
1.6442	-3.63643	
4.89312	-1.93277	
2.89721	1.40516	
7.18186	1.91324	
4.94282	1.4288	
7.34638	-0.798439	
5.90698	2.00992	
4.02286	0.185003	
2.09166	2.04353	
1.76107	1.55396	
6.4089	1.80181	
5.8013	1.99504	
4.24336	1.43238	
6.58548	-0.986151	
7.11047	2.35629	
3.69574	2.13172	
3.41867	-0.180676	
5.20524	2.58051	
3.22301	-0.495661	
2.35878	1.18286	
3.53147	0.172703	
8.25946	-0.267135	
3.53147	0.172703	
4.01821	0.597467	
3.69574	2.13172	
5.78187	-1.17017	
3.96517	2.45899	
3.83706	0.665652	
8.20358	0.244196	
6.33171	3.08994	
2.09166	2.04353	
6.59585	1.04051	
0.517411	2.2881	
3.66102	1.36734	
3.67131	2.48824	
5.49902	2.79472	
3.97645	0.968697	
3.96517	2.45899	
0.619029	-0.337402	
3.38126	-0.478825	
9.72186	1.48538	
8.02315	0.594935	
2.51048	3.21034	
0.587346	-0.657822	
3.96517	2.45899	
1.07145	1.1159	
0.619029	-0.337402	
7.46961	1.66665	
8.18173	0.487369	
4.83817	2.07714	
4.94421	1.96097	
3.69574	2.13172	
3.25879	0.512124	
2.16769	2.14362	
6.22403	3.03909	
3.59781	0.278063	
3.67131	2.48824	
2.09166	2.04353	
0.619029	-0.337402	
1.42778	-0.0509687	
6.21698	2.1329	
4.24336	1.43238	
4.12671	0.542539	
6.75495	2.77919	
8.02598	0.128936	
3.28068	3.18581	
4.394	0.870226	
7.48611	2.0802	
3.78466	0.243723	
3.28476	-0.786039	
3.08753	2.10905	
2.09166	2.04353	
4.24336	1.43238	
3.7043	-0.374528	
4.82122	0.80554	
7.91117	1.09909	
3.66102	1.36734	
7.79585	1.17106	
7.48611	2.0802	
5.15847	0.0213103	
1.76107	1.55396	
2.09166	2.04353	
7.97542	0.825656	
2.31059	0.419821	
4.31062	-0.309956	
3.44052	0.198516	
2.35878	1.18286	
3.97645	0.968697	
1.08559	2.97094	
2.99999	0.901367	
3.96517	2.45899	
3.96517	2.45899	
4.42977	0.81285	
2.79315	2.10108	
-0.442799	1.00443	
3.83706	0.665652	
5.4967	2.91621	
4.65857	-1.33967	
6.39503	-0.985243	
0.969162	2.8334	
-0.901923	0.0221004	
8.12694	2.25285	
3.45785	1.79139	
4.98023	3.65946	
9.00685	0.464383	
3.05845	-3.87989	
3.69574	2.13172	
0.969162	2.8334	
6.978	4.32318	
10.7629	1.37218	
1.42923	3.74479	
5.31734	4.32224	
5.04104	4.66178	
4.60872	-1.15696	
5.99168	-4.13723	
5.07422	3.90529	
4.93326	0.614772	
7.74799	1.41826	
0.30715	1.6613	
8.46758	0.910547	
5.92959	-1.35735	
4.4116	2.30926	
1.33575	3.62269	
7.65634	1.13323	
4.60872	-1.15696	
2.02175	3.35731	
5.31091	0.158891	
-0.491719	1.39606	
8.73484	0.102829	
7.65634	1.13323	
1.17335	-0.356398	
8.56967	1.46925	
2.56911	2.89371	
7.27627	2.28373	
1.15645	1.64187	
0.628844	2.44651	
7.6611	2.30594	
0.45206	-0.615174	
4.89715	-1.74174	
4.55229	1.11255	
8.86478	0.850565	
4.95342	2.53611	
0.605444	0.595645	
5.06954	-1.74777	
-0.070869	2.31539	
6.72619	4.37456	
9.51143	2.48186	
5.18308	4.34012	
1.84973	1.34176	
4.08368	-1.14011	
7.74799	1.41826	
1.06996	3.3938	
-0.126985	2.30529	
9.51738	2.33985	
1.0826	1.48516	
9.12195	-0.0788074	
4.82783	-1.45698	
0.027956	0.88839	
0.628844	2.44651	
5.38666	2.45382	
3.01013	2.36825	
6.98724	2.61493	
9.12195	-0.0788074	
7.00435	2.51568	
4.68543	3.15455	
4.28552	-1.47046	
2.3807	2.59026	
1.18493	1.57752	
3.66534	0.425543	
7.78528	3.07511	
1.07466	0.636457	
4.4553	-1.80678	
-0.428097	0.209136	
4.95507	-1.44055	
-0.570344	1.33091	
5.24401	2.90251	
7.40657	1.55931	
6.4709	3.03122	
3.11068	-0.64918	
5.24162	0.038606	
4.60872	-1.15696	
9.07344	0.260486	
5.70265	4.37246	
-0.854065	0.223121	
7.07071	2.74645	
1.75307	1.28907	
5.37374	4.61788	
4.07461	0.996382	
3.8302	-2.2947	
3.30603	-1.98831	
6.35611	-2.64544	
5.26579	-2.75656	
2.59589	0.332066	
3.67943	-1.33662	
6.52627	-3.22241	
6.08026	-3.3617	
3.30603	-1.98831	
4.00569	-3.08858	
3.30603	-1.98831	
6.6622	-3.11908	
2.90601	0.16145	
3.67943	-1.33662	
3.8302	-2.2947	
6.24661	-2.84949	
4.42396	2.31386	
6.52627	-3.22241	
4.68956	-1.35724	
2.70109	-2.03028	
7.75489	-1.40542	
2.68646	0.562357	
6.40782	-1.2888	
2.77399	-1.81046	
3.8302	-2.2947	
3.30603	-1.98831	
3.30603	-1.98831	
2.83016	-1.38229	
6.68399	3.75783	
3.30603	-1.98831	
3.91871	-2.16969	
3.10111	1.00081	
7.70887	-0.0467084	
3.44403	0.0860826	
6.24661	-2.84949	
2.59589	0.332066	
3.8302	-2.2947	
3.12235	-2.45063	
5.87746	3.86156	
3.54956	2.90179	
3.30603	-1.98831	
4.08253	-2.51771	
6.97938	-2.05022	
6.1504	-1.49445	
3.30603	-1.98831	
4.08253	-2.51771	
3.66102	1.36734	
6.6986	-2.9668	
3.02868	2.02462	
5.95251	-3.23824	
6.24661	-2.84949	
4.59162	2.21296	
2.64708	-1.65019	
4.3036	3.15647	
4.42388	-1.87271	
6.63545	-2.19449	
4.08253	-2.51771	
3.66102	1.36734	
6.6622	-3.11908	
3.66102	1.36734	
3.42164	-1.56041	
7.05841	-3.30291	
4.4027	-3.38924	
2.62826	0.37012	
3.30603	-1.98831	
3.67943	-1.33662	
6.93536	-0.0132324	
3.8302	-2.2947	
4.27608	2.87018	
3.96464	-2.69613	
3.30603	-1.98831	
3.30603	-1.98831	
7.875	-0.24137	
6.6986	-2.9668	
2.70109	-2.03028	
3.30603	-1.98831	
5.5044	-1.02781	
3.66102	1.36734	
3.30603	-1.98831	
2.60077	-1.87736	
3.48473	0.603112	
3.30603	-1.98831	
4.08253	-2.51771	
2.70109	-2.03028	
6.96184	-2.7938	
3.52668	-3.00661	
3.79602	-3.33467	
3.67943	-1.33662	
2.70109	-2.03028	
5.45288	0.282343	
3.85329	-0.574377	
7.44204	0.474077	
6.05292	1.99236	
6.79375	-0.509172	
6.51135	0.889263	
4.64068	-0.6203	
5.77255	1.20443	
6.55614	0.256951	
8.77816	1.27772	
6.57485	0.314032	
7.76937	2.63523	
3.85329	-0.574377	
3.85329	-0.574377	
5.8932	0.0505329	
7.44204	0.474077	
6.27416	-0.0995577	
6.06596	0.310135	
3.52758	-0.0584846	
6.06596	0.310135	
6.64957	1.69615	
7.53444	2.35415	
7.60968	2.8778	
7.44204	0.474077	
7.4024	-0.184089	
6.2286	1.10401	
5.02488	-0.658271	
7.16237	0.626712	
6.54382	0.75198	
7.44204	0.474077	
6.54382	0.75198	
6.59585	1.04051	
2.00108	-1.2436	
5.89062	1.10735	
7.44204	0.474077	
8.00955	1.94595	
5.25186	-0.996267	
7.86756	-2.86598	
7.16237	0.626712	
5.72885	0.96117	
6.51135	0.889263	
6.06596	0.310135	
8.77816	1.27772	
7.54893	1.4088	
6.79281	-0.097858	
5.46464	-3.24616	
3.68621	-2.02433	
7.44204	0.474077	
6.05292	1.99236	
6.54382	0.75198	
4.64068	-0.6203	
4.64068	-0.6203	
3.52758	-0.0584846	
6.02761	2.54242	
6.77193	0.846255	
5.43712	1.23369	
1.1433	-4.21431	
6.64957	1.69615	
7.16237	0.626712	
3.68621	-2.02433	
8.22324	1.07741	
6.77193	0.846255	
7.92353	2.20944	
4.96472	-1.29248	
4.64068	-0.6203	
6.32115	2.31675	
6.92791	3.21956	
5.46464	-3.24616	
7.18608	2.42014	
6.06596	0.310135	
6.77193	0.846255	
2.00108	-1.2436	
7.1049	1.91316	
6.59585	1.04051	
6.64957	1.69615	
4.10706	-0.346883	
3.52758	-0.0584846	
4.29641	-0.0136894	
6.77193	0.846255	
3.35958	-5.41281	
3.52758	-0.0584846	
8.00955	1.94595	
3.52758	-0.0584846	
2.62572	-3.20202	
6.54382	0.75198	
5.27129	1.17653	
7.16237	0.626712	
6.00128	2.93746	
4.64068	-0.6203	
6.0333	1.13295	
8.08361	0.285343	
8.39703	-1.56796	
8.25926	-1.4357	
8.34952	-1.6646	
6.59585	1.04051	
8.34952	-1.6646	
7.14331	-0.10936	
7.59526	-2.85813	
7.17549	-2.12021	
7.92432	-2.33508	
6.34411	-3.0903	
7.30183	0.46659	
8.21543	-0.742052	
6.13022	1.0417	
7.92432	-2.33508	
8.34952	-1.6646	
7.83817	-1.05392	
7.91946	-1.37459	
7.91946	-1.37459	
2.99999	0.901367	
8.12411	-0.00853867	
7.7378	0.937225	
8.25926	-1.4357	
8.34952	-1.6646	
4.22353	0.492693	
8.34952	-1.6646	
8.25894	-1.27272	
7.14331	-0.10936	
7.14331	-0.10936	
6.07861	-1.64129	
7.14331	-0.10936	
7.92432	-2.33508	
8.20768	-1.86276	
8.21543	-0.742052	
7.68105	-2.6529	
8.40373	-1.38135	
8.00644	-2.29476	
8.33814	-0.680288	
8.40373	-1.38135	
8.40373	-1.38135	
7.14331	-0.10936	
5.88892	2.5194	
7.14331	-0.10936	
5.9192	-2.38094	
8.21543	-0.742052	
8.20353	-0.41193	
7.14331	-0.10936	
6.67295	-1.39261	
8.40373	-1.38135	
7.45072	-1.29477	
8.40152	-1.24985	
7.31427	-0.895167	
7.69847	-1.77414	
6.62585	-0.396597	
8.2298	0.252486	
7.70103	-0.783619	
7.01719	-2.3419	
8.40373	-1.38135	
5.71089	-1.39429	
8.39703	-1.56796	
8.31863	-2.98416	
7.71493	-1.79424	
7.83787	-1.99791	
8.11686	-0.226146	
8.34952	-1.6646	
9.0844	-0.817946	
8.25894	-1.27272	
8.39703	-1.56796	
8.20768	-1.86276	
8.35754	-1.46582	
6.92778	-0.902928	
8.40373	-1.38135	
7.14331	-0.10936	
6.14611	-3.1845	
8.36885	-0.960264	
2.73505	-0.7809	
7.79585	1.17106	
7.63884	0.176981	
8.21543	-0.742052	
8.33814	-0.680288	
6.59585	1.04051	
6.75651	-3.39728	
7.99015	0.982041	
7.92432	-2.33508	
8.25894	-1.27272	
8.21543	-0.742052	
8.20768	-1.86276	
7.92432	-2.33508	
4.82495	1.28777	
8.08454	-0.881984	
6.39018	2.06963	
6.39018	2.06963	
5.11757	1.35719	
4.11981	-0.0896153	
6.87875	1.42634	
5.11757	1.35719	
6.05292	1.99236	
4.70302	-0.748573	
5.38803	1.78901	
4.01472	-1.93777	
5.11757	1.35719	
5.76048	0.88542	
5.11757	1.35719	
5.11757	1.35719	
7.31857	1.74721	
6.2286	1.10401	
6.12068	0.803592	
4.736	-2.84812	
6.40645	0.029828	
7.92897	-0.755449	
5.11757	1.35719	
3.8787	-1.87182	
2.11204	-0.425239	
5.30351	0.609547	
6.12068	0.803592	
4.70302	-0.748573	
5.17261	1.16755	
6.03843	1.23745	
6.674	1.44575	
6.24732	1.68037	
5.66936	0.376388	
3.8787	-1.87182	
5.99026	1.73224	
6.53575	0.110384	
4.64791	-3.02945	
4.74537	1.64785	
4.86094	-0.489893	
7.16237	0.626712	
5.36304	0.745136	
5.02576	-0.890914	
6.85328	2.02947	
6.46002	1.5794	
6.39018	2.06963	
3.91816	-0.830152	
6.24732	1.68037	
5.06999	-0.442974	
3.12235	-2.45063	
5.99026	1.73224	
6.23556	-0.425957	
2.81168	-3.15519	
5.17261	1.16755	
6.12068	0.803592	
5.11757	1.35719	
4.34185	-3.02778	
5.76048	0.88542	
5.43043	1.01246	
5.76048	0.88542	
6.8141	1.21215	
4.95513	-2.48091	
6.24732	1.68037	
5.99026	1.73224	
5.1823	1.73346	
5.1823	1.73346	
5.11757	1.35719	
6.55337	1.83522	
4.04324	-0.450203	
7.32918	1.36124	
6.64957	1.69615	
6.12068	0.803592	
5.11757	1.35719	
6.24732	1.68037	
3.99197	1.35611	
4.15635	0.718292	
3.20019	-0.674361	
7.32918	1.36124	
6.4089	1.80181	
4.10706	-0.346883	
4.3314	-3.27731	
4.70302	-0.748573	
5.99026	1.73224	
6.24732	1.68037	
5.03207	2.15392	
5.28158	1.36426	
6.24732	1.68037	
5.1823	1.73346	
6.13022	1.0417	
7.32918	1.36124	
5.11757	1.35719	
6.05292	1.99236	
7.53197	0.339703	
2.7893	-4.96363	
5.52202	1.74477	
6.76455	-2.83338	
7.02589	-2.00545	
3.63863	-3.98755	
3.00802	1.76051	
5.47206	2.02307	
3.29975	-4.0289	
6.12068	0.803592	
4.52423	2.79848	
3.54161	-2.33812	
4.02286	0.185003	
4.76967	-1.8451	
2.61263	-4.85778	
1.37097	-3.20262	
4.0861	1.64548	
7.96845	0.280547	
7.33901	-0.420976	
2.77399	-1.81046	
5.28158	1.36426	
4.69298	0.280577	
6.52814	-5.24105	
6.0333	1.13295	
1.44297	-1.62559	
2.78499	1.81758	
5.22381	-2.39381	
5.03565	-4.38046	
2.64259	1.76443	
4.02286	0.185003	
6.25337	0.0385251	
7.27088	-4.91142	
8.17556	-1.02987	
3.43151	2.0179	
5.43043	1.01246	
4.92724	-3.46448	
3.10469	-2.22484	
1.51114	-0.386806	
5.41496	-2.53439	
6.20328	-0.711246	
5.99026	1.73224	
4.85669	0.0702996	
8.12466	-0.0975846	
6.48492	-0.886762	
3.98022	-5.04637	
5.12116	-2.26617	
1.72164	-3.55414	
5.99026	1.73224	
5.99026	1.73224	
3.8057	-3.17793	
1.91159	-4.29618	
3.10469	-2.22484	
5.35537	-2.81922	
3.00802	1.76051	
5.47206	2.02307	
5.56351	0.943402	
1.41471	-1.81827	
6.84939	-2.05833	
8.03226	-1.78791	
5.53537	1.76895	
2.02113	-3.79462	
3.32651	-2.48878	
3.17553	-4.62598	
6.35216	-5.20972	
4.64667	-2.00225	
6.40069	-1.39521	
7.97081	0.696887	
3.21529	2.33007	
2.50746	-3.7591	
6.25337	0.0385251	
6.94278	-3.28624	
5.1789	-3.48759	
8.07529	-1.78798	
8.12466	-0.0975846	
2.85787	-0.413772	
6.40069	-1.39521	
5.59015	-0.545123	
7.01586	0.670311	
7.01586	0.670311	
7.01586	0.670311	
7.5478	2.67989	
2.43534	-3.69907	
3.97682	-2.86023	
6.24382	-0.462913	
2.58857	-3.87163	
4.01691	-4.99488	
8.6126	2.81277	
3.8057	-3.17793	
4.92724	-3.46448	
2.77399	-1.81046	
6.58261	3.07218	
3.54031	2.6099	
2.09658	-4.57782	
6.87614	3.92066	
0.0275253	1.3242	
3.84682	4.2907	
3.31053	0.389653	
10.2619	2.31961	
5.70265	4.37246	
0.77856	-2.88921	
6.1863	0.460073	
1.30597	3.24643	
-0.549888	1.77453	
3.69244	4.13847	
4.31157	3.87271	
5.88914	4.76313	
4.03045	4.32676	
3.92301	4.94485	
6.1863	0.460073	
10.3091	1.43111	
5.35647	3.06603	
9.73388	2.00763	
5.51972	1.29852	
4.37402	4.27354	
0.324864	3.02941	
4.03214	3.87129	
4.03045	4.32676	
9.93452	0.693268	
3.95833	0.481219	
3.77272	4.85672	
3.51709	4.12183	
6.1863	0.460073	
5.51972	1.29852	
3.69244	4.13847	
6.28973	4.58311	
5.51972	1.29852	
9.73388	2.00763	
-0.445058	1.18719	
5.07463	4.36806	
3.86774	1.32723	
4.31157	3.87271	
4.25695	4.59515	
6.44762	4.56491	
5.66889	0.540111	
6.36965	4.66988	
4.96531	0.303157	
4.22964	1.74033	
6.6273	4.50384	
0.0713841	2.83544	
6.07292	5.34584	
5.51972	1.29852	
4.99013	0.759042	
3.62824	4.11617	
3.54031	2.6099	
6.64261	4.07719	
4.31157	3.87271	
9.92134	2.8003	
-0.306305	1.58941	
5.07463	4.36806	
5.75958	-0.229357	
1.48693	-3.38667	
6.1863	0.460073	
6.33413	0.355733	
4.36491	0.347932	
5.95869	4.35405	
3.62824	4.11617	
4.394	0.870226	
5.51972	1.29852	
5.49632	4.71824	
0.708819	-2.67337	
3.51709	4.12183	
5.03614	0.981183	
6.06727	4.66261	
6.18104	4.89124	
4.25695	4.59515	
5.51972	1.29852	
3.84682	4.2907	
6.06727	4.66261	
3.84682	4.2907	
6.33413	0.355733	
5.46983	4.96073	
4.31157	3.87271	
10.2114	2.41073	
5.75752	4.09847	
6.1863	0.460073	
5.51972	1.29852	
1.53482	-3.44981	
3.84682	4.2907	
4.03045	4.32676	
3.84682	4.2907	
5.51972	1.29852	
3.67651	-4.56962	
4.90831	-3.02834	
4.56263	-5.11496	
7.57003	-4.78691	
6.41065	-3.31623	
6.50948	-2.61609	
4.56263	-5.11496	
7.12669	-3.20723	
3.94679	-4.66788	
5.10563	-5.14248	
4.25784	-3.10902	
4.70616	-5.13519	
5.23399	-3.67649	
7.01298	0.961765	
4.36002	-4.72052	
4.7985	-5.20999	
4.78443	-3.70225	
6.6986	-2.9668	
5.30313	-4.64507	
4.78443	-3.70225	
7.83012	2.60593	
4.56263	-5.11496	
4.57754	-4.7295	
4.56263	-5.11496	
4.97188	-2.13161	
7.00153	0.385481	
4.91483	-3.67924	
6.65885	-4.69009	
4.70616	-5.13519	
5.56416	-5.36247	
4.68043	-3.69195	
6.39606	-5.26961	
9.78572	-4.08724	
4.05346	-4.33969	
5.23399	-3.67649	
5.15959	-3.10981	
7.3773	-4.93506	
5.28855	-5.20462	
4.26558	-2.151	
8.62043	-3.77997	
6.03247	-4.86979	
4.78443	-3.70225	
7.36378	2.93084	
4.78443	-3.70225	
5.00129	-5.2119	
10.2892	-3.32584	
7.86231	-3.9551	
6.3992	-2.53619	
6.967	-3.42461	
4.56263	-5.11496	
4.7985	-5.20999	
7.53509	-4.84979	
5.98135	-2.52999	
5.73821	-5.35246	
4.68043	-3.69195	
4.68043	-3.69195	
5.28458	-2.64085	
4.78443	-3.70225	
7.17458	-4.60279	
4.59289	-3.84223	
4.2465	-4.71282	
4.05346	-4.33969	
4.12405	-4.68607	
4.53973	-2.75283	
5.9106	-5.33476	
6.6986	-2.9668	
5.56416	-5.36247	
4.56263	-5.11496	
4.53973	-2.75283	
4.05346	-4.33969	
5.04135	-4.90037	
3.67651	-4.56962	
5.9106	-5.33476	
6.03247	-4.86979	
4.56263	-5.11496	
5.45211	-3.63256	
4.72851	-5.20608	
8.01313	-1.17151	
4.56263	-5.11496	
5.17256	-2.98875	
7.01298	0.961765	
4.87127	-2.99134	
5.94986	-2.87292	
6.33453	-5.31412	
6.59105	-4.85753	
9.61828	-0.284286	
7.0939	-4.99695	
4.56263	-5.11496	
4.78443	-3.70225	
4.78443	-3.70225	
1.24266	2.26252	
0.30715	1.6613	
1.57672	2.86188	
2.55052	1.61184	
5.73065	-0.591994	
3.38338	1.15009	
3.97645	0.968697	
2.51484	1.43975	
0.377076	0.817485	
-0.770649	0.389488	
0.00486921	2.56568	
1.30582	2.47339	
3.27509	1.33256	
6.3484	-4.66344	
5.64282	-4.83078	
7.19617	-1.10119	
1.80877	3.18612	
2.51484	1.43975	
0.30715	1.6613	
2.12154	-2.53492	
1.98699	2.11492	
0.609865	3.33279	
1.80877	3.18612	
4.19172	0.966676	
5.39664	0.235564	
-0.260457	-0.0899459	
-1.00888	1.04263	
0.125142	1.08516	
1.41395	1.27613	
2.93338	2.33171	
0.027956	0.88839	
0.784556	1.61654	
6.67405	-4.58577	
6.03843	1.23745	
3.97645	0.968697	
1.80877	3.18612	
1.80877	3.18612	
3.19801	0.678551	
5.32271	0.0185163	
1.53215	-1.54282	
1.44786	2.42642	
1.51811	0.194994	
0.454869	3.40268	
0.125142	1.08516	
2.02702	-4.52184	
0.969162	2.8334	
5.54378	-0.465251	
0.267029	1.55899	
2.0087	3.32224	
0.659228	-0.209405	
5.68183	1.28626	
3.35678	-4.94832	
0.45101	1.85044	
4.538	0.550893	
-0.768452	2.18243	
1.44786	2.42642	
5.6409	2.93761	
1.80877	3.18612	
1.15585	1.87651	
4.58944	0.658956	
3.29619	-2.94291	
0.678423	2.77578	
3.20242	-4.05092	
2.62706	0.755175	
5.66889	0.540111	
1.44786	2.42642	
5.92959	-1.35735	
2.92459	-3.62401	
7.53404	1.2358	
1.14876	2.0345	
0.027956	0.88839	
0.8451	3.05837	
0.949954	3.29114	
1.15585	1.87651	
7.47928	-0.381942	
1.95091	-2.93589	
9.40205	-2.34523	
1.46751	2.84742	
4.18115	-4.62904	
2.20431	-4.63964	
4.18115	-4.62904	
0.30715	1.6613	
1.98699	2.11492	
4.538	0.550893	
2.50361	-3.93828	
1.84577	1.87333	
0.921976	1.33698	
-0.124786	-0.210023	
5.66691	-3.94567	
8.5501	-0.795285	
5.46212	-0.244036	
5.72287	-2.13325	
7.34638	-0.798439	
3.42164	-1.56041	
2.90469	3.40864	
5.95438	2.13492	
3.52774	-0.83026	
4.36857	2.10479	
5.22482	0.81907	
2.08861	-0.0265914	
3.8302	-2.2947	
4.01472	-1.93777	
3.01467	1.43855	
3.08945	1.61	
6.60574	-2.00456	
7.34638	-0.798439	
5.10645	2.22008	
4.36857	2.10479	
7.67506	-0.248366	
4.89312	-1.93277	
6.59585	1.04051	
4.01472	-1.93777	
6.38333	-0.259117	
2.81535	-2.23272	
8.09655	0.195148	
4.92688	-1.13085	
5.94329	0.457313	
4.03122	-3.03113	
3.42164	-1.56041	
5.95438	2.13492	
7.27419	-1.77521	
7.4034	-0.617449	
3.08945	1.61	
6.50243	-2.46987	
6.59585	1.04051	
8.09655	0.195148	
3.78306	-2.90776	
4.07925	1.88424	
6.4402	1.21913	
3.42164	-1.56041	
3.08945	1.61	
7.59065	1.36867	
5.10645	2.22008	
5.55028	-1.94248	
6.59585	1.04051	
6.55614	0.256951	
5.95438	2.13492	
7.15296	3.21172	
4.64336	3.59651	
4.41231	1.55523	
6.7502	0.478023	
5.90698	2.00992	
6.60574	-2.00456	
4.63848	-1.87578	
6.22288	-2.39729	
5.67128	-0.361017	
6.60574	-2.00456	
7.27419	-1.77521	
4.10706	-0.346883	
6.38333	-0.259117	
4.41231	1.55523	
6.1588	1.19433	
5.10645	2.22008	
5.95438	2.13492	
4.36857	2.10479	
7.3199	1.69156	
4.10706	-0.346883	
5.10645	2.22008	
4.03122	-3.03113	
4.01472	-1.93777	
2.91659	-0.0446348	
4.01472	-1.93777	
7.18186	1.91324	
2.41531	0.658204	
2.76467	1.40669	
4.36857	2.10479	
9.37266	0.339454	
6.59585	1.04051	
4.01472	-1.93777	
7.82542	0.779709	
7.9168	0.950975	
6.59585	1.04051	
2.41531	0.658204	
1.6442	-3.63643	
4.89312	-1.93277	
2.89721	1.40516	
7.18186	1.91324	
4.94282	1.4288	
7.34638	-0.798439	
5.90698	2.00992	
4.02286	0.185003	
2.09166	2.04353	
1.76107	1.55396	
6.4089	1.80181	
5.8013	1.99504	
4.24336	1.43238	
6.58548	-0.986151	
7.11047	2.35629	
3.69574	2.13172	
3.41867	-0.180676	
5.20524	2.58051	
3.22301	-0.495661	
2.35878	1.18286	
3.53147	0.172703	
8.25946	-0.267135	
3.53147	0.172703	
4.01821	0.597467	
3.69574	2.13172	
5.78187	-1.17017	
3.96517	2.45899	
3.83706	0.665652	
8.20358	0.244196	
6.33171	3.08994	
2.16769	2.14362	
6.59585	1.04051	
0.517411	2.2881	
3.66102	1.36734	
3.67131	2.48824	
5.49902	2.79472	
3.97645	0.968697	
3.96517	2.45899	
0.619029	-0.337402	
3.38126	-0.478825	
9.72186	1.48538	
8.02315	0.594935	
2.51048	3.21034	
0.587346	-0.657822	
3.96517	2.45899	
1.07145	1.1159	
0.619029	-0.337402	
7.46961	1.66665	
8.18173	0.487369	
4.83817	2.07714	
4.94421	1.96097	
3.69574	2.13172	
3.25879	0.512124	
2.09166	2.04353	
6.22403	3.03909	
3.59781	0.278063	
3.67131	2.48824	
2.09166	2.04353	
0.619029	-0.337402	
1.42778	-0.0509687	
6.21698	2.1329	
4.24336	1.43238	
4.12671	0.542539	
6.75495	2.77919	
8.02598	0.128936	
3.28068	3.18581	
4.394	0.870226	
7.48611	2.0802	
3.78466	0.243723	
3.28476	-0.786039	
3.08753	2.10905	
2.09166	2.04353	
4.24336	1.43238	
3.7043	-0.374528	
4.82122	0.80554	
7.91117	1.09909	
3.66102	1.36734	
7.79585	1.17106	
7.48611	2.0802	
5.15847	0.0213103	
1.76107	1.55396	
2.09166	2.04353	
7.97542	0.825656	
2.31059	0.419821	
4.31062	-0.309956	
3.44052	0.198516	
2.35878	1.18286	
3.97645	0.968697	
1.08559	2.97094	
2.99999	0.901367	
3.96517	2.45899	
3.96517	2.45899	
4.42977	0.81285	
2.79315	2.10108	
-0.442799	1.00443	
3.83706	0.665652	
5.4967	2.91621	
4.65857	-1.33967	
6.39503	-0.985243	
0.969162	2.8334	
-0.901923	0.0221004	
8.12694	2.25285	
3.45785	1.79139	
4.98023	3.65946	
9.00685	0.464383	
3.05845	-3.87989	
3.69574	2.13172	
0.969162	2.8334	
6.978	4.32318	
10.7629	1.37218	
1.42923	3.74479	
5.31734	4.32224	
5.04104	4.66178	
4.60872	-1.15696	
5.99168	-4.13723	
5.07422	3.90529	
4.93326	0.614772	
7.74799	1.41826	
0.30715	1.6613	
8.46758	0.910547	
5.92959	-1.35735	
4.4116	2.30926	
1.33575	3.62269	
7.65634	1.13323	
4.60872	-1.15696	
2.02175	3.35731	
5.31091	0.158891	
-0.491719	1.39606	
8.73484	0.102829	
7.65634	1.13323	
1.17335	-0.356398	
8.56967	1.46925	
2.56911	2.89371	
7.27627	2.28373	
1.15645	1.64187	
0.628844	2.44651	
7.6611	2.30594	
0.45206	-0.615174	
4.89715	-1.74174	
4.55229	1.11255	
8.86478	0.850565	
4.95342	2.53611	
0.605444	0.595645	
5.06954	-1.74777	
-0.070869	2.31539	
6.72619	4.37456	
9.51143	2.48186	
5.18308	4.34012	
1.84973	1.34176	
4.08368	-1.14011	
7.74799	1.41826	
1.06996	3.3938	
-0.126985	2.30529	
9.51738	2.33985	
1.0826	1.48516	
9.12195	-0.0788074	
4.82783	-1.45698	
0.027956	0.88839	
0.628844	2.44651	
5.38666	2.45382	
3.01013	2.36825	
6.98724	2.61493	
9.12195	-0.0788074	
7.00435	2.51568	
4.68543	3.15455	
4.28552	-1.47046	
2.3807	2.59026	
1.18493	1.57752	
3.66534	0.425543	
7.78528	3.07511	
1.07466	0.636457	
4.4553	-1.80678	
-0.428097	0.209136	
4.95507	-1.44055	
-0.570344	1.33091	
5.24401	2.90251	
7.40657	1.55931	
6.4709	3.03122	
3.11068	-0.64918	
5.24162	0.038606	
4.60872	-1.15696	
9.07344	0.260486	
5.70265	4.37246	
-0.854065	0.223121	
7.07071	2.74645	
1.75307	1.28907	
5.37374	4.61788	
7.61679	-1.19605	
2.47008	0.789092	
2.19514	-2.10653	
2.15585	-2.02332	
2.36794	-2.33697	
2.29796	-1.25204	
2.97791	-2.77409	
2.53459	-1.11927	
3.81628	-0.292049	
2.53459	-1.11927	
2.33974	-2.46108	
6.99379	-2.47725	
7.34575	-1.66334	
2.97199	-2.55295	
7.24535	-2.85034	
6.11212	-3.6587	
2.25714	-1.80509	
2.33974	-2.46108	
2.15853	-1.82428	
3.18451	-3.07597	
3.41471	-3.07002	
2.25579	-1.0368	
8.18607	-0.222125	
7.80298	0.884415	
2.85652	-2.75101	
6.38583	-3.67772	
5.74581	-3.31971	
7.34575	-1.66334	
2.36794	-2.33697	
2.97791	-2.77409	
8.1619	0.382533	
8.30244	-0.446665	
2.53459	-1.11927	
5.81983	-2.82091	
5.99307	-3.60523	
7.55622	-2.62488	
6.11212	-3.6587	
7.80298	0.884415	
2.33974	-2.46108	
3.10395	-1.95511	
6.38583	-3.67772	
2.0636	-0.402548	
2.53459	-1.11927	
6.99379	-2.47725	
2.15853	-1.82428	
2.36896	0.107562	
2.25714	-1.80509	
5.67762	-2.67135	
3.41471	-3.07002	
8.25926	-1.4357	
3.30603	-1.98831	
6.37999	-3.52288	
2.54454	0.929374	
2.69761	-1.52282	
6.95743	-1.87924	
2.25579	-1.0368	
5.07574	-3.5525	
8.10256	-0.171044	
3.03591	-2.82968	
2.7143	-2.62154	
6.16406	-3.60456	
5.75059	-2.66045	
2.29128	-0.396438	
2.45222	-1.0351	
3.41471	-3.07002	
2.29128	-0.396438	
2.38389	-0.506468	
8.02315	0.594935	
2.36794	-2.33697	
6.16406	-3.60456	
2.28292	-1.14726	
8.36474	-1.18071	
2.64203	-2.76781	
6.99379	-2.47725	
7.56699	-1.32795	
2.97791	-2.77409	
2.36794	-2.33697	
8.01175	-0.968654	
4.41838	-2.17482	
5.74581	-3.31971	
2.53626	0.541714	
1.96325	-0.675045	
6.84701	-2.8394	
7.66221	0.290109	
5.81983	-2.82091	
2.23718	0.236105	
3.99704	-2.00506	
5.15959	-3.10981	
2.08861	-0.0265914	
8.08184	0.69198	
3.81675	-1.41326	
4.28552	-1.47046	
1.04661	-0.689591	
2.89086	-3.2079	
1.87654	0.167662	
-0.255285	-1.12704	
9.87492	0.654239	
4.05816	-0.630955	
1.00436	-0.592001	
1.77538	0.613958	
8.85469	3.10734	
0.324711	0.3509	
1.00436	-0.592001	
0.329969	-0.102521	
4.28552	-1.47046	
8.2935	1.90369	
2.03954	1.32919	
1.7065	-0.333911	
3.16412	-3.18757	
1.00436	-0.592001	
0.987525	-0.293876	
1.77538	0.613958	
1.04333	-0.309366	
1.69147	-0.525292	
3.81675	-1.41326	
0.329969	-0.102521	
1.77538	0.613958	
4.48011	-0.437967	
1.04333	-0.309366	
2.92678	2.48963	
3.81675	-1.41326	
1.00436	-0.592001	
1.04661	-0.689591	
4.61479	0.151991	
0.499973	1.22745	
3.86718	-1.22128	
3.81675	-1.41326	
0.837035	-0.902612	
1.77538	0.613958	
1.18629	0.40874	
4.61273	-1.01781	
4.42738	-2.85843	
2.44305	0.773471	
3.81675	-1.41326	
1.08926	-0.17531	
1.04333	-0.309366	
3.00983	-3.80795	
0.340113	-0.19174	
4.28552	-1.47046	
0.582215	0.849942	
3.86718	-1.22128	
2.08355	1.17538	
2.49038	2.07751	
3.81675	-1.41326	
1.78743	-0.233313	
1.78743	-0.233313	
1.77538	0.613958	
3.04347	-0.606858	
-0.255285	-1.12704	
1.00436	-0.592001	
2.89086	-3.2079	
1.18629	0.40874	
0.74849	-0.0150733	
4.28552	-1.47046	
3.81675	-1.41326	
1.00436	-0.592001	
1.16625	1.09937	
1.00436	-0.592001	
1.77538	0.613958	
0.582215	0.849942	
-0.399022	-0.742111	
1.78281	0.813462	
2.43014	0.450927	
1.00436	-0.592001	
0.970099	-0.250665	
2.92678	2.48963	
1.16625	1.09937	
1.74011	-0.547048	
9.80804	1.08081	
3.86718	-1.22128	
4.28552	-1.47046	
4.5586	-0.941614	
1.77538	0.613958	
1.00436	-0.592001	
1.08926	-0.17531	
1.78743	-0.233313	
3.00983	-3.80795	
1.16625	1.09937	
0.341251	-1.12177	
1.00436	-0.592001	
7.19617	-1.10119	
7.44745	-0.862458	
5.42245	-3.16621	
5.04612	-2.63829	
7.12473	-0.624306	
4.74816	-2.22994	
7.63511	-1.84418	
4.64791	-3.02945	
5.15959	-3.10981	
4.64791	-3.02945	
5.73706	0.687007	
5.42245	-3.16621	
5.66936	0.376388	
5.42245	-3.16621	
7.40032	-1.88936	
3.96464	-2.69613	
5.66936	0.376388	
5.73706	0.687007	
6.44904	0.122714	
2.70109	-2.03028	
5.66936	0.376388	
7.16541	-0.349955	
6.78651	0.567016	
4.90831	-3.02834	
7.12473	-0.624306	
3.79602	-3.33467	
3.79602	-3.33467	
5.49272	-3.7419	
5.64929	1.10564	
7.12473	-0.624306	
5.46464	-3.24616	
5.11783	-3.01879	
6.79375	-0.509172	
6.78651	0.567016	
6.78651	0.567016	
3.79602	-3.33467	
7.97081	0.696887	
4.00569	-3.08858	
7.5523	-0.220302	
5.46464	-3.24616	
4.29494	-2.47549	
5.15959	-3.10981	
8.32371	-0.250118	
2.269	-2.19552	
4.64791	-3.02945	
6.44904	0.122714	
6.79375	-0.509172	
5.73706	0.687007	
5.15959	-3.10981	
4.53973	-2.75283	
3.79602	-3.33467	
3.08198	0.645044	
7.16541	-0.349955	
6.80224	1.66543	
7.12473	-0.624306	
4.3664	-3.1448	
6.78651	0.567016	
5.73706	0.687007	
6.78651	0.567016	
3.79602	-3.33467	
6.63172	-0.696409	
4.736	-2.84812	
7.12473	-0.624306	
7.16541	-0.349955	
6.79375	-0.509172	
7.18566	-1.45597	
7.5523	-0.220302	
7.12473	-0.624306	
5.15959	-3.10981	
4.53973	-2.75283	
6.90266	-1.47661	
6.79375	-0.509172	
5.73809	-1.59906	
2.94363	-2.82299	
6.63172	-0.696409	
3.78485	-2.80717	
7.12473	-0.624306	
4.91483	-3.67924	
5.46464	-3.24616	
7.12473	-0.624306	
6.07934	-2.46953	
3.78485	-2.80717	
4.66946	-2.31438	
6.73637	0.218988	
3.96464	-2.69613	
7.36804	0.1916	
4.736	-2.84812	
6.63172	-0.696409	
6.44904	0.122714	
6.63172	-0.696409	
8.08356	-1.73295	
3.38937	0.635916	
5.45211	-3.63256	
3.98578	-3.34657	
6.07934	-2.46953	
4.91483	-3.67924	
4.53973	-2.75283	
4.53973	-2.75283	
2.87841	-2.49828	
7.05542	0.909805	
4.23069	-3.36398	
4.08253	-2.51771	
4.00569	-3.08858	
4.08228	-0.113491	
6.97629	0.122583	
7.05542	0.909805	
7.91946	-1.37459	
5.05885	-3.49317	
3.35226	-2.74345	
3.8057	-3.17793	
3.91816	-0.830152	
4.68956	-1.35724	
3.78485	-2.80717	
3.96475	-1.49483	
4.66318	1.51063	
4.27143	-0.100076	
2.70109	-2.03028	
4.00569	-3.08858	
5.05885	-3.49317	
3.03756	-0.292601	
3.03756	-0.292601	
2.33945	-1.26749	
4.08253	-2.51771	
4.07461	0.996382	
4.53973	-2.75283	
4.07461	0.996382	
7.371	0.288537	
5.23004	2.34928	
2.89459	-1.59	
4.23069	-3.36398	
4.00569	-3.08858	
3.8302	-2.2947	
3.35226	-2.74345	
3.35226	-2.74345	
9.28341	1.66751	
3.35226	-2.74345	
5.14933	-0.418335	
4.15313	-3.52742	
5.52505	-2.55925	
8.05218	-0.815336	
6.97963	-2.9215	
3.30603	-1.98831	
7.36821	0.207605	
8.05218	-0.815336	
4.00569	-3.08858	
8.39408	-1.11527	
4.53973	-2.75283	
5.07574	-3.5525	
4.53973	-2.75283	
8.05218	-0.815336	
7.79349	-1.68443	
7.59526	-2.85813	
3.35226	-2.74345	
3.8302	-2.2947	
7.10429	-3.32185	
4.27608	2.87018	
4.53973	-2.75283	
5.49546	-2.96439	
4.01472	-1.93777	
5.07574	-3.5525	
5.07574	-3.5525	
4.08253	-2.51771	
8.09282	-1.97782	
7.4477	-0.738545	
4.53973	-2.75283	
4.68956	-1.35724	
8.05218	-0.815336	
3.62028	-0.0658277	
4.08253	-2.51771	
4.08253	-2.51771	
4.08253	-2.51771	
7.07369	-3.10715	
3.03756	-0.292601	
4.27143	-0.100076	
2.70109	-2.03028	
3.32651	-2.48878	
3.38937	0.635916	
4.08253	-2.51771	
4.08253	-2.51771	
7.79349	-1.68443	
2.02561	0.133386	
8.9674	3.55043	
2.44499	-3.01269	
4.05346	-4.33969	
7.95247	4.27254	
4.05346	-4.33969	
1.813	-0.147047	
11.8368	-0.591481	
7.48672	3.51479	
-0.0103773	-0.341457	
5.44938	-5.15635	
2.77104	-5.2454	
6.77246	-5.04633	
6.25841	-4.56932	
4.7658	-4.42352	
5.60971	-4.93632	
7.3218	3.6562	
2.54068	-3.29696	
1.99507	-3.95947	
8.30009	3.91874	
2.88479	-3.82906	
-0.207663	1.28497	
3.26503	-4.00871	
4.05346	-4.33969	
3.49681	-4.83355	
4.74297	-4.70467	
0.313193	-3.11997	
8.85818	3.61542	
8.61781	-5.03563	
6.85155	-5.10028	
8.74837	-0.18658	
7.10683	-5.6609	
0.912407	-3.62225	
2.58279	2.47341	
8.29817	3.53172	
7.83245	4.42146	
3.09795	-3.71167	
1.91072	-3.50461	
6.85155	-5.10028	
6.30151	3.75665	
6.70811	-4.87289	
7.83245	4.42146	
9.65351	1.30211	
5.44938	-5.15635	
2.86466	-4.99593	
3.05072	-4.24995	
4.05346	-4.33969	
8.9674	3.55043	
2.06898	2.85728	
1.91072	-3.50461	
0.985751	-3.06368	
7.54461	-6.12461	
9.51916	-0.0609914	
3.0573	3.55774	
-1.74908	1.84177	
4.51713	-4.65382	
8.6393	2.98609	
7.97534	4.04946	
7.70125	4.18807	
0.912407	-3.62225	
6.70811	-4.87289	
3.00995	-4.52231	
4.70616	-5.13519	
1.43175	-2.4947	
6.17201	-5.55671	
3.93432	-4.54374	
4.05346	-4.33969	
-0.496014	0.0652172	
0.2723	0.0784683	
2.06898	2.85728	
7.44542	3.61732	
3.51745	-3.75856	
6.0227	-5.44814	
-0.0838107	2.09571	
2.79122	-4.50572	
6.6426	-5.20533	
4.01636	-4.00791	
7.65153	-4.17768	
3.13165	-3.3312	
5.84687	-4.7705	
1.95606	3.90114	
7.02508	-5.15017	
5.70925	2.6324	
2.63144	-5.25934	
5.84258	-4.19916	
10.9481	-0.744815	
6.58707	-5.26394	
2.78819	-5.28366	
1.43175	-2.4947	
5.44938	-5.15635	
10.7323	0.458572	
5.79337	3.04102	
8.55428	2.48555	
4.03214	3.87129	
4.74004	-2.84517	
4.08368	-1.14011	
4.03214	3.87129	
3.97645	0.968697	
6.82984	-3.72864	
4.08368	-1.14011	
3.29619	-2.94291	
9.02094	2.94516	
4.94914	3.69317	
4.08856	1.33904	
3.72173	-3.96581	
3.96475	-1.49483	
8.55428	2.48555	
4.24935	-3.80938	
4.00178	3.20731	
4.08368	-1.14011	
10.0972	0.373776	
4.03214	3.87129	
4.00178	3.20731	
3.97645	0.968697	
4.69266	0.74127	
4.71499	0.75223	
5.64106	4.19473	
4.01472	-1.93777	
10.733	0.601638	
6.03843	1.23745	
9.22253	2.80515	
4.67086	3.23924	
9.08195	2.86596	
3.29619	-2.94291	
6.59585	1.04051	
9.07146	2.88553	
4.93354	4.37947	
9.81506	1.94149	
3.72063	3.19359	
5.24733	4.67215	
10.0972	0.373776	
8.72224	2.36057	
4.57779	0.221513	
3.73632	3.0044	
3.51709	4.12183	
4.46986	1.06974	
4.93354	4.37947	
4.54025	1.41228	
4.93354	4.37947	
4.57779	0.221513	
3.97645	0.968697	
4.03214	3.87129	
9.07146	2.88553	
4.03214	3.87129	
5.03983	-1.38827	
5.64106	4.19473	
4.03214	3.87129	
4.45062	0.356679	
4.03214	3.87129	
5.93313	-0.491115	
10.6764	0.692751	
4.24935	-3.80938	
8.13102	0.553017	
9.02094	2.94516	
4.03214	3.87129	
3.72204	3.65724	
9.07146	2.88553	
10.3218	1.64771	
9.19517	1.69417	
4.03214	3.87129	
4.03214	3.87129	
5.19777	4.85085	
2.9452	-3.63935	
8.72224	2.36057	
4.03214	3.87129	
4.94739	4.00798	
3.96517	2.45899	
4.03214	3.87129	
4.93354	4.37947	
4.00178	3.20731	
8.6126	2.81277	
3.96517	2.45899	
4.03214	3.87129	
9.2602	2.74108	
5.20099	4.75367	
4.94739	4.00798	
3.97645	0.968697	
4.03214	3.87129	
4.08368	-1.14011	
8.69202	3.60557	
6.33078	4.14899	
2.09166	2.04353	
2.76038	1.92742	
1.45255	3.45382	
1.54293	3.79186	
0.969162	2.8334	
2.31397	-4.6079	
0.596443	2.05028	
0.628844	2.44651	
2.3339	1.26932	
3.34929	-4.62587	
1.59974	3.8308	
1.26889	3.31232	
9.50871	0.691816	
8.54941	2.96299	
-0.843993	-0.0772938	
1.59354	-4.3068	
2.43417	-5.12844	
0.596443	2.05028	
8.95562	2.0118	
9.16097	1.77255	
1.39847	3.40617	
0.628844	2.44651	
0.628844	2.44651	
1.52651	3.01194	
8.95562	2.0118	
0.969162	2.8334	
4.27532	-2.11863	
-0.128532	0.393226	
5.8291	3.60086	
1.48119	-4.183	
1.59974	3.8308	
0.969162	2.8334	
8.95562	2.0118	
2.38495	1.73911	
0.628844	2.44651	
1.65942	2.7882	
1.10745	3.1748	
0.596443	2.05028	
5.05289	3.67589	
1.59974	3.8308	
0.596443	2.05028	
2.31908	-1.51661	
3.69574	2.13172	
9.82482	1.03806	
0.596443	2.05028	
3.36921	-5.51935	
0.628844	2.44651	
1.94999	-3.5611	
8.95562	2.0118	
0.596443	2.05028	
8.19772	3.30409	
-0.739011	-0.530118	
9.50871	0.691816	
1.27479	3.0688	
2.73714	-4.20761	
1.77721	4.003	
0.969162	2.8334	
2.86088	2.69853	
1.45255	3.45382	
2.64804	2.88656	
9.82215	0.0643094	
0.969162	2.8334	
0.969162	2.8334	
1.92179	3.39213	
1.86657	3.79362	
1.71742	1.6656	
5.60154	2.66186	
9.43366	2.45051	
0.628844	2.44651	
8.54941	2.96299	
0.822793	-2.95767	
4.98451	1.73546	
1.06996	3.3938	
1.52651	3.01194	
4.63262	3.72412	
-0.587045	-0.679309	
0.596443	2.05028	
0.596443	2.05028	
3.07489	-0.425148	
5.14298	3.59049	
5.4118	0.102903	
0.949954	3.29114	
1.47968	3.22179	
0.969162	2.8334	
2.3339	1.26932	
0.07694	1.40804	
2.73714	-4.20761	
1.52651	3.01194	
2.62145	-3.90216	
