-3.40347	2.18417	
5.33777	0.327988	
-6.05304	3.6637	
-3.3657	3.10542	
-4.67752	0.575257	
-4.08345	1.88388	
-3.59509	6.84865	
-3.02467	3.57426	
1.42227	7.1405	
4.07152	-0.336643	
-5.58805	3.07927	
1.1054	-4.47555	
-3.70629	0.33801	
-4.11436	0.996185	
-4.96936	1.63153	
-2.05773	-2.08235	
-4.774	1.28455	
-3.10493	2.86049	
7.17893	-1.44897	
-3.23409	1.75658	
-4.26235	1.29415	
-3.40762	0.539742	
-5.078	-1.72778	
-4.57493	3.47718	
-2.69248	2.56767	
-5.4589	-0.229538	
-2.69248	2.56767	
-5.20925	1.88137	
-4.09107	-0.29225	
6.75222	1.06756	
-4.64059	1.44656	
-3.92555	2.4634	
-7.21952	1.38808	
-0.842325	0.377986	
-5.44663	0.486628	
-1.7344	0.334888	
1.14736	-1.65589	
-4.754	1.26869	
-5.40475	3.40801	
-2.00511	0.947795	
-3.95059	0.343928	
2.10102	5.52994	
-3.37495	-1.31811	
-5.51552	1.24203	
-0.928947	1.10782	
2.69174	8.3624	
-2.46605	1.43647	
-4.49569	0.257811	
-4.17333	1.49483	
-5.64687	-1.69257	
-4.12689	0.626755	
-6.92385	3.19701	
5.15238	5.98215	
-0.871809	1.28949	
-5.60639	2.49282	
-5.71733	-0.20493	
-5.56849	3.12071	
-4.99014	-0.148765	
-5.46134	-0.914508	
0.875653	-4.99451	
-0.636583	0.583638	
-5.20619	-1.81682	
-1.56492	-1.36249	
-5.82644	-1.46476	
-0.871825	1.28949	
-6.16871	-2.15463	
-2.4607	3.58144	
2.47036	7.8401	
3.5354	1.64619	
-5.67092	-0.13562	
-3.27991	0.866299	
-3.93065	2.7077	
-1.40934	0.525479	
-3.12792	0.312772	
-5.24807	-0.48256	
-4.17334	1.49479	
-1.96917	2.74311	
-4.90715	-3.37138	
-0.645342	0.918105	
-6.57215	2.96315	
-6.28394	3.21402	
-5.24095	5.40799	
-4.28901	4.92481	
-4.40938	1.80102	
-7.05747	-1.94503	
-1.89003	2.18578	
-5.37516	1.56882	
-2.30282	1.35886	
-5.47363	4.11399	
-6.0842	-3.21338	
-3.57353	4.97258	
-4.02123	-1.04688	
3.02029	-0.705314	
-2.10979	2.89721	
1.07159	0.818026	
-2.84945	4.15893	
-2.93896	3.71603	
-7.11579	-0.964778	
-3.07444	1.72744	
2.52684	-1.65911	
5.4572	3.04623	
6.36055	2.26735	
-5.32807	-1.24934	
0.186046	0.484695	
4.71765	3.53057	
2.85443	-1.32459	
2.8591	-0.790886	
2.43942	4.50042	
-3.3827	-0.0655647	
2.85664	4.01494	
-6.71361	0.702298	
3.71247	-1.51039	
-4.348	-0.166347	
-5.62747	0.96011	
5.17561	2.54762	
-2.91172	-2.01568	
3.71706	2.36278	
-1.32343	1.67039	
3.70529	3.60909	
2.67586	5.14951	
2.52685	-1.65911	
-2.95503	1.58253	
-4.04296	2.86276	
0.318995	4.22555	
-2.1289	0.842165	
4.29138	3.81235	
5.66021	2.75123	
-4.3749	4.35714	
-3.06694	-1.13637	
-3.58837	4.52575	
0.390643	0.266083	
-2.44563	-0.0517794	
4.93701	-1.90862	
1.55822	1.38769	
-3.3525	2.73167	
-5.63704	0.2458	
-6.17649	-0.449405	
0.395171	6.40824	
-4.0725	-0.564498	
4.81113	4.18776	
-4.82038	0.934542	
1.17076	-0.375348	
-2.07091	2.55553	
2.49125	-1.92222	
6.35943	2.40586	
-3.9724	-1.03399	
3.23045	1.83177	
5.22382	2.25147	
1.86752	-2.72538	
0.652374	-0.284559	
3.83462	-0.225437	
-2.19251	-0.781537	
5.24632	3.41714	
-3.64171	3.01497	
-3.97609	3.97002	
-4.12453	-0.317315	
4.67356	0.0481398	
6.77747	2.59606	
-5.40629	3.36961	
0.831695	-0.250226	
-4.30022	0.481694	
-0.196292	5.10095	
-5.32054	-2.28433	
5.8804	-0.332822	
2.54307	5.15644	
-3.28136	-0.670198	
-2.72109	3.35767	
-0.471923	-1.88103	
-3.63037	4.92144	
6.31676	2.57195	
-4.4576	-1.71545	
4.75974	-2.75195	
-3.45686	2.58527	
-4.36378	-1.03959	
3.83461	-0.225223	
-2.39634	3.64776	
1.55838	1.38762	
0.302497	0.489347	
-5.66583	0.0136521	
5.42214	1.87385	
2.00259	2.47496	
4.16983	1.93281	
-1.06106	1.83967	
-1.28671	4.09034	
-0.80746	2.00279	
4.61886	3.88028	
-1.97185	5.01866	
4.79523	1.00825	
2.05075	0.982076	
-0.621985	2.06863	
-1.45931	0.772496	
0.0714215	3.13777	
-0.552977	3.31489	
4.2806	3.35775	
2.37225	2.98994	
-0.654057	2.56714	
-1.96946	0.622164	
-1.3136	1.99537	
-0.0662878	3.17215	
-1.3136	1.99537	
1.58582	1.73964	
3.55494	3.10867	
-1.06106	1.83968	
-1.75377	1.77316	
-2.85611	0.865331	
1.4238	1.80233	
1.66309	1.71667	
0.0972832	2.213	
-1.7405	1.04133	
-0.864569	4.13194	
-1.86245	3.00334	
5.79099	1.79165	
-0.643417	1.86021	
-0.85842	1.49328	
-0.842305	0.378005	
-1.06106	1.83968	
-0.941335	4.22646	
-0.824682	2.46872	
-1.45931	0.772464	
-1.51415	1.23061	
4.72075	3.85178	
-3.29452	3.41628	
-0.824677	2.46872	
-0.84781	3.4614	
3.03055	2.7449	
-0.909704	4.30857	
-2.16185	3.42401	
-0.712108	4.74557	
-3.24083	5.09465	
3.04397	3.33508	
-2.87089	2.65591	
-1.93695	3.30274	
2.58347	0.560308	
-1.06107	1.83968	
0.409321	4.48961	
2.28118	2.33423	
-1.76908	2.55038	
-1.48637	-0.649372	
-0.63089	2.28927	
4.22646	1.11302	
-1.07706	1.02582	
-2.67445	1.56425	
4.59298	3.9516	
-0.612551	2.79715	
2.43509	3.50941	
-4.46963	-0.746478	
2.61918	2.80204	
-0.824699	2.46872	
3.06484	1.27258	
4.87799	1.24858	
-0.789376	2.82132	
3.68413	3.65119	
-0.858431	1.49327	
-1.31362	1.99538	
-0.955572	1.03413	
1.58586	1.73962	
1.58586	1.73962	
4.50576	2.89354	
-1.06108	1.83967	
-2.20322	2.20834	
3.83979	2.96185	
0.449521	3.73894	
5.02392	3.21487	
-1.68357	1.32946	
0.64368	4.58016	
-0.82473	2.46872	
-0.197689	4.22023	
-0.76518	4.4674	
2.58348	0.5603	
2.16975	2.38366	
0.291284	0.694616	
-3.86926	-3.37915	
-2.21039	-0.755166	
4.51735	2.20113	
5.44493	-3.77411	
-1.34198	-2.17008	
-1.83308	-0.956909	
0.345515	0.699421	
4.62278	-3.25569	
-1.51287	-1.64407	
-3.59964	-2.09939	
3.30645	-2.6224	
-6.17659	1.69417	
-2.75775	-0.0317055	
-1.0012	-0.490243	
-3.04609	-2.40181	
-2.02147	-1.87665	
-2.07097	-2.70975	
-3.52739	-0.975029	
-3.32859	-2.55995	
-3.4882	-1.09649	
-0.994995	-1.25331	
-3.1922	-2.22777	
-2.45681	-1.98382	
-0.630332	-0.474538	
-1.55163	-2.18425	
0.500359	0.747849	
-3.61602	-4.07267	
-0.995052	-1.25328	
3.54223	-4.55041	
-4.77817	-1.34302	
-4.69056	-2.42706	
-1.84121	-2.89509	
-3.01958	-1.3462	
-4.56701	-3.19086	
-1.89514	-0.555174	
-2.52038	-1.69827	
-3.15627	-0.984152	
4.84027	-2.75834	
-0.483375	-1.38204	
-3.66373	-1.55078	
0.167177	0.591253	
-4.92812	-4.79844	
1.62314	-3.91946	
-2.99834	-1.40972	
4.01093	1.7449	
3.39518	-1.92615	
4.04671	-3.31724	
-3.31889	-2.27281	
-3.04723	-3.03381	
-0.381232	-0.731984	
3.54347	-3.93981	
-3.75686	-2.07618	
1.17869	-3.81528	
-1.34199	-2.16993	
-4.16009	-2.96378	
-1.34199	-2.16992	
-2.57863	-2.29005	
-2.21033	-0.755132	
-0.995039	-1.2533	
-2.50077	-0.315188	
-3.04729	-3.03376	
-3.47369	-1.64438	
-0.774234	-0.557878	
4.5149	2.41666	
-4.76303	-2.86452	
-2.10797	-0.709667	
-4.38303	-2.06333	
4.68836	1.87625	
3.56675	-4.32974	
-3.59744	0.516379	
-1.342	-2.16991	
-3.47753	-2.11832	
-0.823945	-0.778534	
-0.409606	-1.54651	
-4.8325	-2.73929	
4.49838	2.70886	
-3.12073	-1.08257	
-1.51286	-1.64384	
-1.35098	-0.765836	
-2.60293	-1.21443	
-2.74428	-2.2188	
-2.10795	-0.709657	
-0.502328	-0.781182	
0.805342	-4.77906	
-1.00123	-0.490279	
5.90585	-2.31513	
-2.10627	-2.60351	
0.973465	2.09871	
-2.94317	-2.19137	
-0.953405	-1.17838	
-1.36958	1.35171	
1.86065	-2.67844	
-2.74683	2.8317	
0.950953	3.83272	
-0.68342	0.711622	
1.23434	4.12307	
-3.94154	3.85387	
-2.8944	1.4875	
0.950894	3.83273	
-2.76875	-1.61723	
-3.92689	-2.86692	
-0.42269	-0.0913156	
-4.34833	1.6241	
3.17213	1.74661	
-0.0362643	0.0964726	
-2.33848	1.33266	
-3.55287	1.79231	
2.56286	-1.72871	
-4.06943	-0.811271	
2.60443	-2.67656	
0.448749	-3.06425	
-1.41236	1.6761	
3.25273	1.28377	
-2.86577	2.63326	
-5.21597	-1.06871	
1.58214	-2.41283	
0.822624	-3.23909	
-4.03096	0.768753	
-1.19915	-4.88932	
-2.88284	2.62075	
4.23439	-0.190588	
3.20781	1.6034	
-2.11372	2.23699	
0.378841	0.744106	
1.64887	-4.52743	
-1.37943	-0.770574	
-0.685796	-0.440766	
-2.09392	-1.76494	
-4.79017	-1.61961	
5.8215	-0.978404	
-0.953512	-1.1785	
1.25863	3.10932	
-3.27521	0.649567	
-2.86318	-2.6677	
5.10924	-1.65461	
1.07607	-3.02601	
-3.39808	-1.56989	
-2.77926	-1.05088	
0.579193	0.269378	
1.83815	-2.70336	
-5.52096	0.770435	
2.00777	-0.283328	
-3.28341	-4.39276	
1.70246	-3.23862	
0.136109	0.555834	
-1.41212	1.6758	
-2.7492	-4.7942	
2.33426	1.04965	
0.131962	0.278586	
3.90316	-0.023853	
1.05624	2.4872	
-3.15784	0.935771	
1.14424	3.09891	
3.0997	2.61775	
-2.11175	2.40623	
0.970978	3.83259	
-2.3903	1.38568	
1.83809	-2.70338	
-0.837852	1.3001	
-3.99231	2.23974	
-4.048	-0.5228	
0.850065	-0.700947	
-2.08959	-5.04898	
0.435138	-2.49844	
-4.5015	2.63561	
-5.33455	2.20913	
-3.83091	3.22447	
-2.88281	2.62039	
0.235522	-5.77664	
-4.67101	-1.3991	
3.14776	3.12931	
0.216765	5.12851	
-2.42766	-2.16125	
-4.00843	-0.762502	
-3.43467	0.714149	
-3.36786	4.12632	
-4.41112	-2.90657	
-5.51792	-1.96756	
-3.89123	0.878625	
-0.970968	-1.40358	
-0.538623	0.974205	
-0.898081	-1.23342	
-0.898077	-1.23342	
-2.14197	-0.186067	
-0.801197	0.162023	
3.23547	1.43615	
-1.75176	-0.567824	
-0.126721	0.699862	
2.81707	-2.04291	
1.40934	1.29396	
-0.383335	0.650783	
1.78618	-0.645948	
1.38717	-0.178657	
2.07484	1.46414	
-3.59087	0.139448	
-0.424235	-0.635969	
0.446462	-0.0202993	
-0.630379	-0.104235	
-1.4331	-0.111556	
1.01781	1.54571	
-0.289907	-2.31841	
-1.40923	0.525402	
1.10027	1.77917	
-0.424256	-0.636042	
0.442001	0.868167	
0.814435	-0.505065	
-0.359506	1.14746	
0.57907	0.427093	
-3.59084	0.139453	
-3.19667	2.08128	
1.00163	1.12383	
-1.40922	0.525399	
-1.20761	3.42277	
-1.02327	0.929021	
-1.40922	0.525401	
1.87071	-3.15946	
-0.0220045	1.99703	
0.760489	0.730473	
1.77666	2.60779	
0.579073	0.427101	
-1.43302	-0.111598	
3.64286	-2.16435	
1.10024	1.77916	
-1.43302	-0.111602	
-1.43302	-0.111602	
1.40926	1.29387	
-1.25871	1.03696	
-1.15071	1.41533	
2.57907	-2.29887	
-0.359497	1.14746	
-0.897967	-1.23349	
-0.897963	-1.23349	
1.10024	1.77915	
-2.20127	-0.416767	
1.16889	1.77148	
-0.636464	0.583578	
0.720858	1.20524	
-0.897957	-1.23349	
-1.40922	0.525394	
0.579082	0.427123	
1.32262	-3.40992	
0.441837	0.868086	
0.146085	0.302608	
-0.424224	-0.63605	
0.826489	1.10351	
-3.0412	0.682469	
-0.0442669	-1.96532	
1.71863	0.494981	
-1.5505	1.27591	
-1.43299	-0.111618	
-1.43299	-0.111619	
-0.970691	-1.40401	
0.749958	2.57816	
0.34027	0.588686	
-1.15071	1.4153	
-1.4092	0.525382	
0.787358	0.99461	
0.579088	0.427139	
1.87067	-3.15951	
-1.11681	4.2255	
-1.4092	0.525381	
1.87066	-3.15952	
-0.970686	-1.404	
0.247827	-1.29339	
1.75871	1.1137	
0.579094	0.427142	
0.0989788	1.44498	
1.30127	0.950117	
1.39609	1.56999	
-0.581957	4.69854	
-0.49156	4.7676	
0.556835	4.61436	
-1.6689	-0.729104	
-0.00872435	2.83361	
-0.712569	4.6831	
0.227952	3.24345	
-0.0520972	1.99924	
-0.0573281	3.21605	
0.535915	4.66052	
-2.6087	3.99356	
0.930512	2.04608	
-0.583042	4.7592	
0.249283	3.20443	
-3.80188	-1.20481	
-0.00873675	2.83361	
0.405782	0.990382	
-0.0573449	3.21605	
-0.0573435	3.21605	
-0.0753582	3.24321	
-3.28531	-2.87169	
-2.90148	-1.12362	
-0.582052	4.69852	
1.01355	0.647223	
-0.414884	3.35032	
0.692091	4.96024	
-2.26251	1.95834	
-0.60627	4.39489	
0.411139	4.6692	
-0.0573406	3.21605	
-2.24711	2.02296	
-2.07917	2.20901	
-0.145155	-0.245555	
0.921198	1.95811	
-1.6409	2.04809	
-1.15136	6.86096	
1.25454	0.636544	
-2.69623	3.83807	
-0.057345	3.21606	
-3.00848	5.06131	
1.25454	0.636542	
0.0632921	3.30762	
-4.46401	-1.1826	
0.241439	4.63514	
0.6293	1.64671	
-0.582258	4.69851	
-0.0573517	3.21606	
0.535941	4.66051	
-0.321645	-0.104977	
-1.64092	2.04813	
1.61317	2.81526	
0.713073	-0.949215	
0.24299	3.14125	
-0.00874537	2.83359	
0.228017	3.24347	
-0.00874454	2.83359	
0.847127	2.66223	
-0.00874193	2.83359	
3.00634	2.12547	
0.27062	3.90786	
1.00563	0.67891	
1.69745	0.846373	
-0.233215	0.0136404	
0.249285	3.20443	
1.03797	4.76924	
0.249287	3.20443	
0.233895	3.90459	
0.562597	1.85204	
-0.0573796	3.21605	
1.12127	1.58785	
0.461529	4.57783	
0.930373	2.04605	
-0.736848	3.78639	
0.603331	4.00375	
0.242948	3.14124	
0.535916	4.66052	
-0.00875367	2.83359	
0.0537507	4.64775	
-0.0573876	3.21609	
0.233879	3.90459	
-0.075575	3.24317	
-3.00093	3.31876	
-0.712719	4.68309	
0.46153	4.57783	
0.461533	4.57783	
0.100875	2.31755	
-0.949783	-0.652701	
-3.0714	3.11259	
-0.00877368	2.83359	
2.63572	1.97888	
-2.86239	0.466921	
5.20388	2.692	
-1.02643	-1.50081	
0.372018	1.59485	
-0.527513	1.83009	
1.59753	3.10195	
-4.75111	0.449016	
-3.29879	0.0411804	
3.23434	4.65131	
1.12575	3.11546	
1.66239	3.85313	
1.68549	3.9947	
-1.52633	6.71498	
-3.68248	0.624143	
-0.372097	1.27543	
-2.31494	1.13742	
-4.17129	0.0155241	
3.3235	4.72975	
2.14285	3.93223	
-3.34311	-0.0732289	
-1.68143	-2.05857	
0.372004	1.59509	
3.45015	4.76076	
2.41593	3.67954	
-2.27536	-0.335171	
-4.20351	-0.055149	
2.91604	4.17974	
-4.22128	-0.0981653	
-2.58746	5.09275	
-2.39215	-0.216928	
-4.14017	0.200628	
1.335	3.29297	
3.25281	1.5936	
1.38491	3.29213	
-1.68207	-1.99134	
0.971199	3.24881	
-3.41383	-0.212325	
1.06034	3.21461	
-4.22129	-0.0984278	
-4.15491	0.310951	
1.3849	3.29213	
-4.20326	-0.0554	
-3.30119	0.174661	
-3.86115	3.13756	
0.107439	4.30609	
-2.39215	-0.216928	
1.31739	3.22827	
-4.14019	0.200622	
1.41763	3.28631	
1.07538	3.19076	
2.99863	1.15461	
-4.20327	-0.0554012	
-0.334628	0.77237	
-3.40561	-0.823735	
-0.215893	1.08462	
1.13654	3.79169	
4.80577	1.91401	
0.204714	4.29244	
2.18416	3.85234	
-4.14019	0.200626	
-3.52151	-4.16719	
3.84943	2.22378	
0.0209386	1.74524	
-2.51541	-0.135195	
-3.19873	2.60121	
-3.29891	0.0409541	
2.01279	3.92866	
-3.40948	-0.178631	
0.343111	1.54084	
4.79157	1.66764	
-0.21339	1.88596	
3.43774	5.91414	
3.22908	1.68154	
-4.14884	3.76497	
3.08875	4.76044	
-6.38742	0.449713	
4.3864	2.52922	
-5.54861	0.287443	
-2.74576	-0.627991	
-3.40949	-0.178578	
-2.89901	3.65053	
-2.39168	-0.21692	
-2.87206	0.509038	
-4.03203	0.0085246	
-4.15609	-0.10891	
1.03696	3.26242	
-0.96337	0.69369	
-7.25181	0.2139	
0.829419	3.61825	
-3.61035	-0.568311	
0.039493	-1.66969	
-1.4556	0.930872	
0.247762	-1.29332	
-0.0204524	-0.0765495	
-1.64234	0.290414	
-0.447409	-0.409233	
0.506232	-0.414097	
-1.64233	0.290412	
-0.020448	-0.0765497	
-1.85787	0.791609	
-1.64233	0.290412	
0.247767	-1.29333	
2.1477	-0.177816	
0.22296	-1.12557	
-0.0204442	-0.0765561	
-1.85786	0.791604	
0.852469	-1.27492	
-0.0204375	-0.0765612	
-1.85786	0.7916	
-1.64232	0.290407	
-1.64232	0.290407	
0.708084	-1.80786	
-1.85785	0.791595	
-1.76039	0.302391	
1.88933	-0.226007	
0.222963	-1.12558	
-0.0204345	-0.0765676	
1.88933	-0.226009	
0.590257	-0.710312	
0.247754	-1.29335	
0.590258	-0.710315	
-1.85784	0.791587	
-1.05159	0.151669	
0.247757	-1.29335	
0.222938	-1.12558	
-2.52977	-1.21488	
-0.447383	-0.409246	
-0.964842	0.649476	
-0.470913	0.500272	
-1.6423	0.290398	
0.247755	-1.29336	
-0.333921	-1.59765	
3.82033	-0.760721	
0.000330534	-1.67313	
0.0158831	-0.0379023	
-0.447395	-0.409252	
0.210976	0.1524	
-1.85783	0.791572	
-1.85783	0.791572	
0.247742	-1.29335	
-0.0204509	-0.0765733	
2.97544	0.00671123	
-1.64229	0.290385	
-0.447388	-0.409254	
-1.1297	-1.30238	
-0.0204435	-0.076572	
0.590266	-0.710313	
-1.46693	1.56342	
-1.64229	0.290385	
0.247746	-1.29335	
1.96587	-0.0617491	
-1.8135	0.957938	
-0.0204361	-0.0765783	
-0.865809	0.794378	
0.247748	-1.29336	
2.14774	-0.177783	
3.79314	0.0581079	
0.590268	-0.71032	
0.0751397	-0.705412	
0.893562	-0.870875	
-1.99405	0.925939	
-1.85781	0.791532	
-1.85781	0.791533	
0.0996839	0.0515617	
-0.447373	-0.409258	
-1.64228	0.290373	
-1.8578	0.79153	
1.217	-0.229941	
0.727024	-1.83387	
-0.44737	-0.409262	
-1.64227	0.29037	
0.590282	-0.710307	
0.495566	-1.03019	
-0.447366	-0.409265	
0.200657	0.0926761	
1.21701	-0.229932	
1.88938	-0.225946	
-0.0204281	-0.076586	
0.222869	-1.12561	
0.247723	-1.29337	
-1.77618	0.0976278	
-2.00854	5.25886	
-0.0678478	-1.8955	
-0.352494	1.33345	
0.257144	4.72207	
-1.34242	-2.16984	
-2.08448	3.82553	
1.71834	1.92854	
1.89788	1.50552	
-2.95966	-0.849241	
3.67355	2.89414	
-2.56232	-0.86784	
-2.24657	-1.87184	
-0.278445	2.3536	
-3.71522	-1.31825	
-0.42082	2.48608	
-2.86888	-2.60481	
2.32294	3.78779	
-2.02526	-3.51892	
-1.77812	-1.63093	
-2.20044	-0.417051	
3.23933	3.43624	
-0.977263	-0.914479	
-1.69921	-0.00306637	
2.82079	3.82034	
-3.7579	-1.70893	
-4.21251	-0.209859	
1.6812	3.07667	
-1.86815	-3.56897	
-2.56231	-0.867777	
-3.52126	0.814836	
-0.114471	1.30049	
3.54484	2.34962	
0.256991	4.72209	
-0.349579	1.56819	
0.592487	-1.89291	
-0.842949	0.458214	
0.518405	-3.71296	
-0.197989	2.09069	
-4.81424	-0.888588	
1.374	3.06644	
-1.31906	-1.60272	
-0.679119	5.90926	
-5.69948	-1.25457	
-1.51718	-1.47011	
-3.80288	-1.09292	
-1.77618	0.0976632	
-1.03892	3.95792	
1.18077	2.95763	
0.256989	4.72208	
-2.30291	-0.404966	
-0.270879	1.34682	
-3.86384	-1.62254	
-1.85363	-1.38213	
-1.43085	-1.54087	
-1.85168	-3.26513	
3.37237	3.23576	
-0.32233	2.35338	
0.832915	4.13534	
-1.31905	-1.60268	
1.27623	1.62074	
-4.09253	-1.73868	
0.00903943	3.2769	
-0.420915	2.48607	
1.79156	3.02114	
-3.00856	-2.77919	
-1.65357	-0.950474	
-1.38722	-1.23059	
-2.33601	-2.26911	
-3.69129	-0.209642	
2.3339	1.21	
-1.31896	-1.60265	
-3.87519	-1.44072	
-0.921123	0.346581	
3.10679	3.60426	
-2.05467	-2.05059	
-1.14588	-1.93705	
-5.02176	-2.48722	
-2.89916	-2.48039	
-0.420928	2.48607	
-0.0679136	-1.8955	
-4.08119	-2.10027	
2.5054	3.26974	
-0.976091	-1.02892	
-0.322321	2.35348	
-2.41484	-2.23369	
4.53629	2.66881	
-3.4438	-2.331	
0.179561	4.21344	
-3.06566	0.460839	
-0.803154	1.18941	
2.02634	2.49842	
1.20089	0.0736917	
3.31044	3.59184	
1.64461	2.95986	
-0.643039	1.86008	
0.0717649	2.44861	
-1.6985	-1.13908	
2.77753	3.23017	
-3.65863	4.48656	
0.883616	-1.75117	
0.716795	4.53332	
0.50623	3.98308	
-3.42236	-0.851954	
-0.521577	1.5836	
2.70042	-1.76019	
0.0902771	3.1648	
1.7763	2.03216	
0.785823	4.58993	
0.709784	1.29468	
1.03881	3.02845	
-0.235412	0.421969	
1.58087	3.71173	
0.125176	-1.72232	
3.29164	3.60897	
-0.958016	0.512277	
3.25023	3.6629	
0.835848	2.04987	
0.281913	0.558371	
2.66067	3.15337	
-5.24321	0.218097	
-0.858929	2.4238	
2.18119	3.76028	
-0.958011	0.51228	
-0.333311	0.913036	
0.621152	1.34269	
0.517572	0.909069	
-0.3854	-2.10148	
0.161249	3.10739	
3.38564	-2.37948	
0.884262	2.66333	
0.709796	1.2947	
0.163142	0.0696312	
4.26436	1.26651	
0.14051	2.27511	
-0.678869	2.2322	
4.07322	1.88196	
2.82477	4.16434	
0.621164	1.34272	
3.27674	3.62473	
-0.486931	0.118856	
1.07253	-1.94711	
1.69229	-0.0975035	
3.27219	3.61877	
3.21926	2.0705	
0.140505	2.27511	
0.0902513	3.16483	
-2.97764	-2.32512	
0.161246	3.10741	
-0.84539	4.98588	
-0.874478	1.01618	
-2.4456	0.582201	
0.499604	3.91929	
-0.734916	-1.51065	
0.0406685	1.63291	
-0.874479	1.01619	
2.78104	3.22557	
1.83239	2.94803	
0.571496	1.37032	
-0.858938	2.42381	
0.571498	1.37032	
1.23597	1.59848	
-3.31045	-1.96453	
1.77515	-2.42672	
0.709843	1.29472	
-3.26015	3.34806	
1.64466	2.95987	
-4.57018	-0.0637638	
3.38621	4.34433	
2.64494	4.25292	
0.140539	2.27511	
-0.537411	5.92182	
2.35335	3.51124	
0.161261	3.10741	
-0.312653	0.890786	
-0.181293	-1.09745	
0.35118	1.84518	
2.0882	4.32723	
-0.643056	1.86008	
1.20592	2.14765	
2.51636	0.1904	
3.87382	1.09912	
0.940657	0.0303605	
-1.01106	2.18587	
2.08503	0.741338	
-1.59646	4.1379	
-0.938554	2.75444	
0.0827059	0.238491	
2.57252	0.493551	
0.709497	1.60648	
3.88015	1.13569	
3.35762	-1.13723	
-1.36286	1.82544	
-1.06064	1.8395	
0.381259	1.32632	
0.38126	1.32632	
-3.10613	5.67537	
1.33961	2.53128	
0.0827033	0.238488	
-0.871539	1.28932	
-0.639918	2.03015	
-1.47491	0.294404	
0.530309	1.54043	
-0.938541	2.75443	
-0.938541	2.75443	
0.580678	0.629659	
-0.274128	3.21916	
0.53031	1.54041	
0.0462738	4.77092	
1.30154	3.53878	
-1.36284	1.82545	
3.13766	1.2592	
-1.02755	-1.10701	
1.00681	-0.0926343	
1.99309	0.898415	
-0.938528	2.75442	
0.082673	0.238515	
3.64244	2.25467	
0.381303	1.32631	
0.518977	-0.94959	
0.367515	0.942692	
2.51634	0.190306	
1.26309	-1.56475	
-0.0814498	0.165159	
1.33722	0.6841	
1.70411	0.632298	
1.36644	0.303877	
-0.938431	2.75439	
2.085	0.7414	
2.51635	0.190285	
0.000755623	0.373099	
0.530389	1.54034	
0.0827252	0.238464	
-1.36273	1.82541	
0.0827292	0.238462	
0.530394	1.54034	
-1.10646	1.61358	
-0.938429	2.75439	
3.58546	0.888359	
-0.386099	1.30385	
1.36646	0.303868	
0.0632096	0.101754	
0.991425	2.65806	
0.000743714	0.373083	
1.49069	3.76296	
-1.36273	1.82541	
-0.938424	2.75438	
1.33723	0.684095	
-1.01073	2.18585	
0.381318	1.32629	
1.17135	-0.374631	
1.00679	-0.0926841	
0.299998	0.778957	
-1.42936	2.01146	
0.0827104	0.238448	
-1.10647	1.61357	
-0.393959	1.57672	
0.381314	1.32628	
1.54486	0.957216	
-1.31686	4.17574	
0.0407846	1.63295	
1.21682	0.74952	
0.530399	1.54033	
1.85165	1.09992	
-0.871463	1.28931	
0.909158	0.737996	
0.0827107	0.238442	
0.299971	0.778957	
0.910765	-0.577104	
0.530394	1.54032	
0.652613	-1.69742	
-1.74014	1.0412	
-1.96821	0.413184	
-1.71753	1.98264	
-0.488667	2.1174	
-1.60376	-1.64933	
-1.41468	0.0549566	
-2.44938	1.87185	
-2.50254	1.68642	
-1.96823	0.413178	
-1.31307	1.99511	
-1.96823	0.413177	
-0.0771627	2.88797	
-0.85223	-1.70976	
-1.41455	0.0547902	
-1.74013	1.04108	
-1.68891	2.09812	
0.255455	-2.62398	
-2.44907	1.87293	
-0.127186	0.699382	
-2.31879	0.219653	
1.90094	2.03801	
-1.4386	-1.78091	
1.02242	1.65959	
-2.22247	0.181252	
-1.74014	1.04107	
-1.96817	0.413082	
-1.96817	0.413081	
-2.08509	-0.297184	
4.02362	-2.42685	
-1.96818	0.41308	
-1.97185	0.663724	
-0.169748	-2.32396	
-2.37179	-1.23095	
-0.962341	-1.09548	
-1.68887	2.09813	
-1.60423	-1.64845	
-1.74015	1.04106	
-2.13488	0.948416	
3.41089	-2.98485	
1.46921	-3.41105	
-1.96818	0.413079	
-1.15094	1.41493	
0.957131	2.15673	
-0.0611984	0.872015	
-1.96818	0.413077	
-1.15095	1.41492	
0.401697	-2.15417	
-0.0975666	2.82195	
0.751542	-3.09824	
-2.38026	1.82781	
-1.68882	2.09816	
2.95612	1.02108	
-2.35303	0.0326782	
2.20403	-3.09914	
-1.31676	0.577873	
-0.317235	1.97576	
-1.15096	1.4149	
0.401699	-2.15417	
-0.0771419	2.88792	
0.401701	-2.15417	
-1.66445	0.0849384	
0.165329	3.27257	
-0.653493	2.56676	
-2.26872	-1.29771	
-1.96819	0.413078	
-1.41456	0.0547755	
1.87177	0.442023	
-1.74016	1.04107	
2.11904	-2.93511	
-2.20429	0.969415	
-1.96819	0.41308	
-1.96819	0.413079	
2.75842	1.29205	
-0.0975992	2.82196	
-2.31882	0.219671	
-1.96819	0.41308	
-0.182611	0.426157	
0.401708	-2.15417	
-1.96819	0.413078	
0.320355	2.15604	
-0.623068	-1.53629	
-1.96819	0.413076	
-1.15096	1.41489	
-2.31882	0.219669	
-2.5554	1.6838	
-2.54727	0.974189	
-2.14097	1.79039	
-1.41456	0.0547689	
-2.31884	0.219677	
0.907013	-0.447653	
-0.447762	-0.4094	
2.58404	0.56131	
2.24489	-1.35988	
1.69773	0.846799	
2.09668	-0.263476	
0.0155812	-0.0380494	
1.57576	-0.916207	
1.65197	0.0369016	
4.1439	0.864574	
1.81785	-0.0266345	
4.08966	-0.880855	
-0.447753	-0.409401	
-0.447754	-0.409401	
1.13704	-0.100553	
2.58405	0.561325	
1.50857	0.43146	
1.38722	-0.178546	
-0.277169	-1.13887	
1.38722	-0.178545	
2.58797	-0.843922	
3.8003	-0.669295	
4.13645	-1.15394	
2.58405	0.561335	
2.09817	1.04194	
1.84162	-0.524984	
0.130692	0.0577777	
2.46092	0.405234	
2.06426	-0.570644	
2.58404	0.561342	
2.06426	-0.57064	
2.17255	-0.545384	
-3.18615	-0.352847	
1.64212	-0.828565	
2.58404	0.56135	
3.84617	-0.241226	
0.0350515	0.368196	
1.77023	3.40436	
2.4609	0.405263	
1.43576	-0.856932	
2.09661	-0.263451	
1.3872	-0.178562	
4.14393	0.864506	
3.11074	-0.179916	
1.88414	0.649467	
-0.823965	2.46851	
-1.45558	0.930644	
2.58404	0.561356	
2.24485	-1.35993	
2.06424	-0.570626	
0.0156033	-0.0380584	
0.0156034	-0.0380584	
-0.277139	-1.13885	
2.36902	-2.01789	
2.14785	-0.17765	
1.27999	-1.23912	
-4.68769	2.35581	
2.58797	-0.843956	
2.4609	0.405291	
-1.45557	0.930638	
3.55251	0.799179	
2.14784	-0.177647	
3.9721	-0.790049	
-0.404175	0.40139	
0.0156062	-0.0380631	
2.92534	-1.10922	
3.925	-1.59899	
-0.823959	2.46851	
3.44067	-1.09422	
1.38719	-0.178581	
2.14784	-0.177651	
-3.18615	-0.352815	
3.03739	-0.655798	
2.17252	-0.545396	
2.58797	-0.843988	
-0.289375	-0.722768	
-0.277113	-1.13885	
0.0748917	-0.705499	
2.14784	-0.17765	
-3.64188	3.44742	
-0.277109	-1.13884	
3.84621	-0.24171	
-0.277107	-1.13884	
-2.98433	1.70206	
2.06421	-0.570613	
1.18471	-1.34653	
2.46089	0.405308	
3.01743	-1.93237	
0.0156258	-0.0380679	
1.78628	-0.645787	
3.12821	0.650481	
2.41392	2.37906	
2.342	2.30222	
2.41392	2.37906	
2.17253	-0.54539	
2.41392	2.37906	
2.08508	0.741475	
1.41821	3.04457	
-2.28134	-1.11372	
1.7825	2.86088	
0.000614012	2.74761	
2.57238	0.493856	
2.58886	1.79285	
1.73583	-0.714405	
1.78249	2.86088	
2.41391	2.37907	
2.10976	1.76918	
1.92085	2.49997	
1.92085	2.49998	
-0.49481	-2.08632	
3.16236	0.962331	
3.10998	0.135612	
2.342	2.30221	
2.41391	2.37907	
0.518927	-0.949741	
2.41391	2.37907	
2.42093	2.20503	
2.08508	0.741459	
2.08508	0.741459	
0.895865	1.58426	
2.08508	0.741458	
1.78246	2.86088	
2.27532	2.45074	
2.58883	1.79285	
1.5505	2.95438	
2.48409	2.28627	
1.7549	2.89172	
2.68188	1.76599	
2.48409	2.28628	
2.48409	2.28628	
2.08508	0.741465	
2.80127	-1.5816	
2.08507	0.74148	
0.443574	2.09916	
2.58881	1.79287	
2.73664	1.59613	
2.08507	0.741481	
1.10854	1.67681	
2.48408	2.28631	
1.72352	1.72432	
2.27226	2.36527	
1.8128	1.40586	
1.78057	2.222	
1.35983	0.580864	
3.26702	0.54598	
2.17317	1.4759	
1.41766	2.5452	
2.48417	2.28628	
0.790573	1.50452	
2.41386	2.3791	
1.78308	3.58642	
1.6676	2.59988	
1.7832	2.64759	
-0.872272	-2.26889	
2.41385	2.37909	
3.30371	2.25999	
2.42092	2.20504	
2.41384	2.37908	
2.27526	2.45074	
2.48417	2.28624	
-0.833591	-0.942627	
2.48419	2.28623	
2.08506	0.741472	
-0.0526423	2.73465	
2.56424	2.01629	
0.883873	1.77868	
3.17098	-0.0284031	
2.58089	0.847494	
2.58878	1.79287	
2.68186	1.76598	
2.1725	-0.545341	
0.243455	3.1409	
3.30308	0.118404	
1.78231	2.86091	
2.42089	2.20505	
2.58877	1.79287	
2.27522	2.45076	
1.7823	2.86091	
0.633988	-1.74173	
2.44831	1.8727	
2.57986	-1.20274	
2.57986	-1.20274	
1.63753	-1.32379	
-0.14565	-0.800065	
2.60138	-0.443918	
1.63753	-1.32379	
2.24483	-1.36	
-0.234109	0.0135337	
1.74583	-1.57793	
-1.45882	0.772152	
1.63749	-1.32383	
1.38048	-0.648514	
1.6375	-1.32383	
1.6375	-1.32383	
2.86464	-1.38015	
1.84149	-0.52528	
1.72925	-0.482596	
-1.72585	1.71257	
1.60405	0.345807	
-2.65446	-0.758693	
1.63749	-1.32384	
-1.3976	0.677436	
-1.88642	-1.8562	
0.980975	-0.640795	
1.72925	-0.482598	
-0.234055	0.0135358	
1.63749	-1.32384	
1.86417	-0.938037	
2.57889	-0.422655	
2.33064	-0.929147	
1.30115	-0.425326	
-1.39759	0.677436	
2.21089	-1.07387	
1.38895	0.20245	
-1.76346	1.72834	
1.09019	-1.80797	
-0.0545046	-0.14036	
2.4608	0.405233	
1.09712	-0.793401	
-0.236151	0.22824	
2.9231	-0.926715	
2.56746	-0.539901	
2.57993	-1.20269	
-0.737832	-0.308343	
2.33059	-0.929227	
0.274714	-0.322759	
-2.13488	0.948139	
2.21086	-1.07393	
-1.11218	-0.886774	
-2.7244	1.67636	
1.63748	-1.32385	
1.72924	-0.482619	
1.63748	-1.32385	
-1.81987	1.7404	
1.38047	-0.648547	
1.727	-1.16309	
1.38047	-0.648551	
2.52921	-0.332856	
-1.42674	1.52385	
2.33058	-0.929206	
2.21085	-1.0739	
1.67289	-1.62893	
1.6729	-1.62893	
1.63743	-1.32386	
2.63558	-0.697102	
-0.457712	-0.477471	
3.02103	0.18411	
2.58786	-0.843812	
1.72921	-0.48263	
1.63743	-1.32386	
2.33057	-0.929198	
0.635784	-1.94653	
0.220504	-1.28383	
-1.0212	-0.688809	
3.02103	0.184091	
2.53773	-0.94493	
-0.289171	-0.722765	
-1.98142	1.91084	
-0.233945	0.0135347	
2.21086	-1.0739	
2.33055	-0.929266	
1.65641	-1.98385	
1.6374	-1.32386	
2.33054	-0.929254	
1.67283	-1.62893	
1.73556	-0.714305	
3.02103	0.184094	
1.63737	-1.32387	
2.24484	-1.35996	
2.58032	0.731522	
-4.20384	2.26728	
1.91826	-1.3572	
-1.67324	2.46264	
1.01158	2.14441	
-2.60435	2.47728	
0.291185	-3.14092	
1.97444	-1.64081	
-3.36076	1.67435	
1.72915	-0.482641	
2.61596	-2.59986	
-1.85788	0.791358	
-0.0266479	-1.01962	
-1.14714	0.774609	
1.80386	4.62853	
-4.26822	1.00056	
1.40272	-2.18172	
-1.60564	-1.31871	
2.1562	1.10198	
-2.22227	0.181254	
1.63738	-1.32386	
0.489739	-0.81295	
-2.45007	4.17072	
1.78602	-0.64578	
-2.79229	-2.3114	
-0.244689	-3.20209	
-0.22188	1.7402	
-0.295111	3.71886	
-0.266021	-3.27432	
-0.0266449	-1.01962	
1.6188	0.334932	
-0.385431	4.71159	
2.40604	1.93877	
0.511402	-3.05261	
1.72679	-1.16305	
-0.980386	2.60403	
-2.06065	0.879553	
-1.83224	-2.99802	
-0.178752	1.83454	
1.22162	0.797022	
2.21085	-1.07388	
0.486463	-0.638964	
-2.55368	-1.14014	
0.64992	0.72109	
-2.87498	3.38108	
-0.218681	1.64449	
1.48212	4.24548	
2.21085	-1.07388	
2.21085	-1.07389	
-2.09548	1.69645	
-4.39144	1.82483	
-2.06065	0.879551	
-0.63967	2.02986	
0.291168	-3.14093	
1.97448	-1.6408	
1.32347	-0.773361	
-2.93241	-2.23034	
0.928998	2.13457	
1.95218	2.6273	
1.93226	-1.28249	
-4.2453	0.626853	
-1.55099	1.27494	
-4.10476	1.18582	
-2.40278	4.1317	
-1.21083	0.721766	
-1.42592	-0.515281	
3.22102	0.723332	
0.110648	-3.3113	
-3.27253	2.30973	
1.61881	0.334915	
0.221899	3.1774	
-0.564662	2.68036	
2.0453	2.42385	
2.9581	1.25447	
-1.49346	-1.41082	
-1.4259	-0.515267	
1.04102	0.535793	
2.42337	0.310484	
2.42337	0.310481	
2.42338	0.310478	
3.96953	-1.42749	
-3.28891	2.27772	
-1.23307	1.91108	
1.22493	0.55279	
-3.63525	1.56545	
-2.87947	3.35554	
4.91791	-0.381243	
-2.09543	1.69647	
-0.980364	2.60399	
-2.22224	0.181245	
3.75015	-1.76652	
1.2309	-3.15913	
-4.35366	1.95883	
-4.12267	-2.20234	
-1.98699	-4.89901	
2.66746	-4.20011	
-0.673269	-1.46616	
5.94155	0.377639	
3.49572	-3.42622	
1.33582	4.69184	
1.04954	-0.97434	
-0.0295388	-5.21112	
-2.17448	-5.54983	
2.64295	-4.12259	
2.52601	-3.72038	
3.91876	-3.63988	
2.66754	-4.20003	
3.20792	-4.62015	
1.04956	-0.974309	
5.4718	1.25819	
2.34662	-2.63403	
5.33284	0.278896	
1.36955	-1.14698	
2.78905	-4.05021	
-1.33273	-5.6534	
2.26	-3.90012	
-1.84231	-4.16675	
4.81877	1.40493	
0.114919	-1.35639	
3.17658	-4.56421	
2.26266	-4.32439	
1.04972	-0.973968	
1.36965	-1.14686	
-2.41915	-3.87267	
3.85589	-3.60604	
1.36969	-1.14683	
5.33292	0.279113	
-2.16884	-5.1824	
3.08115	-3.72154	
0.633534	-2.03567	
2.52624	-3.72029	
3.04728	-4.19923	
3.92601	-3.5583	
1.10081	-0.663322	
-3.42873	-3.83657	
-0.368345	-1.45951	
0.212188	-2.11308	
-3.3394	-3.8013	
-1.6203	-5.69636	
4.43924	-3.97432	
1.36971	-1.14681	
0.911808	-1.26728	
2.64347	-4.12247	
1.23157	-3.15906	
4.13803	-2.75129	
2.52624	-3.7203	
5.92538	-0.0119083	
-2.0277	-5.23492	
3.08119	-3.72153	
-0.356875	-1.33146	
-4.4045	0.491275	
1.04975	-0.973834	
1.04976	-0.973823	
-0.467772	-1.31845	
3.6795	-3.27709	
2.64345	-4.12249	
0.466591	-1.42813	
1.36969	-1.14685	
3.83625	-3.64422	
1.37639	4.67115	
2.2627	-4.32442	
1.03774	-1.31572	
4.01472	-3.47001	
4.15081	-3.60788	
3.04721	-4.19936	
1.3697	-1.14683	
-1.83586	-4.16783	
4.01483	-3.47003	
-1.83214	-4.16835	
1.05002	-0.973121	
3.94675	-3.80419	
2.52646	-3.72023	
5.95206	0.262459	
3.39649	-3.25788	
1.05003	-0.973098	
1.36988	-1.14661	
1.76586	4.24375	
2.66874	-4.19972	
2.66872	-4.19974	
-1.82866	-4.16885	
1.37	-1.14646	
-2.16131	3.42304	
-0.806746	2.0023	
-1.85831	3.99597	
-0.318669	4.76495	
-0.0900274	2.92956	
-0.0518604	2.38541	
-1.85831	3.99597	
0.299825	3.22343	
-2.52256	3.11817	
-1.63395	4.11938	
-0.548502	2.39753	
-1.81237	4.01613	
-0.965033	2.75407	
2.54537	0.255037	
-2.40348	3.23403	
-1.75451	4.05857	
-1.1643	2.66416	
-0.0973679	2.82195	
-1.16156	3.7744	
-1.1643	2.66416	
4.19781	-0.925095	
-1.85832	3.99596	
-2.3235	3.28701	
-1.85832	3.99596	
-0.802981	1.18925	
2.29982	0.519968	
-1.09349	2.67867	
-1.90094	3.97246	
-1.81242	4.01607	
-1.20905	4.49366	
-1.1643	2.66415	
-0.835526	4.67312	
-4.89306	3.24059	
-1.91487	3.29924	
-0.965046	2.75405	
-0.629931	2.28889	
-0.415571	4.78041	
-1.51319	4.17507	
-1.2584	1.0368	
-3.80871	2.7853	
-1.46753	4.07563	
-1.16432	2.66401	
4.01958	-1.46906	
-1.16431	2.66401	
-1.66218	4.12177	
-5.68268	1.41956	
0.946232	4.23126	
0.197732	2.33552	
0.0837589	3.2515	
-1.85826	3.99603	
-1.75455	4.05852	
-0.349772	4.78712	
-0.449531	1.92823	
-1.14247	4.51376	
-1.16431	2.66401	
-1.16431	2.66401	
-0.64283	1.8598	
-1.16431	2.66401	
-0.639257	4.43375	
-1.84755	2.51767	
-2.41316	3.21625	
-1.91489	3.29923	
-2.47226	3.14905	
-1.06045	1.83908	
-1.07352	4.538	
-0.0973237	2.82188	
-1.209	4.49369	
-1.85826	3.99603	
-1.06045	1.83908	
-1.9149	3.29923	
-2.02578	3.74142	
-2.16129	3.42308	
-1.07351	4.538	
-1.46756	4.07565	
-1.85827	3.99602	
-0.788579	2.82118	
-1.79353	4.04267	
2.03522	2.38103	
-1.85827	3.99603	
-0.702182	2.07605	
2.54544	0.254925	
-1.32953	1.85892	
-0.236299	2.35383	
-0.967298	4.64932	
-0.77091	4.39815	
3.5788	3.01546	
-0.454181	4.70086	
-1.85827	3.99602	
-1.16431	2.664	
-1.16431	2.664	
-0.306283	-4.69124	
-1.56306	-4.91033	
-0.721645	-4.7767	
-0.0778819	-3.23491	
0.135211	-0.300739	
0.282487	-2.36583	
0.308011	-1.65817	
-0.0941188	-3.18917	
-2.02513	-4.36467	
-3.14186	-4.94927	
-1.39179	-5.64415	
-0.239662	-4.72576	
0.123067	-2.43422	
-2.62657	3.48793	
-2.95436	3.20136	
-2.12008	-0.646641	
0.167542	-4.8357	
-0.0941516	-3.1892	
-1.56312	-4.91031	
-3.18952	0.449583	
-0.210546	-3.85749	
-0.375198	-5.74948	
0.167523	-4.8357	
-0.0696667	-1.85277	
0.777893	-0.697731	
-3.05437	-4.28608	
-2.80606	-5.45332	
-2.00834	-4.77353	
-0.996113	-3.86619	
0.336269	-3.447	
-2.26397	-4.64655	
-1.17197	-4.60277	
-2.55069	3.60565	
1.86465	-0.937365	
0.308012	-1.6582	
0.167418	-4.8357	
0.167421	-4.8357	
-0.723855	-2.09732	
0.624903	-0.404527	
2.19168	3.02086	
-0.324867	-4.51083	
-1.72818	-2.91045	
-0.374282	-5.99611	
-2.0084	-4.7735	
-4.34977	1.97307	
-0.370313	-5.16524	
0.141528	-0.422746	
-1.56321	-4.9103	
0.247302	-4.84366	
-2.19828	-3.75573	
1.43063	-1.06192	
-3.20859	3.38005	
-1.44391	-4.91476	
0.640059	-1.22575	
-2.04858	-5.99084	
-0.324976	-4.51081	
3.02561	-1.88729	
0.167309	-4.83568	
-0.683064	-4.40974	
0.654987	-1.28638	
-2.3512	1.47467	
-0.161278	-5.42525	
-3.40548	1.67447	
-1.07981	-2.56499	
1.10094	-0.663017	
-0.324944	-4.51081	
-0.144535	0.77617	
-2.95325	2.18425	
2.48471	-1.69345	
-0.817839	-4.45868	
-2.26385	-4.64652	
-0.103929	-5.4458	
-0.513765	-5.50902	
-0.683029	-4.40974	
-0.167898	-1.60893	
-3.52221	0.797643	
-4.62244	-0.687125	
-0.395687	-4.8293	
-2.73407	3.06424	
-4.28705	2.08951	
-2.73406	3.06424	
-1.56328	-4.91024	
-0.210733	-3.85749	
0.640015	-1.22577	
-3.66127	1.63052	
-0.199668	-3.99602	
-1.36097	-4.24684	
0.552231	-5.13295	
-2.39549	2.52345	
2.94439	1.69918	
0.0610089	-0.58971	
-1.87534	0.183333	
-1.79498	-1.22543	
-1.66408	0.0847428	
-1.99065	-3.89632	
2.4456	-1.31766	
-1.00107	-0.390657	
0.949534	-2.41983	
1.25711	-0.770353	
-2.17873	-2.03217	
-1.74002	1.04074	
-1.45854	0.771934	
-1.10599	-2.62454	
-0.586041	-2.8044	
-0.407678	1.80717	
-1.79492	-1.22544	
1.76557	-1.99312	
0.949539	-2.41983	
2.37622	0.858475	
-0.874125	1.01602	
2.17294	-0.544669	
-1.45852	0.771953	
1.00881	0.228239	
-2.47592	0.481274	
-1.96556	-1.38515	
-0.439	0.293044	
1.21394	-0.457966	
-1.91575	1.63134	
-1.66401	0.084752	
2.44563	-1.31763	
0.644776	2.06957	
-1.88953	-1.27772	
-0.585999	-2.80438	
-2.49873	1.31178	
2.17294	-0.544669	
-1.96561	-1.38513	
-1.91428	1.50411	
0.635091	-2.38025	
2.09977	-0.716631	
-1.66401	0.084741	
-0.585986	-2.80437	
3.15907	-0.300014	
1.76561	-1.99308	
-0.381428	1.23091	
2.17294	-0.544665	
1.65212	0.0373502	
2.44564	-1.31761	
4.09714	-1.34021	
1.27415	-3.95121	
-0.620453	-2.12939	
1.65242	-0.152887	
2.4095	-1.22951	
-0.407562	1.80723	
-0.812809	0.829245	
-2.65894	-0.0757072	
-0.104755	-0.526521	
-0.407527	1.80727	
-2.596	-0.405999	
-0.289074	-0.722681	
1.00884	0.228255	
-0.620426	-2.12938	
2.01332	-0.340911	
1.76561	-1.99306	
2.44559	-1.31763	
0.949599	-2.41978	
3.10281	-0.411658	
-0.289059	-0.722683	
1.76564	-1.99304	
-1.9157	1.63135	
-1.45848	0.771973	
-2.08626	-1.18917	
-1.45848	0.771974	
3.16473	-0.514591	
-1.46892	-2.48241	
-1.02519	-2.7119	
0.949615	-2.41977	
-3.98893	-1.10104	
2.17293	-0.544684	
-1.45847	0.771977	
3.08277	0.489293	
3.24956	0.0741983	
2.17293	-0.544677	
-1.46891	-2.4824	
-4.44768	1.15617	
-0.874061	1.01604	
-0.937152	-2.68098	
3.16473	-0.514564	
1.09375	-1.4684	
1.22636	1.11358	
2.4095	-1.22947	
-0.026986	-1.01939	
-0.120055	-3.78406	
-0.675107	-3.68161	
2.53848	-0.944186	
2.18189	-1.42466	
-0.181702	-1.94294	
-1.30875	-0.71392	
3.38127	-0.963906	
0.915131	-2.7693	
-0.789469	-1.1327	
1.47125	-2.55091	
-1.36325	-0.846261	
-2.51078	-1.91872	
-0.723564	-1.3087	
-2.393	-1.02842	
-0.723563	-1.3087	
0.247763	-1.29309	
0.915135	-2.76931	
-0.00176041	0.739012	
1.14681	-2.82573	
0.0524137	-1.4452	
3.11151	0.938795	
-3.14327	-1.77873	
-0.120061	-3.78402	
2.17294	-0.544663	
-0.985518	-5.11713	
0.401776	-2.1538	
1.25648	-3.05297	
2.42146	-2.32425	
0.308013	-1.65819	
1.14682	-2.82573	
-2.8446	-3.17509	
-1.17591	-0.772777	
-4.66506	-1.26707	
3.12086	0.741461	
-1.883	-4.01263	
-2.96965	-3.02418	
1.14674	-2.82576	
-1.51494	-3.83342	
-2.84462	-3.175	
3.14204	-0.631676	
3.23794	0.471721	
1.53133	-1.99879	
1.45798	-1.91619	
0.915085	-2.76934	
-0.538473	-1.73428	
-0.12021	-3.78401	
2.73011	-2.57635	
-0.624086	-1.29579	
1.25648	-3.05299	
-0.120202	-3.78401	
-2.8446	-3.175	
-2.13992	-2.73671	
2.44823	-1.37832	
-0.181598	-1.94303	
0.226253	-1.32019	
3.10245	-2.19988	
2.98222	0.92257	
1.79802	-3.70302	
0.466784	-1.428	
3.50502	-0.524073	
-0.620108	-1.33286	
-1.33092	-0.692573	
-0.721954	-2.87968	
-0.120286	-3.78402	
-0.181709	-1.94297	
-1.14629	-0.774405	
0.75121	-1.36319	
3.2113	0.100606	
0.401807	-2.15387	
3.17193	-0.0269187	
3.50502	-0.524064	
0.669006	-0.470992	
-0.675333	-3.68162	
-0.120285	-3.78402	
3.2305	0.393286	
-1.1228	-2.3759	
-0.634004	-0.763237	
-0.693794	-1.41088	
-2.51043	-1.9188	
0.308036	-1.6582	
-0.277594	-5.16907	
-0.493817	-2.08566	
1.14681	-2.82575	
1.14681	-2.82575	
0.459417	-1.39082	
-0.0560625	-3.36149	
-2.30798	-5.07971	
0.0524344	-1.44527	
2.31293	-2.48267	
-0.727516	0.390031	
-1.55681	-0.790666	
-0.370575	-5.16507	
-3.51445	-4.77775	
-3.67545	-1.36824	
0.212757	-2.74754	
2.48197	-3.31007	
-3.48497	-1.20291	
-2.9839	2.36353	
0.915145	-2.76936	
-0.370582	-5.16507	
-3.36527	-3.7229	
5.93692	0.996388	
-0.461539	-5.57347	
3.25094	-3.60183	
3.0139	-4.21656	
-0.835265	0.00964563	
-1.53402	3.2878	
2.01072	-3.96367	
0.716327	-0.982596	
3.31375	-0.258677	
-1.56242	-4.91009	
-2.10505	-1.79404	
-0.145078	0.77552	
0.814142	-2.678	
0.12918	-5.48641	
3.0723	-0.141313	
-0.835254	0.0097409	
-0.348302	-4.85979	
0.746264	-0.65423	
-2.44251	-5.27116	
-3.01761	-0.492674	
3.0723	-0.141318	
-2.70263	-2.73536	
4.04272	0.279746	
0.442481	-4.11211	
3.44393	-0.961847	
-1.23281	-4.23994	
-0.905263	-5.13315	
3.50649	-1.80561	
-3.16645	-3.27754	
-0.972315	0.775937	
0.691214	-1.5427	
3.99343	0.675032	
1.39904	-2.72262	
-2.34228	-3.85588	
-0.576688	0.826251	
-1.49435	-5.56947	
4.27522	-3.1478	
5.46571	-0.0127842	
3.21352	-3.65975	
-1.00089	-3.51147	
-0.914582	-0.0649459	
3.31378	-0.258694	
-0.534521	-5.49023	
-1.63684	-5.56395	
-4.68997	-2.1185	
-1.58256	-4.09739	
3.82595	1.4941	
-0.762848	0.259993	
-2.26196	-4.6466	
-0.905357	-5.13313	
2.05148	-2.14197	
0.233116	-3.44694	
3.38742	-1.27936	
3.82594	1.49414	
3.3892	-1.16166	
1.60494	-3.3094	
-0.842038	0.377578	
-0.397259	-3.99226	
-1.4261	-4.11094	
-0.839508	-1.60457	
4.18499	-2.0406	
-1.82447	-3.62642	
-1.32405	0.454588	
-2.98727	-4.60723	
-0.67244	0.365608	
-2.59708	-5.23234	
2.36003	-2.46213	
3.09037	-0.273096	
-3.21938	-1.68916	
-1.75125	-0.951489	
-0.278785	-1.34632	
-0.835119	0.00991376	
3.90579	1.30988	
3.4959	-3.42641	
-3.38799	-4.83574	
-3.22073	-1.57797	
-1.17203	-3.51295	
3.33376	-4.01458	
0.652158	-1.69724	
-1.73996	1.0407	
-1.96797	0.412774	
-1.71776	1.98253	
-0.488758	2.11694	
-1.60149	-1.64797	
-1.41427	0.0540606	
-2.44954	1.87198	
-2.50299	1.68532	
-1.96799	0.412771	
-1.31306	1.99444	
-1.96799	0.41277	
-0.0768682	2.8881	
-0.786755	-1.6972	
-1.41428	0.0538194	
-1.74001	1.04061	
-1.68889	2.09776	
0.250655	-2.62293	
-2.44953	1.87321	
-0.129397	0.697893	
-2.31849	0.219311	
1.90134	2.03824	
-1.43584	-1.77952	
1.02303	1.65926	
-2.22215	0.180885	
-1.74002	1.04061	
-1.96803	0.412678	
-1.96803	0.412678	
-2.08429	-0.297738	
4.0221	-2.42795	
-1.96803	0.41268	
-1.97167	0.663177	
-0.170285	-2.32338	
-2.37079	-1.23147	
-0.961695	-1.09554	
-1.68889	2.09779	
-1.60161	-1.64584	
-1.74004	1.04061	
-2.13511	0.947429	
3.40913	-2.98753	
1.47007	-3.41074	
-1.96806	0.412681	
-1.15111	1.41419	
0.957443	2.15706	
-0.0606373	0.872471	
-1.96806	0.412766	
-1.15112	1.41418	
0.402027	-2.15411	
-0.097569	2.82223	
-2.6023	-1.88037	
-2.38154	1.82548	
-1.68887	2.09783	
-2.30393	-1.46358	
-2.35207	0.0316146	
2.2038	-3.09951	
-1.31723	0.576487	
-0.315854	1.97594	
-1.15114	1.41419	
0.402044	-2.15411	
-0.076995	2.8881	
0.402045	-2.15411	
-1.66398	0.0846614	
0.165697	3.27286	
-0.653773	2.56641	
-2.26786	-1.29812	
-1.96807	0.412777	
-1.41431	0.0538137	
1.87224	0.443017	
-1.74005	1.04063	
2.11876	-2.93539	
-2.20454	0.968761	
-1.96807	0.412778	
-1.96807	0.412778	
2.75635	1.29425	
-0.0974887	2.82222	
-2.31858	0.219327	
-1.96807	0.412779	
-0.18209	0.426435	
0.402055	-2.15411	
-1.96807	0.412778	
0.321057	2.15671	
-0.622682	-1.53585	
-1.96807	0.412777	
-1.15116	1.41419	
-2.31858	0.219331	
-2.55584	1.68422	
-2.54714	0.973518	
-2.14162	1.7889	
-1.41432	0.0537921	
-2.31858	0.219342	
0.907203	-0.44736	
-0.44773	-0.409726	
2.58457	0.561785	
2.24602	-1.35917	
1.69804	0.847106	
2.09707	-0.26279	
0.0152783	-0.0380945	
1.5763	-0.915207	
1.65235	0.0374547	
4.1444	0.865034	
1.81814	-0.0257186	
4.09097	-0.878378	
-0.447727	-0.409729	
-0.447726	-0.40973	
1.13738	-0.100098	
2.58458	0.5618	
1.50888	0.431742	
1.38755	-0.178216	
-0.27748	-1.13831	
1.38755	-0.178216	
2.58882	-0.843004	
3.80167	-0.667116	
4.13683	-1.15446	
2.58458	0.561806	
2.09814	1.04255	
1.84209	-0.524736	
0.130451	0.0578597	
2.46156	0.405711	
2.06507	-0.569192	
2.58457	0.561819	
2.06507	-0.569188	
2.1733	-0.544517	
-3.18446	-0.354463	
1.64264	-0.827732	
2.58458	0.561826	
3.84734	-0.236887	
0.0348215	0.368063	
1.7696	3.40495	
2.46155	0.405729	
1.43632	-0.855901	
2.09703	-0.262778	
1.38753	-0.178233	
4.14441	0.865049	
3.11186	-0.178066	
1.8846	0.64975	
-0.823892	2.46832	
-1.45548	0.930191	
2.58458	0.561829	
2.24598	-1.35923	
2.06508	-0.569197	
0.0152907	-0.0381013	
0.0152908	-0.038102	
-0.277459	-1.13831	
2.37124	-2.01502	
2.14826	-0.177028	
1.28043	-1.23846	
-4.68741	2.3541	
2.58882	-0.843032	
2.46155	0.405751	
-1.45547	0.930188	
3.55235	0.799338	
2.14826	-0.177029	
3.97222	-0.787958	
-0.403832	0.401002	
0.0152882	-0.0381062	
2.92621	-1.10856	
3.92537	-1.59871	
-0.823896	2.46833	
3.44195	-1.09292	
1.38752	-0.178248	
2.14825	-0.177037	
-3.18443	-0.354473	
3.03855	-0.655589	
2.17329	-0.544541	
2.58882	-0.843072	
-0.289207	-0.722544	
-0.277447	-1.13832	
0.0747689	-0.705476	
2.14826	-0.177034	
-3.64152	3.44735	
-0.277447	-1.13831	
3.84741	-0.236092	
-0.277442	-1.13831	
-2.98441	1.70135	
2.06506	-0.569201	
1.18515	-1.34581	
2.46154	0.405765	
3.0174	-1.93082	
0.0153002	-0.038109	
1.78685	-0.645582	
3.12907	0.651501	
2.41425	2.37939	
2.34222	2.30245	
2.41425	2.37939	
2.1733	-0.544545	
2.41425	2.37939	
2.08566	0.741935	
1.41854	3.04485	
1.61745	2.47911	
1.78291	2.86118	
0.000841327	2.74778	
2.57294	0.494331	
2.5895	1.79316	
1.73636	-0.713743	
1.7829	2.86118	
2.41424	2.3794	
2.11031	1.76926	
1.92137	2.50027	
1.92138	2.50025	
-0.49155	-2.08914	
-0.774096	-2.3079	
3.11126	0.139547	
2.34227	2.30248	
2.41422	2.37942	
0.518933	-0.950514	
2.41422	2.37942	
2.42137	2.20533	
2.08567	0.74196	
2.08567	0.741959	
0.896167	1.58461	
2.08567	0.741959	
1.78278	2.86121	
2.27571	2.45115	
2.58943	1.7932	
1.55074	2.95472	
2.48449	2.28671	
1.75492	2.89211	
2.6827	1.76635	
2.48448	2.28671	
2.48448	2.28671	
2.08567	0.741964	
2.80529	-1.57852	
2.08565	0.741977	
0.443878	2.09933	
2.5894	1.79323	
2.73732	1.5965	
2.08565	0.741977	
1.1091	1.67692	
2.48446	2.28674	
1.72391	1.72465	
2.27282	2.36596	
1.81326	1.40613	
1.78113	2.22214	
1.36036	0.581554	
3.26783	0.54818	
2.17363	1.47632	
1.418	2.54553	
2.48448	2.28674	
0.790868	1.50487	
2.41415	2.37948	
1.78305	3.58697	
1.6682	2.60021	
1.78341	2.64797	
3.17672	0.84685	
2.41415	2.37949	
3.30304	2.26016	
2.42133	2.20538	
2.41415	2.37948	
2.2755	2.45122	
2.48442	2.28674	
-0.836719	-0.943757	
2.48441	2.28675	
2.08565	0.741965	
-0.0525794	2.73483	
2.56448	2.01699	
0.884743	1.77933	
3.17218	-0.0262634	
2.58172	0.847809	
2.58925	1.79328	
2.68253	1.76641	
2.17332	-0.544512	
0.243702	3.14109	
3.30407	0.125263	
1.78248	2.86128	
2.42132	2.20543	
2.58922	1.79329	
2.27543	2.45126	
1.78246	2.86128	
0.637166	-1.74217	
2.44899	1.87309	
2.58132	-1.20108	
2.58133	-1.20107	
1.63786	-1.32335	
-0.145488	-0.799744	
2.60217	-0.443327	
1.63786	-1.32335	
2.24598	-1.35939	
-0.235165	0.0127505	
1.74672	-1.5771	
-1.45853	0.771697	
1.63784	-1.32338	
1.38088	-0.648104	
1.63784	-1.32339	
1.63784	-1.32339	
2.85683	-1.39031	
1.84205	-0.525124	
1.72971	-0.482229	
-1.7261	1.71211	
1.60452	0.346274	
2.64798	1.51156	
1.63783	-1.32341	
-1.39758	0.676914	
-1.88778	-1.85682	
0.980856	-0.640475	
1.72971	-0.482232	
-0.235148	0.0127436	
1.63807	-1.32371	
1.86496	-0.937488	
2.57968	-0.421649	
2.33086	-0.92936	
1.30117	-0.42477	
-1.39757	0.676913	
2.21128	-1.07362	
1.38916	0.203148	
-1.76359	1.72821	
1.09106	-1.80755	
-0.0561759	-0.140452	
2.46151	0.405688	
1.09665	-0.792831	
-0.236734	0.227915	
2.92474	-0.925457	
2.56826	-0.538984	
2.5813	-1.20126	
-0.738233	-0.308688	
2.33081	-0.929446	
0.275115	-0.322473	
-2.13512	0.94727	
2.21126	-1.07367	
-1.1153	-0.889899	
-2.72437	1.67499	
1.6381	-1.32374	
1.72971	-0.482257	
1.6381	-1.32375	
-1.81984	1.73936	
1.38088	-0.648142	
1.7276	-1.16311	
1.38089	-0.648145	
2.53	-0.332025	
-1.42666	1.52363	
2.33082	-0.92945	
2.21127	-1.07365	
1.6739	-1.62831	
1.67391	-1.62831	
1.63807	-1.32376	
2.63647	-0.696189	
-0.458022	-0.477614	
3.02162	0.185153	
2.58877	-0.842986	
1.7297	-0.48227	
1.63807	-1.32376	
2.33083	-0.929431	
0.636423	-1.94651	
0.220939	-1.28344	
-1.02187	-0.688665	
3.02162	0.185142	
2.53879	-0.943855	
-0.289115	-0.722477	
-1.98217	1.91002	
-0.235141	0.0127474	
2.2113	-1.07363	
2.33081	-0.9295	
1.65776	-1.9828	
1.63807	-1.32377	
2.33082	-0.929497	
1.67387	-1.62832	
1.73625	-0.713708	
3.02163	0.185154	
1.63805	-1.32377	
2.24598	-1.35945	
2.58098	0.732042	
-4.20506	2.26699	
1.91936	-1.3574	
-1.67383	2.46252	
1.01195	2.14461	
-2.60464	2.47653	
0.290529	-3.13955	
1.97575	-1.6402	
-3.36127	1.67362	
1.72965	-0.48228	
2.61358	-2.60059	
-1.85821	0.790962	
-0.0268244	-1.01928	
-1.14764	0.773979	
-4.67854	1.12911	
-4.26801	0.999035	
1.40387	-2.18186	
2.98131	0.86394	
2.15663	1.10201	
-2.22211	0.180813	
1.63806	-1.32375	
0.489649	-0.812792	
-2.44879	4.17063	
1.78675	-0.645603	
-2.79657	-2.31123	
-0.247472	-3.20064	
-0.222382	1.73973	
-0.295545	3.71849	
-0.268149	-3.2729	
-0.0268193	-1.01929	
1.61923	0.335339	
-0.385071	4.71177	
2.40662	1.93921	
0.511594	-3.05199	
1.72747	-1.16309	
-0.980435	2.60414	
-2.06082	0.878817	
-1.84254	-2.9946	
-0.178873	1.83429	
1.22186	0.797349	
2.21131	-1.07359	
0.486548	-0.639166	
2.95836	1.25552	
0.649812	0.72135	
-2.87501	3.38093	
-0.21934	1.6441	
-4.32187	0.385062	
2.21132	-1.07359	
2.21132	-1.07359	
-2.09623	1.69491	
-4.3925	1.82489	
-2.06081	0.878811	
-0.639975	2.02968	
0.290481	-3.13957	
1.97577	-1.6402	
1.32396	-0.772608	
-2.9355	-2.23066	
0.929402	2.13479	
1.95225	2.62783	
1.93309	-1.28231	
1.57136	4.17704	
-1.55232	1.27391	
-4.10456	1.18504	
-2.40209	4.1322	
-1.2114	0.720928	
0.508507	1.06152	
3.21969	0.725347	
0.109636	-3.31027	
-3.27303	2.30879	
1.61922	0.33532	
0.22242	3.17761	
-0.564998	2.68027	
2.04567	2.42448	
2.95835	1.25557	
-1.4943	-1.41015	
-1.42731	-0.51592	
1.04112	0.536068	
2.42417	0.311166	
2.42417	0.311164	
2.42417	0.311161	
3.96812	-1.4318	
-3.28924	2.27684	
-1.2332	1.91059	
1.22524	0.553062	
-3.63612	1.56488	
-2.87976	3.35508	
4.91856	-0.380474	
-2.09619	1.69492	
-0.980439	2.60412	
-2.22211	0.180782	
3.75057	-1.76914	
1.23262	-3.15924	
-4.35387	1.95878	
4.18483	-2.61688	
-1.99953	-4.89714	
2.66726	-4.20116	
-0.673106	-1.46633	
-5.27071	-2.39998	
3.49612	-3.42633	
1.33597	4.69242	
1.05061	-0.97195	
-0.0299849	-5.21124	
-2.18232	-5.54797	
2.64364	-4.12316	
2.52581	-3.7208	
3.91791	-3.63845	
-1.64652	-4.18761	
3.20754	-4.61949	
1.05083	-0.971348	
5.47242	1.25856	
2.34831	-2.63342	
5.33355	0.280154	
1.37055	-1.14591	
2.78942	-4.05127	
-1.34107	-5.65353	
2.26048	-3.90046	
2.66778	-4.20104	
4.8194	1.40587	
0.115347	-1.35567	
3.176	-4.56346	
2.26303	-4.32472	
1.05083	-0.971328	
1.37053	-1.14593	
2.64396	-4.12302	
3.86024	-3.60166	
1.37053	-1.14592	
5.33355	0.280139	
-2.17429	-5.18142	
3.08102	-3.72202	
0.634463	-2.03573	
2.5262	-3.72071	
3.04746	-4.20013	
-3.43547	-3.75205	
1.10142	-0.662518	
-3.42975	-3.83705	
-0.37028	-1.45848	
0.212736	-2.11272	
4.14121	-3.30395	
-1.62771	-5.69586	
4.43769	-3.97511	
1.37053	-1.14591	
0.912425	-1.26641	
2.64393	-4.12304	
1.23275	-3.15923	
-4.01681	-2.4507	
2.52618	-3.72072	
-5.03963	-2.7897	
-2.03318	-5.23417	
3.08106	-3.722	
-0.358704	-1.33056	
-4.40496	0.490834	
1.05077	-0.971364	
1.05077	-0.971346	
-0.46841	-1.31786	
3.68013	-3.27702	
2.6439	-4.12305	
0.467249	-1.42771	
1.37048	-1.14597	
3.83402	-3.64817	
1.37693	4.67168	
2.26295	-4.32474	
1.03836	-1.31494	
4.0142	-3.47194	
4.15137	-3.60747	
3.04741	-4.20017	
1.37049	-1.14596	
2.66797	-4.2008	
4.0141	-3.47205	
2.66794	-4.20082	
1.05074	-0.971325	
3.94731	-3.80408	
2.52617	-3.72071	
5.95246	0.263293	
3.39697	-3.25934	
1.05075	-0.971301	
1.37045	-1.146	
1.7658	4.24412	
2.66791	-4.20084	
-1.64011	-4.18829	
2.66839	-4.20079	
1.37063	-1.14575	
-2.16162	3.42343	
-0.806862	2.00216	
-1.85832	3.99598	
-0.318348	4.76516	
-0.0898957	2.92954	
-0.0517591	2.38571	
-1.85831	3.99599	
0.300078	3.22367	
-2.52267	3.11857	
-1.6341	4.11939	
-0.548527	2.39791	
-1.81256	4.01625	
-0.965184	2.75398	
2.54625	0.255536	
-2.40368	3.2339	
-1.75471	4.05874	
-1.16431	2.664	
-0.0973526	2.822	
-1.16278	3.77415	
-1.16431	2.664	
4.19568	-0.93172	
-1.85831	3.99599	
-2.32368	3.28683	
-1.85831	3.99599	
-0.802916	1.18938	
2.30032	0.520893	
-1.0936	2.67861	
-1.90315	3.97342	
-1.81254	4.01623	
-1.20902	4.49399	
-1.16432	2.664	
-0.83542	4.67334	
-4.88931	3.25095	
-1.91498	3.2991	
-0.965206	2.75396	
-0.630479	2.28874	
-0.41534	4.78061	
-1.5144	4.17483	
-1.25832	1.03644	
-3.81032	2.7854	
-1.46747	4.07592	
-1.16433	2.66398	
4.01849	-1.47052	
-1.16433	2.66397	
-1.66226	4.12191	
-5.68085	1.42616	
0.946465	4.23162	
0.197832	2.33574	
0.0838737	3.25176	
-1.85817	3.996	
-1.75466	4.05873	
-0.348888	4.78732	
-0.450006	1.9281	
-1.14246	4.51408	
-1.16433	2.66397	
-1.16433	2.66397	
-0.642871	1.8597	
-1.16433	2.66397	
-0.639117	4.43388	
-1.84758	2.51752	
-2.41326	3.21613	
-1.91507	3.29908	
-2.47228	3.14944	
-1.06044	1.83887	
-1.07349	4.53824	
-0.0973516	2.82196	
-1.20894	4.494	
-1.85817	3.996	
-1.06044	1.83887	
-1.91507	3.29908	
-2.02611	3.74193	
-2.16155	3.42345	
-1.07348	4.53825	
-1.46745	4.07592	
-1.85817	3.996	
-0.78884	2.8209	
-1.79366	4.04282	
2.03601	2.38106	
-1.85815	3.99603	
-0.702354	2.07595	
2.54628	0.255478	
-1.33018	1.85892	
-0.236374	2.35419	
-0.96811	4.64962	
-0.770954	4.39825	
3.57587	3.01622	
-0.453908	4.70107	
-1.85815	3.99603	
-1.16434	2.66397	
-1.16434	2.66397	
-0.306368	-4.69153	
-1.57006	-4.91025	
-0.72409	-4.77705	
-0.0792773	-3.23451	
0.147125	-0.298647	
0.282243	-2.36553	
0.308479	-1.65788	
-0.0951964	-3.18829	
-2.04038	-4.35793	
-3.14552	-4.94661	
-1.39682	-5.64397	
-0.240411	-4.72595	
0.123086	-2.43409	
-2.62573	3.48926	
-2.95402	3.20209	
-2.12	-0.646297	
0.166846	-4.83548	
-0.0952269	-3.18833	
-1.57013	-4.91025	
-3.1893	0.448938	
-0.210246	-3.85802	
-0.377696	-5.74927	
0.166744	-4.83548	
-0.0704672	-1.85235	
0.778115	-0.697142	
-3.056	-4.28448	
-2.80869	-5.45219	
-2.01804	-4.77128	
-0.996363	-3.86449	
0.336106	-3.44638	
-2.27211	-4.642	
-1.1738	-4.60386	
-2.54968	3.60704	
1.86525	-0.937084	
0.30848	-1.65794	
0.166619	-4.83548	
0.166599	-4.83548	
-0.725206	-2.09672	
0.625063	-0.404585	
2.19025	3.02217	
-0.324822	-4.51092	
-1.72948	-2.91001	
-0.382035	-5.99625	
-2.01811	-4.77123	
-4.34967	1.97347	
-0.371243	-5.16544	
0.145394	-0.420302	
-1.57028	-4.91023	
0.246971	-4.8434	
-2.20859	-3.75423	
1.43129	-1.06147	
-3.20841	3.38098	
-1.44999	-4.91467	
0.640556	-1.22533	
-2.05343	-5.99002	
-0.32496	-4.5109	
3.02505	-1.88898	
0.166523	-4.83546	
-0.68215	-4.40989	
0.655494	-1.2859	
-2.35121	1.47442	
-0.164309	-5.42512	
-3.40567	1.675	
-1.08244	-2.56304	
1.10145	-0.662415	
-0.324931	-4.5109	
-0.140913	0.777968	
-2.95319	2.18391	
2.49858	-1.68534	
-0.817407	-4.45875	
-2.272	-4.64193	
-0.106544	-5.44559	
-0.51852	-5.50884	
-0.682124	-4.40992	
1.81909	0.321092	
-3.52201	0.797503	
-4.62221	-0.686833	
-0.397861	-4.82927	
-2.73386	3.06436	
-4.28777	2.09052	
-2.73386	3.06436	
-1.57036	-4.91019	
-0.210404	-3.85799	
0.640542	-1.22539	
-3.66193	1.6307	
-0.196481	-3.99684	
-1.35987	-4.24657	
0.551512	-5.13296	
-2.39486	2.52442	
-2.76024	0.177331	
0.0647863	-0.587531	
-0.471326	1.15621	
1.22693	1.11461	
-1.66384	0.0847223	
-2.02251	-3.89244	
2.44626	-1.31703	
-1.00102	-0.390594	
0.950418	-2.41887	
1.25755	-0.770297	
-2.18299	-2.03206	
-1.74001	1.04047	
-1.45835	0.771667	
-1.10881	-2.62283	
-0.588417	-2.8037	
-0.407125	1.80784	
-1.79419	-1.22454	
1.76672	-1.99224	
0.950428	-2.41888	
2.37731	0.859798	
-0.873951	1.01609	
2.17349	-0.54417	
-1.45835	0.771668	
1.00906	0.229058	
-2.47581	0.481121	
3.03265	0.985431	
-0.438774	0.293341	
1.21439	-0.45727	
-1.91574	1.63134	
-1.66379	0.0847374	
2.4463	-1.31701	
0.64465	2.07019	
-1.88872	-1.2774	
-0.588376	-2.80369	
-2.49829	1.31338	
2.1735	-0.544167	
3.03266	0.985453	
-1.91458	1.50388	
0.635878	-2.37919	
2.10046	-0.715926	
-1.6638	0.0847379	
-0.58837	-2.80369	
3.16003	-0.297063	
1.7668	-1.99221	
-0.38146	1.23103	
2.17351	-0.544167	
1.65244	0.0377189	
2.44632	-1.317	
4.0973	-1.3402	
1.27393	-3.95147	
-0.622593	-2.12847	
1.6526	-0.151537	
2.41018	-1.22899	
-0.407049	1.80791	
-0.81281	0.829234	
-2.65886	-0.0737511	
-0.102482	-0.524434	
-0.407009	1.80794	
-2.59531	-0.406633	
-0.288958	-0.722359	
1.00909	0.229079	
-0.622551	-2.12845	
2.0134	-0.34049	
1.76683	-1.99221	
2.44628	-1.31706	
0.950529	-2.41885	
3.10354	-0.410536	
-0.288943	-0.722358	
1.76686	-1.99219	
-1.91573	1.63138	
-1.45832	0.771667	
-2.086	-1.18844	
-1.45832	0.771661	
3.16561	-0.513047	
-1.47149	-2.48069	
-1.02863	-2.71062	
0.950547	-2.41885	
-3.98916	-1.1	
2.17349	-0.544195	
-1.45831	0.771664	
3.08331	0.490234	
3.25021	0.0754787	
2.17351	-0.544197	
-1.47159	-2.48069	
-4.44548	1.16603	
-0.873903	1.01613	
-0.940651	-2.67989	
3.16561	-0.513003	
1.09437	-1.46789	
1.22673	1.11464	
2.41019	-1.22899	
-0.026911	-1.01928	
-0.119995	-3.78383	
-0.675736	-3.68105	
2.5392	-0.943412	
2.18278	-1.42435	
-0.179336	-1.94423	
0.905887	0.985444	
3.38215	-0.963459	
0.915703	-2.76938	
-0.790062	-1.1324	
1.47237	-2.55047	
-1.3632	-0.845938	
-2.5105	-1.9194	
-0.724384	-1.30833	
2.97091	1.29423	
-0.724385	-1.30833	
0.248363	-1.29344	
0.915714	-2.76938	
-0.00228336	0.738744	
1.14738	-2.82581	
0.0526997	-1.44513	
-2.08137	-1.31799	
-3.14266	-1.7788	
-0.119988	-3.78382	
2.1735	-0.544196	
-0.98809	-5.11759	
0.402419	-2.15394	
1.25661	-3.05322	
2.42097	-2.32499	
0.308521	-1.65814	
1.14739	-2.82581	
-2.8459	-3.17455	
-1.17628	-0.772824	
5.07708	0.568803	
-1.84204	-1.5107	
-1.96265	-4.01046	
-2.97084	-3.02372	
1.14723	-2.82587	
-1.5224	-3.83125	
-2.84585	-3.17456	
3.14309	-0.629455	
3.23825	0.474144	
1.53212	-1.99883	
1.45856	-1.91627	
0.915565	-2.76946	
-0.538342	-1.73393	
-0.120307	-3.78346	
2.73138	-2.57551	
-0.624227	-1.29574	
1.25657	-3.05327	
-0.120302	-3.78346	
-2.84585	-3.17455	
-2.14218	-2.73623	
2.44835	-1.3781	
-0.179183	-1.94475	
0.226895	-1.32015	
-3.05799	-1.60624	
2.98266	0.923461	
1.79885	-3.70312	
0.467391	-1.42786	
3.5057	-0.524101	
-0.620742	-1.33239	
-1.33108	-0.692583	
-0.712719	-2.88498	
-0.120369	-3.78377	
-0.179243	-1.9447	
-1.14669	-0.774347	
0.752046	-1.36309	
3.21165	0.101166	
0.402429	-2.15407	
3.17281	-0.0254781	
3.50569	-0.524105	
0.668981	-0.471149	
-0.675941	-3.68112	
-0.12036	-3.78377	
3.23093	0.395734	
-1.12248	-2.37583	
-0.634017	-0.762948	
-0.695082	-1.41037	
-2.51004	-1.91927	
0.308519	-1.65821	
-0.278314	-5.16928	
-0.491087	-2.08829	
1.14728	-2.82587	
1.14728	-2.82587	
0.460079	-1.3907	
-0.0572362	-3.36107	
-2.30963	-5.07862	
0.0527532	-1.44521	
2.31371	-2.48237	
-0.727519	0.389918	
-1.55741	-0.790521	
-0.371426	-5.16517	
-3.5174	-4.77525	
3.96979	1.50178	
0.212094	-2.74717	
2.4828	-3.30928	
-3.48507	-1.2014	
-2.98417	2.3631	
0.915618	-2.76949	
-0.371449	-5.16517	
-3.36453	-3.72401	
5.93665	0.998194	
-0.468219	-5.57355	
3.25101	-3.6017	
3.01271	-4.21682	
-0.834487	0.0101932	
-1.53367	3.28826	
2.01104	-3.9627	
0.716681	-0.982748	
3.31435	-0.258372	
-1.56901	-4.91004	
3.73707	0.34109	
-0.141592	0.777077	
0.815118	-2.67744	
0.127695	-5.48616	
3.07299	-0.140771	
-0.834468	0.0102458	
-0.352233	-4.85988	
0.746477	-0.65396	
-2.44797	-5.26866	
3.59177	1.11178	
3.07299	-0.140778	
-2.70455	-2.73473	
4.04353	0.28029	
0.442345	-4.11202	
3.44503	-0.961339	
-1.2316	-4.2395	
-0.907266	-5.13345	
3.50343	-1.81493	
-3.16854	-3.27744	
-0.972532	0.775785	
0.691534	-1.54243	
4.01669	0.633121	
1.39974	-2.72207	
-2.34415	-3.85612	
-0.576708	0.826244	
-1.49926	-5.56934	
4.27414	-3.14885	
5.46586	-0.0138987	
3.21451	-3.66072	
-1.00399	-3.51048	
-0.9144	-0.0646469	
3.31371	-0.258759	
-0.538645	-5.49007	
-1.64203	-5.56371	
-4.6907	-2.11857	
-1.59167	-4.09192	
-3.50153	-0.912045	
-0.76188	0.260553	
-2.2696	-4.64237	
-0.907337	-5.13358	
2.05212	-2.14182	
0.232694	-3.447	
3.38924	-1.27927	
3.82589	1.49529	
3.39095	-1.16194	
1.6062	-3.30893	
-0.841925	0.377567	
-0.422713	-3.99107	
-1.42665	-4.10776	
-0.853557	-1.60454	
4.18127	-2.04231	
-1.83547	-3.6252	
-1.32393	0.454636	
-2.99045	-4.60494	
-0.671885	0.366159	
-2.60253	-5.23015	
2.36063	-2.46174	
3.09052	-0.273146	
3.18995	-2.29658	
-1.75151	-0.950789	
-0.279055	-1.34506	
-0.834286	0.0105474	
3.90598	1.31027	
3.49588	-3.42704	
-3.39158	-4.83357	
-3.22028	-1.57702	
-1.17611	-3.51148	
3.33284	-4.01627	
-1.71775	-0.236372	
-0.809518	-2.55782	
0.87465	2.83374	
0.889381	2.814	
0.789133	2.79861	
-1.86719	-1.44383	
-2.63747	0.765634	
-1.94694	-0.895941	
-1.1063	-0.822933	
-1.94692	-0.895937	
-3.11828	-0.197998	
-2.92484	0.0929148	
1.57032	2.08452	
0.409341	2.32642	
1.15436	2.96776	
0.914163	3.09694	
-2.9411	-0.321866	
-3.1183	-0.197971	
0.786092	2.61826	
0.472312	2.6772	
-2.58919	0.938541	
-2.75132	-0.885732	
3.00234	1.20802	
3.15968	0.228443	
-2.88731	0.79523	
0.973679	3.16582	
0.754712	2.73273	
1.57028	2.08453	
0.789116	2.79866	
-2.63748	0.76565	
3.18362	0.658945	
2.93656	1.3414	
-1.94691	-0.895945	
-2.74006	0.234008	
-0.148899	3.15284	
1.43054	2.95607	
0.914123	3.09696	
3.15968	0.228586	
0.880817	2.89727	
-2.05256	0.341163	
0.97364	3.16583	
-1.88986	-1.91154	
-1.9469	-0.895932	
1.09896	2.67022	
0.785916	2.61828	
-1.47223	-1.93494	
1.02664	2.56164	
-2.65076	0.385086	
-2.5892	0.938579	
2.34216	2.30338	
-1.96791	0.412689	
0.703323	3.06729	
-1.23232	-2.57874	
-2.01333	-0.205456	
1.15051	2.08368	
-2.75134	-0.885668	
-0.533483	2.73642	
-2.18071	-1.03776	
-2.60521	0.856993	
-2.97477	0.000615917	
0.75638	3.09134	
-2.71621	0.120331	
2.2525	1.48061	
0.256216	1.19449	
-2.58921	0.938588	
2.25239	1.48068	
-1.29811	-1.92212	
3.12029	0.74281	
-3.03295	-0.180717	
0.756359	3.09135	
-2.59203	-0.981756	
2.47068	2.16589	
0.653711	2.871	
-2.92557	0.0930848	
2.4974	1.50503	
-2.63752	0.765686	
0.788868	2.7987	
2.76681	1.46795	
-1.85087	0.656533	
-2.93934	0.242716	
-1.93202	-1.97391	
-2.26232	-1.93274	
0.635671	2.74913	
2.7368	0.201772	
-2.74008	0.234101	
-1.4043	-2.27798	
-1.69489	0.531629	
-0.631163	2.28859	
-2.18215	-2.03226	
3.24864	0.248352	
-1.05119	0.151122	
-0.841884	0.377602	
-2.59719	-2.7084	
-2.96686	1.21602	
-1.63193	-2.54741	
-4.03148	-3.2674	
4.75773	1.34068	
-0.685628	-0.440996	
-2.5569	-2.78493	
-1.04369	-3.07683	
5.31082	-0.257776	
-2.50391	-3.93586	
-2.55691	-2.78492	
-2.69413	-3.62487	
-0.841883	0.377604	
4.03112	-0.100648	
-0.544496	-3.30486	
-1.92093	-2.35154	
-2.35959	1.9535	
-2.55691	-2.78492	
-2.33298	-3.00106	
-1.04374	-3.0768	
-2.42291	-2.92362	
-1.97268	-2.29884	
-1.0512	0.151132	
-2.69412	-3.62487	
-1.04377	-3.07679	
-0.49027	-0.346262	
-2.42292	-2.92363	
0.214072	-3.60937	
-1.0512	0.151132	
-2.55692	-2.78487	
-2.59703	-2.70829	
0.262103	-0.719264	
-1.31835	-4.56849	
-0.944451	0.128347	
-1.0512	0.151133	
-3.12899	-2.70421	
-1.04381	-3.07678	
-1.90401	-3.2344	
-0.579153	0.0266379	
-1.41246	1.6749	
-0.551028	-2.60104	
-1.0512	0.151134	
-2.33421	-2.95867	
-2.42291	-2.92356	
-2.79783	2.29726	
-2.71567	-3.58765	
-0.841894	0.3776	
-1.89815	-4.10139	
-0.944453	0.12835	
-0.532153	-3.22919	
-0.264929	-3.5517	
-1.0512	0.151142	
-1.83189	-2.41443	
-1.83189	-2.41442	
-1.04377	-3.07683	
-1.40347	-0.938436	
-4.03165	-3.26724	
-2.55684	-2.78474	
-2.96682	1.21617	
-1.90385	-3.23437	
-2.39934	-3.40913	
-0.841904	0.377603	
-1.05121	0.151144	
-2.55684	-2.78472	
-1.10865	-3.9033	
-2.55685	-2.78472	
-1.04383	-3.07683	
-1.89821	-4.10139	
-4.04256	-3.70667	
-0.956038	-3.19151	
-0.702719	-2.44283	
-2.55681	-2.78466	
-2.42727	-2.96977	
0.21349	-3.60938	
-1.10876	-3.90333	
-1.98952	-2.23868	
4.8749	1.13091	
-0.94445	0.128371	
-0.841914	0.377609	
-0.597277	-0.0199006	
-1.04374	-3.07687	
-2.55682	-2.78465	
-2.33382	-2.95853	
-1.83182	-2.41442	
-2.79783	2.29735	
-1.10877	-3.90332	
-3.4946	-2.85775	
-2.55682	-2.78463	
-2.11979	-0.646385	
1.46911	1.24451	
-0.859282	2.42344	
-1.11198	1.63301	
1.91573	1.02155	
-1.16455	1.21771	
1.61375	2.26093	
-1.7637	1.72833	
-0.631178	2.28861	
-1.7637	1.72833	
1.48005	-0.703994	
-0.859276	2.42344	
1.30148	-0.425903	
-0.859275	2.42344	
1.30021	2.30082	
-2.20423	0.969289	
1.30149	-0.425903	
1.48005	-0.704002	
1.48347	0.047766	
-2.31843	0.219344	
1.30149	-0.425903	
1.99356	0.898609	
1.98173	-0.147076	
-0.807251	2.00214	
1.91573	1.02155	
-2.14138	1.78918	
-2.14138	1.78918	
0.483891	2.99517	
1.52941	-0.88889	
1.91573	1.02155	
-0.824327	2.46828	
-0.680023	2.23152	
1.69805	0.846292	
1.98173	-0.147072	
1.98173	-0.147068	
-2.14138	1.78918	
-2.54522	-1.36443	
-1.31337	1.99426	
2.38008	0.990645	
-0.824328	2.46831	
-1.51335	1.23064	
-0.631173	2.28863	
-2.45901	-1.02776	
1.13747	2.82856	
-1.76369	1.72834	
1.48348	0.0477716	
1.69805	0.846295	
1.48006	-0.703994	
-0.631171	2.28863	
-1.06057	1.83888	
-2.14138	1.78919	
-0.226719	-2.2253	
1.99356	0.898605	
2.68189	-0.577692	
1.91573	1.02156	
-1.51641	1.769	
1.98174	-0.147058	
1.48008	-0.703997	
1.98174	-0.147053	
-2.14138	1.7892	
1.54505	0.956572	
-1.72611	1.71221	
1.91573	1.02157	
1.99354	0.898602	
1.69806	0.846297	
-2.2691	-0.465217	
2.3801	0.990654	
1.91572	1.02157	
-0.631168	2.28864	
-1.06057	1.8389	
1.11693	1.61235	
1.69806	0.846295	
0.381053	1.32581	
-2.62688	0.844146	
1.54505	0.956524	
-2.25725	0.92946	
1.91573	1.02157	
-1.09397	2.67877	
-0.824318	2.46832	
1.91573	1.02157	
-0.0475339	2.07313	
-2.25725	0.929462	
-1.21237	1.13515	
1.90454	-0.00863901	
-2.20422	0.969337	
2.41053	0.768355	
-1.72609	1.71222	
1.54506	0.956532	
1.48348	0.04778	
1.54506	0.956531	
2.19759	2.38	
-0.104604	-1.7148	
-0.78918	2.82096	
-2.14838	1.7375	
-0.0475282	2.07313	
-1.09397	2.67877	
-1.06056	1.8389	
-1.06056	1.8389	
-0.198785	2.09058	
2.53865	0.210263	
-2.01196	1.93151	
-1.15147	1.41401	
-1.31336	1.99429	
-0.209475	-0.648293	
2.20052	0.820111	
2.53867	0.210243	
1.92091	2.50066	
-0.900775	2.67221	
-1.68551	1.32731	
-2.09604	1.69492	
-0.737799	-0.308835	
-0.132219	0.696801	
-2.25725	0.929477	
-1.19321	0.246963	
1.34748	-1.69662	
0.833536	0.0817514	
-2.31842	0.219346	
-1.31335	1.99429	
-0.900775	2.67221	
1.26241	1.69604	
1.26241	1.69604	
-2.6331	-0.856583	
-1.15146	1.41401	
0.652765	-1.69757	
-1.06055	1.83889	
0.652764	-1.69758	
2.46929	0.6806	
1.85419	-2.10015	
0.681016	2.1534	
-2.0119	1.93158	
-1.31335	1.99429	
-1.7399	1.04063	
-1.68554	1.3273	
-1.68555	1.3273	
4.76711	0.407981	
-1.68556	1.32729	
1.3231	1.68646	
-1.14284	2.46427	
-0.0998561	1.92126	
2.29288	2.0527	
-1.57721	2.64141	
-1.96781	0.412808	
2.4705	0.757665	
2.2929	2.0527	
-1.31338	1.99426	
2.52412	2.16873	
-1.06056	1.83888	
-0.533787	2.73646	
-1.06056	1.83888	
2.29297	2.05265	
1.87747	2.19251	
1.41758	3.04552	
-1.68559	1.32728	
-1.73985	1.04062	
0.324971	3.28733	
2.1205	-2.93582	
-1.06056	1.83888	
-0.194244	2.52241	
-1.458	0.772356	
-0.533798	2.73646	
-0.533798	2.73646	
-1.1515	1.41399	
1.94387	2.71078	
1.88198	1.95398	
-1.06056	1.83888	
-0.132201	0.696785	
2.29294	2.05266	
-0.0610519	-1.14296	
-1.1515	1.41399	
-1.15151	1.41399	
-1.15151	1.41398	
1.01216	3.06984	
1.26241	1.69602	
0.83355	0.0817271	
-2.31842	0.219346	
-1.55306	1.27364	
-0.104519	-1.71483	
-1.15151	1.41398	
-1.15151	1.41398	
1.87744	2.19251	
-1.58998	-2.45351	
4.51821	3.69977	
-3.21545	0.969086	
-1.91501	3.2993	
5.22051	-2.47421	
-1.91517	3.29919	
-1.88899	-2.56039	
-6.24044	2.61443	
4.42628	-1.973	
-2.7782	-4.2898	
-1.4524	4.18271	
1.15273	5.06863	
-0.64613	4.60822	
-0.698231	4.02113	
-2.23607	3.02035	
-2.41609	3.65128	
-3.95616	-2.29797	
0.76037	3.50882	
-4.39235	0.602748	
5.30158	-1.99156	
-3.19814	2.07816	
-2.6215	-4.86112	
-3.35913	1.68578	
-1.91501	3.29929	
-1.40746	4.15846	
-2.33549	3.23962	
-5.31696	-0.37565	
5.26391	2.46407	
-5.5141	1.02974	
-0.645845	4.67909	
2.58912	2.89704	
-2.15459	4.91198	
-4.9925	0.746841	
0.447369	-3.90223	
4.77815	2.40743	
-4.38948	-3.52503	
-3.46723	0.675185	
-3.97953	1.25839	
-0.64582	4.67909	
3.57034	-2.70818	
-0.715802	4.44184	
5.22463	-2.53731	
4.89905	1.03341	
-1.45254	4.18262	
-4.1972	2.28112	
-3.59501	1.77107	
-1.91501	3.29929	
4.5957	3.59208	
-0.183936	-4.45136	
-3.97948	1.25844	
1.64843	4.57345	
-0.583532	5.906	
3.40484	3.1213	
-3.34097	-2.96249	
-3.76798	-6.05928	
-2.34813	3.25143	
4.20315	2.98756	
4.95589	-2.4859	
-4.58395	-2.66664	
-4.99248	0.746816	
-0.715427	4.44189	
1.45592	4.19963	
-1.81248	4.01659	
1.06906	3.86948	
1.65785	4.68569	
-2.51209	3.05011	
-1.91484	3.29944	
-2.68321	-4.77238	
-2.70004	-3.94079	
-0.184078	-4.45137	
-3.94034	-2.34381	
-2.4843	2.31548	
-1.01162	4.6831	
-0.0852671	-5.71756	
-4.25437	0.914804	
-0.62691	4.67992	
-1.71207	2.95073	
2.05402	4.04195	
-2.48203	2.00832	
-2.05539	3.73138	
0.578106	-5.4579	
-0.490235	4.76815	
2.63623	-2.08884	
1.43244	5.04833	
-1.39038	3.34155	
4.95599	3.1676	
-0.597527	4.70647	
-4.81934	1.55464	
1.06908	3.86948	
-1.45226	4.18269	
5.69736	1.11448	
2.74236	-2.34034	
4.64673	-0.567248	
2.26026	-3.90032	
-1.61791	1.7794	
-0.914073	-0.064644	
2.26026	-3.90032	
0.308654	-1.65828	
-2.0728	2.87068	
-0.914071	-0.0646428	
-2.35075	1.47546	
5.31101	-0.623437	
2.50982	-3.33302	
0.0339919	-2.04031	
-2.44142	2.55299	
-1.19311	0.247033	
4.64673	-0.567264	
-2.22173	2.41826	
1.75269	-3.39337	
-0.914066	-0.0646434	
-4.89847	-0.713041	
2.26026	-3.90032	
1.75268	-3.39337	
0.308664	-1.65828	
0.599643	-1.18021	
0.759958	-1.26324	
3.68866	-3.13937	
-1.45786	0.772461	
5.7245	1.06612	
1.8651	-0.937765	
5.392	-0.648637	
1.79284	-3.30193	
5.29255	-0.668662	
-2.35074	1.47546	
2.17336	-0.54451	
5.31105	-0.623577	
3.04099	-3.77842	
-4.95977	-1.7531	
1.64274	-3.51496	
3.19969	-4.07586	
-4.89847	-0.712962	
4.72099	-0.604049	
0.22768	-0.952808	
1.6396	-3.38775	
2.26412	-4.32541	
0.653779	-1.56373	
3.04098	-3.77843	
0.859563	-1.77191	
3.04098	-3.77843	
0.227682	-0.952816	
0.308678	-1.65828	
2.26025	-3.90033	
5.31105	-0.623602	
2.26025	-3.90033	
-0.628252	0.458933	
3.6886	-3.13941	
2.26024	-3.90034	
-0.0220882	-1.21333	
2.26024	-3.90034	
-0.409308	-1.10767	
-5.624	-0.609359	
-2.2217	2.41829	
3.2932	0.27017	
5.31104	-0.623621	
2.26023	-3.90033	
2.61855	-3.64559	
5.31104	-0.623629	
5.68471	0.71059	
4.79571	0.226489	
2.26024	-3.90033	
2.26023	-3.90033	
3.31344	-4.22771	
-2.93711	2.22017	
4.72099	-0.604169	
2.26023	-3.90034	
2.64157	-3.69237	
1.14713	-2.82598	
2.26023	-3.90034	
3.04101	-3.77838	
1.7527	-3.39334	
4.9178	-0.383862	
1.14714	-2.82598	
2.26022	-3.90034	
5.37967	-0.674082	
3.24425	-4.10916	
2.64156	-3.69236	
0.308694	-1.65828	
2.26022	-3.90034	
-0.914043	-0.0646422	
5.44756	-1.04441	
3.91348	-2.95933	
-0.120454	-3.78378	
-0.287172	-3.26827	
0.224079	-5.44435	
-0.246443	-5.57304	
-0.371164	-5.16498	
-4.26373	2.05343	
-0.668604	-5.04908	
-0.907265	-5.1333	
-0.48749	-3.05752	
-3.01854	3.01231	
0.204722	-5.51208	
0.1387	-5.40221	
4.5116	1.3009	
-3.93121	-2.6428	
-3.42406	-4.7565	
-4.85932	1.08082	
1.8917	4.87069	
-0.668671	-5.04907	
4.7349	0.0513952	
-4.21498	-1.52633	
0.224166	-5.44437	
-0.907326	-5.13328	
-0.907336	-5.13328	
-0.680346	-4.88826	
4.7349	0.0514027	
-0.37123	-5.16495	
-1.65848	0.670731	
-2.89899	-4.3817	
3.07231	-2.85054	
-4.85709	1.10174	
0.205227	-5.51203	
-0.371246	-5.16495	
4.7349	0.0514309	
-0.313416	-3.38582	
-0.907336	-5.13327	
-0.0494298	-4.81484	
0.113383	-5.41913	
-0.668507	-5.04907	
2.65812	-3.26092	
0.205378	-5.51212	
-0.66852	-5.04906	
-2.47734	-0.5421	
0.916169	-2.7697	
4.91581	1.20633	
-0.668532	-5.04906	
1.60702	4.903	
-0.907373	-5.13328	
-3.96791	1.28528	
4.73489	0.0514169	
-0.668535	-5.04906	
4.86773	-1.09019	
-3.27342	-4.80392	
4.51161	1.30085	
-0.238171	-5.12178	
-3.72368	1.70763	
0.342981	-5.5332	
-0.371288	-5.16493	
0.496673	-3.96132	
0.224447	-5.44438	
0.0593613	-4.13656	
-4.47465	-0.838719	
-0.37126	-5.16493	
-0.371245	-5.16493	
0.0709521	-4.92993	
0.497677	-5.44169	
-0.666571	-3.7739	
2.6763	-2.10134	
5.39202	0.0612291	
-0.907433	-5.13308	
5.01788	-0.32226	
1.32439	4.69695	
1.67581	-1.78925	
-0.538372	-5.4898	
-0.679573	-4.88824	
2.90063	-3.34476	
-3.45925	-4.34087	
-0.668413	-5.04908	
-0.668422	-5.04908	
-1.33649	-0.907159	
2.70275	-3.10564	
1.1997	0.0724719	
-0.515995	-5.50836	
-0.515871	-5.11201	
-0.370963	-5.16501	
-0.487398	-3.05751	
-2.14308	-4.79864	
-3.72366	1.70784	
-0.679252	-4.88824	
-3.63211	1.57741	
