-1.4489	-0.649463	
1.21175	2.96456	
-1.16504	-0.542221	
-1.16009	-0.638593	
-1.16583	0.549883	
-1.26585	0.514917	
-0.672179	0.056271	
-0.957787	2.23853	
-1.13911	1.03943	
-1.54448	0.659358	
0.487451	0.412976	
0.536967	0.521977	
-3.24616	-0.238739	
1.95808	-0.442796	
-1.93277	0.480529	
-0.472139	-0.0384663	
2.30442	-0.103959	
-0.3484	-0.228063	
-1.97925	0.614719	
0.748386	0.142237	
0.0487914	0.26192	
1.7566	-0.648984	
0.516279	-0.140796	
0.570502	-0.30291	
0.166818	0.12241	
-0.740712	0.694275	
0.182274	0.129762	
0.508338	0.461787	
0.720177	-0.469461	
0.246177	0.911613	
1.23782	-1.28834	
0.647456	-1.22669	
0.653929	0.461432	
0.126373	0.00127714	
1.30084	-1.75596	
0.450273	0.259526	
0.962591	-1.74607	
0.561836	-0.0368751	
0.742209	-1.16935	
0.746896	0.100343	
0.278908	-0.85457	
0.948838	-1.88589	
0.935682	0.0232857	
1.11938	-0.8955	
0.714683	-0.583318	
1.82768	-0.612163	
0.527481	-0.125119	
1.2179	-0.027704	
1.26023	-1.41211	
0.687263	-0.43544	
1.52159	-1.97755	
-0.208695	-1.00335	
-0.97903	0.363163	
0.830384	-0.880666	
1.05716	-0.417718	
0.283274	0.82078	
-0.681473	0.427604	
0.260841	-0.180704	
-0.185076	-1.20512	
-1.12529	0.763064	
-0.960386	0.180005	
-1.39513	1.00142	
-2.69907	-0.175959	
-1.19514	0.568187	
0.119577	0.232506	
-0.0206073	0.842286	
-1.19514	0.568187	
-1.90558	-0.521566	
-1.19514	0.568187	
0.0728437	0.223868	
0.853524	-0.427093	
0.853524	-0.427093	
0.853524	-0.427093	
0.811598	-0.83236	
1.22839	0.322405	
0.853524	-0.427093	
0.459464	-0.726312	
0.436362	-1.1467	
-0.871891	-0.408215	
0.459464	-0.726312	
1.0098	-0.264854	
-0.491438	0.259705	
0.739801	-1.32941	
1.31564	-0.94414	
0.965646	-2.44834	
-0.208861	1.64235	
0.553559	-0.0344709	
-0.210847	-0.355063	
1.46293	-3.31108	
-0.0204463	1.85332	
-0.0438224	0.90997	
-0.961058	1.05586	
1.79793	-0.30374	
1.17835	-0.782166	
-1.43755	0.199148	
1.48563	-0.578608	
-1.26783	1.02484	
-0.422133	-0.531319	
0.743034	-0.141595	
-0.961058	1.05586	
-0.555381	1.9121	
-1.6501	-0.546441	
-0.408098	-0.913021	
-0.637601	0.45717	
-0.801805	0.35516	
-0.584499	2.20619	
-0.302671	0.908984	
-0.778942	0.598586	
1.39475	0.767133	
-0.408098	-0.913021	
-1.60841	-0.607198	
0.103177	-0.0149498	
-0.58071	0.69391	
-0.100728	-0.418579	
0.144512	0.102727	
-0.610946	-0.457797	
0.351649	0.254994	
0.654329	1.13532	
-0.851639	-0.806749	
-0.707064	0.281144	
0.232637	-0.710502	
0.776435	0.442354	
0.276385	0.358241	
0.45475	1.38821	
-0.0900617	-0.193322	
-0.610443	0.641107	
0.217497	0.226838	
0.276385	0.358241	
0.616025	-0.0779829	
0.399142	0.2893	
0.898092	-2.07067	
0.360353	-1.02336	
0.363347	-1.12725	
0.443589	-1.60689	
1.33197	-0.0159597	
0.776971	-0.969183	
0.285856	-1.14246	
0.307424	0.242405	
0.315281	-1.21446	
0.318804	1.72097	
-0.681325	-0.100661	
0.226914	0.291878	
0.752809	-1.26055	
-0.722801	0.0756795	
0.647277	-0.0087497	
0.671569	0.192728	
1.16633	0.645098	
0.334179	-0.89524	
0.782533	2.87993	
0.79261	-0.240064	
0.2441	0.394562	
0.251658	0.237271	
0.523281	0.371577	
1.12106	0.348709	
0.123199	0.268651	
0.765737	-0.401242	
1.43609	-0.118312	
0.274245	0.427805	
0.941237	-0.308141	
0.931647	0.467904	
0.585107	0.900742	
0.297825	-0.231172	
1.37299	-0.147045	
-0.726219	-0.434065	
-0.695516	-0.280335	
-0.644019	-0.957071	
0.88368	-0.918013	
0.903919	0.564541	
-0.307076	0.444861	
0.88368	-0.918013	
0.0798806	1.85555	
-0.580625	0.838948	
0.171191	1.95668	
0.368617	1.44836	
0.0334558	1.68238	
0.0924903	1.30488	
0.402569	1.49483	
0.0924903	1.30488	
0.334498	1.06915	
0.235768	0.995143	
-0.175786	1.17317	
1.23782	-1.28834	
-0.0900617	-0.193322	
-0.0878389	-0.207211	
0.441704	-1.16794	
1.23782	-1.28834	
0.758937	-0.565104	
-0.765096	-1.61798	
0.772549	-1.2619	
0.427531	-0.0399747	
0.147062	-0.116863	
-0.145419	0.690884	
1.67515	-0.481332	
1.93124	-0.711623	
-0.822913	-0.102161	
1.22742	0.120905	
0.00535968	-0.557217	
0.147062	-0.116863	
0.622246	0.536343	
-0.145419	0.690884	
0.0666186	-0.799352	
0.370046	0.0368923	
0.0666186	-0.799352	
1.61273	-0.534094	
0.493338	-0.0446114	
0.493338	-0.0446114	
0.678067	-0.201921	
0.0666186	-0.799352	
0.239752	0.20195	
0.370046	0.0368923	
0.620601	1.12305	
-0.796625	-1.05232	
0.620601	1.12305	
1.05334	-0.846615	
-0.753837	-0.369286	
0.521625	-1.33336	
1.18631	-0.737573	
1.52967	-0.842938	
-0.521424	0.698458	
0.351509	0.129388	
1.32122	-1.48969	
1.98152	-1.32782	
1.35229	-0.638332	
0.690441	0.702892	
1.02641	0.23233	
0.98097	0.200525	
1.25184	0.345996	
1.60365	-0.504755	
0.939796	-0.280676	
0.830797	0.0634796	
-0.787454	-1.23003	
0.446055	-1.59147	
-0.696766	0.16429	
-0.696766	0.16429	
-0.37529	-0.868064	
-0.375962	-0.901504	
0.348009	-1.37416	
-0.224686	0.275584	
1.78821	0.409741	
0.591436	-0.39742	
1.24494	0.980282	
1.25131	0.476489	
-1.53239	0.755652	
1.24614	2.93507	
0.320613	0.676378	
1.40851	1.2734	
0.365195	1.41385	
-0.691075	0.269752	
0.913361	1.85279	
-1.45916	0.420918	
-1.10696	0.00592718	
1.31267	-2.01714	
1.30924	-0.3372	
0.190239	0.766194	
-1.05099	0.386778	
1.01206	1.39053	
2.30817	-0.744386	
1.78784	-1.21015	
1.27297	-0.989786	
1.12248	-2.0808	
-0.0248147	0.310144	
0.113057	-0.0748845	
0.0564583	0.051823	
0.0197026	-0.992551	
0.0181905	0.0491401	
1.94937	2.87458	
0.751626	-0.417893	
0.00691845	-0.00192845	
0.351772	-0.149045	
-0.598848	1.28664	
0.183402	0.931194	
-0.127657	-0.00121272	
0.173638	-0.19982	
-0.0818521	0.183131	
0.203395	-0.230419	
0.391738	0.275372	
0.459949	-0.133434	
0.300574	-0.17746	
0.79458	0.996854	
1.02107	0.133412	
1.09315	0.431916	
1.23179	1.02614	
1.25576	2.95402	
0.563772	0.210379	
1.16247	1.03669	
0.575308	0.30288	
0.063478	0.0182884	
0.739222	0.528805	
0.72702	1.17308	
0.638094	0.456202	
0.362871	-1.52905	
1.8321	-0.127192	
0.742375	-1.20045	
1.17835	-0.782166	
1.29634	-0.280567	
1.29634	-0.280567	
0.728104	-0.509792	
0.605307	-0.477979	
0.832275	-0.563508	
1.00816	-0.69658	
0.917543	-0.35389	
1.05748	-0.347886	
1.00789	-0.370398	
-1.53946	0.64661	
0.550066	3.46838	
0.872833	0.496459	
1.0601	-0.359045	
-0.114785	1.16037	
1.60794	-0.237937	
1.059	-0.28148	
0.830051	1.15185	
0.651268	1.05244	
0.838046	1.24531	
0.791452	1.2811	
0.788119	1.25359	
1.21637	-0.75741	
1.23912	1.64555	
0.830051	1.15185	
1.21599	0.689758	
1.23912	1.64555	
0.195351	0.590339	
-0.259995	0.0107282	
-0.303134	0.47031	
0.337595	1.49745	
1.02091	0.464525	
1.03986	-1.0384	
0.809892	2.10074	
1.70728	-0.942028	
1.05609	1.3265	
-0.936421	0.889377	
-2.15424	-0.0606181	
-0.438841	-1.07509	
1.06769	-1.91739	
-2.70062	0.0252862	
-0.0461733	-1.01473	
1.26282	-1.91711	
-1.57945	0.687567	
-1.69243	-1.33662	
-1.83604	0.613613	
0.390177	-1.16856	
-0.199324	-0.61956	
0.168277	-0.415327	
1.78669	-0.935487	
0.204236	-0.214539	
2.12185	-1.34303	
0.345724	-0.266356	
0.920573	-0.568239	
0.204236	-0.214539	
1.71115	-1.04286	
0.66326	-0.921779	
0.666882	0.0291342	
0.702765	0.472313	
0.698565	0.54122	
0.358235	-0.348126	
0.358235	-0.348126	
0.00476692	-0.152441	
0.528473	0.488056	
0.337699	-0.788341	
0.698565	0.54122	
1.12379	0.199212	
1.37332	0.862696	
1.55992	-0.984022	
2.01034	0.900962	
0.847445	1.48578	
2.41303	1.15723	
2.41303	1.15723	
1.80026	1.018	
1.07649	1.46157	
1.03655	1.31941	
1.95353	1.59767	
-1.76563	0.311234	
-0.396712	0.0920131	
-0.809135	-0.215077	
-0.035387	-1.00807	
-2.09188	0.245993	
-1.99502	0.256731	
-1.84593	-0.693623	
-0.741045	-0.0882079	
-0.804497	0.493844	
-0.142158	-0.7369	
-0.62224	1.12054	
0.408504	-1.43556	
-0.90119	-0.180519	
-0.90119	-0.180519	
0.948838	-1.88589	
0.356888	-1.15851	
-1.83693	-0.557222	
0.34849	-1.11401	
-1.62078	-0.513301	
0.272941	-1.00107	
-0.303322	1.03131	
1.87148	-1.45642	
1.06681	0.622867	
0.881936	1.75838	
-1.76531	1.36142	
-1.79516	0.0671329	
0.00535968	-0.557217	
1.23782	-1.28834	
1.43072	0.432471	
0.463135	0.883081	
2.33747	-0.620848	
1.18937	-0.314284	
-0.871035	1.5857	
1.36045	-0.521993	
0.587701	0.561714	
-0.666112	0.546451	
1.26396	1.40362	
1.23782	-1.28834	
-0.328664	1.2594	
-0.723405	0.321147	
-2.91778	-1.77271	
0.126459	0.337377	
-3.75516	-0.378207	
-3.55485	-0.824958	
-0.229934	0.0326649	
0.0830606	0.265864	
-3.27628	-1.68361	
-2.75923	-1.44727	
-4.3388	-1.07042	
-1.29584	-0.67641	
0.100998	-0.60109	
0.11943	-1.11959	
-0.25125	-0.6373	
0.289626	-0.958083	
-0.507289	-0.638087	
-0.457087	-0.482021	
-0.243417	-1.35319	
-0.387353	-0.293257	
-0.823295	-0.381805	
-1.71813	0.14153	
1.4002	0.189716	
1.05422	0.399136	
1.44898	-0.16572	
0.116912	0.259427	
0.605687	0.995811	
0.874761	2.39891	
0.551753	2.0497	
0.768496	0.182713	
-0.212331	2.23475	
0.559965	0.423764	
-0.360553	0.438919	
-0.758845	-0.229676	
-0.588723	0.438797	
-0.536476	0.535122	
-0.635125	-0.14477	
0.468084	0.446633	
0.68013	-0.417543	
0.198538	-0.195718	
-0.792258	-0.0236937	
-0.346561	-1.85617	
0.561836	-0.0368751	
-1.00528	1.36281	
0.487459	1.24834	
0.179281	-0.0794324	
0.35636	1.25561	
1.00435	-0.620613	
-0.289085	1.25438	
-1.00588	1.36449	
-2.00793	0.495117	
-0.88291	0.934011	
0.129929	0.0930933	
0.511986	-0.372139	
0.125833	-0.235223	
-1.13454	-0.546978	
-0.391799	-1.48529	
1.06921	-0.252828	
0.471552	-0.630472	
0.361686	-1.2298	
1.0541	-1.16135	
0.361686	-1.2298	
0.100641	0.580799	
0.148598	0.749769	
-0.417609	2.31155	
0.535504	1.38769	
0.841156	1.84076	
0.629643	2.16606	
0.697105	1.15207	
-1.01725	0.00459586	
0.692036	1.17098	
0.955176	1.55647	
0.842721	-0.277265	
0.205316	-0.0267025	
0.218268	0.219685	
0.243551	0.36867	
1.21862	-1.08307	
0.407972	-1.19716	
0.826337	-0.255844	
0.734978	-0.470963	
0.914069	0.948011	
1.04485	0.0610896	
0.933483	0.501075	
1.11415	-0.215858	
1.23782	-1.28834	
0.702402	0.347859	
0.36507	0.0329457	
-0.0259665	-0.357494	
-1.46171	-0.237677	
1.70439	-0.705604	
-0.122902	-0.135437	
1.11415	-0.215858	
0.707643	-0.29133	
0.134867	0.118448	
-0.0717455	-0.73387	
1.48427	0.731053	
-0.0889235	-0.0524476	
-1.83693	-0.557222	
0.316981	-0.523881	
-0.139552	-0.222224	
0.667393	0.259745	
1.19134	-0.821656	
0.120824	0.673066	
0.631411	1.65365	
-0.123183	2.43999	
0.749273	2.90029	
-0.181602	1.23405	
0.709657	1.76186	
0.0804016	1.21448	
-0.865842	-0.0113483	
0.366765	-0.91385	
-0.728098	0.171369	
0.349097	1.88891	
-0.984672	1.71785	
0.562768	1.16323	
-0.376219	1.469	
0.224707	0.410646	
0.349097	1.88891	
0.396905	0.0832777	
1.045	1.09227	
-0.384393	2.06371	
0.897581	1.11106	
-0.292376	-0.516254	
0.600911	0.512876	
0.0756239	0.188932	
0.511465	0.231385	
-1.11883	-0.490712	
0.422986	1.07431	
0.868201	-0.221958	
-0.0971005	-0.858466	
0.3673	0.222351	
0.22304	0.210672	
0.156428	0.97624	
-0.00586194	-0.0931929	
-0.0789222	-0.10422	
0.0282631	0.660073	
0.45361	0.115678	
0.689116	-0.26918	
0.116065	0.266771	
0.0126842	0.285135	
-0.118148	-0.330652	
0.167777	0.670662	
0.831573	-0.0884557	
0.335823	1.17533	
0.719531	0.100559	
1.87838	-0.310306	
0.856074	-0.338318	
0.184626	0.293118	
0.860767	-0.385025	
-0.711468	1.56004	
0.63082	-0.278728	
1.50445	-0.235759	
0.551038	0.428809	
-0.365525	1.14065	
1.50683	-0.30482	
1.35511	1.1778	
1.84835	-0.523741	
1.24926	-1.2139	
0.840454	-1.46531	
0.87566	-0.955709	
0.591866	-1.55995	
2.04899	-1.33247	
2.38002	-0.711357	
1.96819	0.999149	
2.46184	-1.31755	
1.91124	-0.944667	
1.10574	0.828886	
0.481521	0.397295	
1.79793	-0.30374	
1.32683	0.278651	
2.10487	-1.06386	
-0.755069	0.489856	
-0.708068	1.68156	
-0.491438	0.259705	
0.222193	0.27607	
-1.50666	-0.324907	
-1.50666	-0.324907	
-0.70829	0.100035	
0.236105	0.40436	
0.175354	0.298321	
-1.46069	0.312597	
-0.65202	0.000191709	
0.149416	-0.433721	
0.563699	1.16404	
0.831573	-0.0884557	
0.108958	0.262958	
0.913287	-0.130899	
-0.320569	-0.129943	
0.681054	1.30112	
1.34774	-0.0252875	
1.33713	0.41325	
-0.256233	0.644122	
0.15074	0.938418	
0.214505	-0.313341	
0.648915	-0.853704	
0.663488	-1.38528	
0.715558	-1.49716	
0.210311	-0.0163646	
-0.436024	-1.15462	
0.0753074	0.333087	
0.487195	-0.41091	
0.140885	0.334345	
-1.19422	0.333032	
-0.765417	0.279509	
-0.675381	-0.0605602	
-1.61099	-0.0837685	
0.499873	-0.182009	
-2.19297	2.63673	
-2.52338	1.65723	
-0.487149	1.72429	
-1.48833	0.338676	
0.454645	0.316571	
0.0347956	0.374406	
-0.716894	0.917554	
0.480844	0.718514	
-0.203954	1.09153	
-0.323128	1.2935	
-0.656602	0.384788	
-0.989094	1.26665	
0.36507	0.0329457	
0.0629415	0.740348	
-0.560239	0.967289	
0.648515	1.04332	
1.29639	-0.144911	
0.921879	-2.03957	
0.529786	-0.552747	
1.34295	-0.537954	
1.2559	-0.113621	
1.17771	0.0665013	
1.2845	-0.303459	
0.61189	-0.398129	
0.701897	0.352247	
0.761727	3.01419	
-0.689794	3.79984	
0.727199	3.36864	
0.842702	3.19683	
0.351263	1.6266	
1.83684	-0.108647	
0.727199	3.36864	
-0.68252	3.49409	
0.333179	1.44454	
0.947335	3.43819	
0.0344438	-0.746644	
0.172793	0.26185	
0.279041	1.07326	
0.350358	1.15697	
-1.35618	-0.237929	
0.727482	-0.384676	
0.380784	-1.58862	
-0.126852	-0.573085	
0.320548	-1.34976	
0.276891	-0.961343	
0.220022	0.109279	
-0.0466769	-0.664408	
0.594753	0.357684	
0.186649	0.761327	
1.2518	-0.0798497	
-0.790214	1.07736	
0.220022	0.109279	
0.134107	0.598847	
0.00535968	-0.557217	
-1.02456	-0.245441	
-0.744525	-0.23777	
-0.654742	0.431962	
-1.02282	0.822611	
-1.96709	0.317477	
1.52864	-1.23061	
0.966305	-0.668132	
0.189933	0.248596	
-0.744525	-0.23777	
0.451661	0.409442	
-0.350762	0.152318	
-0.0100805	-0.16685	
-0.0556323	-0.122146	
0.461711	1.25892	
0.231018	0.673327	
-0.0100805	-0.16685	
-1.56468	0.727303	
0.015422	-0.182895	
0.701195	-0.90394	
0.701195	-0.90394	
-0.0204556	0.352349	
0.23502	2.17721	
0.794303	0.835615	
0.742209	-1.16935	
-0.0732422	1.18233	
0.170457	0.795597	
-1.04695	-0.214127	
0.519634	-1.95003	
-0.00767332	0.907325	
-0.133593	2.34337	
-0.0739419	2.70751	
2.39445	0.737323	
1.88372	0.716104	
2.36276	-0.344284	
1.74602	0.715379	
1.45537	-0.226031	
1.13254	-0.477803	
1.9612	0.136616	
1.00537	0.467178	
2.0318	0.714962	
2.00122	-0.282381	
0.726035	-1.57421	
-1.90558	-0.521566	
0.190688	0.742576	
-1.02173	-0.247329	
-0.789973	0.766815	
-0.872494	1.21513	
0.182301	0.319519	
-0.830138	0.742889	
-0.756849	1.31234	
0.190688	0.742576	
0.162569	1.6169	
0.351856	1.77015	
0.500144	1.60965	
0.336459	2.05896	
0.211906	1.57835	
0.516253	2.9048	
0.61088	3.05068	
0.333713	2.05675	
0.508334	1.61932	
0.396359	2.02224	
0.0419652	0.805648	
0.182091	0.833831	
-0.658049	0.438296	
-0.655241	0.461792	
-0.748922	1.08193	
-2.01184	-0.105942	
0.116466	0.850945	
-0.747432	1.02503	
0.0655641	1.09764	
-1.52876	0.867443	
0.245218	-1.04888	
1.30228	-0.0109496	
0.256659	-0.252653	
2.33509	-1.79121	
0.161004	-1.25014	
0.542466	-1.51048	
0.542466	-1.51048	
-0.0506403	-0.720026	
-0.154465	-0.659124	
0.542466	-1.51048	
0.890781	-1.1434	
-0.934419	-0.290383	
-0.0196879	-0.850705	
-0.037644	-0.839287	
0.859603	-0.479846	
1.03675	-2.05057	
0.350379	0.0510789	
0.137691	0.224568	
1.9832	-1.35965	
0.953488	-1.33379	
0.761512	-0.43008	
-0.0954972	-0.681073	
-0.782367	1.41045	
0.293254	-0.549153	
-0.415953	-0.3096	
0.792382	-1.64357	
0.761512	-0.43008	
0.20573	1.22124	
1.18437	0.17813	
0.298418	-1.08351	
0.108884	-0.144638	
0.924521	-0.180767	
-0.823178	-0.964598	
0.699341	0.413769	
0.708142	-0.490309	
1.11355	-0.253916	
0.199901	0.0118962	
-0.795584	-0.431478	
1.11355	-0.253916	
0.137008	0.0245769	
-0.576284	0.145387	
-0.967913	0.472221	
-0.853001	0.423384	
0.476634	-0.454837	
-0.853001	0.423384	
-0.902225	-0.141701	
-1.00534	0.452895	
-1.46651	0.502693	
-0.853001	0.423384	
-0.908803	0.596239	
1.41384	0.87377	
1.26957	-0.851106	
0.232637	-0.710502	
0.880791	0.64311	
0.629526	-0.91384	
-0.851639	-0.806749	
0.989125	-0.472429	
-0.0819008	-0.523271	
-0.487353	0.163651	
-0.0819008	-0.523271	
0.772204	0.376468	
1.33915	-0.0955167	
-0.137104	-0.599431	
1.16117	-1.14241	
0.811598	-0.83236	
-0.0466769	-0.664408	
1.17518	-0.149698	
1.1065	-0.012404	
1.16117	-1.14241	
-0.0466769	-0.664408	
0.829146	-0.252012	
-0.681473	0.427604	
0.69745	-0.905171	
1.07641	-0.443595	
0.726022	-0.260929	
-0.945432	-0.818881	
0.481934	0.310988	
0.530108	0.0337574	
0.468859	-1.04735	
0.346159	0.953367	
0.193167	0.718498	
0.295688	-0.0720235	
-0.502587	-0.874761	
0.241852	0.91058	
0.816501	1.99153	
0.313068	0.340969	
0.100294	0.90176	
0.711634	0.853182	
1.38427	0.0671564	
0.304535	0.0358676	
-0.0498061	-0.18079	
-0.142671	-0.233977	
-0.10717	-0.0728883	
1.34646	-1.3402	
2.27108	-0.701369	
0.605364	-1.20192	
0.351423	0.00927903	
1.8326	-1.5308	
1.51957	-0.327083	
2.32524	-1.16065	
-0.713285	1.06979	
-0.101527	-0.265231	
-0.145748	-0.636376	
-0.762719	0.241995	
0.360789	-0.313989	
-0.687694	0.354821	
-0.887289	1.21828	
-1.32855	0.869326	
0.304053	0.175495	
-0.840547	0.700998	
0.874619	-0.517716	
0.955687	-0.00923975	
0.951123	-0.846876	
0.262952	1.04485	
0.659854	-0.353803	
-1.12402	-0.217109	
0.869175	0.158009	
0.874619	-0.517716	
-0.70845	1.34699	
0.298665	-0.64177	
-0.681473	0.427604	
1.43392	-1.09367	
-1.8829	0.258332	
-2.78238	-0.0881506	
0.927699	-1.64284	
-0.647936	0.490877	
1.366	-1.09884	
-0.0980736	-0.0943577	
1.43392	-1.09367	
0.0621895	-0.289939	
1.17394	0.69248	
1.01061	0.448372	
1.13753	0.140564	
0.0490725	0.0310248	
0.39957	0.580481	
1.18806	0.11359	
0.39957	0.580481	
0.274223	-0.282925	
0.851806	0.207207	
0.188376	0.533599	
1.50124	-1.06752	
1.91558	-1.40071	
1.48243	-0.747385	
2.91161	-1.79058	
2.16896	-0.844951	
1.3539	0.411235	
2.22557	-1.76481	
2.91161	-1.79058	
2.32659	-1.14201	
3.20675	-2.02562	
-1.23668	-0.667073	
1.04537	-0.655462	
0.225139	0.155137	
0.555288	-0.334197	
-0.76586	0.301037	
0.204427	0.559465	
1.67595	-1.10482	
0.158694	0.249889	
1.10858	-1.01123	
-1.10652	-0.0828938	
-0.0437446	0.0472495	
-0.946214	-0.37718	
-0.625227	0.152705	
0.850537	-0.298221	
1.57746	-0.807829	
0.0773374	-0.696919	
-0.0648312	0.223221	
0.752217	0.272961	
-1.61694	0.611981	
0.844156	0.222838	
-2.73978	-0.151782	
-2.45176	-0.156188	
-2.87534	-0.202606	
-1.92839	-0.477152	
-1.88995	0.0418693	
-1.80275	0.603416	
-0.687152	-0.0248674	
-2.71326	-1.45743	
-2.18042	-0.799765	
-3.26268	-0.0417198	
0.669037	-0.260699	
0.253273	-0.455571	
0.609285	0.834212	
-1.16857	0.108892	
-0.174831	0.796405	
-0.211186	3.61493	
-0.369595	-0.33237	
-0.728997	-0.328592	
0.111592	4.71849	
-0.176597	-0.0998471	
0.433039	-1.31396	
1.16117	-1.14241	
0.40199	-1.05674	
1.16117	-1.14241	
1.16117	-1.14241	
0.876695	-1.58749	
0.22444	-0.745147	
-0.808352	-0.242432	
1.61273	-0.534094	
-3.01658	-1.05677	
-0.954738	-0.105165	
0.76275	1.70244	
-0.311212	0.804949	
0.148373	0.357903	
-1.77085	0.294849	
-0.784818	0.697024	
0.334845	0.174834	
0.170827	0.355757	
0.807195	-0.269996	
-0.784818	0.697024	
0.853777	0.653569	
1.01692	-0.377648	
1.32032	-0.789969	
0.268969	-0.898447	
-0.672209	-0.0900972	
0.832078	0.679539	
-0.636788	0.516395	
0.760711	0.607078	
1.27403	0.576402	
0.299585	0.843939	
-0.693804	-2.35195	
-1.70556	-2.71967	
-0.802557	-0.785154	
-1.81437	-2.36159	
-0.360117	-4.03327	
-1.88446	-0.679195	
0.0782687	-0.961718	
0.971688	-0.812174	
-1.01807	1.8287	
-0.971294	0.322727	
-0.471442	-0.316571	
1.9952	-1.47336	
0.594475	0.542049	
1.71703	-1.25003	
1.55462	-0.128265	
1.69817	-1.2884	
2.0362	-1.14606	
0.637213	0.278587	
1.72803	-0.633481	
0.541696	0.231801	
0.308198	0.301035	
1.04485	0.0610896	
0.524945	0.280808	
0.0151462	-0.0151158	
0.194722	0.247442	
0.0664085	0.347296	
2.34543	3.75152	
0.119181	0.254486	
0.564371	0.523871	
0.416748	0.24129	
0.99489	-0.0305876	
0.743798	-0.318116	
1.04485	0.0610896	
1.23511	0.235618	
0.0804016	1.21448	
1.04485	0.0610896	
0.888348	-0.532618	
1.33952	0.367886	
0.888348	-0.532618	
0.671858	1.13682	
1.33889	-1.56413	
1.31465	-0.944693	
1.26023	-1.41211	
1.60365	-0.504755	
0.898092	-2.07067	
1.41434	-0.499857	
0.831603	-1.86795	
1.76483	-0.0580288	
1.43416	-1.1691	
-1.73117	-0.128028	
1.79826	-0.707737	
1.79793	-0.30374	
0.816205	1.78848	
1.82418	-0.936191	
1.73051	-0.758594	
-0.228192	2.16833	
1.76483	-0.0580288	
1.30084	-1.75596	
1.73051	-0.758594	
0.874706	0.326676	
-0.162827	-0.880807	
0.180088	0.391011	
0.583193	3.1719	
-0.976074	-0.385466	
-3.18716	-2.77909	
-0.176533	-0.407351	
-1.19356	-0.656698	
-1.1339	0.821119	
-1.25004	0.871	
0.815663	3.06787	
-0.49578	0.531898	
2.5598	-1.26696	
0.561628	1.0797	
-0.31583	2.1934	
-1.6373	0.389707	
0.705635	0.880342	
0.68393	0.0995623	
0.722198	1.78901	
-1.26783	1.02484	
1.45722	-0.380065	
-0.585645	0.526062	
0.755217	0.24244	
1.37685	-0.372567	
-0.204672	0.503593	
1.68812	-0.94111	
0.839777	0.133134	
1.7008	-0.11646	
-0.204672	0.503593	
-0.170578	1.2998	
1.23376	0.547348	
-3.94827	-0.385901	
-1.27037	0.44523	
-4.22566	-0.6594	
-1.26206	-0.378459	
-4.54135	-2.06368	
-4.65794	-0.815971	
-0.95812	1.27999	
-1.23027	0.7294	
-1.26206	-0.378459	
-4.22566	-0.6594	
1.46407	-1.35422	
0.993301	-2.24915	
0.78002	-1.00033	
-4.53562	-2.06874	
-0.488841	1.25773	
1.78776	-1.3788	
1.46407	-1.35422	
1.40169	-1.18963	
1.33889	-1.56413	
1.33889	-1.56413	
1.25047	-0.438578	
1.95693	-1.00579	
0.83201	0.147588	
0.83201	0.147588	
0.834689	-0.535289	
0.799686	0.0663724	
1.23253	-0.78299	
1.31465	-0.944693	
0.241815	0.678079	
-0.638586	0.299757	
0.881936	1.75838	
0.736284	1.37821	
1.301	0.42937	
1.31465	-0.944693	
0.165465	1.17886	
0.242059	1.78681	
0.816501	1.99153	
0.816501	1.99153	
0.816501	1.99153	
0.627531	1.15426	
-2.69133	-1.12291	
-2.11537	-1.94946	
-1.83693	-0.557222	
-1.79146	-0.584946	
-1.5495	0.244567	
-1.85566	-1.49597	
-1.87457	-1.69952	
-1.87457	-1.69952	
-2.89284	-1.299	
-1.96188	-0.787528	
0.761512	-0.43008	
-0.968412	-0.169687	
0.184327	0.509535	
-0.208861	1.64235	
0.334498	1.06915	
0.84362	-0.164171	
-0.312445	-0.568218	
0.334498	1.06915	
-0.35568	1.53686	
-0.320952	1.36035	
-0.320558	3.60901	
0.222497	0.710158	
-0.908926	1.20577	
1.7717	-0.763534	
-3.64934	0.212946	
-2.64668	-1.43074	
0.84362	-0.164171	
-0.926689	1.3737	
-3.64934	0.212946	
1.7717	-0.763534	
-0.830889	1.28645	
-0.920832	1.57993	
-0.570987	1.16461	
0.17401	0.903105	
-0.570987	1.16461	
-0.779182	1.12806	
0.0733734	0.138405	
1.41434	-0.499857	
1.35229	-0.638332	
1.7008	-0.11646	
-4.27821	-1.75734	
-3.07048	-0.986437	
-3.27439	-1.77432	
-4.32222	-2.09042	
-4.06054	-1.56294	
-2.49239	-0.70791	
-1.17973	-0.200838	
-4.61472	-1.27681	
-3.29782	-0.552126	
-2.97402	-0.645364	
-0.170578	1.2998	
0.880107	-0.0480423	
0.84298	0.182802	
1.33889	-1.56413	
-0.585645	0.526062	
0.737682	0.696528	
0.167684	0.203706	
1.26023	-1.41211	
1.33889	-1.56413	
0.737682	0.696528	
-2.90717	0.567759	
-0.669462	0.531231	
1.42337	0.145559	
1.53653	3.79221	
-0.152667	2.93895	
-0.556838	3.94393	
-0.594287	2.06733	
-1.67786	0.220548	
0.844864	0.447575	
0.580638	-0.04012	
-0.535306	0.515384	
1.67081	-0.440434	
2.44843	0.854001	
-4.17154	0.162353	
-2.76917	-1.79743	
1.15532	-0.526922	
-2.82094	-0.432148	
0.734756	0.202644	
-1.57381	-0.969835	
-5.13677	-0.902625	
-0.720442	0.162486	
0.103444	0.77478	
0.361632	1.03829	
-0.0732422	1.18233	
-0.418879	1.30389	
-0.418879	1.30389	
-0.376219	1.469	
-0.631349	0.904154	
-0.641124	0.264496	
-0.376219	1.469	
0.550228	-1.51776	
-0.261299	1.42921	
0.12284	1.30005	
0.0167769	-0.773909	
-0.309964	1.00097	
0.993301	-2.24915	
0.314204	1.05295	
0.550228	-1.51776	
-0.227222	1.58584	
1.33889	-1.56413	
0.36272	1.74342	
1.01409	1.28428	
0.780735	0.769407	
0.412587	0.734376	
0.839561	1.23595	
-1.56337	0.0915311	
0.513984	1.37759	
0.371321	1.72601	
0.412165	0.738225	
0.569051	1.36389	
0.913743	-0.370071	
0.504077	-0.34065	
1.17771	0.0665013	
0.953359	-0.282721	
0.669007	-0.0934683	
0.326818	0.482574	
0.229459	0.939096	
-0.113161	-0.600996	
0.671858	1.13682	
1.1861	-0.861951	
-3.47887	-0.42919	
-3.16812	-0.562517	
-4.04131	-0.997235	
-1.85286	-0.993933	
-2.89328	-0.115332	
-2.03888	-0.928513	
0.742209	-1.16935	
-2.90745	-1.85567	
-2.78611	0.175093	
-3.83811	-0.80582	
-1.43755	0.199148	
1.21488	-1.59014	
0.833611	-0.65384	
1.21488	-1.59014	
-0.186533	-0.990506	
1.21488	-1.59014	
-1.33321	-0.457951	
1.34022	-0.499335	
1.21488	-1.59014	
-0.647579	-0.959277	
0.138504	-0.101554	
0.0767425	-0.087255	
-0.373699	0.67279	
0.261086	0.955579	
0.181775	0.780903	
0.208751	-0.105135	
0.181775	0.780903	
1.36229	-1.38531	
-0.826959	1.15176	
-0.0475585	-0.0974075	
-1.43755	0.199148	
-1.49621	-0.608955	
-1.67752	-0.0446288	
-1.43755	0.199148	
-1.90558	-0.521566	
-2.07732	-0.906976	
-2.07732	-0.906976	
-1.58277	0.900549	
-0.826959	1.15176	
-2.01184	-0.105942	
0.264615	0.166798	
0.226868	-0.0136158	
-2.93182	-0.501887	
0.252774	0.322416	
-1.60083	-0.869806	
0.690281	0.333152	
-0.471974	-0.112883	
-1.26206	-0.378459	
0.31118	0.940442	
0.776848	1.08608	
1.51613	-0.696179	
-0.716894	0.917554	
-0.693342	0.0863594	
-0.941989	1.27047	
0.0733734	0.138405	
-0.641124	0.264496	
0.4548	-0.092506	
-1.00509	1.17868	
1.85176	-0.24145	
-0.769063	0.890634	
0.172418	0.727021	
0.35214	1.94288	
-0.745418	0.898776	
-0.228192	2.16833	
0.157773	4.21399	
0.653091	0.865633	
0.358773	1.70839	
0.232917	0.693941	
-0.0916373	3.3929	
-1.43755	0.199148	
-3.10017	-0.998017	
-0.784147	3.2248	
-2.25489	-1.29709	
-4.17154	0.162353	
-3.72568	-1.03808	
1.31826	-0.903356	
-4.67697	-1.00362	
-5.09158	-0.636324	
1.14893	0.8582	
0.841427	0.437494	
1.43392	-1.09367	
1.0008	-0.0418026	
0.962591	-1.74607	
0.38758	0.465665	
0.539142	-0.805977	
1.43392	-1.09367	
1.43392	-1.09367	
1.10002	-0.912932	
0.940215	0.100454	
0.862615	0.237259	
-0.676238	0.562366	
-4.31261	-0.835995	
-1.09144	0.943066	
-4.27821	-1.75734	
1.68652	-1.33316	
-1.02282	0.822611	
-0.676238	0.562366	
-2.0443	-0.728054	
-3.12445	-1.79224	
-4.32768	-1.86003	
-0.874274	-0.279008	
-0.874274	-0.279008	
1.33889	-1.56413	
1.33889	-1.56413	
1.88172	-0.881474	
1.33197	-0.0159597	
1.53248	-1.35575	
1.02749	1.09366	
1.33889	-1.56413	
1.33889	-1.56413	
-0.967377	0.616175	
-0.0144499	-0.141134	
-2.82918	0.354358	
0.346294	2.77021	
0.0633887	4.31868	
-2.84503	-0.583652	
-0.867703	1.52472	
2.24709	-1.32207	
-1.76682	0.138463	
0.341878	3.53123	
0.367586	-0.451818	
0.79458	0.996854	
1.85176	-0.24145	
1.21488	-1.59014	
0.291224	0.810374	
1.1003	-0.129434	
1.23253	-0.78299	
1.13679	0.600302	
0.608504	0.909281	
1.78909	-1.1325	
-2.98305	-0.610411	
0.761512	-0.43008	
-2.14786	-0.607417	
0.428862	3.02007	
-0.598292	3.14688	
-0.953796	0.644613	
-1.74902	-0.903632	
-3.76017	-0.0537641	
-1.07823	0.785785	
-0.587213	4.27876	
1.20719	3.9059	
-1.96296	-0.109696	
1.7813	0.341884	
-2.07762	0.0152812	
-1.50707	-0.566784	
2.34725	0.649401	
1.50599	3.27696	
-1.86973	-0.62669	
1.62376	3.41979	
-1.06621	-0.252975	
-1.74349	-0.714936	
0.78002	-1.00033	
-0.227222	1.58584	
-3.55425	-0.753493	
-4.10472	-1.80437	
-3.47698	-1.41793	
-3.22609	-1.31183	
0.742209	-1.16935	
-2.86927	-1.10895	
-3.25272	-1.15708	
-1.58279	-0.846814	
0.167684	0.203706	
-2.82093	-1.38302	
0.167684	0.203706	
-1.56362	-0.81438	
0.217382	0.14381	
0.471137	1.68719	
0.617208	2.03121	
1.25826	-0.473705	
0.0586338	-0.141865	
1.30084	-1.75596	
-1.1421	-0.172514	
-1.79516	0.0671329	
1.30084	-1.75596	
-1.04306	-0.669738	
-1.1421	-0.172514	
-1.86252	-0.735471	
-1.79516	0.0671329	
-1.06961	-0.155609	
-1.79516	0.0671329	
-0.2508	0.33293	
-0.171608	-0.845979	
-0.305007	3.25718	
1.77235	0.477024	
1.11042	3.5235	
-0.831259	-0.00463065	
0.98291	-0.77804	
-4.40169	-1.02827	
-0.631836	0.454537	
0.887264	0.756883	
0.645823	-0.247284	
0.302995	0.715019	
1.50683	-0.30482	
1.67515	-0.481332	
1.36818	-0.00418165	
0.0770985	0.927876	
1.23194	-0.420181	
0.102708	0.217311	
0.0758075	0.228953	
-0.742277	1.1666	
-2.89217	-0.422844	
-3.4979	-1.62197	
1.35579	0.469451	
-1.0148	0.357751	
-1.26206	-0.378459	
-3.92572	-0.66049	
-0.616573	1.05554	
1.49076	-0.0578843	
-4.19352	-1.08573	
-0.719561	0.470265	
-0.769309	-0.757061	
0.662786	-0.41513	
1.29334	-1.33853	
1.11663	-1.18968	
1.29334	-1.33853	
1.21862	-1.08307	
-0.757638	-0.376794	
1.15023	-1.32766	
0.607577	-0.39397	
0.662786	-0.41513	
-0.152667	2.93895	
1.99378	-0.684536	
-0.426097	2.64862	
0.743034	-0.141595	
0.293254	-0.549153	
-4.04131	-0.997235	
-4.15905	-1.27545	
-0.0581267	4.05804	
-4.24154	-0.0187213	
-0.955262	0.188352	
-0.815891	0.692527	
-0.570605	2.85416	
-0.32153	-1.1854	
-0.834498	1.60638	
0.419339	0.0808966	
1.85176	-0.24145	
-0.708068	1.68156	
0.534028	-0.175458	
-0.607345	1.25801	
-0.537584	2.20243	
-0.803616	0.790057	
1.53155	-1.01856	
-0.665798	0.436078	
1.69531	-1.28405	
-0.320162	0.816247	
-1.2807	-0.26515	
-0.72795	1.25714	
1.25871	-0.56888	
-0.320162	0.816247	
-0.805205	0.553983	
-0.158128	0.799754	
-0.822913	-0.102161	
0.360789	-0.313989	
0.589669	1.90129	
-0.0205945	-0.94487	
0.861414	0.0516411	
-0.620848	0.335699	
-0.261299	1.42921	
0.824354	0.42676	
0.0111633	-0.18271	
0.475859	-1.51787	
-0.934419	-0.290383	
1.69854	-1.46787	
-0.170578	1.2998	
1.48031	-1.54867	
0.708087	-0.440817	
1.56976	-1.35743	
0.962591	-1.74607	
1.48031	-1.54867	
-1.02531	0.475898	
1.13969	-1.19838	
1.20782	-0.542737	
0.787165	-2.05394	
1.23782	-1.28834	
1.13969	-1.19838	
0.884739	-2.23935	
0.787165	-2.05394	
1.30084	-1.75596	
0.831603	-1.86795	
1.30084	-1.75596	
-2.93425	-0.36345	
-1.77818	0.816336	
-2.07555	0.802383	
-0.870265	1.07926	
-0.462861	1.24937	
-0.521571	0.456095	
-0.521571	0.456095	
-0.521571	0.456095	
-0.846034	0.137803	
-1.79516	0.0671329	
-0.889586	-0.488782	
-0.286121	0.0240104	
1.23253	-0.78299	
-2.26697	-1.21664	
-2.95963	-0.143089	
1.3332	-0.70841	
0.888786	-0.656959	
-0.0715589	-0.680687	
-1.77818	0.816336	
0.743034	-0.141595	
0.923924	3.22775	
0.912505	2.22487	
0.586963	2.6836	
-0.822371	1.19167	
0.867678	2.22653	
-0.98599	0.610891	
0.203656	1.07557	
1.12934	2.28216	
0.684269	2.65336	
-0.689745	1.00113	
1.46407	-1.35422	
0.644154	-0.513936	
-1.67752	-0.0446288	
-0.0062378	-0.541313	
0.0727956	-0.198382	
-0.42797	0.559752	
0.0773214	-0.0465372	
0.279229	-0.0225437	
0.810773	-0.706887	
-0.0989858	-0.484243	
-3.76161	-0.988524	
-1.00369	0.411963	
-2.89284	-1.299	
-3.83192	-2.1051	
-3.21556	-1.69121	
-2.07966	-0.161073	
-2.46592	-0.55077	
-2.93315	-1.57354	
-2.61663	-1.34916	
-2.82094	-0.432148	
-0.554689	-0.245416	
-1.06848	-0.376861	
1.59211	-1.48312	
1.65569	-1.97997	
-0.554689	-0.245416	
0.884739	-2.23935	
1.65569	-1.97997	
-0.554689	-0.245416	
-0.554689	-0.245416	
-1.49621	-0.608955	
-1.90558	-0.521566	
-0.436024	-1.15462	
0.00535968	-0.557217	
-1.90558	-0.521566	
-0.981192	-0.212636	
0.419339	0.0808966	
-2.0443	-0.728054	
-0.822913	-0.102161	
-0.934419	-0.290383	
0.0167769	-0.773909	
0.203656	1.07557	
0.993301	-2.24915	
1.03675	-2.05057	
0.0111633	-0.18271	
0.13777	0.171196	
0.216909	1.75292	
0.948838	-1.88589	
1.0272	-1.40515	
0.898092	-2.07067	
0.993301	-2.24915	
1.79793	-0.30374	
1.85176	-0.24145	
1.79793	-0.30374	
1.7008	-0.11646	
-0.256532	1.79418	
0.38758	0.465665	
1.83845	-1.06844	
-0.103613	0.174868	
0.443468	0.519283	
1.78909	-1.1325	
1.34646	-1.3402	
1.03675	-2.05057	
0.839986	-0.513195	
1.34646	-1.3402	
1.26793	-0.916041	
1.26612	-1.08968	
0.831603	-1.86795	
1.43416	-1.1691	
1.26612	-1.08968	
1.34646	-1.3402	
1.2435	-1.14651	
-0.133979	-0.812612	
-0.585645	0.526062	
1.82418	-0.936191	
-0.585645	0.526062	
-0.898215	1.44743	
0.511836	-1.30891	
-1.81958	0.415569	
0.511836	-1.30891	
0.869674	-0.452586	
-0.167051	-0.880238	
-0.680555	4.05969	
-1.98381	-1.27338	
-0.655499	3.18839	
-0.74131	1.10252	
-0.749932	0.891792	
0.870142	-0.864256	
-3.16812	-0.562517	
-2.68154	0.288878	
-2.8493	-0.606462	
-1.46171	-0.237677	
-4.56608	-2.30074	
0.0135402	3.28003	
-1.60899	-0.635432	
-4.56608	-2.30074	
0.284759	2.92611	
0.0811469	3.54256	
-1.46171	-0.237677	
-4.07534	-1.56483	
-0.204182	2.7767	
1.09919	-0.594481	
0.0111633	-0.18271	
1.85176	-0.24145	
1.31465	-0.944693	
1.23253	-0.78299	
-0.307226	1.60323	
-0.415953	-0.3096	
0.0111633	-0.18271	
-1.01268	0.63754	
1.1637	-0.418144	
1.10076	-0.445631	
-0.227222	1.58584	
1.18972	-0.0215383	
-1.44072	-0.313459	
0.00608659	2.10395	
-0.488841	1.25773	
0.845431	1.1578	
-0.227222	1.58584	
0.830051	1.15185	
-0.745147	2.08915	
-1.43755	0.199148	
1.61273	-0.534094	
0.414984	1.07569	
0.148807	0.223582	
0.125935	0.275999	
1.30084	-1.75596	
-1.49621	-0.608955	
1.21637	-0.75741	
0.520653	-0.0388876	
-1.35618	-0.237929	
0.955687	0.108667	
1.09133	-0.785139	
-0.743287	1.38105	
1.38941	-0.531732	
-0.756948	0.591268	
0.874619	-0.517716	
1.50683	-0.30482	
1.366	-1.09884	
1.26762	0.360232	
1.38941	-0.531732	
2.08431	-1.39594	
-1.11105	0.17764	
0.898092	-2.07067	
-2.52896	-0.39647	
-1.92919	-0.0535054	
0.996177	-0.4058	
-0.91992	0.610322	
0.759824	-0.786234	
0.202353	0.0062138	
1.0272	-1.40515	
0.133572	-0.107079	
0.0804312	-0.0313704	
0.785391	-0.870494	
0.126309	-0.221905	
-0.842185	-0.733651	
0.599368	-0.836413	
0.803678	-0.699423	
0.602856	-0.943791	
0.0692239	-0.0508016	
-0.0143531	0.00557671	
-0.0814327	-0.231249	
-0.889586	-0.488782	
0.993301	-2.24915	
1.44375	-0.697905	
-0.306026	-0.939993	
-0.312445	-0.568218	
-0.889586	-0.488782	
-1.27828	-0.636924	
0.84362	-0.164171	
1.0272	-1.40515	
-1.44996	-0.423657	
-1.30201	-0.546509	
0.878912	-1.21468	
-4.10472	-1.80437	
-1.26206	-0.378459	
-1.56056	-0.426163	
-1.60899	-0.635432	
0.921879	-2.03957	
1.96629	-1.93509	
-0.955262	0.188352	
1.49358	-0.50044	
1.28467	-0.329226	
2.0211	-1.55124	
-0.654391	1.73912	
1.37685	-0.372567	
1.82418	-0.936191	
-0.376219	1.469	
1.50659	-1.16291	
-0.936907	2.14157	
1.49358	-0.50044	
0.155182	0.902542	
1.68812	-0.94111	
1.31465	-0.944693	
1.31465	-0.944693	
1.68812	-0.94111	
-0.972508	0.599301	
1.21488	-1.59014	
1.68812	-0.94111	
0.78148	-1.06003	
1.31465	-0.944693	
-2.99289	-0.896178	
-2.86927	-1.10895	
-3.24306	-3.13316	
-3.11028	-2.03242	
-0.228192	2.16833	
-3.89575	-1.9923	
-4.53832	-0.14479	
-4.31958	-1.06477	
-2.89927	-1.39516	
-4.55115	-2.2999	
0.708007	-0.765855	
-1.58509	-0.316464	
0.157628	3.40173	
-1.68797	-0.51917	
-1.07276	0.749946	
-1.68797	-0.51917	
-0.67596	-1.15123	
1.89724	-1.77337	
0.78002	-1.00033	
-0.320162	0.816247	
1.69993	-1.77055	
-4.04131	-0.997235	
-3.85103	-1.51528	
-0.309964	1.00097	
0.761512	-0.43008	
0.78002	-1.00033	
-0.203251	0.536791	
1.22793	-1.5699	
0.323409	-0.589823	
0.648681	2.95034	
-3.69346	-1.44101	
-0.239479	2.85527	
-0.239479	2.85527	
-4.12258	-2.02023	
-2.9923	-0.334486	
1.04311	2.58947	
-0.990382	2.07549	
-0.204672	0.503593	
-0.359594	2.00886	
-4.25262	-0.876603	
-1.72267	-0.0155342	
1.81373	-1.14833	
1.41519	-1.08059	
-0.00894544	-1.02467	
0.608669	-0.42621	
0.661486	-0.017534	
1.43517	-1.06186	
0.634244	0.0468448	
-0.184051	-0.116258	
-0.15763	-0.805857	
0.58218	0.884385	
-0.320162	0.816247	
-3.63461	-2.92315	
-1.26206	-0.378459	
-0.309964	1.00097	
-0.307226	1.60323	
-0.320952	1.36035	
-0.309964	1.00097	
-0.307226	1.60323	
0.620601	1.12305	
-3.83859	-1.10206	
-2.46592	-0.55077	
-2.52896	-0.39647	
-1.72453	-1.0967	
-1.77888	-1.62725	
0.148748	-0.0884677	
-2.45399	-0.364233	
1.98334	-1.35005	
-0.891797	0.799765	
-0.546975	-1.06131	
-4.04131	-0.997235	
-0.0604272	4.04186	
0.871158	3.53076	
-0.312717	3.81342	
1.00962	2.56152	
1.00962	2.56152	
-3.16812	-0.562517	
-2.70403	-0.471317	
-2.97041	-1.4519	
0.967365	2.65382	
0.40199	-1.05674	
1.07926	-0.927543	
2.15097	-1.57708	
1.67545	-1.62986	
0.0099234	0.261885	
0.840017	-0.719682	
-1.73912	0.858649	
0.871823	-0.946086	
-0.822759	-0.0620008	
1.37469	-1.34823	
-0.0641666	0.162779	
-0.91992	0.610322	
-0.809547	0.138079	
-0.172098	0.183191	
-0.990382	2.07549	
-0.0149865	-0.243983	
0.110044	0.0621145	
1.10072	-0.877333	
-1.06848	-0.376861	
-0.908926	1.20577	
-0.0324844	0.107123	
0.248881	0.668293	
-0.0201817	0.162734	
-0.874767	-0.445114	
-0.800598	0.181985	
-0.150468	0.926901	
-0.857152	-0.43338	
-0.99967	-0.470323	
-0.986846	-0.446871	
-0.82728	0.617129	
-0.840473	0.692934	
-0.256532	1.79418	
0.418212	1.05462	
1.44898	-0.16572	
-0.749711	2.22632	
-0.0800352	1.03481	
-0.0732422	1.18233	
0.763002	-0.834133	
0.443468	0.519283	
-1.01599	1.2007	
-0.898215	1.44743	
1.33889	-1.56413	
-0.782367	1.41045	
-0.309964	1.00097	
-0.133059	-0.431414	
0.3952	-0.13855	
-0.83294	0.683024	
-0.762719	0.241995	
-1.0771	-0.38594	
-1.02693	0.527976	
1.7008	-0.11646	
1.23253	-0.78299	
1.23253	-0.78299	
-0.0344638	1.34122	
1.36818	-0.00418165	
1.36818	-0.00418165	
1.31465	-0.944693	
1.36818	-0.00418165	
1.23253	-0.78299	
0.0167769	-0.773909	
1.35611	-0.747604	
1.21556	-1.28582	
0.4761	-0.683331	
0.746896	0.100343	
1.20061	-1.33331	
1.68812	-0.94111	
1.11355	-0.253916	
-0.145748	-0.636376	
-0.782977	-0.455987	
0.770781	-0.808439	
-0.842382	0.801987	
-0.896866	3.35641	
-0.8696	3.09139	
-0.971085	0.696674	
-0.927108	0.617619	
-1.8534	0.235173	
-2.0443	-0.728054	
-2.09871	0.165657	
-1.19514	0.568187	
-1.71816	-0.293275	
1.30084	-1.75596	
1.83845	-1.06844	
-0.0205945	-0.94487	
1.21488	-1.59014	
1.32122	-1.48969	
1.21556	-1.28582	
1.21556	-1.28582	
1.30084	-1.75596	
-0.131646	-0.595044	
1.21556	-1.28582	
-2.18295	-0.358023	
-3.73029	-0.823477	
1.25371	-1.17868	
1.69858	-1.29207	
1.5072	-1.01677	
1.20061	-1.33331	
-2.99613	0.140307	
-3.25516	0.662655	
-2.9206	0.548329	
2.25074	-0.908076	
1.33889	-1.56413	
1.32122	-1.48969	
1.35229	-0.638332	
1.36849	-1.29923	
1.35229	-0.638332	
0.803678	-0.699423	
0.848424	-0.639344	
-0.32153	-1.1854	
1.88172	-0.881474	
1.36849	-1.29923	
1.31465	-0.944693	
1.31465	-0.944693	
1.53248	-1.35575	
1.31465	-0.944693	
1.31465	-0.944693	
1.33889	-1.56413	
0.78148	-1.06003	
1.31465	-0.944693	
1.31465	-0.944693	
1.31465	-0.944693	
0.263747	2.09113	
0.96856	3.55707	
0.492489	3.66661	
1.33778	-2.20878	
1.35821	-1.17046	
1.44375	-0.697905	
-0.821472	4.34942	
1.33778	-2.20878	
1.33778	-2.20878	
-0.751528	1.03479	
-0.152796	2.31596	
-0.187977	2.13989	
-2.80357	-0.362767	
-0.97106	1.50045	
-0.187977	2.13989	
-1.68797	-0.51917	
-2.50019	-0.255383	
-0.187977	2.13989	
-1.03701	0.420064	
-0.987782	0.381395	
0.207324	0.804193	
-4.55115	-2.2999	
-1.41797	0.580152	
-1.01184	0.527152	
1.18944	-0.932576	
2.02045	-0.67835	
-3.48018	0.216437	
1.31184	-1.23226	
-3.66305	-3.17872	
1.97083	-1.94913	
-1.19649	-0.197515	
-0.920832	1.57993	
0.196506	0.848384	
-0.834498	1.60638	
-0.920832	1.57993	
-0.51205	0.70948	
-0.851122	0.976339	
-4.60388	-1.04609	
-1.26787	0.51065	
-1.26787	0.51065	
0.3952	-0.13855	
-0.0850531	-0.425454	
1.23253	-0.78299	
1.73051	-0.758594	
1.73051	-0.758594	
1.82418	-0.936191	
1.7008	-0.11646	
1.7008	-0.11646	
1.73051	-0.758594	
0.193414	-0.0361391	
-0.742591	0.610296	
0.124289	0.114075	
1.25371	-1.17868	
1.36285	-1.15009	
-1.02231	0.524137	
-0.120614	1.6494	
-0.83865	0.505266	
0.687891	-0.137962	
-0.309964	1.00097	
-0.882657	0.320475	
0.361515	0.918456	
0.268881	0.765224	
0.136581	0.856719	
-0.228192	2.16833	
0.283785	0.826325	
0.155002	1.93274	
0.315117	1.00927	
0.261889	0.0531325	
-0.228192	2.16833	
0.83201	0.147588	
-0.00207192	0.144096	
-0.00207192	0.144096	
0.485782	0.0408178	
1.48031	-1.54867	
-0.620848	0.335699	
0.99497	0.0977236	
-0.00207192	0.144096	
-0.00207192	0.144096	
-0.00617275	-0.489111	
-0.941989	1.27047	
-1.75222	-1.23147	
-2.90386	-0.280844	
1.04138	-0.365153	
0.0827107	1.32509	
0.939075	-0.239321	
1.85383	-1.21827	
-3.5274	-0.097866	
0.570568	-1.32197	
1.09286	-0.155427	
1.37712	0.0873149	
0.593925	0.170635	
1.83845	-1.06844	
-0.35568	1.53686	
0.526999	0.144292	
0.0150553	-0.0151082	
-0.35568	1.53686	
-0.0390596	1.94191	
-0.384393	2.06371	
0.38758	0.465665	
1.74769	-0.880901	
1.00321	0.919891	
0.403207	-1.44033	
0.761044	-0.518466	
0.702162	-0.193418	
0.704151	0.402835	
-0.0702697	-0.94474	
0.173634	0.708786	
-0.913576	-0.478751	
0.708142	-0.490309	
-0.760477	-0.663604	
0.34532	-1.15343	
-2.72294	-1.1035	
0.72362	-1.24959	
-0.100728	-0.418579	
0.34532	-1.15343	
-1.88899	-1.59429	
-1.67418	-1.36982	
0.708007	-0.765855	
-2.42472	-0.916615	
0.324886	-0.229978	
1.84764	2.84283	
0.78002	-1.00033	
-1.69113	-0.485938	
1.33889	-1.56413	
-1.74681	0.476649	
-1.25527	0.146902	
1.26403	-0.357418	
0.0543555	3.50892	
2.00552	-2.07834	
-1.56056	-0.426163	
-1.03701	0.420064	
-2.89284	-1.299	
-4.48018	-1.18892	
1.0434	-1.01397	
-3.84066	0.176314	
-4.48018	-1.18892	
-4.35572	-0.781122	
-4.54135	-2.06368	
-1.39513	1.00142	
-1.26783	1.02484	
0.367054	1.58757	
-0.936255	1.26667	
0.823399	-1.20674	
0.917136	-1.38803	
-0.837559	1.36658	
0.823399	-1.20674	
0.917136	-1.38803	
1.30084	-1.75596	
0.244543	0.905359	
0.72609	0.459348	
