11.6543	0.499646	0.415109	
8.71013	5.59452	-14.6625	
7.16058	-2.85527	-1.03928	
5.5938	-7.88806	-0.948177	
8.22766	-5.41899	0.938537	
16.6081	2.43525	1.50165	
10.4862	1.5464	-0.469401	
15.3093	7.40025	-13.0562	
7.16889	-6.59556	2.31866	
17.0893	4.21975	-1.08667	
4.96573	4.23554	-3.44727	
5.92808	5.2903	-3.33988	
16.6082	-0.694099	-3.25032	
0.722434	1.19333	-6.65314	
18.0077	0.391303	-6.80914	
6.09721	-4.43816	0.272335	
1.41041	0.306906	-9.98393	
5.4047	-2.81479	1.48746	
17.259	-1.53781	-8.23192	
4.02943	3.33128	-2.14367	
9.34734	4.01993	-8.20086	
5.47492	-0.31801	-8.74596	
3.21665	2.02995	-0.460417	
7.45783	1.94994	-6.99564	
8.16518	0.645047	-8.38346	
12.9685	1.85411	-6.01241	
13.0963	3.59038	-4.9115	
6.85481	4.45002	-2.22748	
7.62992	1.80145	-6.43092	
8.08262	3.09065	-7.38636	
6.40201	-0.406841	-7.76812	
7.04374	0.855849	-6.81312	
5.77027	5.73105	-2.11476	
10.0179	6.08517	-6.14373	
6.01667	0.0511336	-7.57858	
8.04616	6.72982	-5.17403	
6.103	-0.166971	-6.21433	
6.71059	3.67728	-7.63466	
6.53659	0.459028	-7.51672	
6.63906	4.30967	-10.4111	
7.2369	0.709404	-5.41702	
6.95078	0.695889	-5.99716	
5.4835	7.04141	-6.27691	
5.92495	2.87383	-7.41106	
5.32222	-0.825163	-4.97134	
1.85527	1.85138	-7.62054	
6.92081	4.97265	-8.4515	
2.85033	5.22803	-4.5735	
7.23096	0.833813	-7.66037	
5.28329	-1.54936	-4.36141	
4.8677	-2.53503	-7.01489	
9.83043	0.754561	-4.36057	
12.2285	3.87143	-6.66538	
2.9165	-1.74819	-2.33409	
2.59701	-0.333462	-2.56872	
8.49083	6.33399	-10.0733	
11.5232	1.99817	-6.06337	
9.11746	5.35561	-2.25699	
12.878	2.84293	-2.52441	
13.7764	1.92529	-7.64028	
9.72059	0.57612	-7.10229	
11.7488	-1.35147	-8.13825	
13.4191	-1.7527	-6.20606	
10.7965	-0.189024	-7.82201	
8.16216	3.04092	-4.31532	
10.0316	-2.1523	-11.047	
10.7965	-0.189024	-7.82201	
10.1514	-1.20994	-6.49804	
10.7965	-0.189024	-7.82201	
7.70426	2.40376	-3.84122	
7.01297	-2.10818	-7.55945	
7.01297	-2.10818	-7.55945	
7.01297	-2.10818	-7.55945	
6.85866	-1.72089	-6.95153	
5.43098	-0.277345	-10.8211	
7.01297	-2.10818	-7.55945	
6.96261	-2.8824	-7.40829	
6.67328	-2.35829	-6.47725	
8.9222	-2.85549	-7.1863	
6.96261	-2.8824	-7.40829	
5.36266	2.04246	-4.60769	
9.25718	0.308463	-8.21993	
2.1143	-4.96804	-5.13615	
4.18382	-0.244309	-6.75315	
3.67182	-3.79164	-6.62048	
9.71789	1.27287	-10.0725	
6.46328	3.33522	-6.95311	
8.51434	6.26146	-0.370272	
0.552918	-3.44682	-9.39728	
10.9693	1.19574	-11.0969	
11.1525	-2.53144	-11.8458	
10.6028	-0.704198	-8.78017	
6.24918	-0.473163	-9.36956	
5.0655	-2.36733	-8.66794	
10.5989	-1.14111	-7.41119	
6.61928	-1.83094	-9.61068	
10.7696	-0.714865	-8.19497	
8.42668	-1.24869	-7.62513	
7.32003	-1.21197	-10.0069	
10.6028	-0.704198	-8.78017	
10.9235	-0.952095	-11.2917	
9.08225	-1.51739	-6.61964	
8.3054	-0.719785	-7.03035	
9.62623	1.56429	-6.72501	
9.77341	1.33346	-7.02041	
12.3627	1.16993	-10.8359	
9.54616	0.906737	-9.07296	
11.785	1.42137	-6.5004	
5.50963	4.79543	-13.9725	
8.3054	-0.719785	-7.03035	
9.32782	-3.12082	-2.75293	
10.0872	4.05148	-5.26848	
11.6348	6.80814	-9.28382	
7.92412	-1.26027	-5.74504	
10.3875	4.55737	-5.391	
7.25208	-1.61771	0.854287	
9.41621	5.34414	-6.70075	
8.00294	2.23818	-10.368	
8.63034	-2.05295	-6.05212	
12.1496	5.48491	-7.9077	
7.99931	0.161717	-5.32284	
7.41481	1.65081	-10.183	
8.27614	5.41931	-6.58764	
14.377	5.7873	-2.43595	
8.52648	0.0534216	-5.13627	
9.78048	2.19983	-7.81734	
7.67201	4.51927	-7.26317	
8.27614	5.41931	-6.58764	
6.99435	3.41642	-8.0117	
8.03182	3.99823	-7.50831	
6.29841	1.16673	-6.3508	
7.5507	-3.18175	-4.61663	
6.69433	-1.60256	-5.67744	
6.14518	0.707262	-6.2887	
6.08403	2.34786	-10.6263	
6.93206	2.66674	-8.30865	
7.71772	-2.99236	-4.96261	
8.65845	6.09393	-7.40135	
5.64252	4.23492	-5.90842	
8.27998	-0.559241	-13.0087	
9.21177	-0.547723	-2.82624	
7.88838	3.1129	-5.71207	
5.00668	-2.6176	-5.2936	
9.62187	-0.253577	-2.75044	
6.86841	3.24596	-5.97365	
7.12534	-3.61723	-9.08915	
6.85928	0.883561	-11.5435	
6.95024	-1.60901	-6.05545	
9.56034	7.09866	-13.2996	
5.55342	0.325545	-3.18846	
12.4355	5.37108	-6.34697	
11.1004	6.77328	-5.36073	
7.62781	1.53317	-9.10797	
6.19578	-0.394632	-9.98638	
8.86206	1.50437	-4.09224	
5.92517	0.948175	-3.49015	
3.62609	0.729401	-9.71363	
11.545	5.89386	-6.0968	
5.04152	0.0252653	-1.76972	
5.64884	1.85296	-12.157	
7.00524	3.16037	-1.76934	
6.59012	-4.00884	-4.96323	
3.50807	2.22412	-5.31369	
8.26969	-4.0365	-5.22822	
8.79939	-2.77677	-5.69189	
6.97744	-7.29794	-4.14271	
5.55463	-3.34956	-6.85825	
3.56314	4.26084	-3.63231	
5.82537	0.973173	-0.247638	
5.55463	-3.34956	-6.85825	
9.07298	-0.568894	-13.3769	
11.3696	-3.28747	-10.2844	
8.32571	-2.42759	-14.2203	
8.84992	-1.27927	-11.5355	
9.1729	-0.711855	-11.6993	
9.31164	4.21881	-10.9386	
8.36351	-1.08356	-11.9114	
9.31164	4.21881	-10.9386	
8.94648	5.74989	-9.59369	
9.06599	4.66785	-9.22806	
12.4184	5.9467	-10.2424	
6.40201	-0.406841	-7.76812	
8.52648	0.0534216	-5.13627	
8.05942	-1.07153	-5.45045	
6.84872	0.00236433	-6.35288	
6.40201	-0.406841	-7.76812	
7.17422	2.35269	-8.29695	
7.09213	-4.5422	-5.99072	
5.25425	-4.07172	-5.80696	
7.6598	1.25281	-10.7696	
8.36371	1.85045	-6.52718	
8.95019	0.930835	-8.86073	
6.55475	0.981916	-8.96342	
2.25237	1.98034	-8.34181	
9.40244	-0.176096	-7.55644	
6.69791	2.72059	-9.79845	
7.96148	0.105257	-7.86761	
8.36371	1.85045	-6.52718	
4.86085	2.22365	-13.1486	
8.95019	0.930835	-8.86073	
7.19541	0.112225	-4.56295	
6.85989	1.78862	-4.43151	
7.19541	0.112225	-4.56295	
6.60436	1.4557	-8.6761	
6.55287	1.99792	-4.08662	
6.55287	1.99792	-4.08662	
6.25682	2.60733	-5.32302	
7.19541	0.112225	-4.56295	
7.11192	2.4292	-4.13826	
6.85989	1.78862	-4.43151	
8.22089	0.305862	-10.7093	
7.89916	-4.02826	-3.55992	
8.22089	0.305862	-10.7093	
5.83394	2.53623	-7.55604	
8.21087	-1.86293	-2.14707	
4.00226	3.1291	-6.49766	
1.6795	0.144395	-8.14157	
1.8035	0.761536	-6.84979	
9.17375	-0.18245	-8.54126	
6.81114	3.35051	-3.33514	
4.07653	1.13917	-6.00911	
5.54006	-1.46573	-8.13107	
5.23879	-2.21018	-9.35856	
5.41794	-5.70728	-12.4484	
4.79053	-3.05405	-10.2537	
5.44159	-3.8198	-9.00168	
2.13636	4.21004	-2.11765	
5.33276	-1.60754	-9.73489	
4.93486	0.841349	-4.12911	
2.79804	3.42668	-2.69789	
7.39541	-5.60123	-2.54678	
3.99956	-4.36501	-5.2256	
8.17015	0.365978	-0.36363	
8.17015	0.365978	-0.36363	
4.84019	-4.92794	-4.67228	
4.68722	-5.49443	-3.72773	
4.38208	-3.92719	-5.22204	
7.43428	2.43336	-0.658804	
0.467031	-0.172936	-12.1146	
3.16177	-2.78832	-5.51228	
4.31802	-5.3914	-11.1553	
5.97398	-0.187786	-11.2423	
10.03	-2.5389	-8.14861	
8.99264	1.27394	-13.5833	
8.3714	-4.72676	-10.6016	
5.95964	2.249	-14.4324	
6.962	-1.29436	-14.5482	
9.38496	-4.68217	-8.35243	
7.22863	0.675853	-13.5345	
10.2135	0.652764	-7.68585	
10.7495	0.807312	-7.02489	
-0.496139	-2.23073	-7.79686	
3.439	-3.54845	-8.93403	
7.67028	-5.58317	-9.85464	
10.8164	0.707295	-6.72287	
7.88207	5.06455	-13.3647	
2.73732	-2.6137	-9.4969	
0.91973	0.987431	-8.72866	
4.31662	-0.0227559	-7.59591	
5.19914	-1.60161	-6.30978	
8.58131	1.45631	-4.78203	
11.6953	4.94901	-2.93108	
11.6948	4.05011	-3.34111	
8.75392	8.07691	0.538273	
9.04802	3.45713	-6.99842	
6.75385	3.16149	-16.4304	
4.46021	-1.61567	-5.11481	
11.6839	3.31391	-4.10134	
10.2176	4.50009	-1.41445	
10.7794	8.04393	-9.88709	
8.07701	5.77067	-10.9692	
7.62747	4.7559	-4.74791	
12.2615	4.48138	-2.03463	
8.18438	4.99311	-8.32997	
5.8244	3.48291	-4.34561	
8.09712	3.3743	-9.82648	
6.68668	3.40305	-4.48161	
5.55526	3.08162	-4.09652	
7.97565	3.64582	-10.7614	
5.75274	3.13054	-9.66796	
3.39929	2.25061	-13.401	
4.21992	5.54396	-0.0249573	
6.95506	7.37837	-14.2365	
5.42851	3.47298	-0.333209	
5.20219	7.18206	-0.457604	
5.57517	1.92841	-1.24388	
5.80661	-4.4643	-2.23835	
5.20003	2.59138	-0.810123	
7.44899	9.88442	-4.75062	
5.46455	2.81789	-1.09535	
6.71708	-1.42758	-4.8652	
3.629	1.64965	-11.9297	
5.72948	-2.65673	-5.13308	
5.0655	-2.36733	-8.66794	
4.43792	0.990841	-11.1199	
4.43792	0.990841	-11.1199	
6.09166	-0.0139021	-2.52048	
6.33104	-0.544962	-3.26445	
4.58402	-2.16933	-4.09868	
2.45268	1.28055	-12.1672	
3.91037	5.94886	-8.94529	
2.29837	6.01319	-9.28387	
2.90782	6.61559	-8.49161	
14.3668	1.11492	-5.22329	
14.304	1.97528	-14.6157	
12.7409	7.65305	-1.54861	
1.6803	5.36531	-9.44223	
10.2791	2.95632	-8.87179	
0.239213	5.1901	-10.4431	
3.35457	6.41791	-9.78289	
7.97289	2.19392	-11.9203	
8.44835	2.21098	-11.3254	
7.70775	2.12906	-11.0196	
7.88575	2.88926	-10.6539	
8.01326	1.80924	-11.543	
6.20657	2.87661	-6.94558	
7.71612	3.73313	-13.131	
7.97289	2.19392	-11.9203	
6.98615	3.76116	-13.6316	
7.71612	3.73313	-13.131	
12.0174	4.20946	-5.72619	
11.3006	7.30961	-4.31922	
13.0625	6.69881	-5.52987	
12.7073	4.61615	-9.48385	
6.32605	2.19457	-12.7555	
6.23748	0.525542	-8.44608	
15.1444	5.74792	-10.0045	
1.68895	1.58114	-9.23815	
6.99152	2.48951	-12.5343	
13.5266	3.7913	-7.94546	
16.3855	-3.21435	-9.11341	
1.55667	-6.23128	-1.30217	
1.62955	-3.43236	-6.27761	
16.112	-0.564786	-6.45326	
4.61116	-1.40557	-0.441254	
1.15111	-2.98385	-7.4512	
13.2645	0.161308	-3.89019	
4.84005	-9.79709	-6.40309	
16.6305	-1.0821	-9.78531	
1.34728	-5.21869	-7.60863	
9.39759	1.99846	-5.45612	
7.45314	1.45014	-2.03798	
2.78274	-0.117375	-7.06068	
7.17077	0.936748	-1.87656	
2.51004	1.23896	-5.26693	
1.9594	2.67545	-4.88916	
3.79862	2.72961	-4.3351	
7.17077	0.936748	-1.87656	
2.57704	-0.802343	-6.18308	
6.1115	1.73009	-5.47249	
5.70459	4.57051	-8.09652	
6.92469	-2.0018	-12.879	
7.28915	-1.24518	-12.579	
7.87541	-3.44314	-7.64707	
7.87541	-3.44314	-7.64707	
8.28195	-4.38189	-7.45937	
7.18279	-1.42953	-12.0288	
7.69631	-3.15792	-5.99968	
7.28915	-1.24518	-12.579	
6.78511	2.09054	-10.5838	
4.80366	6.80424	-11.2355	
2.728	-0.828511	-10.0701	
3.27079	7.21962	-12.8823	
7.26362	9.00625	-7.9103	
2.98454	5.22161	-13.0903	
2.98454	5.22161	-13.0903	
4.00579	8.54846	-11.5434	
4.68009	8.95271	-11.2872	
5.30459	8.22275	-11.9276	
3.24278	4.63487	-14.5071	
13.6244	0.559697	-2.82563	
11.3994	1.26584	-3.65759	
12.2789	0.846355	-1.4794	
4.81343	-2.66666	-1.23839	
14.9228	0.257821	-3.23994	
13.9766	0.498582	-2.30093	
12.7471	-0.266533	-0.848187	
13.663	2.04304	-0.928072	
13.5798	1.55136	1.04345	
5.38708	-1.76062	-1.74126	
11.835	3.71859	-7.7221	
3.12756	-6.06976	-3.24791	
9.17701	-0.410784	-6.73415	
9.17701	-0.410784	-6.73415	
6.95078	0.695889	-5.99716	
6.27049	-1.28952	-5.55204	
9.47882	-1.66473	-5.86614	
6.80814	-1.16887	-5.399	
9.45813	-1.23019	-6.19907	
7.29092	-1.4342	-6.38482	
12.5891	-0.443523	-10.9498	
5.37459	-1.75289	-7.27562	
6.77697	-0.378478	-11.7036	
8.093	0.723767	-12.1153	
12.9402	-3.92931	-9.89833	
9.63402	-2.17357	-7.29702	
7.96148	0.105257	-7.86761	
6.40201	-0.406841	-7.76812	
5.08989	-0.668002	-10.3921	
7.8281	-0.0687408	-10.2614	
4.04809	-0.25832	-9.22525	
7.4113	-1.1935	-8.9388	
14.1275	0.23711	-10.1989	
5.91482	-0.215737	-8.36181	
8.44088	2.67283	-8.90869	
10.981	-4.74854	-10.3104	
6.30213	0.939011	-14.1492	
6.40201	-0.406841	-7.76812	
9.47756	-0.134056	-9.38666	
8.7908	-5.39015	-8.52796	
12.7947	-4.48317	-2.20076	
9.42083	4.18567	-6.42112	
13.5711	-3.84549	-6.26578	
13.8012	-3.04422	-6.82472	
7.83682	6.3081	-6.10589	
9.02306	4.03139	-6.58257	
13.5866	-4.05137	-1.96193	
10.5915	-4.93936	-2.77038	
14.4132	-3.18548	-3.68819	
8.7091	-5.07773	-1.95718	
5.6888	6.2933	-5.22411	
0.661266	7.13524	-6.90463	
8.22779	6.53521	-2.94608	
5.01184	5.42317	-4.82294	
8.46683	7.38432	-4.1628	
8.78699	7.63267	-4.48083	
3.49783	7.67231	-3.83781	
7.33294	8.35024	-2.92612	
15.2988	2.66109	-1.3291	
13.1983	5.03386	-7.29237	
4.66715	-0.104929	-9.98081	
6.38535	-0.381566	-10.5488	
6.28785	-0.716227	-8.78756	
8.07274	3.29482	-6.35279	
8.447	-0.677131	-10.6216	
8.65603	-0.696718	-14.8569	
10.9389	-1.49783	-13.11	
6.0138	-3.41109	-8.7737	
11.6034	-0.78532	-11.6393	
7.58832	-1.73709	-11.4517	
8.18184	-1.65268	2.57714	
9.66136	2.98329	-1.02684	
10.7284	-0.0363864	1.91972	
10.7525	2.77741	0.0889266	
7.18832	-1.07673	-1.97536	
7.94774	1.55993	-9.64968	
5.63577	-0.0586917	-4.87859	
6.43767	1.99086	-10.2893	
10.1388	1.8725	-2.83304	
5.58646	-3.34757	-3.07331	
6.71059	3.67728	-7.63466	
14.5433	5.13546	-7.26211	
12.0504	7.73909	-7.5275	
1.09585	7.8776	-9.0648	
13.1785	6.88065	-7.16129	
6.55682	2.39996	-6.92807	
10.4968	0.981493	-9.28593	
14.0177	5.78227	-6.76863	
15.9903	1.5303	-3.5086	
12.6494	3.93686	-7.49675	
7.02294	-4.99009	-4.43846	
7.00377	4.17653	-5.91614	
3.62682	9.85561	-5.98444	
12.5451	0.76553	-4.48921	
8.03193	-5.63312	-4.43859	
4.4793	6.97391	-7.68455	
4.34426	5.46725	-5.81364	
6.53341	4.44482	-5.59655	
5.8204	1.65416	-6.48873	
6.53341	4.44482	-5.59655	
6.82584	-4.40053	-7.21263	
9.10667	-7.58579	-12.0234	
13.042	-5.21318	-14.89	
9.31936	-5.34649	-14.3176	
6.49916	-5.34806	-14.8484	
9.66418	-4.17428	-14.9446	
10.9063	7.35703	-2.06178	
7.4431	-4.16182	-1.02969	
10.4049	7.23795	-1.64775	
10.0278	9.6337	-3.29644	
4.61282	-0.714331	-3.66133	
7.34777	0.982203	-2.35557	
8.72135	2.98216	-4.8886	
10.1267	4.90281	-5.77695	
4.40183	-0.878694	-6.46167	
7.07345	-1.92164	-6.08957	
4.88062	-0.201118	-3.23921	
4.71054	-1.02726	-4.13159	
5.85118	4.17043	-12.6475	
6.38624	3.11427	-9.44483	
6.12036	2.76638	-12.1215	
7.30283	1.15363	-8.80782	
6.40201	-0.406841	-7.76812	
7.40565	1.66068	-9.49584	
8.04675	1.2022	-8.5218	
14.0181	3.44294	-7.08404	
11.5606	-0.180684	-6.27677	
5.6437	0.255746	-8.86019	
13.0241	3.21916	-6.56856	
7.30283	1.15363	-8.80782	
6.14158	5.94119	-7.30309	
8.17048	4.33138	-8.15418	
7.93191	-1.91408	-4.78803	
5.83815	-0.0788987	-15.338	
6.52743	7.13949	-4.14552	
9.47882	-1.66473	-5.86614	
4.78888	4.9493	-4.4092	
6.83309	6.52692	-2.66777	
7.41469	2.93739	-9.83816	
5.31749	1.92362	-7.65778	
7.69132	1.36444	-3.93173	
7.84798	6.50758	-12.0602	
11.4207	10.1683	-12.0302	
11.9777	5.65018	-13.6702	
7.70918	10.1504	-10.3983	
7.51338	7.16822	-12.1901	
10.7814	4.35435	-10.2864	
8.27202	-0.873502	-0.41709	
7.54462	-3.22991	-5.64049	
8.33611	0.130349	1.37033	
9.98144	-0.0136626	-12.5017	
13.8927	3.09769	-9.07726	
13.4387	6.3242	-9.52778	
10.0035	2.4961	-10.0906	
4.69802	-3.93957	-12.0851	
9.98144	-0.0136626	-12.5017	
9.54268	6.86592	-8.13315	
8.62509	2.91309	-11.5662	
9.0979	0.469499	-10.3401	
8.87717	2.75498	-11.9716	
5.15745	4.42352	-8.70183	
8.60895	3.4811	-8.50748	
7.8933	1.60094	-4.9629	
8.20027	4.16552	-0.806136	
7.14704	-1.71791	-0.961976	
6.9696	7.2526	-10.2186	
5.29115	0.928956	-4.57581	
5.97782	-2.33106	-1.948	
7.76179	2.6016	-5.10619	
8.0797	2.82116	-5.11097	
8.05223	3.20772	-7.8025	
8.14914	-4.19093	-8.25156	
7.49192	-4.75625	-7.99428	
8.42414	-1.28046	-10.4686	
7.03201	-2.80733	-8.51017	
5.75053	-1.02566	-2.44619	
8.36619	1.25807	-3.84407	
7.87191	2.82079	-6.76543	
7.98695	-0.69181	-5.97958	
8.39247	-1.93825	-10.4541	
7.35063	0.744	-8.51173	
13.2762	5.06782	-8.90151	
6.655	4.66586	0.264418	
0.104002	-1.54159	-3.46538	
4.30899	-0.797168	-2.09169	
10.8653	2.55159	-2.18967	
4.24147	-1.48284	-2.49918	
13.316	3.03066	-8.93956	
5.78681	0.100643	-4.2714	
0.762176	-2.31026	-3.06764	
7.822	-2.42618	-10.8317	
14.3917	1.72614	-9.29042	
5.53763	-1.91132	-10.7923	
5.35967	-1.9557	-13.7135	
1.32355	3.34615	-6.34511	
-0.17021	2.05518	-8.74419	
2.34422	2.18215	-6.69281	
4.82948	-2.29679	-11.8665	
2.54171	1.14366	-8.21182	
2.74037	-1.50483	-8.21769	
4.12094	0.412886	-9.16579	
3.9311	-0.378147	-14.6643	
0.839297	-1.30109	-6.80517	
3.43351	3.04325	-5.59979	
4.31042	-1.96185	-14.8887	
5.00863	6.13272	-3.22224	
6.24918	-0.473163	-9.36956	
4.83213	2.75282	-10.8804	
1.30089	-1.40298	-6.84192	
10.2305	-5.97913	-10.1415	
11.3034	1.04041	-10.0456	
9.25718	0.308463	-8.21993	
8.44909	2.16863	-3.99488	
9.46967	-1.31371	-6.60174	
9.46967	-1.31371	-6.60174	
8.99984	0.287107	-3.41834	
7.23695	2.62088	-2.38797	
8.73827	2.32104	-3.05975	
10.1405	0.957115	-7.45035	
8.62956	0.50601	-3.36956	
6.31524	-1.61729	-0.0775101	
6.89279	7.67914	-7.91704	
7.35063	0.744	-8.51173	
7.65516	2.56144	-5.80373	
7.51464	2.13959	-6.26204	
5.73619	0.877143	1.59175	
7.47219	8.15575	-9.41947	
5.94428	1.09681	-9.66144	
5.02118	3.13057	-10.9115	
5.18232	-0.173335	1.28515	
9.54854	2.5737	-2.39746	
3.94868	-5.05374	-7.35163	
6.48464	-3.37765	-6.41115	
5.05777	-2.40143	-6.05091	
7.25535	0.533758	-6.48643	
6.90215	-5.81742	-4.29084	
8.32104	-0.524675	-6.73978	
11.3594	3.08583	-4.76869	
7.63299	1.38119	-6.69592	
7.89098	3.39239	-6.8982	
9.79288	-1.88022	0.839787	
10.4105	-4.53502	-9.12728	
9.17976	-0.356403	-3.51309	
10.0724	-5.74542	-8.80556	
6.35959	4.75859	-7.5779	
14.4132	-4.48339	-10.9594	
13.6537	-8.19264	-11.0304	
11.9136	-7.15491	-11.5565	
9.59905	-6.69786	-8.88036	
7.23527	-2.01469	-11.5319	
7.00193	-4.77493	-13.0779	
11.4267	-2.10831	-9.42183	
7.57726	-3.64447	-11.2954	
8.7448	0.0788442	-9.50572	
8.76798	-0.208301	-9.81894	
8.03332	-6.55941	-9.25619	
11.4424	-1.48704	-8.95023	
8.04675	1.2022	-8.5218	
7.95442	-3.59018	-12.8369	
9.24427	-1.33701	-9.86003	
7.44018	-0.369705	-11.4587	
5.11751	0.903961	-9.9042	
6.08579	-1.13816	-6.54014	
6.95474	6.01615	-6.77915	
4.56273	1.03862	-9.82972	
5.68814	2.27137	-9.47729	
6.5369	2.09684	-9.36929	
4.82202	1.15737	-10.8513	
7.14964	5.55464	-7.04228	
7.43688	2.03078	-9.14115	
10.8811	4.73249	-15.096	
14.7441	1.80978	-12.7116	
10.2715	5.88556	-15.1401	
9.78428	6.13213	-13.8994	
8.48694	5.72323	-11.6132	
1.55565	1.03923	-1.39846	
10.2715	5.88556	-15.1401	
14.3409	1.60416	-12.3217	
8.35351	4.85811	-11.3255	
9.68887	6.66074	-14.1583	
6.28293	-5.01542	-3.12585	
8.15209	4.18927	-5.42401	
8.76341	4.25341	-9.71396	
8.51002	5.24819	-10.1357	
10.6569	-0.39838	-6.64635	
6.50696	-0.0554394	-3.02697	
6.75289	-0.756745	-3.98031	
8.51555	0.449083	-4.55619	
6.3296	-0.61717	-5.13043	
7.04724	-1.1225	-5.94999	
7.38572	1.40536	-3.05119	
7.83307	-0.490932	-4.03845	
7.54619	2.30676	-9.85954	
10.1227	4.30571	-6.78392	
5.46706	1.15723	-10.2067	
11.0981	0.693638	-9.34743	
7.38572	1.40536	-3.05119	
8.73802	3.56372	-5.72965	
7.96148	0.105257	-7.86761	
9.70946	-0.827759	-4.10069	
8.20439	0.0695536	-2.7191	
9.54123	1.94429	-7.27421	
12.2355	-0.114786	-8.22319	
11.4758	-1.41057	-6.80669	
3.54347	-1.54049	-7.47839	
3.51881	-2.67265	-4.5762	
8.62739	4.59164	-6.617	
8.20439	0.0695536	-2.7191	
7.94324	2.00255	-9.31646	
10.4788	1.9809	-3.7974	
7.63175	-3.75611	-6.78765	
7.92566	-2.72952	-7.08079	
9.45912	-3.96316	-12.7803	
8.13179	-2.993	-10.3711	
7.63175	-3.75611	-6.78765	
10.1165	-2.36957	-8.98563	
7.25374	-5.29158	-7.2028	
7.67034	-1.33596	-8.31825	
7.67034	-1.33596	-8.31825	
9.25935	3.92087	-7.66833	
9.98914	4.00634	-12.5496	
8.53525	2.76842	-10.2898	
6.53659	0.459028	-7.51672	
8.95108	2.56759	-10.2378	
8.35296	4.48122	-10.4751	
9.83241	-0.628241	-3.36337	
3.80685	1.51357	-8.45666	
8.83887	4.01881	-10.6265	
10.2303	1.43596	-10.8316	
10.6236	1.67726	-11.5747	
2.98297	-0.883683	-12.0213	
4.09069	-0.234951	-12.227	
1.93233	-0.183546	-11.3135	
4.32092	-0.646064	-11.0683	
4.07443	-0.195211	-10.346	
2.66961	0.836313	-3.09271	
3.40733	-0.160918	-11.1676	
6.20028	5.0417	-11.3125	
3.79909	-0.538073	-11.5295	
2.93648	0.0719916	-11.2424	
4.70487	-3.31254	-3.98616	
10.1514	-1.20994	-6.49804	
10.7099	4.46631	-7.36507	
9.36487	-0.973738	-4.0778	
11.1451	2.44515	-7.13636	
10.3604	-0.783942	-9.7017	
9.51373	2.07578	-3.48012	
10.3879	1.3193	-7.74524	
10.2675	0.638251	-8.25218	
10.7099	4.46631	-7.36507	
9.83092	-1.13103	-11.9286	
9.91834	-2.18584	-13.8592	
10.2555	3.88462	-11.6831	
11.1015	-2.80629	-14.0985	
9.02594	-0.960953	-12.2065	
10.3628	-0.743375	-14.34	
11.0101	-1.64299	-15.3909	
11.8942	-3.15707	-13.7069	
7.39238	-3.15853	-14.9427	
10.1959	-2.64874	-14.4251	
9.58088	-3.51314	-9.7271	
9.81369	-2.79349	-10.7795	
9.3631	-3.6792	-8.85504	
8.97047	-4.80823	-9.17238	
9.93513	-0.497494	-9.29369	
10.2259	-1.70505	-6.96505	
9.14961	-2.10656	-11.3924	
9.60073	-0.896951	-8.90548	
11.2291	-3.58851	-12.624	
10.194	-2.20017	-8.29549	
7.89666	-2.32959	-6.06169	
5.20637	1.4037	-12.0402	
5.25226	4.17615	-9.91013	
2.38749	2.8759	-10.6578	
3.17925	-3.38681	-1.03448	
6.01819	-5.91471	-6.29658	
6.01819	-5.91471	-6.29658	
7.74008	-5.03381	-5.52596	
8.0532	-1.74549	-6.32371	
6.01819	-5.91471	-6.29658	
5.13831	-3.6287	-4.91135	
9.63835	0.458102	-6.38182	
7.06146	-2.79464	-4.2391	
7.4433	-1.46166	-4.97156	
4.58936	3.6108	-4.8814	
6.27186	-0.552966	-6.20111	
6.77295	2.33936	-4.86966	
9.88966	4.79382	-8.07354	
2.31896	-0.217937	-5.24813	
4.45522	-3.2752	-5.93081	
7.22423	-0.484462	-8.27033	
7.42984	-2.27534	-4.99606	
10.3485	-0.0868648	-9.60106	
7.5997	-1.01075	-8.0715	
8.29866	-0.906967	-8.01542	
6.49563	-0.718026	-6.75595	
7.22423	-0.484462	-8.27033	
10.157	-2.01383	-11.9595	
7.44966	-0.114752	-9.60173	
7.29968	-0.138714	-6.80591	
8.26716	5.34171	-5.3192	
6.66278	3.18824	-8.54365	
9.59485	1.48904	0.629783	
6.16376	-1.1074	-13.039	
6.15193	4.89736	-6.5211	
6.5206	3.73734	-8.92734	
8.9686	5.04702	-5.12389	
10.4626	0.369662	-3.33906	
6.5206	3.73734	-8.92734	
8.95561	4.35636	-5.73659	
12.2231	1.78163	-3.69581	
11.4409	0.77829	-8.03489	
11.4763	1.35801	-8.18802	
6.11952	0.615485	-4.10546	
11.4763	1.35801	-8.18802	
12.7283	-0.851544	-6.5184	
10.2793	-0.154553	-7.53014	
11.8432	-0.0821906	-7.46417	
11.4763	1.35801	-8.18802	
10.9414	0.456474	-8.12118	
3.83489	3.52341	-13.0919	
4.85462	-4.09658	-6.94399	
7.99931	0.161717	-5.32284	
4.97501	3.12252	-12.0702	
6.22908	-4.3875	-5.86123	
8.63034	-2.05295	-6.05212	
4.78954	2.63914	-10.3669	
8.39742	-0.41526	-4.97957	
9.42986	0.397461	-1.03928	
8.39742	-0.41526	-4.97957	
6.71787	1.77262	-11.558	
4.98165	0.118372	-10.1946	
8.45229	-0.887106	-4.85759	
6.98348	0.581504	-7.99876	
6.85866	-1.72089	-6.95153	
7.83307	-0.490932	-4.03845	
5.16887	0.505394	-10.6702	
5.31223	0.14985	-9.78345	
6.98348	0.581504	-7.99876	
7.83307	-0.490932	-4.03845	
5.70563	-1.54731	-3.31214	
11.5232	1.99817	-6.06337	
6.16713	-3.12403	-5.5471	
3.76439	-0.387325	-1.43499	
6.26546	3.1414	-5.55448	
8.981	-2.14135	-4.89921	
5.73249	3.27351	-2.53258	
7.04632	3.51531	-7.30063	
6.41897	-2.33902	-5.75874	
10.7748	4.37292	-8.33491	
8.74745	-3.63288	-11.1428	
6.08694	-5.22496	-4.37205	
8.92956	-1.14471	-4.90657	
9.374	-3.40685	-12.3364	
8.99506	0.682344	-11.4037	
9.4746	5.21681	-7.58664	
9.01298	-2.76059	-10.6914	
8.72538	2.94225	-9.05886	
5.5953	-5.45606	-10.134	
8.37945	7.16348	-7.84711	
6.69909	5.05568	-1.1095	
8.64925	1.13099	-6.84384	
16.0476	3.91927	-8.91553	
3.73982	-0.379548	-8.12219	
1.10605	-1.47512	-9.2426	
1.39751	-3.62197	-4.34277	
4.56121	2.30688	-15.3456	
1.96957	-1.25479	-8.73652	
4.39201	1.42431	-9.08715	
3.09159	-0.0438559	-9.10089	
9.95565	-1.13208	-10.2497	
9.04382	1.96912	-7.18862	
9.24021	2.42175	-6.86621	
9.89912	2.84574	-7.17999	
8.2233	1.69622	-8.05328	
9.68982	2.7946	-7.69861	
11.5787	-0.305072	-9.67871	
12.7727	-2.81833	-11.7051	
9.46558	4.21148	-7.21306	
10.7467	2.01148	-7.57578	
3.59652	-1.13161	-4.54771	
6.85839	2.79235	-9.25973	
3.15958	-3.23855	-3.31297	
11.1422	5.36483	-9.90361	
5.75797	5.73069	-7.78577	
11.8223	0.649077	-6.99285	
6.85624	-3.8989	-9.82627	
3.59652	-1.13161	-4.54771	
11.9125	2.00116	-9.44716	
7.48846	-2.10934	-7.04072	
11.5232	1.99817	-6.06337	
4.9942	0.621243	-5.68002	
15.0688	-0.590735	-8.09695	
12.3401	-2.60544	-6.68753	
2.48245	-3.55854	-7.48663	
13.2883	2.04233	-5.93908	
4.93991	-0.0341007	-6.06508	
8.67621	1.59854	-7.52178	
4.9942	0.621243	-5.68002	
8.45747	1.43947	-6.1964	
6.95936	0.489136	-11.9238	
5.73386	-1.75123	-11.9294	
5.50555	-3.29432	-13.4	
7.41524	-5.69019	-8.13999	
8.68022	-5.96972	-11.9675	
5.72567	0.0677811	-13.5278	
8.68022	-5.96972	-11.9675	
8.17524	-2.73684	-7.88896	
6.02599	-2.5511	-11.7149	
8.63075	-2.84163	-9.70304	
1.92207	1.43137	-5.91617	
-0.538528	2.15845	-6.11207	
2.48522	2.02701	-5.44681	
0.936058	0.685769	-5.11054	
0.631337	0.886072	-3.94789	
0.258094	2.93997	-2.93506	
2.01722	0.851103	-5.78027	
0.936058	0.685769	-5.11054	
0.493474	1.67011	-4.85417	
-0.604998	-0.0878176	-5.4841	
10.8309	0.18605	-3.10659	
6.45711	2.17761	-7.77878	
7.16153	6.0306	-4.66933	
6.54747	-6.38028	-7.84462	
10.633	1.56334	-5.4174	
12.1178	-1.68157	-11.2525	
4.69345	3.2278	-8.09794	
10.1771	2.82954	-3.8056	
5.33829	2.03292	-6.55263	
11.8511	0.702225	-5.73172	
8.97061	1.95297	-5.32166	
6.77618	-8.09403	-7.28668	
8.81134	1.84876	-0.745063	
6.13009	1.42909	-4.96428	
3.57025	4.66883	-6.64181	
6.54749	-0.517775	-0.865996	
8.64911	2.01431	-5.62825	
4.94643	5.44704	-9.15618	
14.5834	-1.67342	-7.74211	
5.26305	6.11714	-7.21255	
11.6619	-2.04735	-6.22685	
10.3677	-1.84965	-3.79433	
14.2712	-0.86207	-3.71827	
11.1884	-1.50135	-1.4727	
12.9427	-0.257723	-2.01654	
15.5982	-0.137766	-9.29984	
9.16408	1.8467	-1.74394	
13.5725	-1.39317	-0.25635	
11.4704	-1.072	-1.76175	
15.0457	-1.02426	-4.15826	
1.78351	-6.87536	-9.99818	
3.02817	-6.35259	-9.55013	
7.01935	-6.13263	-11.7066	
7.91816	-8.10525	-9.45213	
6.64811	-8.62787	-13.2031	
14.6294	-2.56797	-15.8476	
8.13845	2.99357	1.2172	
12.5659	2.2891	-0.442469	
13.324	-0.102064	-17.8367	
6.73324	3.50335	2.01232	
7.46912	-1.70651	-4.19595	
6.98348	0.581504	-7.99876	
7.24066	0.686909	-5.0143	
6.98348	0.581504	-7.99876	
6.98348	0.581504	-7.99876	
6.7682	0.955903	-6.20575	
7.69016	0.652074	-5.14296	
9.09085	0.162462	-6.52772	
6.60436	1.4557	-8.6761	
10.8734	-2.3681	-6.10343	
9.15668	-0.352577	-5.82479	
10.477	9.32966	-8.45873	
9.47263	1.21804	-8.45929	
10.5568	5.12842	-6.64944	
14.2693	0.329892	-4.20187	
10.3312	1.77783	-7.79036	
6.58712	3.29479	-3.71273	
8.78362	4.13388	-6.23175	
5.85242	2.95382	-5.21677	
10.3312	1.77783	-7.79036	
5.92327	6.66965	-8.72474	
5.91563	-0.229632	-12.4765	
4.62132	-3.82273	-6.75886	
7.84961	-2.92348	-5.48317	
8.65314	-1.1778	-2.83138	
5.89007	5.82846	-9.6238	
7.81978	-2.74483	-2.36959	
5.65751	6.43282	-9.93024	
5.31653	8.20414	-8.75317	
7.07372	4.8002	-3.50129	
4.55476	-7.50456	-5.7999	
6.19267	-9.33759	-3.71995	
10.8654	4.47056	0.409266	
7.91818	-7.38688	-2.11162	
3.85252	-6.84737	-6.37903	
13.4978	0.301445	2.91218	
1.82378	-1.71152	0.23668	
2.94585	1.96175	-3.73513	
17.2035	4.52662	-6.22663	
14.442	4.27725	-5.99849	
7.05986	0.655043	0.363446	
3.19725	-1.98326	-6.60624	
5.09112	4.23628	-2.00469	
3.7408	-1.81004	-6.46524	
4.2723	0.912676	-11.584	
3.71812	-2.02806	-6.94818	
3.40676	-2.44731	-6.86935	
8.89911	7.33124	-6.47197	
5.41794	-0.447066	-8.23072	
7.46097	5.83253	-9.11788	
11.0107	3.14216	-3.07182	
6.38624	3.11427	-9.44483	
11.3548	3.41796	-1.84176	
11.147	3.21351	-3.77186	
9.45757	2.68736	-4.40141	
11.0706	2.78415	-3.79741	
8.02637	6.62165	-16.4001	
11.8673	2.72994	-3.17256	
8.13674	2.6425	-9.13208	
8.65423	3.15505	-3.47704	
5.65971	0.671022	-10.2765	
4.83777	4.5083	-11.0656	
6.38624	3.11427	-9.44483	
5.62192	1.23263	-10.9717	
10.7814	4.35435	-10.2864	
6.38624	3.11427	-9.44483	
5.0842	-0.117242	-4.67909	
5.56648	3.46559	-10.6073	
5.0842	-0.117242	-4.67909	
8.25496	1.78571	-10.4048	
6.50062	-0.589282	-7.27803	
6.61153	-0.770268	-8.20599	
7.23096	0.833813	-7.66037	
5.33276	-1.60754	-9.73489	
6.29841	1.16673	-6.3508	
6.26758	-2.09839	-10.816	
7.44105	0.266725	-6.16025	
6.93416	-0.0178835	-9.70535	
4.35881	2.19543	-6.39196	
9.07095	-1.85997	-7.18774	
5.42522	1.74242	-8.72208	
6.24918	-0.473163	-9.36956	
8.13116	1.35626	-11.7464	
5.10395	0.413798	-8.91428	
6.08975	1.60475	-8.90936	
9.6596	0.75377	-10.3363	
6.93416	-0.0178835	-9.70535	
6.01667	0.0511336	-7.57858	
6.08975	1.60475	-8.90936	
8.99722	3.50147	-8.98717	
7.01338	-3.65781	-3.04069	
10.1909	4.5503	-8.7971	
10.7962	2.71845	-15.4391	
8.84374	-0.678033	-6.56794	
9.70282	-5.98172	-3.694	
8.15478	-2.22482	-4.03624	
14.5553	1.13182	-6.04822	
15.0316	1.948	-7.01317	
15.9721	1.96184	-7.30609	
12.9132	4.59801	-14.0162	
8.85387	1.95639	-9.21441	
3.24051	-0.78379	-9.06653	
8.74317	3.54619	-10.6321	
10.43	2.70592	-10.6115	
12.4018	1.07544	-5.31976	
7.52489	-0.087785	-10.3227	
7.68404	2.80032	-8.76365	
9.61158	3.25947	-12.2035	
10.7696	-0.714865	-8.19497	
4.79436	3.58929	-9.36907	
11.1013	2.83514	-7.99297	
7.32352	4.08165	-9.93766	
7.15952	-1.9502	-10.326	
9.23569	2.43173	-8.2709	
6.29944	1.70013	-8.24324	
7.7998	3.535	-8.93437	
6.95142	0.457771	-9.45261	
9.23569	2.43173	-8.2709	
9.2052	-0.403714	-9.73852	
6.73102	0.740107	-10.4562	
14.4762	-3.44537	-6.42721	
11.2613	-0.00172901	-7.69928	
13.4307	-2.92112	-5.55815	
9.89629	-0.483528	-6.7412	
12.3248	-4.24283	-5.31955	
13.9686	-3.22244	-5.23973	
10.4372	-1.16819	-8.73553	
13.7376	0.726401	-8.9828	
9.89629	-0.483528	-6.7412	
13.4307	-2.92112	-5.55815	
3.81202	0.817766	-7.29807	
5.83635	0.192845	-6.28793	
7.15074	-0.109702	-7.34601	
12.8422	-3.58046	-5.12869	
12.009	2.44824	-9.63896	
5.08086	-0.968938	-7.93816	
3.81202	0.817766	-7.29807	
3.65579	-0.526975	-6.52975	
6.50062	-0.589282	-7.27803	
6.50062	-0.589282	-7.27803	
5.90136	-2.30818	-10.9205	
5.33557	-2.09806	-7.708	
6.36639	-4.4177	-10.0401	
6.36639	-4.4177	-10.0401	
3.71019	-1.214	-3.82152	
5.65308	-3.57548	-10.6474	
7.20826	-0.157317	-8.64829	
6.61153	-0.770268	-8.20599	
8.58017	-3.91362	-9.91094	
9.59215	-4.37141	-9.16017	
8.093	0.723767	-12.1153	
8.56407	0.0918947	-11.3636	
6.11589	-0.44289	-10.8596	
6.61153	-0.770268	-8.20599	
9.57491	-1.15907	-11.0597	
9.31526	0.213421	-11.7211	
8.99506	0.682344	-11.4037	
8.99506	0.682344	-11.4037	
8.99506	0.682344	-11.4037	
8.43834	0.57941	-11.1225	
10.0997	-2.23515	-4.97609	
9.50726	-3.89066	-3.92785	
9.47882	-1.66473	-5.86614	
9.88522	-2.68838	-1.68981	
11.8663	-0.966235	-7.45353	
9.06256	-2.90699	-4.24346	
9.60216	-3.10585	-4.14664	
9.60216	-3.10585	-4.14664	
10.9417	-1.64623	-5.34213	
10.2656	-2.01078	-1.99751	
7.22423	-0.484462	-8.27033	
11.5342	0.894361	-4.75059	
8.2249	-0.0448632	-8.87031	
9.71789	1.27287	-10.0725	
8.94648	5.74989	-9.59369	
7.78685	-2.23781	-9.44186	
8.49288	-1.34025	-8.28011	
8.94648	5.74989	-9.59369	
9.08359	1.76469	-10.0127	
9.48773	0.445815	-9.46367	
11.6084	-0.423818	-13.7844	
7.842	-3.89784	-9.9599	
10.1949	-1.60603	-8.85866	
3.93048	-2.7276	-11.3456	
12.7439	-4.68225	-7.68441	
10.0778	-4.53063	-1.13133	
7.78685	-2.23781	-9.44186	
13.084	-2.0515	-10.1557	
12.7439	-4.68225	-7.68441	
3.93048	-2.7276	-11.3456	
10.692	-1.27637	-10.0657	
10.5802	-0.377798	-9.92931	
10.023	-1.57285	-10.2637	
9.95858	-2.73543	-11.6766	
10.023	-1.57285	-10.2637	
10.2813	-2.59348	-9.68324	
8.79746	-1.98104	-8.99601	
6.26758	-2.09839	-10.816	
5.23879	-2.21018	-9.35856	
6.95142	0.457771	-9.45261	
11.9557	-3.90302	-5.39177	
10.4689	-3.29082	-5.31814	
12.1413	-3.99153	-2.80346	
11.2603	-3.98502	-3.83239	
10.7794	-4.32757	-4.56101	
9.87154	-2.37094	-5.90697	
9.96466	-0.625948	-7.05759	
13.1353	-3.42784	-4.03241	
12.6292	-1.85612	-3.46566	
10.211	-7.60757	-6.67306	
9.2052	-0.403714	-9.73852	
7.41015	-1.76854	-9.82566	
6.48983	-3.97179	-8.86443	
6.50062	-0.589282	-7.27803	
11.1013	2.83514	-7.99297	
9.9291	3.69939	-9.05944	
10.3903	6.10411	-7.21416	
7.23096	0.833813	-7.66037	
6.50062	-0.589282	-7.27803	
9.9291	3.69939	-9.05944	
12.1088	-3.52138	-8.63823	
14.4827	2.17164	-5.53933	
4.27627	-3.29892	-9.90646	
8.55332	1.66971	-15.0368	
10.01	0.878768	-10.9198	
13.117	-1.22148	-13.8037	
12.2732	2.38034	-10.8368	
12.9308	-0.938627	-7.5902	
6.07788	-1.86958	-12.3037	
13.988	4.06433	-2.89352	
9.43256	1.51249	-7.58002	
1.03016	2.88147	-12.641	
2.99039	0.0907639	-13.6514	
12.7029	-3.54694	-6.70266	
10.678	-4.84611	-1.98909	
2.39358	4.80996	-10.8793	
10.6553	-2.3411	-6.73438	
7.48977	4.01833	-9.39085	
10.2689	-0.949418	-1.45747	
14.9277	-4.44292	-4.03741	
9.90767	2.29428	-6.31352	
7.93824	-3.4892	-12.2529	
9.37736	4.9032	-12.1134	
8.95108	2.56759	-10.2378	
9.42907	2.47051	-10.6014	
9.42907	2.47051	-10.6014	
10.0035	2.4961	-10.0906	
11.0486	-2.46643	-9.49329	
12.3373	1.68365	-6.78887	
10.0035	2.4961	-10.0906	
5.91687	-1.12227	-5.33521	
9.72872	1.61309	-10.6075	
11.3355	4.23958	-10.4394	
7.94922	0.0468759	-7.43853	
10.22	1.64008	-9.05978	
5.83635	0.192845	-6.28793	
9.89756	5.28244	-11.4064	
5.91687	-1.12227	-5.33521	
10.1411	1.62502	-9.91956	
6.50062	-0.589282	-7.27803	
15.4173	7.73498	-7.92011	
6.38335	10.8352	-7.77688	
8.8036	9.68505	-6.47749	
9.02182	8.56255	-6.45969	
9.22151	9.48374	-7.07788	
9.91281	-3.58025	1.15266	
11.6264	8.96157	-6.34384	
14.4899	8.54023	-8.60393	
9.67076	8.46622	-6.53695	
12.0951	8.34806	-5.49398	
4.43265	0.491693	-4.29595	
7.21984	4.76682	-6.44583	
6.5369	2.09684	-9.36929	
4.11448	0.693648	-4.24108	
7.0593	4.40828	-7.61708	
13.8208	6.25974	-4.06692	
9.75218	4.63633	-9.91566	
8.08899	-0.452381	-5.53497	
8.25496	1.78571	-10.4048	
5.23071	2.45382	-6.31423	
10.7608	-4.59827	-7.0539	
10.8016	-2.83537	-6.70713	
11.6662	-3.6151	-6.11133	
9.7246	-4.32359	-6.74202	
12.3261	-7.66521	-8.27154	
9.56998	-4.77242	-6.43852	
6.53659	0.459028	-7.51672	
9.81592	-5.99818	-5.63678	
11.5129	-4.068	-8.54114	
10.8728	-4.29088	-5.86006	
10.5989	-1.14111	-7.41119	
6.56237	0.978448	-7.60754	
3.80534	0.234998	-3.25377	
6.56237	0.978448	-7.60754	
9.89679	1.17247	-4.27664	
6.56237	0.978448	-7.60754	
13.1568	1.31716	-4.92292	
7.50049	-2.45155	-9.8689	
6.56237	0.978448	-7.60754	
10.1575	-0.0266621	-4.9508	
10.2047	5.2887	-2.80432	
9.22777	4.62973	-4.21398	
11.062	-3.60409	-10.3135	
10.3523	-5.16437	-12.4041	
10.1259	-3.86357	-10.978	
13.1367	4.21719	-3.96903	
10.1259	-3.86357	-10.978	
4.22485	0.493797	-7.0022	
11.7656	-1.79892	-9.70732	
10.0636	4.0297	-4.07763	
10.5989	-1.14111	-7.41119	
10.7891	-0.116394	-5.91832	
11.2558	-0.551168	-3.72523	
10.5989	-1.14111	-7.41119	
10.1514	-1.20994	-6.49804	
10.5186	-0.968629	-5.6637	
10.5186	-0.968629	-5.6637	
10.382	-3.1563	-8.5598	
11.7656	-1.79892	-9.70732	
10.2259	-1.70505	-6.96505	
7.89781	5.59945	-7.80706	
7.77293	4.34646	-5.63176	
11.8036	-1.40617	-4.66571	
7.92795	3.92927	-6.10631	
8.75115	-2.72755	-1.51219	
7.09928	2.32559	-10.9909	
11.5781	1.40716	-2.89361	
9.89629	-0.483528	-6.7412	
8.64681	-2.51169	-12.8731	
7.45287	0.161743	-12.2916	
5.81056	-2.27422	-9.13209	
11.4267	-2.10831	-9.42183	
10.9268	1.79019	-5.23938	
11.585	3.64847	-9.78773	
8.79746	-1.98104	-8.99601	
12.3373	1.68365	-6.78887	
8.55944	1.09811	-8.7304	
12.1896	-1.43769	-8.74797	
5.74674	-0.805998	-9.10904	
11.0343	-1.79132	-9.03821	
8.18203	-4.03538	-9.18194	
9.21772	0.250948	-12.3294	
9.50423	-2.01914	-8.71505	
9.6596	0.75377	-10.3363	
11.9782	1.33106	-12.6977	
7.50425	0.311309	-10.8925	
8.51834	-0.089436	-13.0186	
8.92067	-3.68092	-9.8613	
10.3372	1.09338	-11.7929	
10.5989	-1.14111	-7.41119	
12.4461	-7.08752	-5.98035	
14.8985	2.78785	-11.1839	
9.57888	-3.51318	-1.14515	
12.7029	-3.54694	-6.70266	
13.4876	-6.6617	-3.66547	
1.98072	-0.426638	-3.87185	
15.2093	-5.96131	-5.75622	
15.281	-4.33236	-5.19625	
6.47963	5.21227	-12.547	
5.67211	8.74454	-4.97453	
4.9942	0.621243	-5.68002	
5.68324	-3.55787	-8.62041	
6.103	-0.166971	-6.21433	
8.16918	0.176603	-9.32308	
6.31409	-3.16611	-7.81234	
4.9942	0.621243	-5.68002	
4.9942	0.621243	-5.68002	
5.2403	0.265885	-6.0649	
5.13157	-3.64016	-9.79434	
5.57465	-4.37374	-8.34533	
9.95214	2.48163	-7.45049	
14.9036	-3.64374	-5.92226	
13.063	0.0946118	-8.00097	
11.9557	-3.90302	-5.39177	
3.27211	3.21406	-8.68148	
12.2355	-0.114786	-8.22319	
9.95214	2.48163	-7.45049	
10.2576	-1.25534	-6.14995	
11.7018	-5.98604	-1.68804	
11.6183	-5.07422	-5.02363	
9.54685	-0.264674	-7.20744	
9.54685	-0.264674	-7.20744	
6.50062	-0.589282	-7.27803	
6.50062	-0.589282	-7.27803	
4.96882	-0.238616	-8.75116	
6.08403	2.34786	-10.6263	
4.57779	0.305148	-5.50587	
8.02308	2.85763	-11.2476	
6.50062	-0.589282	-7.27803	
6.50062	-0.589282	-7.27803	
15.8309	4.46006	-4.92431	
7.67485	3.86788	-4.1531	
12.1446	-3.97773	-8.81789	
12.5657	2.48667	-12.1503	
10.4132	1.72352	-13.7009	
12.7383	-6.0899	-8.28276	
14.6465	-1.71769	-10.2934	
1.59159	3.16476	-7.75158	
13.2649	-1.82078	-7.20536	
11.3646	1.07496	-12.7724	
8.12137	-3.35563	-8.36635	
7.97565	3.64582	-10.7614	
5.74674	-0.805998	-9.10904	
6.56237	0.978448	-7.60754	
10.2451	6.41357	-9.22638	
5.63975	3.95231	-9.3235	
7.20826	-0.157317	-8.64829	
6.59314	0.57518	-11.3391	
7.20392	0.392446	-11.0699	
5.28168	0.675399	-8.37021	
10.6683	-7.52	-7.14594	
7.22423	-0.484462	-8.27033	
10.151	-2.46614	-2.18099	
13.2875	2.56314	-12.809	
15.3113	1.66309	-11.1183	
12.7012	0.976692	-7.92041	
9.01077	-4.1533	-6.05284	
13.6043	-3.96025	-7.83263	
14.1511	0.987777	-7.65748	
13.5075	0.290688	-12.2565	
9.15465	1.71053	-15.031	
10.0907	-5.31916	-7.72346	
3.33933	-4.11536	-10.3119	
10.6381	-2.06478	-0.445833	
9.27165	-1.39038	-2.12395	
2.35978	-3.75636	-12.2999	
9.61963	2.64832	-14.2565	
9.7663	-1.66206	-2.6886	
8.4159	2.02021	-14.1674	
9.35233	-1.20115	-3.43788	
12.5537	0.239684	-5.29757	
7.15074	-0.109702	-7.34601	
10.1411	1.62502	-9.91956	
12.4402	-1.93503	-4.59339	
12.1887	-3.16091	-5.52594	
11.6164	-2.60294	-5.67017	
11.1613	-2.10807	-6.02445	
6.53659	0.459028	-7.51672	
10.7808	-1.76538	-6.01546	
11.2632	-2.69442	-5.6553	
8.94449	-3.86138	-2.33727	
10.3903	6.10411	-7.21416	
11.8291	-3.27904	-1.39355	
10.3903	6.10411	-7.21416	
9.01582	-2.0201	-1.16648	
8.66991	5.45019	-8.34049	
9.44738	6.60536	-10.401	
11.0972	6.29405	-11.866	
2.23178	5.69688	-6.82189	
7.53976	3.24585	-3.71192	
6.01667	0.0511336	-7.57858	
9.74916	0.53694	-5.38444	
9.63402	-2.17357	-7.29702	
6.01667	0.0511336	-7.57858	
10.5239	0.688126	-5.62797	
9.74916	0.53694	-5.38444	
9.89407	-1.31935	-5.18177	
9.63402	-2.17357	-7.29702	
9.95577	0.938921	-5.40531	
9.63402	-2.17357	-7.29702	
4.8445	-8.24134	-10.2169	
1.61358	4.07399	-0.107432	
10.635	-4.23159	-17.8366	
2.50798	-5.62455	-14.9667	
7.99636	-2.58403	-17.9978	
6.5244	-9.87348	-9.05611	
-1.64591	5.57956	-6.36208	
11.1096	-11.1397	-6.09995	
14.1013	7.8422	1.28123	
1.51939	-2.6671	-15.9673	
5.63326	-0.684986	-4.07085	
9.3569	-4.57896	-10.2453	
5.53763	-1.91132	-10.7923	
6.55475	0.981916	-8.96342	
7.10645	0.136127	-9.12953	
11.3288	-3.22279	-11.2793	
5.76359	-1.80752	-9.25259	
11.4291	5.11022	-4.42014	
11.65	5.00892	-4.87435	
12.2169	-1.36974	-9.37999	
14.8965	-1.59356	-6.12394	
11.4632	-2.40016	-5.06601	
6.23199	0.442005	-12.5838	
9.44714	-1.5667	-7.76328	
9.89629	-0.483528	-6.7412	
14.8154	-2.63448	-6.34817	
9.63726	-1.75442	-9.49548	
4.27875	4.26493	-10.2825	
12.7842	-2.56549	-4.38299	
11.3551	1.35407	-7.36216	
8.12319	0.884743	-1.99081	
5.002	4.52514	-6.84956	
4.10568	-0.903728	-6.07933	
4.33753	-0.942083	-7.16832	
4.10568	-0.903728	-6.07933	
4.40183	-0.878694	-6.46167	
10.2567	0.238159	-2.3569	
5.22704	3.4041	-7.07439	
5.0834	4.85219	-7.26067	
5.002	4.52514	-6.84956	
10.01	0.878768	-10.9198	
1.74854	-2.41409	-10.7601	
11.3357	0.157172	-12.2531	
7.32003	-1.21197	-10.0069	
7.5997	-1.01075	-8.0715	
11.6662	-3.6151	-6.11133	
11.7345	-5.08919	-6.14543	
12.3265	1.30868	-13.3299	
13.8241	-5.10543	-7.29979	
8.93356	-1.36403	-7.54017	
10.1645	1.50307	-8.02949	
12.3537	0.363714	-11.1389	
8.38575	0.283591	-6.51834	
11.0325	0.065923	-9.7898	
8.3884	0.778104	-8.73327	
5.74674	-0.805998	-9.10904	
11.3034	1.04041	-10.0456	
6.79154	2.58181	-5.53597	
12.5502	0.487192	-10.2606	
12.5509	0.700228	-10.7178	
11.2535	1.25176	-8.99352	
7.35696	-0.5552	-8.99537	
11.7795	2.04735	-7.72494	
3.96088	2.97647	-8.52857	
9.8518	1.33462	-9.19201	
13.6494	0.729013	-6.89123	
10.9327	-1.60056	-10.3529	
2.51334	-1.79035	-4.62629	
9.8518	1.33462	-9.19201	
11.9002	1.57299	-8.43181	
9.27946	2.01095	-8.35222	
9.40244	-0.176096	-7.55644	
8.2233	1.69622	-8.05328	
8.84009	1.32333	-11.9195	
8.12193	0.553209	-7.73258	
6.71498	3.76127	-11.4422	
10.5652	2.98198	-7.12008	
9.72872	1.61309	-10.6075	
7.3974	-2.81589	-11.1417	
8.0265	-0.36447	-8.26927	
5.91557	-2.40718	-4.76514	
9.63835	0.458102	-6.38182	
3.41285	1.17173	-5.1568	
9.2052	-0.403714	-9.73852	
4.88656	1.04901	-5.8424	
5.41876	-0.734405	-3.73035	
4.03191	1.11947	-6.63513	
6.103	-0.166971	-6.21433	
4.88656	1.04901	-5.8424	
11.2015	3.47893	-6.66719	
4.79388	0.63993	-6.9931	
4.07047	1.40611	-10.3433	
6.48005	1.46922	-6.87043	
6.40201	-0.406841	-7.76812	
4.79388	0.63993	-6.9931	
5.37904	-0.771337	-6.59406	
6.48005	1.46922	-6.87043	
6.01667	0.0511336	-7.57858	
7.44105	0.266725	-6.16025	
6.01667	0.0511336	-7.57858	
10.3294	-3.32361	-6.85321	
11.0812	-2.59925	-8.26599	
11.1599	-2.03053	-7.72549	
10.1992	-0.677965	-8.62743	
9.12069	-0.062738	-9.1449	
8.76167	-0.358398	-8.31759	
8.76167	-0.358398	-8.31759	
8.76167	-0.358398	-8.31759	
8.9931	-1.34597	-8.11111	
9.63402	-2.17357	-7.29702	
9.05527	-3.46356	-7.26789	
11.1041	1.34967	-1.80782	
7.20826	-0.157317	-8.64829	
9.62948	-5.01195	-5.69873	
12.3129	-1.809	-6.11373	
2.34519	5.34755	-5.96182	
7.61596	2.30336	-7.22477	
7.85642	-1.04141	-4.53574	
11.0812	-2.59925	-8.26599	
7.32003	-1.21197	-10.0069	
10.111	0.438581	-15.3496	
9.51727	7.90515	-11.258	
10.9913	5.4656	-12.8494	
13.9407	-2.67062	-10.3139	
10.1701	7.70075	-11.4189	
15.2466	1.92116	-5.99702	
10.8463	5.20676	-10.6337	
9.25726	8.90651	-11.8325	
12.6128	5.95903	-12.0778	
9.82308	-2.18922	-9.44839	
3.81202	0.817766	-7.29807	
6.44831	5.53337	-5.59058	
11.2558	-0.551168	-3.72523	
8.6605	2.37748	-7.27594	
9.77731	3.68067	-2.79961	
9.48922	2.8265	-8.56789	
9.33585	3.7838	-3.33571	
9.06851	6.35359	-5.91889	
5.1753	2.44651	-3.04507	
9.56975	2.50706	-5.58416	
12.7585	-2.6214	-3.29378	
10.8741	3.4427	-6.34546	
10.9417	-1.64623	-5.34213	
11.1161	-3.19316	-4.22762	
10.8855	-2.72991	-4.47038	
11.2328	-0.843253	-4.81723	
11.3429	-1.52765	-3.57557	
10.4779	-2.35049	-4.38834	
10.5037	-2.05126	-4.71499	
10.6553	-2.3411	-6.73438	
8.86865	0.375396	-7.69714	
9.66017	0.220968	-5.61726	
5.80947	-0.682719	-7.76108	
5.54536	-0.159679	-7.54696	
8.86865	0.375396	-7.69714	
5.37904	-0.771337	-6.59406	
5.54536	-0.159679	-7.54696	
8.86865	0.375396	-7.69714	
8.86865	0.375396	-7.69714	
10.7891	-0.116394	-5.91832	
10.1514	-1.20994	-6.49804	
8.32104	-0.524675	-6.73978	
7.96148	0.105257	-7.86761	
10.1514	-1.20994	-6.49804	
8.65566	-1.03371	-6.34408	
8.3884	0.778104	-8.73327	
10.2576	-1.25534	-6.14995	
9.40244	-0.176096	-7.55644	
9.63835	0.458102	-6.38182	
7.94922	0.0468759	-7.43853	
10.8463	5.20676	-10.6337	
5.83635	0.192845	-6.28793	
6.27186	-0.552966	-6.20111	
8.0265	-0.36447	-8.26927	
10.8612	5.985	-7.56807	
9.84567	-1.42681	-12.7156	
6.95078	0.695889	-5.99716	
6.41327	-1.78324	-8.30915	
6.29841	1.16673	-6.3508	
5.83635	0.192845	-6.28793	
6.24918	-0.473163	-9.36956	
5.74674	-0.805998	-9.10904	
6.24918	-0.473163	-9.36956	
6.95142	0.457771	-9.45261	
9.08203	0.638697	-9.99564	
8.16918	0.176603	-9.32308	
5.06559	0.498623	-7.88149	
8.58031	-1.17541	-9.58228	
8.31972	-0.324784	-9.15483	
5.28168	0.675399	-8.37021	
3.73982	-0.379548	-8.12219	
6.27186	-0.552966	-6.20111	
5.39266	-2.12488	-3.51164	
3.73982	-0.379548	-8.12219	
6.36341	2.33438	-6.44336	
4.11544	-0.459557	-8.1883	
7.44105	0.266725	-6.16025	
4.35881	2.19543	-6.39196	
4.11544	-0.459557	-8.1883	
3.73982	-0.379548	-8.12219	
4.56497	2.28357	-8.12669	
6.86565	-2.66365	-3.78264	
11.1013	2.83514	-7.99297	
5.10395	0.413798	-8.91428	
11.1013	2.83514	-7.99297	
12.5779	1.58543	-9.19988	
6.27577	-2.13275	-5.03316	
12.7161	0.389283	-8.83663	
6.27577	-2.13275	-5.03316	
5.31555	-1.7767	-3.28117	
7.9401	-2.01182	-5.66223	
12.5007	-0.212723	-12.7048	
8.95213	-5.18861	-6.4924	
12.0064	-0.721902	-12.7544	
9.88332	-1.13093	-9.31511	
10.8166	0.633632	-8.93958	
3.90838	6.83271	-5.90424	
10.8016	-2.83537	-6.70713	
11.3228	-4.19108	-8.10694	
10.3641	-3.70422	-6.77546	
11.5606	-0.180684	-6.27677	
12.0277	-3.80907	-4.79894	
10.6382	2.62159	-13.8887	
11.5353	-0.0227659	-5.78135	
12.0277	-3.80907	-4.79894	
11.4291	3.34469	-13.8885	
10.9639	2.41775	-13.043	
11.5606	-0.180684	-6.27677	
11.2009	-4.62805	-5.0645	
14.1742	4.53843	-12.7765	
6.5902	2.20608	-7.3019	
8.0265	-0.36447	-8.26927	
5.74674	-0.805998	-9.10904	
6.61153	-0.770268	-8.20599	
7.20826	-0.157317	-8.64829	
9.89407	0.222619	-9.59237	
8.29866	-0.906967	-8.01542	
8.0265	-0.36447	-8.26927	
9.50159	-1.12928	-8.20392	
6.55153	-1.91611	-9.22307	
2.1659	-1.67401	-3.4366	
10.1411	1.62502	-9.91956	
6.44937	3.05767	-10.5627	
13.7844	-0.431873	-7.10613	
11.5365	1.78008	-11.0871	
12.009	2.44824	-9.63896	
8.48941	2.51496	-12.1315	
10.1411	1.62502	-9.91956	
7.97289	2.19392	-11.9203	
13.1403	1.8226	-10.6857	
10.5989	-1.14111	-7.41119	
6.60436	1.4557	-8.6761	
10.1491	5.51784	-9.21584	
9.35127	3.17755	-3.71283	
9.52413	3.52634	-4.20411	
6.01667	0.0511336	-7.57858	
10.7891	-0.116394	-5.91832	
6.20657	2.87661	-6.94558	
6.68149	3.76806	-6.72475	
10.6569	-0.39838	-6.64635	
4.72457	-3.66232	-8.90068	
4.71104	0.0941518	-6.86806	
11.7486	2.88133	-9.6069	
6.4731	-2.53202	-9.48405	
9.7007	-3.95553	-8.39846	
3.59652	-1.13161	-4.54771	
5.53763	-1.91132	-10.7923	
4.93991	-0.0341007	-6.06508	
5.36975	0.112747	-11.0194	
6.4731	-2.53202	-9.48405	
2.21037	3.68778	-8.76311	
13.4787	-1.76938	-9.08838	
6.29841	1.16673	-6.3508	
11.8187	-1.02033	-3.78441	
10.3358	-5.0751	-8.08476	
3.39036	5.31077	-7.90808	
10.4013	1.5213	-6.34955	
6.17656	2.14482	-5.99571	
9.97572	5.08204	-5.30055	
6.41327	-1.78324	-8.30915	
8.40872	3.19843	-2.35939	
8.37094	4.72621	-3.33556	
4.28826	1.72233	-4.28992	
7.29074	5.35161	-4.30948	
8.83513	0.616647	-2.17116	
5.81025	1.06627	-2.64823	
4.74789	1.27591	-3.03505	
5.86087	1.5896	-2.72386	
8.58565	4.3925	-2.99495	
10.4568	3.03523	-4.9322	
9.00241	1.79474	-6.52017	
9.05527	-3.46356	-7.26789	
5.83635	0.192845	-6.28793	
6.67615	-2.27247	-9.08556	
8.47069	0.181774	-6.76094	
8.49288	-1.34025	-8.28011	
9.05527	-3.46356	-7.26789	
9.34479	-3.0802	-7.01347	
7.78685	-2.23781	-9.44186	
6.41327	-1.78324	-8.30915	
10.9395	-0.357131	-6.65179	
10.2965	-0.326682	-6.01889	
5.94903	-2.15586	-6.431	
12.1887	-3.16091	-5.52594	
9.89629	-0.483528	-6.7412	
12.062	-0.0961461	-6.46735	
11.5353	-0.0227659	-5.78135	
6.08579	-1.13816	-6.54014	
3.18692	2.43832	-9.74086	
8.93356	-1.36403	-7.54017	
4.8142	-1.29145	-9.44893	
7.06101	-2.58097	-10.3087	
2.69566	-1.63955	-5.95588	
9.75912	-0.4623	-10.6897	
7.15952	-1.9502	-10.326	
5.10395	0.413798	-8.91428	
10.0035	2.4961	-10.0906	
3.33057	-0.0744882	-7.06855	
10.5678	-0.302443	-11.2122	
4.8142	-1.29145	-9.44893	
9.47905	-2.57687	-12.2971	
6.29944	1.70013	-8.24324	
6.61153	-0.770268	-8.20599	
6.61153	-0.770268	-8.20599	
6.29944	1.70013	-8.24324	
12.0764	2.90463	-8.41731	
6.56237	0.978448	-7.60754	
6.29944	1.70013	-8.24324	
6.73262	-1.31337	-8.15149	
6.61153	-0.770268	-8.20599	
10.1471	-7.809	-5.68574	
10.7808	-1.76538	-6.01546	
10.584	-5.81325	-3.37855	
12.2131	-4.48853	-1.22574	
9.6596	0.75377	-10.3363	
11.5988	-3.55339	-3.95362	
13.4154	-4.90173	-6.25915	
13.9666	-3.32913	-3.19006	
10.2457	-7.18786	-4.4071	
12.0932	-3.36901	-4.25624	
7.06621	0.0440183	-7.80876	
12.536	-0.0759083	-6.13992	
12.5816	1.99754	-12.499	
13.0598	0.0855582	-6.43358	
14.0424	1.48764	-7.08815	
13.0598	0.0855582	-6.43358	
13.4552	2.08854	-3.57869	
5.40744	-1.14805	-7.58848	
7.15074	-0.109702	-7.34601	
9.8518	1.33462	-9.19201	
5.9035	-0.888518	-7.3293	
11.6662	-3.6151	-6.11133	
11.752	-3.30542	-5.51343	
10.22	1.64008	-9.05978	
7.22423	-0.484462	-8.27033	
7.15074	-0.109702	-7.34601	
8.96705	1.59514	-8.56282	
5.91547	-2.36624	-7.61334	
7.60121	2.33035	-8.14788	
12.496	4.74825	-12.4981	
13.6905	-5.57555	-4.4035	
10.3595	3.03351	-13.045	
10.3595	3.03351	-13.045	
11.8829	-3.11024	-4.83241	
12.0181	-1.50825	-5.11056	
9.74138	3.70956	-13.4671	
12.0233	3.30332	-11.0026	
9.23569	2.43173	-8.2709	
10.0962	2.6485	-11.3303	
13.1372	-2.6025	-4.83131	
11.1781	-6.11706	-9.40759	
2.11849	-0.357808	-7.76715	
3.62656	-2.29254	-8.25709	
4.06647	-3.67375	-2.04798	
6.34612	0.659466	-3.09342	
6.93075	3.16481	-6.82596	
3.53368	-1.93711	-8.64638	
6.3315	-4.91193	-8.81676	
6.57785	-7.79529	-11.1387	
1.9096	6.74756	-4.70013	
7.44564	-0.483667	-10.8607	
9.8518	1.33462	-9.19201	
11.9307	-5.75296	-4.29057	
9.89629	-0.483528	-6.7412	
10.22	1.64008	-9.05978	
9.89407	0.222619	-9.59237	
9.48773	0.445815	-9.46367	
10.22	1.64008	-9.05978	
9.89407	0.222619	-9.59237	
8.22089	0.305862	-10.7093	
13.6741	-2.40868	-3.43353	
11.3429	-1.52765	-3.57557	
11.8187	-1.02033	-3.78441	
10.6582	-0.129979	-1.1729	
8.44283	-3.25733	-3.8655	
8.82323	4.3389	-4.79883	
10.8788	-1.94862	-3.1391	
2.36404	4.478	-7.88344	
10.5967	3.75319	-7.7008	
9.47458	-0.378954	-4.78645	
11.6662	-3.6151	-6.11133	
12.9364	1.14357	-13.2444	
9.23208	-0.680959	-16.539	
14.4178	-0.366918	-12.4842	
8.53231	1.37119	-12.8795	
8.53231	1.37119	-12.8795	
10.8016	-2.83537	-6.70713	
10.6135	-6.92532	-7.07476	
10.5109	-5.60621	-5.73635	
11.7527	7.90318	-12.7038	
7.24066	0.686909	-5.0143	
4.0028	4.09222	-5.27051	
2.41938	4.04664	-6.55876	
4.41308	2.83215	-5.74314	
11.0741	5.58158	-7.69447	
5.11469	3.26188	-5.20481	
10.1954	-2.82899	-8.06059	
5.21007	1.49544	-5.82185	
8.84713	-2.04804	-3.44078	
5.22572	1.91509	-5.99011	
12.367	3.77434	-4.26104	
10.4013	1.5213	-6.34955	
12.1165	2.31334	-5.39734	
10.8902	4.52787	-3.94306	
12.0233	3.30332	-11.0026	
7.1693	4.21436	-4.60851	
11.8626	5.14262	-3.44583	
3.63998	1.57942	-2.02803	
9.66017	0.220968	-5.61726	
10.1949	-1.60603	-8.85866	
3.57645	2.71492	2.34289	
0.770112	7.25743	-1.29844	
5.219	7.14014	3.25384	
1.10062	1.57765	3.21259	
6.58502	11.9361	-0.0542514	
10.2417	3.83573	3.04808	
4.44515	-0.623359	4.01082	
8.64231	2.18079	5.80865	
10.4512	6.83214	4.19091	
9.6807	-1.68204	4.26531	
11.1775	1.33413	-6.93285	
9.08203	0.638697	-9.99564	
7.82608	-0.446095	-10.8072	
6.28785	-0.716227	-8.78756	
10.9885	0.429115	-10.5511	
9.08453	-2.27338	-10.67	
8.95108	2.56759	-10.2378	
4.0029	1.02563	-2.81952	
8.31972	-0.324784	-9.15483	
11.1699	-1.04719	-8.66269	
12.5779	1.58543	-9.19988	
6.50062	-0.589282	-7.27803	
10.3485	-0.0868648	-9.60106	
10.22	1.64008	-9.05978	
8.59766	1.93542	-7.53102	
8.36864	1.40416	-8.34955	
10.182	2.48495	-8.31457	
9.89912	2.84574	-7.17999	
10.359	0.356995	-5.91156	
12.5751	1.04742	-8.73706	
6.95142	0.457771	-9.45261	
7.20826	-0.157317	-8.64829	
7.20826	-0.157317	-8.64829	
9.51495	2.40311	-9.73755	
7.10645	0.136127	-9.12953	
7.10645	0.136127	-9.12953	
6.61153	-0.770268	-8.20599	
7.10645	0.136127	-9.12953	
7.20826	-0.157317	-8.64829	
7.94922	0.0468759	-7.43853	
6.41564	1.41067	-7.87483	
5.05568	2.58521	-6.11857	
5.68912	5.02709	-5.3003	
6.63906	4.30967	-10.4111	
4.91717	2.57434	-7.8416	
6.29944	1.70013	-8.24324	
6.5206	3.73734	-8.92734	
9.24021	2.42175	-6.86621	
9.30875	0.67856	-3.00897	
4.94751	1.81542	-3.51075	
9.44573	-1.46868	-8.87965	
14.0744	4.13714	-11.3843	
13.6065	3.91776	-11.2527	
11.5921	0.43685	-8.26125	
12.0504	0.574867	-8.38084	
11.4913	-0.11023	-4.28538	
10.2576	-1.25534	-6.14995	
11.8514	-1.42825	-6.63084	
10.7965	-0.189024	-7.82201	
10.5733	-0.593231	-4.1648	
6.01667	0.0511336	-7.57858	
5.06559	0.498623	-7.88149	
8.12193	0.553209	-7.73258	
6.56237	0.978448	-7.60754	
4.07653	1.13917	-6.00911	
5.05568	2.58521	-6.11857	
5.05568	2.58521	-6.11857	
6.01667	0.0511336	-7.57858	
9.36932	2.32226	-6.2561	
5.05568	2.58521	-6.11857	
9.9017	-6.31695	-7.61882	
12.5263	-2.63737	-2.74877	
5.7192	3.14295	-6.89731	
3.1591	3.41866	-6.63358	
4.0213	3.78295	-8.01782	
4.91717	2.57434	-7.8416	
11.832	-4.1755	-7.70488	
12.7471	-3.36469	-7.84144	
11.5418	-2.51753	-7.45106	
4.51078	2.54036	-9.11657	
6.50062	-0.589282	-7.27803	
4.07653	1.13917	-6.00911	
5.23879	-2.21018	-9.35856	
3.6454	0.251032	-5.87294	
5.23879	-2.21018	-9.35856	
4.74789	1.27591	-3.03505	
3.39293	0.132112	-4.55223	
8.38575	0.283591	-6.51834	
4.96882	-0.238616	-8.75116	
3.6454	0.251032	-5.87294	
6.61153	-0.770268	-8.20599	
6.61153	-0.770268	-8.20599	
4.57779	0.305148	-5.50587	
6.61153	-0.770268	-8.20599	
6.61153	-0.770268	-8.20599	
6.50062	-0.589282	-7.27803	
6.73262	-1.31337	-8.15149	
6.61153	-0.770268	-8.20599	
6.61153	-0.770268	-8.20599	
6.61153	-0.770268	-8.20599	
11.1859	3.83957	-11.759	
8.16204	-0.0821025	-16.5014	
10.7344	0.995594	-14.8122	
3.17707	2.98599	-7.51799	
4.2907	2.15934	-7.18511	
6.67615	-2.27247	-9.08556	
12.4473	-0.135939	-14.4602	
3.17707	2.98599	-7.51799	
3.17707	2.98599	-7.51799	
12.5124	-2.18149	-9.70458	
10.5956	1.8371	-10.4963	
10.2057	1.86327	-11.2195	
12.2443	-1.07783	-2.86789	
13.9687	-2.21446	-10.5258	
10.2057	1.86327	-11.2195	
13.0598	0.0855582	-6.43358	
11.8706	-1.12708	-3.2267	
10.2057	1.86327	-11.2195	
14.1445	3.19647	-4.77406	
12.9807	2.81301	-5.07827	
8.96812	-5.70142	-11.7238	
12.0932	-3.36901	-4.25624	
12.3562	0.668769	-6.02843	
10.2708	2.13646	-5.71979	
3.80136	3.35392	-10.5096	
5.11245	2.08308	-8.84605	
12.1302	-3.10913	-7.23852	
3.31187	3.94045	-10.8033	
11.9826	-5.20685	-3.72414	
3.14376	3.22734	-9.75217	
12.9461	0.671759	-7.0099	
10.5802	-0.377798	-9.92931	
8.31721	-1.82993	-12.092	
11.0325	0.065923	-9.7898	
10.5802	-0.377798	-9.92931	
11.9824	-4.8663	-11.5627	
11.1289	1.65735	-8.953	
13.7969	-3.87624	-4.95092	
13.5343	-1.1429	-8.94993	
13.5343	-1.1429	-8.94993	
8.36864	1.40416	-8.34955	
9.06786	1.70098	-6.30102	
7.20826	-0.157317	-8.64829	
6.08975	1.60475	-8.90936	
6.08975	1.60475	-8.90936	
5.10395	0.413798	-8.91428	
6.95142	0.457771	-9.45261	
6.95142	0.457771	-9.45261	
6.08975	1.60475	-8.90936	
8.35228	0.969523	-8.16584	
11.772	2.7384	-7.76047	
9.50051	5.26388	-3.94686	
5.7192	3.14295	-6.89731	
5.24274	2.99992	-7.27311	
12.7599	1.62612	-7.56912	
14.0195	2.08805	-10.1472	
12.5121	2.07359	-7.48144	
6.56408	5.29993	-8.83516	
10.22	1.64008	-9.05978	
11.2887	2.54609	-5.50131	
10.8673	5.60702	-9.4095	
6.81056	-4.75248	-11.0289	
9.1703	-4.38999	-11.347	
9.6596	0.75377	-10.3363	
7.22616	-4.892	-11.0768	
10.4464	-0.480749	-12.116	
10.2842	5.52979	-10.7694	
8.44067	7.37116	-8.8756	
9.6596	0.75377	-10.3363	
6.36639	-4.4177	-10.0401	
8.35015	-2.11709	-9.33458	
8.35015	-2.11709	-9.33458	
7.51239	6.36153	-8.49634	
4.88656	1.04901	-5.8424	
10.5652	2.98198	-7.12008	
6.53891	-3.32416	-10.1214	
8.35015	-2.11709	-9.33458	
8.35015	-2.11709	-9.33458	
8.6038	1.04426	-5.99187	
11.585	3.64847	-9.78773	
9.28065	-3.2128	-5.01848	
11.6406	-6.41493	-7.15088	
3.80587	6.46256	-7.30495	
12.8607	-4.88191	-12.994	
4.2353	4.75689	-8.30162	
3.61186	3.86698	-8.63148	
14.89	-3.31429	-0.291076	
6.73933	-6.11966	-6.1598	
3.69041	-4.94942	-9.0107	
4.75893	-5.51461	-9.4476	
7.30256	4.75934	-9.89433	
5.06559	0.498623	-7.88149	
9.08359	1.76469	-10.0127	
6.70517	-3.1877	-12.0037	
9.73935	5.95495	-5.51236	
9.08359	1.76469	-10.0127	
8.8592	0.890861	-10.1438	
9.0979	0.469499	-10.3401	
8.16918	0.176603	-9.32308	
5.71103	1.56705	-7.90037	
8.00846	3.44484	-11.5224	
6.60549	-1.52269	-4.35887	
5.38328	4.20987	-5.08585	
6.58829	5.58832	-8.23152	
7.01149	-2.7545	-12.6829	
7.55899	-1.44023	-3.51557	
8.51368	-2.30244	-11.3478	
8.5555	-3.41768	-6.48097	
6.15193	4.89736	-6.5211	
9.1753	-0.152171	-1.88017	
7.67122	-0.611914	-6.63323	
10.0233	-2.91372	-5.62308	
5.27173	-2.56602	-5.00192	
7.92412	-1.26027	-5.74504	
7.67122	-0.611914	-6.63323	
9.06655	-4.28306	-4.96214	
9.02609	-3.68393	-5.31601	
7.06621	0.0440183	-7.80876	
10.0113	-2.47259	-5.5334	
7.77993	0.628239	-7.08085	
8.68333	3.27153	-15	
7.15074	-0.109702	-7.34601	
13.2351	0.258161	-5.87125	
6.50062	-0.589282	-7.27803	
15.0696	0.714573	-6.16042	
10.973	0.471091	-5.22875	
6.93914	1.32945	-9.33102	
11.6387	3.22745	-13.041	
4.87204	-1.47788	-7.49816	
12.062	-0.0961461	-6.46735	
14.1445	3.19647	-4.77406	
10.9417	-1.64623	-5.34213	
11.8759	-4.13474	-5.9856	
5.96921	2.15768	-6.88844	
12.6621	-4.94607	-6.97446	
11.8759	-4.13474	-5.9856	
13.2579	-4.42858	-5.52715	
12.3248	-4.24283	-5.31955	
11.7488	-1.35147	-8.13825	
10.7696	-0.714865	-8.19497	
9.32107	-1.50419	-13.0849	
12.1925	-0.805428	-9.30739	
7.96499	-1.87409	-7.94174	
6.28184	-1.78439	-7.72948	
11.586	-0.665061	-10.026	
7.96499	-1.87409	-7.94174	
6.28184	-1.78439	-7.72948	
6.01667	0.0511336	-7.57858	
9.33145	-3.73328	-11.9902	
7.19023	-2.23159	-12.459	
