-4.95344	-0.587554	
-2.63001	-4.80221	
0.0885768	3.5315	
5.47275	4.80951	
-6.40067	-2.0442	
0.452219	8.75343	
0.882794	4.05593	
-7.22918	-2.59501	
3.89472	7.27775	
0.135993	8.12596	
3.09875	1.62311	
-1.75474	-3.20969	
-3.39977	5.31555	
3.35737	-3.57939	
-6.34856	0.496663	
-3.74911	-4.12208	
3.0289	-3.54154	
-3.88073	-4.87557	
-5.8736	0.0925943	
3.56692	0.994628	
0.504069	0.90153	
1.71993	-1.18981	
4.61614	1.51747	
0.543847	-0.476478	
-0.0396464	-0.375536	
-0.796048	2.63225	
2.00774	3.33877	
2.98276	1.92083	
0.731586	-0.634895	
0.211152	0.177714	
1.26104	-1.1109	
0.360493	-1.27583	
3.86954	1.8762	
-2.44023	-2.01108	
1.52312	-1.55035	
-1.93206	-3.52953	
1.50767	-1.04539	
-0.142549	-1.486	
0.497217	-1.19466	
2.32662	1.14	
-0.00720884	-1.16423	
0.669526	-2.43519	
-0.42202	-4.26014	
0.711882	-2.29329	
2.07048	0.189944	
1.93246	-3.62222	
1.49039	0.457121	
1.03098	-4.76588	
0.699725	-2.05469	
2.19131	0.433308	
2.91397	-2.22352	
-2.22448	-1.42151	
-3.30966	-0.137678	
4.57366	0.808777	
4.26917	-0.114264	
-2.42592	-2.18003	
-0.587162	1.5215	
2.93444	2.79421	
-3.6551	-2.1156	
-0.852958	4.01598	
-1.29883	0.541597	
-1.66762	1.86569	
-2.96475	2.4005	
-1.11586	0.757749	
0.894079	0.949378	
0.547699	1.65135	
-1.11586	0.757754	
-1.77467	0.790625	
-1.11586	0.757751	
0.702792	0.909314	
1.68955	-0.507425	
1.68955	-0.507427	
1.68955	-0.507428	
1.37768	-0.513428	
2.50665	-0.281688	
1.68956	-0.507427	
2.30449	-0.00880877	
1.89924	-0.0339369	
-1.297	-0.260287	
2.30449	-0.00881974	
1.51623	-1.94574	
-0.775495	0.0517478	
5.38901	0.298601	
2.15667	-0.801506	
3.47452	-2.66152	
-0.770832	0.48577	
0.00298514	-1.31815	
-4.60878	-3.20435	
4.25161	-4.01822	
-0.680929	3.10298	
-2.58024	-1.39421	
-1.04181	1.05267	
1.90423	-1.37623	
2.47059	-1.05793	
-1.83066	0.945451	
2.42372	-1.08451	
-1.36095	1.06545	
-0.946688	-0.516674	
0.819833	-0.826298	
-1.04182	1.05265	
-2.23095	-0.0353716	
-1.67679	0.549714	
-0.591984	-0.441915	
-0.485063	0.572583	
-0.639275	0.613504	
-0.752247	3.50394	
-0.404412	0.308419	
-1.02901	1.53899	
3.10049	-4.02902	
-0.591916	-0.441988	
-3.42572	0.316773	
1.3755	1.68478	
0.394529	3.39501	
0.241554	0.214034	
1.84223	2.56151	
2.2844	4.43803	
1.84238	1.72792	
0.311858	-0.146751	
-0.710953	-0.0810208	
-3.25827	-0.787313	
-0.14413	-1.16391	
0.733438	-0.256172	
1.65822	1.77333	
3.25436	5.08027	
0.028334	0.0964223	
-0.397078	0.763356	
1.00012	0.858747	
1.65824	1.77335	
-0.118678	-1.55428	
1.12855	0.608611	
0.570936	-2.52376	
-0.78676	-2.6378	
1.57382	0.0316488	
0.417919	-1.28914	
0.27558	-2.954	
-0.182765	-2.3977	
-0.835983	-2.66152	
-2.10398	-2.32704	
-0.819556	-2.70202	
-2.25334	-1.86074	
0.191743	2.29757	
0.931956	0.814237	
3.20821	-0.442738	
0.145734	2.33444	
-0.18014	-1.63891	
1.93413	0.445658	
-0.199915	-2.69184	
1.10235	-0.110333	
-3.79346	-4.00039	
2.39366	0.456344	
-2.74784	-2.15396	
2.79891	3.06169	
0.362483	-0.28103	
1.41362	-0.362799	
0.968947	1.07648	
2.26544	0.241377	
3.02635	-0.535801	
-2.58698	-2.22286	
3.34902	0.652873	
-1.01594	-2.78524	
-1.70691	-3.04925	
2.4864	1.2542	
2.07996	-2.69949	
0.0290415	2.62569	
0.0706997	1.01084	
1.587	4.78036	
1.65196	-2.43535	
4.12187	0.89839	
2.00481	3.5996	
1.65195	-2.43537	
-2.59322	-1.25585	
-2.75898	-0.469859	
1.15153	3.67061	
0.778378	1.15905	
-1.6212	-0.753344	
0.596932	2.11554	
-1.24983	-1.22997	
-2.12647	-1.12629	
1.28636	1.84808	
0.560715	0.851001	
1.19312	3.88384	
1.26103	-1.11101	
0.028405	0.0964912	
0.177643	0.267757	
0.454844	-0.844107	
1.26103	-1.11101	
-0.0273094	-1.73461	
-2.65956	-1.04747	
3.82541	-0.695986	
-0.283024	-1.02861	
-0.413964	-0.633779	
-0.305348	0.0948677	
0.877178	-1.96442	
2.19686	-3.44756	
-1.01504	0.0630976	
0.123252	-2.16088	
-0.168048	-0.567964	
-0.413981	-0.633798	
3.47461	1.63497	
-0.305347	0.0948722	
-0.967018	-1.4812	
1.0128	0.356746	
1.22821	0.448479	
0.804365	-1.92174	
-1.0465	-2.1557	
-1.04651	-2.15569	
0.00965206	-1.53094	
1.22821	0.448482	
0.934261	0.66933	
1.01278	0.356766	
0.718586	0.305503	
-3.32683	-1.08996	
0.718589	0.305502	
0.739693	-1.89832	
-3.08078	-0.727157	
0.756679	-3.11888	
2.91834	-2.66049	
2.8121	-2.92158	
-1.12323	0.0196776	
-1.49184	-2.0807	
2.48334	-1.72763	
2.92642	-2.38385	
2.44127	-1.22778	
-0.783339	-4.84008	
3.00001	-0.078631	
2.95988	0.0902641	
4.53135	-3.57675	
2.4358	-1.49368	
2.49929	0.137832	
4.41205	0.781266	
0.901331	4.42753	
4.52581	-0.611723	
0.564526	3.38603	
0.564533	3.38603	
2.97723	2.48146	
3.22478	3.17011	
3.82857	-0.385257	
-2.91884	-2.07054	
5.69461	-1.09017	
3.46956	0.04827	
4.55855	0.526729	
2.47998	-0.233368	
-1.42337	1.1955	
-2.30459	-3.60422	
-2.03084	-2.31211	
4.35121	1.58315	
2.33428	3.1186	
0.0243354	2.78748	
2.55105	2.23893	
-1.15451	0.917278	
-2.06137	0.4588	
5.75514	-2.12756	
2.69327	-2.87838	
1.95779	2.55738	
-2.15636	0.315832	
-1.85274	-4.31727	
4.5311	-2.0593	
2.48435	-3.81457	
1.93771	-0.880932	
3.02795	-1.54552	
0.248438	0.479306	
2.35339	3.91792	
1.71202	3.52653	
6.52472	3.05926	
0.44389	0.754787	
-0.488226	-6.46185	
2.30015	0.245996	
1.38397	2.88357	
-1.96239	-3.63514	
0.360187	4.57954	
1.03229	2.7924	
0.646298	1.63065	
2.78787	3.72553	
0.688203	1.67353	
-1.17606	-1.67723	
-0.769644	-1.32908	
1.76208	0.743116	
-1.19326	-1.82286	
1.91734	1.1975	
-0.145931	-2.2015	
-0.463424	-4.45042	
6.75042	0.877251	
-2.35759	-5.69267	
-1.44002	-4.20311	
6.60206	1.57619	
-1.52023	-3.37385	
2.30375	3.17747	
-1.2367	-4.27389	
4.63933	3.14733	
-1.34174	-3.4833	
2.56926	-0.146915	
4.34399	-1.12049	
3.15236	-0.326077	
2.47017	-1.05798	
2.88159	-0.445034	
2.8816	-0.445044	
3.19156	0.630068	
2.16719	0.420643	
3.32118	0.454903	
4.38282	-0.659525	
-0.187826	-4.46913	
0.702999	-5.08424	
0.415959	-5.06237	
-1.51149	4.20416	
0.45923	5.86793	
6.00233	3.06685	
0.758582	-5.08394	
-0.124217	1.92172	
1.79503	-6.53308	
0.206423	-5.02888	
-1.40142	-2.20156	
0.836688	0.460242	
1.09981	0.449296	
-0.928485	-1.59416	
1.19282	0.653654	
0.941271	-2.14258	
4.17124	1.38258	
-1.40142	-2.20157	
4.61018	0.2483	
4.17127	1.38251	
-2.001	-1.16714	
-4.32507	-2.2796	
2.01213	4.36815	
1.28591	3.11699	
0.889259	-3.23702	
1.22995	-1.90039	
3.26925	4.32056	
2.12796	-3.52574	
2.38698	1.48876	
-0.536758	3.71397	
-5.73478	-0.125156	
4.57058	6.06862	
4.80665	-1.67958	
-2.53463	4.49373	
4.40784	1.95814	
4.06623	-3.16476	
-1.50932	2.57869	
-1.96651	6.83621	
-5.34166	-0.226979	
3.58824	-3.93649	
-1.51679	-0.958265	
-1.89484	-2.62965	
3.24345	-1.92706	
2.57089	1.7977	
3.39641	-2.93388	
-1.55086	-3.75329	
1.82974	-2.70654	
-1.92196	-2.54581	
3.3517	-2.25657	
0.821094	-1.51753	
-0.682119	-2.61162	
-0.723655	-3.03289	
-0.950335	-2.97657	
-0.82242	-2.41159	
-0.822421	-2.41159	
-1.83694	-1.72481	
-0.675655	-1.99172	
-0.579697	-2.04708	
-0.950341	-2.97656	
-0.133466	-2.27387	
2.76306	-4.27705	
2.24946	-2.76994	
4.86727	-4.66692	
-1.53107	-4.78988	
2.81548	-5.30584	
3.0842	-5.14206	
5.91228	-3.30496	
5.87637	2.01631	
5.6015	1.3559	
4.04858	-4.64064	
-1.60198	3.493	
-2.25247	-0.578896	
0.699261	3.41273	
4.63516	1.46071	
-2.02847	4.08548	
-4.50106	0.694844	
-4.82871	0.371612	
1.46278	4.59905	
1.0484	6.05012	
2.92163	1.53974	
-0.484719	2.70198	
5.79348	0.749619	
-0.68055	0.227984	
-0.680548	0.227987	
0.666303	-2.43566	
1.60547	-0.0346637	
-2.22649	0.863212	
1.5319	0.0165104	
-1.49756	0.594446	
1.00198	-0.230475	
-1.09752	2.93425	
2.55217	-2.23132	
-0.274825	-2.64121	
1.82208	1.06473	
-2.3097	3.35103	
-2.05779	0.897807	
-0.168061	-0.568156	
1.26098	-1.111	
2.54159	-0.565685	
0.325868	-0.151272	
2.83378	-2.42766	
1.4751	-2.71839	
-1.06043	3.48214	
1.20609	-0.839014	
0.533809	0.0508698	
0.370477	2.77673	
-0.841527	-4.32622	
1.26094	-1.11089	
-0.422841	0.535023	
0.0791177	2.82618	
-5.01562	1.59889	
-1.84171	-1.27905	
-3.74271	2.59861	
-3.65851	2.52723	
-2.70438	-2.21423	
0.621725	0.941309	
-4.90817	3.17219	
-4.60831	1.57734	
-4.71597	2.88782	
-1.68563	3.77186	
3.08721	1.42007	
6.11673	-2.93196	
-3.64369	-2.89376	
-0.807332	-3.92403	
-4.06135	-2.40176	
-3.97296	-2.63437	
-1.05177	-5.87173	
-3.60984	-4.82646	
-5.80027	-1.36573	
-2.27365	3.66951	
2.0696	-0.452931	
1.5174	-0.223239	
1.34359	-0.908904	
0.354663	0.232581	
0.67289	0.297894	
-2.49764	-3.72464	
-2.63373	-2.602	
1.84983	0.197999	
-0.549226	2.95075	
-0.598633	-1.94989	
-3.88929	-4.96583	
0.782654	4.07274	
1.03277	5.56665	
-4.45818	-1.68724	
-2.36214	-0.884911	
0.32622	-0.238929	
1.59929	0.0367266	
-0.410368	-1.86886	
0.386334	2.37002	
3.732	0.788724	
-0.144029	-1.48854	
-4.85611	-0.837573	
3.20458	3.72157	
3.54711	5.51703	
-3.81216	-3.09486	
0.532781	-1.40486	
-0.325654	1.98115	
-0.660812	4.87109	
-2.0457	4.75654	
-3.54869	-0.223588	
-1.97391	-2.4529	
-0.633006	-2.27683	
-1.82468	-6.81938	
-1.79976	2.47718	
3.00267	1.88147	
-0.0387823	-4.47393	
-1.11748	-3.52448	
-0.759416	-2.69485	
0.537703	-2.09356	
-0.759421	-2.69485	
-1.82245	-1.56613	
2.5913	4.64411	
1.87992	6.55101	
3.59697	3.77966	
5.00896	2.88708	
3.26095	3.99823	
-2.39231	-5.02799	
-3.93508	-1.27028	
-2.45677	-4.98928	
-1.30234	-6.02423	
2.51184	0.377183	
-1.53916	-1.90249	
1.04638	0.83158	
1.60678	1.90397	
2.15402	-0.889067	
1.79007	-0.0252877	
2.55088	0.317595	
2.39622	0.339185	
3.34851	1.96063	
-0.0711737	-2.20198	
2.59979	1.36117	
0.684164	-0.924669	
1.26096	-1.11079	
0.64547	-0.26557	
-0.0204034	-0.619057	
0.384543	3.082	
-1.98852	1.2535	
1.64438	-1.14917	
-2.06765	-0.851632	
0.684172	-0.924675	
-0.361995	-3.24834	
0.754649	0.65637	
0.729578	0.499023	
-0.388199	-5.33821	
-2.77735	-2.91527	
-2.22635	0.863504	
-0.648531	-3.52353	
-2.90688	-3.18213	
1.32758	0.39789	
0.841671	-1.98652	
0.60766	0.867992	
-2.5334	-3.47157	
-6.00367	-3.91371	
-4.03121	-3.77534	
4.07353	4.44496	
-2.58339	-4.23235	
0.548585	2.1479	
-3.35361	-0.934989	
-0.476944	-2.16096	
1.10882	5.37582	
-2.42894	-1.35677	
-1.14051	4.02875	
-3.33264	-3.17489	
-1.80091	-0.0234675	
-2.212	-2.97406	
1.0118	2.55297	
2.68258	1.87805	
2.16452	0.928187	
-1.35362	0.533562	
-1.36346	-2.31246	
1.34831	1.08925	
1.46017	0.898656	
0.338458	0.261946	
3.62027	2.21276	
0.147512	3.42397	
-2.30673	-2.85085	
1.58851	-0.123615	
3.22	1.2103	
1.17733	0.586372	
1.06439	0.788702	
0.175859	0.289356	
-1.91948	-1.8096	
1.14144	2.05185	
0.18282	0.145626	
1.09274	0.0295747	
2.45641	0.703962	
0.996824	1.08253	
0.201941	0.0586402	
0.0587872	-0.145958	
0.454616	0.436891	
0.509482	-0.652596	
1.86222	2.97112	
5.10772	1.10652	
6.08203	-0.425883	
3.45944	0.829669	
1.84542	1.97583	
3.46595	0.771324	
-2.76248	0.16178	
1.67494	0.22721	
5.55789	-0.0454704	
-0.531405	-1.8334	
-0.486147	3.34739	
1.20303	-2.69385	
0.392385	-4.63635	
1.91064	-4.15542	
2.13344	-5.20902	
1.46946	-3.65624	
1.45934	-3.99804	
1.32326	-3.49047	
3.54858	-1.90066	
2.99127	-2.20362	
1.41427	-5.36591	
4.43342	-2.76293	
1.99529	-3.50019	
0.35403	-5.22529	
3.77159	2.03324	
1.90487	-1.37566	
0.351027	-3.28285	
4.07919	-2.18108	
0.41537	3.68908	
-0.952418	1.58776	
-0.774897	0.051919	
0.985716	0.828347	
-1.07961	0.444354	
-1.07961	0.444356	
0.115334	1.22601	
1.79933	1.6808	
1.31545	1.96261	
-1.16321	0.86962	
0.183919	1.15902	
3.682	1.54873	
2.72992	2.06343	
0.509523	-0.652563	
0.3441	0.214625	
0.897142	-0.706699	
-2.51021	-5.03616	
3.3204	2.50697	
1.08465	-1.55936	
0.263576	-3.23178	
2.52796	4.8753	
-2.18734	-1.26949	
-1.75852	-2.66556	
0.349072	-2.84538	
3.13799	-0.667952	
0.404897	-1.60562	
-2.40838	-3.16054	
-1.08096	-0.595527	
1.21381	2.2216	
0.477376	-0.525628	
0.324168	0.146147	
0.209697	4.90549	
-0.0915477	2.70513	
0.0944104	1.06798	
-3.68677	0.179614	
-0.644185	-2.46008	
-5.47412	0.45671	
-7.88781	0.78049	
-5.32906	-2.43232	
-2.11342	3.85959	
-0.590943	-1.77614	
-2.60264	-3.71906	
-0.787428	1.98882	
-1.56923	-2.46671	
-0.45152	0.174893	
-1.42125	-0.112862	
0.783553	3.76148	
-1.29032	1.92588	
-0.0203173	-0.619016	
0.95581	2.56468	
-0.508832	0.854818	
-1.0911	-1.92506	
2.01598	-0.383027	
2.07717	-1.33976	
-0.617904	-3.10958	
2.74065	-0.734503	
0.192728	-2.86689	
0.0827158	-2.17814	
2.87668	-0.397703	
2.66982	1.03608	
0.541742	-0.347956	
-3.90205	-3.81906	
-1.38783	5.50684	
-4.37939	-4.17332	
-3.65017	-4.07126	
1.26395	3.03936	
5.74539	-0.964253	
1.79469	5.68476	
-1.30018	4.85155	
0.941855	1.99068	
-3.98986	-4.58236	
2.77726	2.78192	
1.03169	1.47842	
0.486134	0.721905	
1.15344	1.79726	
-1.56799	0.676605	
2.49485	0.42659	
2.58103	-0.0523287	
0.593571	1.16048	
1.53304	-0.143659	
1.06246	-0.146327	
1.95882	1.6772	
1.23271	0.89759	
0.658923	-0.102754	
-1.94205	-1.08708	
1.93236	-0.314662	
-0.714801	1.7271	
-1.75664	-1.90134	
0.514908	1.02158	
-0.167824	-0.568054	
-0.23287	1.11369	
0.259344	2.17065	
-0.459814	0.599327	
-1.29277	1.56738	
-1.84697	1.35014	
3.07634	-1.43958	
3.64164	-0.24231	
1.51661	1.65368	
0.259395	2.17064	
0.368996	-0.162593	
-2.17383	-0.650344	
-1.87787	-1.65577	
0.530865	0.479674	
2.55466	2.83253	
-1.17927	-1.30583	
-1.87787	-1.65577	
-1.31539	1.30797	
-2.82858	-1.95143	
0.338771	-1.46866	
0.33877	-1.46866	
0.527322	1.14478	
-2.93739	-1.733	
-0.494983	-1.30204	
0.496989	-1.1948	
-1.74208	-0.516335	
0.75714	1.68259	
-0.173257	2.26885	
0.652562	-3.09579	
-1.82542	-0.990918	
-2.06826	-0.302652	
-0.738374	3.10152	
4.69735	-1.59662	
4.20495	-1.14359	
4.70301	-1.95218	
3.44541	-1.00751	
2.8353	-0.699028	
4.07352	-0.341881	
3.80536	-1.33994	
-0.981129	-3.59369	
4.09424	-1.42269	
4.13736	-1.71313	
3.82616	-0.156591	
-1.77423	0.79097	
0.984393	2.08005	
-0.193456	1.14283	
-0.670175	1.65379	
-0.846269	1.22053	
1.22827	2.00182	
-0.612668	0.915451	
-0.885996	0.663798	
0.984406	2.08006	
0.49736	1.59279	
-3.1837	-2.13803	
-1.69861	-1.63023	
-3.73108	-2.56734	
-1.58208	-1.02624	
1.46625	4.18102	
2.12274	4.69211	
1.77848	4.13892	
3.45611	3.17007	
-3.5522	-2.65965	
0.682367	1.59542	
0.946672	1.47649	
0.176009	1.64333	
-2.82222	-0.801799	
-0.48732	0.72677	
-2.05109	1.01904	
0.683298	1.47631	
-0.59445	0.613131	
-3.30893	-1.73477	
-1.40297	1.23097	
-0.484526	-2.02207	
3.0944	-0.131463	
-0.694457	-2.88672	
1.77307	-4.50532	
5.24361	1.49791	
-0.129156	-4.08424	
-0.129165	-4.08423	
2.28993	2.05502	
-0.0350111	-0.233402	
-0.129166	-4.08423	
3.90888	-0.555803	
-1.28931	0.292938	
-1.8879	-2.00553	
-0.810355	-1.14375	
-0.102803	-3.22818	
1.99285	-1.50386	
0.826134	0.185329	
1.13544	1.60365	
3.78758	-2.28313	
3.77681	-1.04168	
0.483494	-0.978403	
0.617012	0.551988	
-0.660399	1.28146	
0.31655	-0.630989	
-0.457344	-0.260667	
1.36186	-0.864472	
0.483491	-0.9784	
1.06721	2.51701	
0.749766	-1.06924	
0.385485	-0.681882	
2.10024	2.17919	
-0.0544192	-1.98162	
-4.40049	-1.82751	
-0.66541	-3.07446	
2.83502	0.923462	
-0.0617603	-2.94855	
2.1318	2.32437	
0.142495	1.88926	
-0.061772	-2.94855	
1.26875	1.49199	
-0.0153984	2.97146	
-1.08168	1.22718	
-0.841849	1.36952	
1.44848	0.106683	
-0.841844	1.36953	
-2.73289	0.0405155	
-0.651921	0.495534	
-1.78224	1.92178	
-0.841808	1.3695	
-0.786349	0.712001	
4.80885	-0.653958	
3.40128	-1.30497	
-0.144391	-1.16466	
2.77753	1.31831	
3.6943e-05	-3.1109	
-0.709639	-0.0807943	
0.107962	-2.71255	
0.109035	-0.0828535	
0.863647	3.11429	
0.109036	-0.0828484	
-0.646657	-1.80334	
2.09814	-0.385285	
0.161037	-0.00764706	
0.550331	-1.6566	
1.37794	-0.51342	
1.23302	0.897566	
2.08635	-0.209712	
1.27485	-0.37941	
0.550326	-1.6566	
-1.27259	-1.38806	
2.56143	0.368868	
-0.585273	1.52173	
3.0216	-0.237136	
4.18992	0.622165	
1.5667	-0.243799	
-0.115962	1.32099	
-1.67131	-2.92042	
-0.194902	-1.405	
1.86037	0.0564637	
1.43848	1.78093	
1.24911	1.54679	
-2.08244	-3.24375	
-0.0616656	0.4932	
1.83541	2.39544	
1.06859	1.37195	
1.75143	1.61321	
0.808841	1.5318	
-0.687769	-1.2839	
4.5859	-0.262385	
2.58597	2.02587	
3.53809	2.55112	
-0.300484	-0.101967	
3.9396	2.88827	
2.64491	-1.29123	
4.71121	-2.33779	
5.23866	0.472058	
4.51839	2.15545	
4.00162	-1.9366	
1.87323	-2.33611	
3.49578	-2.15979	
-0.750077	1.90355	
-0.426769	-0.357212	
-1.33631	-0.964143	
-0.944853	2.00517	
-0.401575	-1.10415	
-0.594211	1.10585	
-0.932107	2.07853	
-4.03883	-0.272039	
1.69349	1.39421	
-0.697708	1.68413	
3.14349	0.390439	
0.0388952	-1.77973	
4.6257	0.70275	
1.11913	2.7784	
2.74616	1.05746	
-1.98842	0.648576	
2.87422	0.468948	
3.14349	0.390518	
-0.939889	2.32798	
1.19198	-0.171172	
-0.584618	1.52201	
2.09606	-1.15144	
-1.96024	3.31446	
-2.63419	1.80388	
4.14442	-2.10511	
-0.322899	3.51426	
2.08876	-0.961332	
-0.184999	-0.207803	
2.09606	-1.1514	
-0.474899	-0.645188	
-0.247583	-2.69114	
-0.143502	-3.123	
0.111733	-4.64153	
1.54368	2.86556	
2.64932	3.48954	
-0.229645	-3.97085	
-3.49031	-2.54072	
-0.417949	-1.50865	
-0.36246	-2.98687	
0.746965	1.2254	
2.68783	-3.04195	
4.59906	-3.63512	
2.51821	-3.09833	
4.67385	-3.16942	
5.51093	-2.07071	
5.5048	-3.02095	
3.66062	-2.66091	
4.6728	-3.17134	
4.12871	-4.16149	
5.88857	-3.13475	
-2.0989	2.17846	
0.525621	-1.46671	
-1.72853	-1.98771	
-0.931991	-4.25326	
-1.27063	0.7046	
0.285266	2.4568	
1.74821	-3.42031	
1.47236	2.0281	
0.536956	-2.13531	
-1.85396	1.31575	
-1.7537	-1.18201	
-1.77323	3.82635	
-3.19332	-1.32457	
1.27892	-1.9435	
1.72471	-3.72319	
-1.30351	-2.93857	
-0.666487	-0.456286	
-0.822853	-3.52876	
-1.87704	2.38502	
3.17939	1.04849	
-2.54431	1.83367	
-2.3898	1.93456	
-2.72604	3.43394	
-2.46545	3.14756	
-3.69104	0.987581	
-4.34511	0.479268	
-2.38097	-0.698154	
-3.19089	5.06655	
-2.68297	3.07971	
-3.05069	3.95917	
7.27391	0.870001	
5.56751	1.28479	
3.90673	2.49314	
0.803098	5.09533	
6.41395	3.75054	
1.90003	7.55775	
4.24464	3.51039	
1.72027	4.61672	
-7.74191	-4.281	
-5.22294	-3.96581	
-0.391556	-2.70758	
0.550434	-1.65665	
-0.306805	-2.0238	
0.550427	-1.65665	
0.550427	-1.65665	
0.473624	-1.85048	
-0.140844	-1.21208	
-0.680462	0.115909	
0.803077	-1.92231	
-3.04596	1.59671	
-1.29566	0.444977	
4.3907	3.33516	
-0.328545	0.361766	
-1.95288	-1.46754	
-1.54327	3.52133	
-0.506986	0.931145	
-1.50606	-2.06548	
0.789983	1.00147	
-0.266719	-2.54346	
-0.506979	0.931147	
3.00218	1.39474	
0.112502	-3.34056	
3.42324	-1.24191	
-0.60416	-2.05418	
0.23638	2.21309	
-1.01503	-3.38518	
-3.23861	-1.18306	
-1.06068	-3.46454	
1.27006	-4.94387	
-1.8434	-1.90839	
-2.05747	-5.24425	
-0.232662	7.34761	
1.43899	5.13054	
-6.20499	-0.507878	
-0.0978246	-5.37017	
-2.07304	7.86356	
6.37556	2.58804	
4.00349	0.170566	
-0.776067	6.64394	
-4.34744	-0.721479	
-3.78952	-2.06139	
3.53614	-1.92659	
3.33746	1.59619	
2.92322	-1.52842	
3.25615	-0.659683	
2.98987	-1.65649	
3.55703	-1.94991	
3.04	1.74481	
1.83283	-1.09091	
-1.07822	-2.21308	
1.96547	2.71218	
-0.0709883	-2.2018	
3.16692	2.70944	
1.46362	2.77197	
0.688629	0.816475	
1.12039	2.21863	
6.97528	-3.32603	
1.71169	2.98577	
0.595978	0.155894	
1.80874	1.42572	
1.30188	-0.261006	
-0.461561	-3.95969	
-0.0709825	-2.2018	
2.02147	-0.201964	
0.548714	2.1481	
-0.0709864	-2.2018	
2.41342	0.0567502	
0.243241	-3.22456	
2.41342	0.0567437	
0.439777	-0.046568	
1.61111	-1.38019	
1.41269	-1.2411	
0.698337	-2.05553	
2.43687	-1.49301	
0.568052	-2.52505	
1.0479	-2.68819	
0.503385	-2.47111	
1.01304	-2.29602	
1.37754	-2.76632	
-2.01432	0.770452	
1.2571	-2.4423	
1.90315	-1.3759	
-1.33749	-1.91893	
2.12689	-1.55531	
1.13474	-2.39993	
-0.952454	0.917184	
1.01322	-2.29593	
1.52275	-1.55026	
1.13474	-2.39993	
2.20766	1.04541	
1.4262	3.22169	
1.33634	1.49894	
-4.40595	-3.242	
-1.18679	0.183718	
-5.43299	1.41675	
0.681726	2.21442	
-4.48153	-0.30013	
-0.555454	4.88721	
-5.52047	-0.00286421	
2.19964	5.37454	
-0.999215	0.0342596	
3.49235	-2.36169	
-1.67579	-1.9845	
-1.04075	2.70722	
-1.84851	2.7885	
0.620074	-0.224152	
-0.32514	-1.42686	
1.47882	3.03079	
-1.36086	1.06496	
0.439991	-3.75391	
-0.47566	2.17554	
2.13607	1.21605	
0.988797	-2.59824	
-0.423406	1.08066	
0.934644	-2.51822	
-0.956375	-2.49327	
0.909281	-2.25978	
-0.423409	1.08066	
-0.398029	0.988763	
0.00725261	-2.62893	
-3.83869	3.09444	
-1.46797	1.13264	
-4.01431	2.77685	
-1.39961	0.461042	
-4.64197	2.43126	
-4.53679	3.1435	
-1.12797	1.15132	
-1.75308	2.92615	
-1.39961	0.461049	
-4.0143	2.77685	
2.57659	-1.7144	
1.84992	-1.74384	
0.583979	-1.07138	
-4.62057	2.47353	
-0.616685	2.27483	
2.42147	-2.36139	
2.57658	-1.7144	
2.74623	-1.08207	
1.61117	-1.38024	
1.61117	-1.38024	
0.871625	-2.71154	
2.79912	-2.42488	
2.95811	0.569252	
2.95812	0.569238	
3.22327	0.486987	
2.74377	0.324222	
0.555972	-1.89171	
1.41272	-1.2412	
1.29862	1.21445	
-2.74974	-0.818992	
-1.3048	-2.01184	
1.44984	1.319	
2.57957	-0.336586	
1.41272	-1.24121	
0.53686	1.45966	
0.418448	1.41061	
-1.4196	-1.68572	
-1.4196	-1.68572	
1.06926	1.37136	
0.581709	0.203608	
-2.98363	1.18516	
-4.25002	0.264037	
-2.22667	0.865997	
-3.62102	0.999465	
-2.26317	1.48579	
-3.44816	0.418846	
-3.49592	0.164579	
-3.49592	0.164579	
-2.91794	1.3426	
-2.44386	2.88275	
0.483669	-0.978571	
-2.43252	0.201166	
-0.132127	-0.387495	
-0.769564	0.485482	
1.28564	1.84812	
0.949923	-0.803822	
-0.781611	-0.59304	
1.28566	1.8481	
-0.990262	0.325266	
-0.548956	0.428839	
-1.01151	4.51916	
1.20356	1.19648	
-1.11615	1.15039	
1.59235	-4.13383	
-3.64169	3.09606	
-5.01414	1.49387	
0.949895	-0.803854	
-0.488529	3.98962	
-3.6417	3.09605	
1.59236	-4.13383	
-0.977323	2.01219	
-1.12087	2.02362	
-0.551522	1.94682	
1.57522	2.36393	
-0.551528	1.94682	
-1.45467	1.76007	
-0.890177	-0.88914	
1.0485	-2.6878	
2.44162	-1.22668	
0.90931	-2.2598	
-4.29661	2.2167	
-3.17341	1.51054	
-4.56813	2.62094	
-4.87121	2.04341	
-4.42382	2.02448	
-2.49585	1.16205	
-0.982955	0.356195	
-4.67445	2.9975	
-3.61712	2.27922	
-4.15545	4.02555	
-0.397888	0.988977	
0.895379	-0.813627	
2.84421	0.564567	
1.61118	-1.38026	
-0.475382	2.17564	
1.97679	1.44404	
-2.48568	-1.83967	
0.698616	-2.05539	
1.61117	-1.38026	
1.97679	1.44404	
-3.00225	2.84409	
-0.19833	4.29032	
3.82062	-0.771818	
4.10567	3.59337	
-2.58988	-0.438172	
-5.16069	-1.57587	
-1.19075	2.44791	
-3.32805	1.12118	
2.57543	0.662495	
3.80636	2.89845	
-0.354218	0.593855	
1.73978	-6.24207	
2.0255	-5.26566	
-3.90936	2.72202	
-4.08457	3.36179	
0.582705	-5.13804	
-2.72137	1.45161	
2.14787	1.31812	
-3.8432	-0.327578	
-5.57487	3.45999	
-1.40029	0.0463175	
-2.24497	-1.55991	
2.16125	2.27276	
-1.7421	-0.515961	
-1.9168	-0.257554	
-1.9168	-0.257551	
-1.80058	-0.0227777	
-1.82724	0.65117	
-2.23133	0.145647	
-1.80067	-0.0227638	
2.6004	-0.39146	
-1.8179	-0.235629	
-2.73898	-1.30468	
-0.328815	-0.735865	
-0.448089	1.60313	
1.84989	-1.74395	
-2.27966	-2.12071	
2.6004	-0.391468	
-1.68468	0.0228693	
1.61116	-1.38029	
-4.67167	-4.56883	
6.15986	2.40777	
-1.46265	-6.01143	
-2.9121	-3.87728	
-1.27871	-5.62648	
-2.30799	5.59834	
3.50331	4.31454	
2.99111	5.73241	
3.33747	3.40985	
3.78885	3.99971	
2.58303	0.0689993	
-0.570963	-2.41022	
0.0825858	-2.17825	
2.59477	0.0241016	
1.92038	0.735362	
3.58578	3.07317	
0.857668	1.66482	
0.0310638	-0.199196	
0.439748	-0.046999	
0.793724	-2.28083	
-3.69534	3.35802	
-3.29525	1.78604	
-3.94563	2.11516	
-3.35286	0.603959	
-6.02856	1.82666	
-4.08753	0.50742	
0.496973	-1.19502	
-4.67141	1.24551	
-2.97139	2.73777	
-4.05124	1.96788	
-1.83063	0.94615	
0.584659	-2.17001	
3.30787	0.103714	
0.584654	-2.17001	
0.879623	2.189	
0.584653	-2.17001	
-3.78919	-0.0276929	
1.03639	-2.61351	
0.584714	-2.16996	
-1.47716	-0.381582	
-3.92244	-2.41183	
-2.69241	-1.72215	
0.442476	2.75286	
2.26215	3.84133	
1.27488	2.59443	
2.50051	3.83182	
1.27489	2.59443	
2.64606	-1.43849	
-0.747301	2.26019	
1.28022	2.86287	
-1.83062	0.946175	
-2.16371	0.630449	
-2.0842	1.73612	
-1.8306	0.946209	
-1.77428	0.790451	
-2.3113	0.858984	
-2.3113	0.858994	
-1.80002	1.77088	
-0.747237	2.26023	
-2.05215	1.01998	
1.57147	1.20935	
-1.39131	-1.84435	
-2.92198	2.01909	
0.835553	0.689501	
-1.80383	3.4782	
-0.466978	-1.48011	
0.478936	3.01076	
-1.39963	0.46063	
1.84576	2.1646	
-1.13346	-2.03532	
2.37982	-1.4364	
-0.784153	1.99111	
-2.34065	-0.17642	
-2.59667	0.190408	
-0.890204	-0.889095	
-2.23127	0.145644	
-0.130873	-0.934161	
-1.17976	2.25541	
2.00082	-1.42114	
-0.817133	1.04316	
-1.39058	-1.25276	
0.797763	2.51155	
-0.788759	0.894963	
-0.951314	0.917804	
-0.557943	5.0042	
0.933313	0.196557	
-2.19463	-1.89369	
1.25917	1.21405	
-0.879063	3.4652	
-1.83056	0.946119	
-5.16977	2.67368	
-1.52652	5.29438	
-4.47536	1.1076	
-3.90941	2.72202	
-5.41397	3.59835	
4.6577	-0.814613	
-5.79574	3.23702	
-5.38097	3.75358	
-1.15573	-4.37628	
5.26701	-1.69896	
2.09587	-1.15289	
2.86201	-0.196058	
1.50736	-1.04589	
-0.186285	-0.747857	
2.15019	-0.12143	
2.09587	-1.1529	
2.09587	-1.1529	
1.40097	-0.735261	
3.02441	0.0983895	
2.98247	0.444968	
-0.452271	1.43983	
-4.46369	3.25584	
-1.11357	2.70247	
-4.29646	2.21698	
1.52326	-3.81872	
-1.29174	1.56902	
-0.4523	1.43978	
-2.20279	1.02269	
-4.27933	4.00425	
-4.7992	2.21691	
-1.53401	0.101883	
-1.53401	0.101886	
1.61104	-1.38071	
1.61104	-1.38071	
2.20531	-1.59477	
0.276236	-2.95475	
2.57035	-1.57304	
-1.16608	-2.37967	
1.61104	-1.38071	
1.61104	-1.38071	
-0.338317	5.62029	
1.29926	1.63327	
-2.90765	2.88354	
-0.00151303	4.41513	
-4.7763	-1.8398	
-3.55238	3.77645	
-4.71918	-0.463365	
2.13673	-4.33494	
-1.96874	1.98035	
-3.92693	-1.85116	
-0.778186	-2.42031	
-1.43305	-2.3656	
2.00063	-1.42191	
0.584796	-2.17006	
1.63842	2.47779	
-0.200322	-2.94258	
0.555898	-1.89197	
-0.141821	-2.66926	
0.872879	0.256894	
1.98775	-1.79705	
-4.22636	3.98103	
0.483494	-0.97871	
-2.6047	2.74696	
-0.00674189	5.13276	
-1.15387	5.41641	
-1.15961	2.43073	
-3.38035	0.0356466	
-3.73867	2.9918	
-0.813988	4.14638	
-5.25697	-1.15675	
-3.68006	-4.06741	
-2.50709	2.70097	
4.26673	-0.958759	
-2.67957	3.93133	
-3.31711	0.394017	
5.37562	-1.45186	
3.65383	3.58493	
-2.35072	2.36524	
-2.08144	-4.44739	
-0.251343	2.28932	
-3.61565	0.76749	
0.583838	-1.07144	
-0.869882	1.32584	
-3.54506	2.35554	
-4.05143	2.15775	
-3.47475	1.83393	
-3.40545	1.81509	
0.496975	-1.19507	
-2.82739	1.48594	
-3.11109	1.62158	
-3.88447	-0.0951882	
1.95734	2.3654	
-5.09314	1.44675	
1.95734	2.3654	
-1.8516	3.37698	
-1.45117	-1.43676	
-2.92758	-2.6436	
-3.35497	-3.29594	
0.976086	-5.05561	
1.50934	1.47574	
1.52274	-1.55086	
-2.1748	0.26438	
-2.05886	0.898888	
1.52274	-1.55086	
-2.02262	0.127241	
-2.17481	0.264333	
-2.33451	0.678366	
-2.05886	0.898888	
-2.12109	0.23416	
-2.05887	0.898889	
3.99457	4.96808	
7.08271	-0.150741	
5.40515	6.45933	
-3.007	-7.58625	
-4.98388	-5.64874	
1.35799	7.07877	
2.32493	-7.83434	
-6.41538	7.17269	
0.00902051	9.09054	
6.46894	5.29763	
1.66345	0.267071	
-2.19603	-1.80903	
1.20464	-2.69343	
0.876881	-1.96505	
0.586124	-1.56061	
-2.66662	-1.21356	
1.65779	-0.800952	
1.40782	2.78603	
1.25147	2.89809	
-1.24076	1.90745	
-2.91255	3.05701	
-3.56514	1.68082	
0.205863	-3.68745	
-1.15109	0.367217	
-1.39943	0.46134	
-3.95768	2.9815	
-0.832071	0.823654	
0.459286	-4.11575	
-4.14838	2.64107	
-1.20306	0.767668	
0.196103	2.88915	
2.89707	0.861564	
2.74461	-1.21594	
2.09865	-0.877758	
2.74461	-1.21594	
2.1542	-0.890917	
0.100434	2.98131	
0.848026	-2.96323	
-0.900995	-3.24877	
2.89706	0.861532	
-0.796294	2.54045	
2.24259	-4.51237	
-3.06362	-0.534492	
0.819373	-0.827566	
0.316818	-0.6311	
-3.94542	2.1161	
-4.69664	2.1095	
-1.15395	4.90959	
-4.30636	3.41954	
-1.05451	0.220405	
-0.516308	0.975541	
-0.927625	3.83972	
-0.847534	-0.687206	
-0.910657	2.13242	
0.0125393	-0.648408	
2.00087	-1.42193	
-0.950682	1.58909	
-0.234108	-1.57163	
-2.76138	-0.0173477	
-0.743707	3.5132	
-0.83056	1.44995	
0.760828	-2.90801	
-0.360175	1.30162	
1.62023	-3.46149	
-0.545114	0.470158	
-3.72007	0.427044	
-0.585409	2.20355	
3.93316	-0.168744	
-0.545087	0.470165	
-0.770087	1.54905	
-0.325423	0.540578	
-1.01419	0.0634334	
-0.401336	-1.10354	
-1.61501	-1.55393	
-0.439175	-0.872523	
2.35367	0.824881	
-2.26228	-0.138995	
-1.81781	-0.234839	
-0.458475	-2.86955	
-0.319676	-0.632103	
2.66889	-0.129926	
-1.28883	0.293611	
3.1472	-2.1466	
-0.398205	0.989389	
2.39124	-1.88165	
2.42984	0.469056	
2.46445	-1.88402	
1.50767	-1.04576	
2.39126	-1.88161	
-1.46246	2.13413	
1.83334	-0.840833	
2.83074	-0.559478	
0.432765	-2.55256	
1.26127	-1.11136	
1.83333	-0.84083	
1.83174	-1.76877	
0.432757	-2.55256	
1.52299	-1.55071	
0.504233	-2.47074	
1.52299	-1.55072	
-3.39695	1.61829	
-1.89112	1.65465	
-2.1028	1.57567	
-0.710161	0.621472	
-0.709361	0.356744	
-0.610225	0.00350555	
-0.610223	0.00350605	
-0.610222	0.00350656	
-0.931763	0.164187	
-2.05879	0.899199	
-0.133167	2.06687	
0.826228	2.94686	
0.556311	-1.89182	
-4.1054	0.734423	
-2.79767	2.11894	
1.1406	-4.94629	
1.05225	-0.955847	
-0.951061	-1.04229	
-1.89112	1.65465	
0.819356	-0.827687	
-3.40651	-3.84305	
-2.94552	-4.41677	
1.77925	4.85727	
-0.329807	4.62557	
-3.00759	-4.3282	
-0.588501	4.79039	
-2.6523	-1.74297	
-2.69558	-5.28417	
-3.96492	-3.55531	
-0.792637	0.957444	
2.57595	-1.71601	
2.82743	1.13299	
-2.08368	1.73749	
-1.18076	-1.03229	
-2.55232	-1.96706	
-1.87361	-0.205873	
1.6388	2.64015	
2.29817	2.01133	
3.17741	0.276014	
-1.36753	-0.915402	
-3.95706	2.90357	
-1.34696	2.2597	
-2.9175	1.34346	
-4.25643	1.75628	
-3.65704	1.45664	
-2.34142	1.55775	
-2.83567	1.94754	
-3.64501	1.32173	
-2.97633	1.11247	
-2.72099	1.45284	
-0.772655	-0.152051	
-1.40942	0.156844	
1.92229	-1.6414	
2.29866	-2.13846	
-0.772648	-0.152053	
1.83168	-1.76883	
2.29867	-2.13846	
-0.772643	-0.152055	
-0.77264	-0.152054	
-2.16301	0.63134	
-1.77401	0.791163	
-1.08068	-0.594504	
-0.167636	-0.567796	
-1.77401	0.791166	
-1.43232	0.216699	
0.0125709	-0.648482	
-2.20228	1.02378	
-1.0142	0.0634329	
-1.2888	0.293646	
-0.328676	-0.735435	
0.931668	2.88031	
1.84989	-1.74453	
1.99349	-1.50532	
-0.319661	-0.632148	
2.03401	2.42282	
0.721076	2.71049	
0.667464	-2.43594	
1.77871	-1.22072	
0.569067	-2.5247	
1.84988	-1.74454	
1.90314	-1.37707	
2.00073	-1.42196	
1.90325	-1.37694	
0.909874	-2.25997	
-0.650468	0.316076	
-0.186385	-0.747675	
2.07676	-1.8195	
-1.06889	-0.657599	
-0.153296	-0.786701	
1.98818	-1.79674	
2.64462	-1.29388	
1.99415	-1.50483	
3.2851	0.385125	
2.64462	-1.29389	
0.917851	-2.17122	
2.0574	-0.937629	
0.504259	-2.4707	
1.3783	-2.76617	
2.0574	-0.93768	
2.64459	-1.29395	
1.29205	-2.7306	
1.44453	2.08344	
-1.99183	0.48829	
2.12708	-1.55589	
-1.99168	0.488593	
-1.47946	2.08921	
2.66029	0.0474293	
-2.00117	1.88903	
2.6603	0.0474178	
3.29055	0.309926	
-0.999051	-1.08805	
-4.63308	-1.027	
-4.11972	0.290584	
-1.10288	3.85799	
-0.746371	1.15808	
-0.639822	0.882498	
-0.304756	-4.9058	
-3.29524	1.7871	
-2.91132	2.79284	
-3.40799	1.53341	
-1.98882	1.25857	
-4.72945	2.25742	
-1.08384	5.07087	
-2.75866	0.905395	
-4.72946	2.25739	
-4.56414	-2.60953	
-0.863437	4.64423	
-1.98879	1.25861	
-4.41737	2.04996	
-1.02935	5.3333	
0.58168	-1.49959	
-0.319676	-0.632165	
2.00052	-1.42189	
1.41274	-1.24173	
0.556333	-1.89176	
-0.544734	1.33536	
-0.457101	-0.260576	
-0.319679	-0.632167	
-1.63842	0.824475	
1.64261	-0.679014	
4.67167	-0.0635006	
-1.68499	0.0237008	
-0.0281794	-2.91865	
-3.67101	0.555817	
-0.433385	3.64242	
-2.3016	-0.0670865	
2.08648	1.23452	
-0.870781	1.32633	
1.96991	1.23943	
-4.0576	-0.630105	
-1.83006	0.947227	
0.803749	-1.92234	
-1.70633	-1.49279	
1.33054	2.07919	
1.28184	2.15332	
1.52294	-1.55076	
-2.16381	0.629837	
0.937477	-2.14356	
-0.155376	-1.47006	
-1.56692	0.676405	
3.06787	-0.00603155	
1.40996	-0.634213	
-0.978446	2.34494	
2.51234	-0.951463	
-0.141313	2.79473	
3.14334	0.390039	
1.20484	-2.69304	
2.08854	-0.963089	
2.57544	-0.281264	
2.51233	-0.951472	
2.02009	-4.35254	
-1.28359	3.32105	
0.568951	-2.52455	
-2.71	2.21239	
-2.44715	2.70399	
0.35121	-4.39146	
-1.32947	0.964844	
0.894298	-1.37276	
2.0457	2.37527	
1.77877	-1.22042	
-2.50656	-1.71164	
-2.62308	-1.84117	
3.2064	-0.377486	
2.40728	2.08982	
0.055765	2.99224	
3.09359	0.480767	
3.18672	0.228338	
3.25379	0.146191	
-2.61872	-1.93197	
0.7801	1.90594	
-0.503095	-0.429316	
-0.132733	2.06689	
1.84964	-1.74454	
2.41981	-1.12208	
-0.466389	-0.493619	
-0.781702	-0.592828	
-2.4184	-0.575396	
-2.52939	0.0324528	
0.949701	-0.804178	
1.77876	-1.22042	
-2.00306	0.87768	
-1.48712	0.324678	
2.01435	-0.631876	
-4.05075	2.15864	
-1.39928	0.461138	
-2.48388	1.39961	
-2.75851	0.905427	
2.07623	-1.34133	
1.34585	-4.05086	
-1.05463	0.219941	
2.5289	-1.22329	
1.09113	-2.59843	
4.0395	-1.89548	
-0.836089	0.981172	
0.99105	-2.59763	
2.12705	-1.55576	
-1.80103	-0.0220873	
2.73294	-1.38358	
-1.45839	1.86528	
2.52886	-1.22335	
-2.42048	-1.67591	
0.937148	-2.51725	
1.41271	-1.24169	
1.41271	-1.24169	
0.937139	-2.51726	
-1.03141	2.43686	
0.585512	-2.1696	
0.93713	-2.51726	
1.18324	-0.815596	
1.4127	-1.24168	
-3.96823	4.25706	
-2.82744	1.486	
-5.51183	1.16489	
-4.459	3.81346	
-0.951084	0.918275	
-4.28708	1.87163	
-4.37651	3.23162	
-4.63882	3.00876	
-5.39289	1.27588	
-4.72072	2.2763	
0.471913	-0.879234	
-2.94346	1.06006	
-0.443693	5.13	
-1.99854	3.16349	
-4.18998	0.1066	
-1.99851	3.16352	
0.521507	4.13506	
2.67241	-2.19554	
0.584213	-1.0711	
-0.544796	0.470176	
2.4165	-2.00712	
-3.94553	2.11557	
-3.70703	1.95076	
-0.4479	1.60379	
0.483811	-0.978597	
0.584216	-1.0711	
-0.448799	0.182676	
2.69051	-1.91878	
-0.229073	-1.12141	
1.44149	4.92907	
-5.05463	2.91866	
-4.25911	-1.60583	
-4.25911	-1.60582	
-4.13834	1.99755	
-2.93836	1.9356	
-3.06861	-3.90836	
-1.51273	3.03107	
-0.422139	1.08166	
-2.85559	-0.640418	
-4.14362	2.58426	
-2.36381	3.83577	
3.60024	-1.67522	
3.14295	-1.13016	
4.42267	1.78714	
2.33803	0.509359	
0.0270519	-1.45509	
3.13521	-1.1634	
2.77585	0.652073	
3.29613	4.66309	
4.68377	2.81866	
0.668576	0.00805021	
-0.544769	0.470189	
-5.23156	1.9495	
-1.39917	0.461174	
-0.447824	1.6038	
-0.544185	1.33533	
-0.549378	0.428723	
-0.447826	1.6038	
-0.544183	1.33533	
0.719121	0.305122	
-4.12302	2.66969	
-2.8369	1.9458	
-2.71041	2.2118	
-3.88159	0.124878	
-3.49769	0.0356209	
1.51419	1.51805	
-2.58285	2.26616	
1.96957	-4.39488	
-1.07556	2.2559	
-1.45092	-0.682204	
-3.94553	2.11554	
-1.17815	4.90296	
2.43641	5.17252	
-5.09742	-1.73813	
2.4916	2.17342	
-1.99361	-2.79315	
-3.29548	1.78634	
-3.67984	3.63923	
-4.69769	1.15297	
-3.42105	-4.84723	
-0.306619	-2.02282	
0.577932	-4.0803	
1.90276	-4.40723	
1.36024	-3.60068	
1.52338	2.64078	
0.00971577	-3.31315	
-1.98901	1.68406	
0.983188	-1.68557	
0.0230437	2.29518	
1.09619	-2.90642	
-3.36837	-1.58379	
-1.32946	0.96345	
-3.12688	-0.0963474	
0.6734	2.963	
-1.51272	3.03101	
1.31374	1.42981	
-4.00623	-2.2236	
4.16317	-0.325441	
-1.40956	0.156351	
-1.11454	1.15053	
5.3565	5.42175	
-1.57835	-8.46393	
5.76556	7.72612	
8.29205	4.76917	
-9.6959	-5.33601	
-6.29069	-4.53394	
2.4425	8.26978	
3.85798	9.32108	
2.9458	9.6573	
-7.64328	-2.86738	
-0.688206	0.958819	
-0.650597	0.315738	
0.465616	0.175329	
1.34359	-0.909864	
-1.1586	1.98586	
0.426669	1.64277	
-1.74245	-0.514979	
3.35213	0.134661	
-0.153674	-0.786924	
-1.11137	1.2046	
-2.48282	0.432061	
1.61117	-1.38034	
-0.65945	1.28144	
-0.448008	1.60388	
-0.527593	-0.480582	
-0.181939	-0.894084	
-0.740094	1.35389	
-0.935387	2.00867	
-1.34251	0.29508	
-2.48464	0.611827	
0.910194	-2.25973	
0.556254	-1.89166	
0.556255	-1.89167	
-1.63661	-0.334777	
0.585924	-1.56057	
0.585923	-1.56058	
1.41261	-1.2417	
0.585922	-1.56058	
0.556253	-1.89167	
-0.328806	-0.735244	
0.618098	-1.80234	
0.978866	-2.92055	
-0.661984	-3.2787	
-1.13196	-2.65296	
0.919576	-2.87632	
0.937199	-2.517	
-0.0618618	-2.94794	
-1.33735	-0.962572	
0.145322	1.75961	
3.09156	-0.0748856	
-0.881317	0.875636	
-5.45753	-1.15922	
-1.57629	4.61184	
-1.16727	1.32304	
-1.18433	1.28412	
-2.19296	1.67561	
-2.20201	1.02316	
-2.21592	1.64951	
-1.11472	0.757467	
-2.32524	1.25382	
1.52284	-1.55075	
2.07641	-1.81948	
-0.439367	-0.87245	
0.585397	-2.16957	
2.48415	-1.72821	
0.978938	-2.92053	
0.978919	-2.92053	
1.52285	-1.55075	
-1.36256	-1.02458	
0.978896	-2.92053	
-4.27225	1.21968	
-3.92597	2.92685	
1.10278	-2.86078	
1.5631	-3.82026	
1.24664	-3.25761	
0.919677	-2.87626	
-3.20871	2.50394	
-3.22104	2.62476	
-2.71094	2.03963	
1.52092	-3.52576	
1.61122	-1.38038	
2.48403	-1.72834	
2.4412	-1.22791	
2.64991	-1.37885	
2.44119	-1.22794	
3.18666	0.227826	
3.21157	-0.178187	
-0.847913	-0.687002	
2.20521	-1.59449	
2.64991	-1.37884	
1.41268	-1.24174	
1.41268	-1.24174	
2.57038	-1.57291	
1.41268	-1.24175	
1.41268	-1.24175	
1.61124	-1.38036	
1.18323	-0.815682	
1.41268	-1.24175	
1.41268	-1.24176	
1.41268	-1.24176	
0.810952	3.12948	
3.78933	4.34474	
-4.30516	-2.77384	
1.12825	-3.6271	
1.39115	-2.69436	
2.41981	-1.12187	
-1.80005	5.0834	
1.12827	-3.62711	
1.12827	-3.62711	
-0.551844	3.04485	
-2.75509	-0.510666	
-0.873718	2.72122	
-3.02182	2.92894	
-0.372607	4.71382	
-2.79107	-0.649277	
-3.50236	1.04655	
-2.69551	2.21092	
-0.873723	2.72126	
-0.319553	4.84786	
-0.465985	4.12359	
1.89437	3.25936	
-4.72082	2.27601	
-1.4919	2.48366	
-1.40238	1.01571	
0.283546	-3.75106	
1.31178	-2.87276	
-3.32868	2.46976	
0.579266	-4.49168	
-5.29694	1.75442	
1.28667	-4.06187	
-2.73392	0.811246	
-1.11866	2.02328	
-1.43908	-1.38626	
-0.906815	2.13349	
-1.11866	2.02328	
-4.24622	-1.02786	
-0.829531	2.3864	
-4.50379	3.24723	
-3.52414	0.594198	
-1.35154	3.40428	
-0.181664	-0.893951	
-1.26344	-0.845076	
0.556353	-1.89155	
1.13612	-2.39969	
1.13611	-2.3997	
2.12682	-1.55554	
0.910539	-2.25956	
0.910538	-2.25956	
1.13611	-2.39969	
-0.0925923	-0.434649	
-0.508393	2.43303	
-2.71297	-1.5821	
1.10262	-2.86072	
1.23424	-2.89359	
-1.04601	2.52898	
-0.177943	3.98463	
-0.653893	2.49434	
-0.759929	-3.25354	
-0.447798	1.60403	
-2.41042	0.511013	
2.03029	2.23732	
-2.1715	-2.31483	
1.33649	2.61429	
-0.949791	0.92035	
2.21532	2.166	
-2.56606	-1.1113	
-2.32966	-2.24104	
-2.17237	-2.54945	
-0.949747	0.920429	
2.95773	0.56854	
-0.926356	-0.720152	
-0.926358	-0.720154	
2.6247	1.61928	
2.39077	-1.88159	
-2.26268	-0.139545	
2.87844	0.144947	
-0.926361	-0.720163	
-0.926362	-0.720165	
-1.06781	-0.862969	
-1.64534	1.95828	
-2.99913	0.224106	
-4.92269	1.53416	
0.194717	-4.49619	
-5.30961	-2.14074	
0.0587952	-3.67621	
1.60089	-3.78271	
-5.17116	4.82552	
-0.34163	-4.07457	
4.6415	-0.15553	
4.65522	-0.228471	
2.12955	1.44278	
2.07633	-1.81948	
-0.990419	0.325256	
-0.850218	-2.83376	
1.69544	2.57742	
-0.990417	0.325268	
-1.43052	-0.239388	
-1.35382	0.528496	
-0.186475	-0.747592	
1.08873	-2.54902	
-1.16936	-2.44834	
2.6492	-0.0573413	
-0.290075	-3.32737	
2.6799	1.1079	
2.43111	1.04559	
-1.95687	-1.93668	
0.938675	1.33317	
-0.301978	2.05672	
-0.404858	-3.30594	
0.258771	3.03208	
0.381791	-0.816751	
-3.12257	1.38389	
3.17182	-0.306076	
0.243567	0.215448	
0.381792	-0.81675	
-3.7939	0.0517688	
-3.01882	0.00206787	
0.471963	-0.879206	
-2.47979	1.09544	
0.188641	-0.50646	
-1.65832	-5.44807	
0.584336	-1.071	
-3.50476	1.03386	
1.61125	-1.38023	
-1.82541	4.54102	
-1.57126	1.00221	
0.935916	-1.26053	
-0.942788	5.0948	
3.09918	-2.40739	
-2.4803	1.4093	
-4.85538	-0.320796	
-2.91763	1.34204	
-4.53689	2.38245	
0.505207	-2.0356	
-3.84427	3.00431	
-4.5369	2.38243	
-4.25696	2.9083	
-4.64172	2.43185	
-1.66693	1.86718	
-1.35943	1.06526	
1.41787	2.39391	
-1.04696	2.27703	
0.354914	-2.25487	
1.77571	-1.14684	
-0.797867	2.2788	
0.35491	-2.25487	
1.77572	-1.14684	
1.52305	-1.55074	
1.79615	2.41052	
-0.758394	-2.9607	
