-1.4489	-0.649463	-1.10082	
1.21175	2.96456	-1.59239	
-1.16504	-0.542221	-1.12668	
-1.16009	-0.638593	-1.69398	
-1.16583	0.549883	-1.73819	
-1.26585	0.514917	-2.79905	
-0.672179	0.056271	-1.4697	
-0.957787	2.23853	-1.92694	
-1.13911	1.03943	-2.26107	
-1.54448	0.659358	-3.08584	
0.487451	0.412976	-0.939898	
0.536967	0.521977	-1.17247	
-3.24616	-0.238739	-1.01864	
1.95808	-0.442796	-0.604686	
-1.93277	0.480529	-1.25139	
-0.472139	-0.0384663	-1.27518	
2.30442	-0.103959	0.337799	
-0.3484	-0.228063	-1.82489	
-1.97925	0.614719	-0.749533	
0.748386	0.142237	-1.09499	
0.0487914	0.26192	-0.598007	
1.7566	-0.648984	0.461926	
0.516279	-0.140796	-0.504919	
0.570502	-0.30291	-0.544119	
0.166818	0.12241	0.502785	
-0.740712	0.694275	-0.800032	
0.182274	0.129762	-0.933303	
0.508338	0.461787	-1.2101	
0.720177	-0.469461	-0.146781	
0.246177	0.911613	-0.905794	
1.23782	-1.28834	0.93901	
0.647456	-1.22669	0.130121	
0.653929	0.461432	-1.25756	
0.126373	0.00127714	-1.65881	
1.30084	-1.75596	0.396292	
0.450273	0.259526	-2.12643	
0.962591	-1.74607	0.511102	
0.561836	-0.0368751	-0.751131	
0.742209	-1.16935	0.0911068	
0.746896	0.100343	-0.813584	
0.278908	-0.85457	-0.115882	
0.948838	-1.88589	0.833357	
0.935682	0.0232857	-0.715648	
1.11938	-0.8955	-0.232519	
0.714683	-0.583318	-0.213169	
1.82768	-0.612163	-0.178179	
0.527481	-0.125119	-0.502627	
1.2179	-0.027704	-1.20981	
1.26023	-1.41211	1.32405	
0.687263	-0.43544	-0.273393	
1.52159	-1.97755	0.519016	
-0.208695	-1.00335	-0.769987	
-0.97903	0.363163	-1.50975	
0.830384	-0.880666	-0.568582	
1.05716	-0.417718	-0.846328	
0.283274	0.82078	-1.46924	
-0.681473	0.427604	-0.220191	
0.260841	-0.180704	-2.16977	
-0.185076	-1.20512	-1.26859	
-1.12529	0.763064	-0.188034	
-0.960386	0.180005	0.623725	
-1.39513	1.00142	1.07432	
-2.69907	-0.175959	0.174604	
-1.19514	0.568187	-0.180714	
0.119577	0.232506	-0.865005	
-0.0206073	0.842286	0.281062	
-1.19514	0.568187	-0.180714	
-1.90558	-0.521566	0.605505	
-1.19514	0.568187	-0.180714	
0.0728437	0.223868	-0.778725	
0.853524	-0.427093	1.95041	
0.853524	-0.427093	1.95041	
0.853524	-0.427093	1.95041	
0.811598	-0.83236	0.747038	
1.22839	0.322405	1.3608	
0.853524	-0.427093	1.95041	
0.459464	-0.726312	1.4287	
0.436362	-1.1467	0.203984	
-0.871891	-0.408215	1.05394	
0.459464	-0.726312	1.4287	
1.0098	-0.264854	-0.710259	
-0.491438	0.259705	1.11563	
0.739801	-1.32941	-0.892912	
1.31564	-0.94414	-0.18685	
0.965646	-2.44834	0.474046	
-0.208861	1.64235	0.553706	
0.553559	-0.0344709	-0.827373	
-0.210847	-0.355063	-0.920223	
1.46293	-3.31108	1.34724	
-0.0204463	1.85332	0.884764	
-0.0438224	0.90997	0.466214	
-0.961058	1.05586	0.740378	
1.79793	-0.30374	1.7123	
1.17835	-0.782166	1.11226	
-1.43755	0.199148	1.65972	
1.48563	-0.578608	1.17725	
-1.26783	1.02484	0.911545	
-0.422133	-0.531319	2.0345	
0.743034	-0.141595	0.768647	
-0.961058	1.05586	0.740378	
-0.555381	1.9121	0.95144	
-1.6501	-0.546441	0.57606	
-0.408098	-0.913021	0.852412	
-0.637601	0.45717	-0.45829	
-0.801805	0.35516	-0.296462	
-0.584499	2.20619	-0.190189	
-0.302671	0.908984	0.319818	
-0.778942	0.598586	-0.355328	
1.39475	0.767133	-0.109703	
-0.408098	-0.913021	0.852412	
-1.60841	-0.607198	-0.917092	
0.103177	-0.0149498	-1.49962	
-0.58071	0.69391	-0.901005	
-0.100728	-0.418579	-0.138312	
0.144512	0.102727	-1.54935	
-0.610946	-0.457797	-1.34999	
0.351649	0.254994	-0.91404	
0.654329	1.13532	-0.150449	
-0.851639	-0.806749	-0.0714194	
-0.707064	0.281144	-0.907977	
0.232637	-0.710502	-0.183917	
0.776435	0.442354	-0.118146	
0.276385	0.358241	-0.820947	
0.45475	1.38821	-1.85493	
-0.0900617	-0.193322	-0.0433897	
-0.610443	0.641107	-0.26594	
0.217497	0.226838	-0.835109	
0.276385	0.358241	-0.820947	
0.616025	-0.0779829	-0.627363	
0.399142	0.2893	-0.763943	
0.898092	-2.07067	-0.246084	
0.360353	-1.02336	0.499282	
0.363347	-1.12725	0.341739	
0.443589	-1.60689	-0.38947	
1.33197	-0.0159597	0.424361	
0.776971	-0.969183	0.0197242	
0.285856	-1.14246	0.436241	
0.307424	0.242405	-0.370622	
0.315281	-1.21446	-0.636647	
0.318804	1.72097	0.643063	
-0.681325	-0.100661	-0.638979	
0.226914	0.291878	-0.837615	
0.752809	-1.26055	-0.175501	
-0.722801	0.0756795	-0.657934	
0.647277	-0.0087497	-0.851087	
0.671569	0.192728	0.514957	
1.16633	0.645098	1.27326	
0.334179	-0.89524	-0.0552366	
0.782533	2.87993	-1.39442	
0.79261	-0.240064	-0.525725	
0.2441	0.394562	-1.19013	
0.251658	0.237271	-1.28725	
0.523281	0.371577	-0.260132	
1.12106	0.348709	1.12635	
0.123199	0.268651	-1.24487	
0.765737	-0.401242	-0.430198	
1.43609	-0.118312	-0.113248	
0.274245	0.427805	-1.28258	
0.941237	-0.308141	-0.806791	
0.931647	0.467904	-0.292575	
0.585107	0.900742	-1.2564	
0.297825	-0.231172	-0.401902	
1.37299	-0.147045	-0.749796	
-0.726219	-0.434065	-0.333873	
-0.695516	-0.280335	-0.468543	
-0.644019	-0.957071	-0.364699	
0.88368	-0.918013	0.0344731	
0.903919	0.564541	-1.23496	
-0.307076	0.444861	-1.40959	
0.88368	-0.918013	0.0344731	
0.0798806	1.85555	0.631188	
-0.580625	0.838948	0.574805	
0.171191	1.95668	0.259975	
0.368617	1.44836	0.261477	
0.0334558	1.68238	0.339744	
0.0924903	1.30488	-0.655061	
0.402569	1.49483	0.28196	
0.0924903	1.30488	-0.655061	
0.334498	1.06915	-0.702384	
0.235768	0.995143	-0.78335	
-0.175786	1.17317	-0.470296	
1.23782	-1.28834	0.93901	
-0.0900617	-0.193322	-0.0433897	
-0.0878389	-0.207211	-0.0418954	
0.441704	-1.16794	0.186755	
1.23782	-1.28834	0.93901	
0.758937	-0.565104	0.647022	
-0.765096	-1.61798	1.2127	
0.772549	-1.2619	0.0464031	
0.427531	-0.0399747	0.802424	
0.147062	-0.116863	0.176675	
-0.145419	0.690884	0.24858	
1.67515	-0.481332	0.342426	
1.93124	-0.711623	-0.466908	
-0.822913	-0.102161	1.11255	
1.22742	0.120905	-0.056493	
0.00535968	-0.557217	1.25886	
0.147062	-0.116863	0.176675	
0.622246	0.536343	-0.098862	
-0.145419	0.690884	0.24858	
0.0666186	-0.799352	0.0464224	
0.370046	0.0368923	-0.834236	
0.0666186	-0.799352	0.0464224	
1.61273	-0.534094	0.407233	
0.493338	-0.0446114	-0.74864	
0.493338	-0.0446114	-0.74864	
0.678067	-0.201921	-0.794609	
0.0666186	-0.799352	0.0464224	
0.239752	0.20195	-0.904811	
0.370046	0.0368923	-0.834236	
0.620601	1.12305	1.10695	
-0.796625	-1.05232	0.228297	
0.620601	1.12305	1.10695	
1.05334	-0.846615	-0.0728613	
-0.753837	-0.369286	-0.229653	
0.521625	-1.33336	-0.653185	
1.18631	-0.737573	-0.320028	
1.52967	-0.842938	-0.20388	
-0.521424	0.698458	2.29682	
0.351509	0.129388	-0.838399	
1.32122	-1.48969	-0.944547	
1.98152	-1.32782	2.43483	
1.35229	-0.638332	0.923836	
0.690441	0.702892	0.404629	
1.02641	0.23233	0.722133	
0.98097	0.200525	0.624862	
1.25184	0.345996	-1.67561	
1.60365	-0.504755	1.02074	
0.939796	-0.280676	-0.582798	
0.830797	0.0634796	-1.14032	
-0.787454	-1.23003	-0.621274	
0.446055	-1.59147	-0.47416	
-0.696766	0.16429	-1.45305	
-0.696766	0.16429	-1.45305	
-0.37529	-0.868064	-0.341909	
-0.375962	-0.901504	-0.808483	
0.348009	-1.37416	-0.584208	
-0.224686	0.275584	-1.19756	
1.78821	0.409741	-0.737659	
0.591436	-0.39742	-1.39938	
1.24494	0.980282	0.771104	
1.25131	0.476489	1.35595	
-1.53239	0.755652	0.821052	
1.24614	2.93507	1.40064	
0.320613	0.676378	0.549935	
1.40851	1.2734	-0.686193	
0.365195	1.41385	0.258329	
-0.691075	0.269752	0.626514	
0.913361	1.85279	0.864564	
-1.45916	0.420918	-0.246929	
-1.10696	0.00592718	1.09713	
1.31267	-2.01714	-0.184719	
1.30924	-0.3372	0.839267	
0.190239	0.766194	0.0722242	
-1.05099	0.386778	0.507038	
1.01206	1.39053	-0.276182	
2.30817	-0.744386	0.795358	
1.78784	-1.21015	-0.0657294	
1.27297	-0.989786	0.153229	
1.12248	-2.0808	0.597982	
-0.0248147	0.310144	-0.92462	
0.113057	-0.0748845	-2.31314	
0.0564583	0.051823	-2.284	
0.0197026	-0.992551	-3.08136	
0.0181905	0.0491401	-1.55751	
1.94937	2.87458	-0.414259	
0.751626	-0.417893	-0.671287	
0.00691845	-0.00192845	-2.14203	
0.351772	-0.149045	-2.52829	
-0.598848	1.28664	-2.25382	
0.183402	0.931194	-1.54219	
-0.127657	-0.00121272	-1.57865	
0.173638	-0.19982	-2.23083	
-0.0818521	0.183131	-0.519264	
0.203395	-0.230419	-1.63139	
0.391738	0.275372	-0.864787	
0.459949	-0.133434	-1.57228	
0.300574	-0.17746	-1.5939	
0.79458	0.996854	-0.780229	
1.02107	0.133412	-0.0658837	
1.09315	0.431916	-0.0431479	
1.23179	1.02614	-2.29513	
1.25576	2.95402	-1.91993	
0.563772	0.210379	-1.59764	
1.16247	1.03669	-2.35192	
0.575308	0.30288	-1.02847	
0.063478	0.0182884	-0.726758	
0.739222	0.528805	-1.44025	
0.72702	1.17308	-2.01575	
0.638094	0.456202	-1.4466	
0.362871	-1.52905	0.639311	
1.8321	-0.127192	0.470309	
0.742375	-1.20045	-0.0953256	
1.17835	-0.782166	1.11226	
1.29634	-0.280567	0.609296	
1.29634	-0.280567	0.609296	
0.728104	-0.509792	-0.138415	
0.605307	-0.477979	-0.263372	
0.832275	-0.563508	-0.130344	
1.00816	-0.69658	0.840686	
0.917543	-0.35389	-0.639153	
1.05748	-0.347886	-1.14965	
1.00789	-0.370398	-1.19458	
-1.53946	0.64661	-0.345349	
0.550066	3.46838	0.0160642	
0.872833	0.496459	-1.78033	
1.0601	-0.359045	-1.14166	
-0.114785	1.16037	0.0934082	
1.60794	-0.237937	-1.68248	
1.059	-0.28148	-1.19945	
0.830051	1.15185	0.482413	
0.651268	1.05244	0.227427	
0.838046	1.24531	0.0761095	
0.791452	1.2811	-0.0584684	
0.788119	1.25359	0.0569803	
1.21637	-0.75741	-0.324324	
1.23912	1.64555	0.728142	
0.830051	1.15185	0.482413	
1.21599	0.689758	0.644338	
1.23912	1.64555	0.728142	
0.195351	0.590339	-1.02052	
-0.259995	0.0107282	-1.31666	
-0.303134	0.47031	-1.09356	
0.337595	1.49745	-0.915812	
1.02091	0.464525	-0.401519	
1.03986	-1.0384	0.618158	
0.809892	2.10074	-1.24244	
1.70728	-0.942028	-0.512332	
1.05609	1.3265	-0.345546	
-0.936421	0.889377	-0.540631	
-2.15424	-0.0606181	-0.52241	
-0.438841	-1.07509	-2.17302	
1.06769	-1.91739	-1.04553	
-2.70062	0.0252862	-0.980214	
-0.0461733	-1.01473	-1.26052	
1.26282	-1.91711	-0.211589	
-1.57945	0.687567	-1.1388	
-1.69243	-1.33662	-0.0151318	
-1.83604	0.613613	-0.242901	
0.390177	-1.16856	-0.99122	
-0.199324	-0.61956	-0.400732	
0.168277	-0.415327	-1.53839	
1.78669	-0.935487	0.283136	
0.204236	-0.214539	-0.356991	
2.12185	-1.34303	-0.892838	
0.345724	-0.266356	-0.432677	
0.920573	-0.568239	-1.2117	
0.204236	-0.214539	-0.356991	
1.71115	-1.04286	0.0408751	
0.66326	-0.921779	-1.03249	
0.666882	0.0291342	-0.600687	
0.702765	0.472313	0.489682	
0.698565	0.54122	0.627715	
0.358235	-0.348126	1.29363	
0.358235	-0.348126	1.29363	
0.00476692	-0.152441	1.20138	
0.528473	0.488056	0.359901	
0.337699	-0.788341	0.0775088	
0.698565	0.54122	0.627715	
1.12379	0.199212	0.0415454	
1.37332	0.862696	-1.8561	
1.55992	-0.984022	0.532741	
2.01034	0.900962	-1.96157	
0.847445	1.48578	-1.90771	
2.41303	1.15723	-0.791031	
2.41303	1.15723	-0.791031	
1.80026	1.018	-2.51242	
1.07649	1.46157	-2.51336	
1.03655	1.31941	-1.82886	
1.95353	1.59767	-0.823021	
-1.76563	0.311234	-0.879053	
-0.396712	0.0920131	-1.08363	
-0.809135	-0.215077	-1.54956	
-0.035387	-1.00807	-1.21586	
-2.09188	0.245993	-0.843946	
-1.99502	0.256731	-0.811797	
-1.84593	-0.693623	-1.36254	
-0.741045	-0.0882079	-1.60773	
-0.804497	0.493844	-1.91639	
-0.142158	-0.7369	-1.32542	
-0.62224	1.12054	-0.302358	
0.408504	-1.43556	-0.0713822	
-0.90119	-0.180519	0.399578	
-0.90119	-0.180519	0.399578	
0.948838	-1.88589	0.833357	
0.356888	-1.15851	0.374547	
-1.83693	-0.557222	1.01275	
0.34849	-1.11401	0.349453	
-1.62078	-0.513301	0.704711	
0.272941	-1.00107	0.0239938	
-0.303322	1.03131	2.6014	
1.87148	-1.45642	1.08428	
1.06681	0.622867	1.13549	
0.881936	1.75838	1.32618	
-1.76531	1.36142	1.14384	
-1.79516	0.0671329	1.73751	
0.00535968	-0.557217	1.25886	
1.23782	-1.28834	0.93901	
1.43072	0.432471	1.39709	
0.463135	0.883081	0.587478	
2.33747	-0.620848	0.833869	
1.18937	-0.314284	2.3026	
-0.871035	1.5857	0.0613002	
1.36045	-0.521993	0.19481	
0.587701	0.561714	-0.183087	
-0.666112	0.546451	0.109986	
1.26396	1.40362	1.67848	
1.23782	-1.28834	0.93901	
-0.328664	1.2594	1.22639	
-0.723405	0.321147	0.685697	
-2.91778	-1.77271	-2.01131	
0.126459	0.337377	-0.790302	
-3.75516	-0.378207	-0.209156	
-3.55485	-0.824958	-0.263496	
-0.229934	0.0326649	-0.886819	
0.0830606	0.265864	-0.898236	
-3.27628	-1.68361	-2.01059	
-2.75923	-1.44727	-0.917638	
-4.3388	-1.07042	-1.11588	
-1.29584	-0.67641	-0.694613	
0.100998	-0.60109	-0.714258	
0.11943	-1.11959	-1.69896	
-0.25125	-0.6373	-1.92294	
0.289626	-0.958083	-1.78498	
-0.507289	-0.638087	-1.77218	
-0.457087	-0.482021	-1.73144	
-0.243417	-1.35319	-2.52719	
-0.387353	-0.293257	-2.00689	
-0.823295	-0.381805	-1.15054	
-1.71813	0.14153	-0.959404	
1.4002	0.189716	-0.266078	
1.05422	0.399136	1.08495	
1.44898	-0.16572	1.27067	
0.116912	0.259427	-0.874741	
0.605687	0.995811	0.883836	
0.874761	2.39891	0.18623	
0.551753	2.0497	0.227604	
0.768496	0.182713	0.373852	
-0.212331	2.23475	0.730608	
0.559965	0.423764	0.34365	
-0.360553	0.438919	-1.72915	
-0.758845	-0.229676	-1.11572	
-0.588723	0.438797	-1.23898	
-0.536476	0.535122	-1.62812	
-0.635125	-0.14477	-1.12513	
0.468084	0.446633	-0.347189	
0.68013	-0.417543	-0.548883	
0.198538	-0.195718	-0.413949	
-0.792258	-0.0236937	-1.13765	
-0.346561	-1.85617	0.0843222	
0.561836	-0.0368751	-0.751131	
-1.00528	1.36281	-1.89706	
0.487459	1.24834	-1.58082	
0.179281	-0.0794324	-2.11551	
0.35636	1.25561	-1.62782	
1.00435	-0.620613	-0.402712	
-0.289085	1.25438	0.139193	
-1.00588	1.36449	-1.93671	
-2.00793	0.495117	-0.82255	
-0.88291	0.934011	-0.516605	
0.129929	0.0930933	-0.233909	
0.511986	-0.372139	-1.52053	
0.125833	-0.235223	-3.04721	
-1.13454	-0.546978	-0.645648	
-0.391799	-1.48529	-0.0871372	
1.06921	-0.252828	-0.735034	
0.471552	-0.630472	-0.974444	
0.361686	-1.2298	-0.667074	
1.0541	-1.16135	-0.985052	
0.361686	-1.2298	-0.667074	
0.100641	0.580799	0.675296	
0.148598	0.749769	0.695	
-0.417609	2.31155	-0.952566	
0.535504	1.38769	-0.0783186	
0.841156	1.84076	-0.173513	
0.629643	2.16606	-0.481266	
0.697105	1.15207	-1.75679	
-1.01725	0.00459586	-1.40763	
0.692036	1.17098	-1.78642	
0.955176	1.55647	-2.56115	
0.842721	-0.277265	-0.557735	
0.205316	-0.0267025	-0.728837	
0.218268	0.219685	-0.916001	
0.243551	0.36867	-0.849831	
1.21862	-1.08307	-0.095987	
0.407972	-1.19716	0.192816	
0.826337	-0.255844	-0.534855	
0.734978	-0.470963	-0.521701	
0.914069	0.948011	-0.0196619	
1.04485	0.0610896	-0.0470408	
0.933483	0.501075	-0.379016	
1.11415	-0.215858	0.205535	
1.23782	-1.28834	0.93901	
0.702402	0.347859	-0.0722887	
0.36507	0.0329457	0.868082	
-0.0259665	-0.357494	0.0946934	
-1.46171	-0.237677	0.129943	
1.70439	-0.705604	0.525789	
-0.122902	-0.135437	-0.0933918	
1.11415	-0.215858	0.205535	
0.707643	-0.29133	-0.458749	
0.134867	0.118448	-0.547498	
-0.0717455	-0.73387	0.32606	
1.48427	0.731053	2.53999	
-0.0889235	-0.0524476	-0.852114	
-1.83693	-0.557222	1.01275	
0.316981	-0.523881	-0.873952	
-0.139552	-0.222224	-0.905486	
0.667393	0.259745	0.201862	
1.19134	-0.821656	0.0196268	
0.120824	0.673066	-0.91801	
0.631411	1.65365	-1.08476	
-0.123183	2.43999	-1.65443	
0.749273	2.90029	-1.06538	
-0.181602	1.23405	-1.52273	
0.709657	1.76186	-1.04899	
0.0804016	1.21448	-0.560464	
-0.865842	-0.0113483	-0.987955	
0.366765	-0.91385	-0.156588	
-0.728098	0.171369	-1.22535	
0.349097	1.88891	0.762162	
-0.984672	1.71785	0.030191	
0.562768	1.16323	-0.587746	
-0.376219	1.469	0.925701	
0.224707	0.410646	1.5732	
0.349097	1.88891	0.762162	
0.396905	0.0832777	-0.317875	
1.045	1.09227	0.508328	
-0.384393	2.06371	1.64898	
0.897581	1.11106	0.533357	
-0.292376	-0.516254	-1.01432	
0.600911	0.512876	-0.102078	
0.0756239	0.188932	-0.826033	
0.511465	0.231385	-1.20708	
-1.11883	-0.490712	-1.03196	
0.422986	1.07431	-1.06058	
0.868201	-0.221958	-0.665441	
-0.0971005	-0.858466	-0.780214	
0.3673	0.222351	-0.81926	
0.22304	0.210672	-0.887166	
0.156428	0.97624	-0.768637	
-0.00586194	-0.0931929	1.36522	
-0.0789222	-0.10422	0.719518	
0.0282631	0.660073	-0.0318029	
0.45361	0.115678	0.342121	
0.689116	-0.26918	-0.987995	
0.116065	0.266771	-1.23475	
0.0126842	0.285135	-0.944349	
-0.118148	-0.330652	-0.267663	
0.167777	0.670662	0.150026	
0.831573	-0.0884557	-0.0979411	
0.335823	1.17533	-1.05803	
0.719531	0.100559	-1.62249	
1.87838	-0.310306	-1.79662	
0.856074	-0.338318	-0.943004	
0.184626	0.293118	-1.22594	
0.860767	-0.385025	-0.964653	
-0.711468	1.56004	-0.516734	
0.63082	-0.278728	-0.615439	
1.50445	-0.235759	-1.28451	
0.551038	0.428809	0.334738	
-0.365525	1.14065	-0.135278	
1.50683	-0.30482	0.874026	
1.35511	1.1778	0.41411	
1.84835	-0.523741	-0.0884427	
1.24926	-1.2139	-0.319309	
0.840454	-1.46531	-0.493889	
0.87566	-0.955709	0.870985	
0.591866	-1.55995	-0.0892292	
2.04899	-1.33247	-0.155892	
2.38002	-0.711357	0.508368	
1.96819	0.999149	0.68388	
2.46184	-1.31755	-1.02564	
1.91124	-0.944667	-0.5335	
1.10574	0.828886	-0.15275	
0.481521	0.397295	-1.23409	
1.79793	-0.30374	1.7123	
1.32683	0.278651	-0.306046	
2.10487	-1.06386	-0.918139	
-0.755069	0.489856	0.167748	
-0.708068	1.68156	0.0111214	
-0.491438	0.259705	1.11563	
0.222193	0.27607	-0.81142	
-1.50666	-0.324907	0.283674	
-1.50666	-0.324907	0.283674	
-0.70829	0.100035	-0.679906	
0.236105	0.40436	-0.732787	
0.175354	0.298321	-0.791369	
-1.46069	0.312597	-0.250534	
-0.65202	0.000191709	-0.671639	
0.149416	-0.433721	-0.820178	
0.563699	1.16404	-1.5052	
0.831573	-0.0884557	-0.0979411	
0.108958	0.262958	-0.872826	
0.913287	-0.130899	-0.733278	
-0.320569	-0.129943	-1.69763	
0.681054	1.30112	-1.55702	
1.34774	-0.0252875	-0.110781	
1.33713	0.41325	-0.428293	
-0.256233	0.644122	-2.01234	
0.15074	0.938418	-1.10731	
0.214505	-0.313341	2.00807	
0.648915	-0.853704	0.253475	
0.663488	-1.38528	-0.0402748	
0.715558	-1.49716	0.544868	
0.210311	-0.0163646	-0.0108803	
-0.436024	-1.15462	1.32475	
0.0753074	0.333087	-1.30347	
0.487195	-0.41091	-0.471225	
0.140885	0.334345	-0.81083	
-1.19422	0.333032	-1.37178	
-0.765417	0.279509	0.518857	
-0.675381	-0.0605602	-0.731829	
-1.61099	-0.0837685	0.226487	
0.499873	-0.182009	-0.790704	
-2.19297	2.63673	1.45357	
-2.52338	1.65723	0.183608	
-0.487149	1.72429	0.391947	
-1.48833	0.338676	-0.0251328	
0.454645	0.316571	0.270476	
0.0347956	0.374406	0.87882	
-0.716894	0.917554	0.956799	
0.480844	0.718514	0.654465	
-0.203954	1.09153	1.39726	
-0.323128	1.2935	1.76249	
-0.656602	0.384788	0.304293	
-0.989094	1.26665	0.937069	
0.36507	0.0329457	0.868082	
0.0629415	0.740348	0.33428	
-0.560239	0.967289	0.855836	
0.648515	1.04332	1.33253	
1.29639	-0.144911	0.238904	
0.921879	-2.03957	0.987414	
0.529786	-0.552747	-0.301506	
1.34295	-0.537954	-0.442984	
1.2559	-0.113621	0.534969	
1.17771	0.0665013	0.108292	
1.2845	-0.303459	0.533932	
0.61189	-0.398129	-0.368579	
0.701897	0.352247	-0.0640165	
0.761727	3.01419	-1.37675	
-0.689794	3.79984	-0.58592	
0.727199	3.36864	-1.33464	
0.842702	3.19683	-1.56011	
0.351263	1.6266	-0.817499	
1.83684	-0.108647	-2.31429	
0.727199	3.36864	-1.33464	
-0.68252	3.49409	-0.681151	
0.333179	1.44454	-0.85657	
0.947335	3.43819	-1.56798	
0.0344438	-0.746644	-0.339741	
0.172793	0.26185	-1.3237	
0.279041	1.07326	-0.667471	
0.350358	1.15697	-0.619438	
-1.35618	-0.237929	0.476	
0.727482	-0.384676	-0.587532	
0.380784	-1.58862	-0.571897	
-0.126852	-0.573085	-0.0846313	
0.320548	-1.34976	-0.641936	
0.276891	-0.961343	-0.0412912	
0.220022	0.109279	-0.75258	
-0.0466769	-0.664408	-0.0568622	
0.594753	0.357684	-0.0987811	
0.186649	0.761327	-0.593636	
1.2518	-0.0798497	0.221504	
-0.790214	1.07736	-0.0794708	
0.220022	0.109279	-0.75258	
0.134107	0.598847	-0.625864	
0.00535968	-0.557217	1.25886	
-1.02456	-0.245441	-0.504904	
-0.744525	-0.23777	-0.62773	
-0.654742	0.431962	-0.249853	
-1.02282	0.822611	-0.194061	
-1.96709	0.317477	0.058327	
1.52864	-1.23061	-0.447195	
0.966305	-0.668132	-0.810755	
0.189933	0.248596	-0.818868	
-0.744525	-0.23777	-0.62773	
0.451661	0.409442	-0.395174	
-0.350762	0.152318	-0.66694	
-0.0100805	-0.16685	1.22111	
-0.0556323	-0.122146	0.95142	
0.461711	1.25892	0.18588	
0.231018	0.673327	0.34465	
-0.0100805	-0.16685	1.22111	
-1.56468	0.727303	0.34618	
0.015422	-0.182895	0.903972	
0.701195	-0.90394	1.2122	
0.701195	-0.90394	1.2122	
-0.0204556	0.352349	-0.839833	
0.23502	2.17721	-1.00745	
0.794303	0.835615	-0.757691	
0.742209	-1.16935	0.0911068	
-0.0732422	1.18233	-0.137297	
0.170457	0.795597	-1.51733	
-1.04695	-0.214127	-0.531312	
0.519634	-1.95003	0.3785	
-0.00767332	0.907325	-1.48009	
-0.133593	2.34337	0.330597	
-0.0739419	2.70751	0.543722	
2.39445	0.737323	1.26504	
1.88372	0.716104	1.50578	
2.36276	-0.344284	-1.1618	
1.74602	0.715379	1.2148	
1.45537	-0.226031	0.622232	
1.13254	-0.477803	-1.69758	
1.9612	0.136616	0.0836106	
1.00537	0.467178	-1.28083	
2.0318	0.714962	1.48124	
2.00122	-0.282381	-0.767466	
0.726035	-1.57421	-0.0185975	
-1.90558	-0.521566	0.605505	
0.190688	0.742576	-0.585012	
-1.02173	-0.247329	-0.488001	
-0.789973	0.766815	-0.204571	
-0.872494	1.21513	0.755448	
0.182301	0.319519	-0.82063	
-0.830138	0.742889	-0.325448	
-0.756849	1.31234	-0.233373	
0.190688	0.742576	-0.585012	
0.162569	1.6169	0.388408	
0.351856	1.77015	0.24257	
0.500144	1.60965	-1.14517	
0.336459	2.05896	0.366322	
0.211906	1.57835	0.325613	
0.516253	2.9048	0.404941	
0.61088	3.05068	0.102696	
0.333713	2.05675	0.34553	
0.508334	1.61932	0.40832	
0.396359	2.02224	0.218152	
0.0419652	0.805648	0.212956	
0.182091	0.833831	0.200477	
-0.658049	0.438296	0.36944	
-0.655241	0.461792	0.5669	
-0.748922	1.08193	0.450272	
-2.01184	-0.105942	1.7816	
0.116466	0.850945	0.304557	
-0.747432	1.02503	0.544705	
0.0655641	1.09764	0.15153	
-1.52876	0.867443	0.823478	
0.245218	-1.04888	0.0817752	
1.30228	-0.0109496	-0.244921	
0.256659	-0.252653	-0.345977	
2.33509	-1.79121	1.26154	
0.161004	-1.25014	-1.36153	
0.542466	-1.51048	0.263102	
0.542466	-1.51048	0.263102	
-0.0506403	-0.720026	-0.362527	
-0.154465	-0.659124	-0.0920233	
0.542466	-1.51048	0.263102	
0.890781	-1.1434	0.00785985	
-0.934419	-0.290383	0.4172	
-0.0196879	-0.850705	0.396621	
-0.037644	-0.839287	0.281571	
0.859603	-0.479846	-0.340824	
1.03675	-2.05057	0.962386	
0.350379	0.0510789	-0.816104	
0.137691	0.224568	-0.510075	
1.9832	-1.35965	-0.0272824	
0.953488	-1.33379	0.101771	
0.761512	-0.43008	1.67983	
-0.0954972	-0.681073	0.209514	
-0.782367	1.41045	0.811837	
0.293254	-0.549153	0.92519	
-0.415953	-0.3096	1.58617	
0.792382	-1.64357	0.656207	
0.761512	-0.43008	1.67983	
0.20573	1.22124	0.601302	
1.18437	0.17813	1.30114	
0.298418	-1.08351	0.322818	
0.108884	-0.144638	-1.62918	
0.924521	-0.180767	-0.800459	
-0.823178	-0.964598	-1.99084	
0.699341	0.413769	0.48919	
0.708142	-0.490309	-1.48004	
1.11355	-0.253916	-0.77936	
0.199901	0.0118962	-1.62388	
-0.795584	-0.431478	-1.4312	
1.11355	-0.253916	-0.77936	
0.137008	0.0245769	-1.60921	
-0.576284	0.145387	-0.196472	
-0.967913	0.472221	0.0338813	
-0.853001	0.423384	0.0478885	
0.476634	-0.454837	-0.584758	
-0.853001	0.423384	0.0478885	
-0.902225	-0.141701	1.13125	
-1.00534	0.452895	-0.365015	
-1.46651	0.502693	0.30479	
-0.853001	0.423384	0.0478885	
-0.908803	0.596239	-0.339086	
1.41384	0.87377	-0.620599	
1.26957	-0.851106	0.748496	
0.232637	-0.710502	-0.183917	
0.880791	0.64311	-0.423375	
0.629526	-0.91384	-0.254857	
-0.851639	-0.806749	-0.0714194	
0.989125	-0.472429	0.338994	
-0.0819008	-0.523271	-0.13904	
-0.487353	0.163651	-1.04376	
-0.0819008	-0.523271	-0.13904	
0.772204	0.376468	0.0740195	
1.33915	-0.0955167	0.136572	
-0.137104	-0.599431	-0.125161	
1.16117	-1.14241	0.841773	
0.811598	-0.83236	0.747038	
-0.0466769	-0.664408	-0.0568622	
1.17518	-0.149698	0.149742	
1.1065	-0.012404	-0.0386947	
1.16117	-1.14241	0.841773	
-0.0466769	-0.664408	-0.0568622	
0.829146	-0.252012	-0.426718	
-0.681473	0.427604	-0.220191	
0.69745	-0.905171	-0.0704304	
1.07641	-0.443595	-0.879787	
0.726022	-0.260929	-0.622465	
-0.945432	-0.818881	0.128115	
0.481934	0.310988	-0.95921	
0.530108	0.0337574	-0.842448	
0.468859	-1.04735	0.19103	
0.346159	0.953367	-0.97031	
0.193167	0.718498	0.365407	
0.295688	-0.0720235	0.019322	
-0.502587	-0.874761	0.408662	
0.241852	0.91058	0.487654	
0.816501	1.99153	1.40524	
0.313068	0.340969	-0.782581	
0.100294	0.90176	0.247321	
0.711634	0.853182	0.103253	
1.38427	0.0671564	0.526449	
0.304535	0.0358676	-0.396669	
-0.0498061	-0.18079	-1.19129	
-0.142671	-0.233977	0.424086	
-0.10717	-0.0728883	0.0328117	
1.34646	-1.3402	0.367991	
2.27108	-0.701369	-0.470977	
0.605364	-1.20192	-0.371637	
0.351423	0.00927903	0.328491	
1.8326	-1.5308	0.203451	
1.51957	-0.327083	0.114604	
2.32524	-1.16065	0.910269	
-0.713285	1.06979	1.01587	
-0.101527	-0.265231	0.299142	
-0.145748	-0.636376	-0.33586	
-0.762719	0.241995	-0.861869	
0.360789	-0.313989	0.307637	
-0.687694	0.354821	-0.893721	
-0.887289	1.21828	0.933968	
-1.32855	0.869326	1.35164	
0.304053	0.175495	-0.662355	
-0.840547	0.700998	-0.25041	
0.874619	-0.517716	-0.179729	
0.955687	-0.00923975	0.145683	
0.951123	-0.846876	-0.399098	
0.262952	1.04485	-0.333196	
0.659854	-0.353803	-0.433201	
-1.12402	-0.217109	0.851365	
0.869175	0.158009	0.650049	
0.874619	-0.517716	-0.179729	
-0.70845	1.34699	0.226205	
0.298665	-0.64177	1.13059	
-0.681473	0.427604	-0.220191	
1.43392	-1.09367	-0.152629	
-1.8829	0.258332	-0.382681	
-2.78238	-0.0881506	-0.295031	
0.927699	-1.64284	-0.59311	
-0.647936	0.490877	-0.665283	
1.366	-1.09884	-0.0769243	
-0.0980736	-0.0943577	0.139551	
1.43392	-1.09367	-0.152629	
0.0621895	-0.289939	0.181227	
1.17394	0.69248	1.25416	
1.01061	0.448372	0.468507	
1.13753	0.140564	0.911817	
0.0490725	0.0310248	1.28491	
0.39957	0.580481	0.229414	
1.18806	0.11359	2.35342	
0.39957	0.580481	0.229414	
0.274223	-0.282925	1.00715	
0.851806	0.207207	0.492607	
0.188376	0.533599	0.302972	
1.50124	-1.06752	-1.4495	
1.91558	-1.40071	-2.06865	
1.48243	-0.747385	-1.43152	
2.91161	-1.79058	-1.61409	
2.16896	-0.844951	-2.34277	
1.3539	0.411235	-2.24126	
2.22557	-1.76481	-1.20298	
2.91161	-1.79058	-1.61409	
2.32659	-1.14201	-1.91134	
3.20675	-2.02562	-2.30905	
-1.23668	-0.667073	-1.25942	
1.04537	-0.655462	-0.29329	
0.225139	0.155137	-0.762187	
0.555288	-0.334197	1.66135	
-0.76586	0.301037	-1.11126	
0.204427	0.559465	1.089	
1.67595	-1.10482	-1.22568	
0.158694	0.249889	-0.838573	
1.10858	-1.01123	-1.11904	
-1.10652	-0.0828938	-0.00692445	
-0.0437446	0.0472495	0.280088	
-0.946214	-0.37718	0.203435	
-0.625227	0.152705	-1.3103	
0.850537	-0.298221	-0.387051	
1.57746	-0.807829	-0.100366	
0.0773374	-0.696919	-0.671793	
-0.0648312	0.223221	0.0279624	
0.752217	0.272961	-0.830911	
-1.61694	0.611981	-0.664548	
0.844156	0.222838	-0.870111	
-2.73978	-0.151782	-0.278454	
-2.45176	-0.156188	-0.439699	
-2.87534	-0.202606	-0.819955	
-1.92839	-0.477152	-1.23286	
-1.88995	0.0418693	-0.391531	
-1.80275	0.603416	-0.88854	
-0.687152	-0.0248674	-1.13448	
-2.71326	-1.45743	-1.63062	
-2.18042	-0.799765	-0.791279	
-3.26268	-0.0417198	-0.716427	
0.669037	-0.260699	-0.431591	
0.253273	-0.455571	-0.118006	
0.609285	0.834212	-0.190287	
-1.16857	0.108892	-0.381895	
-0.174831	0.796405	-0.376822	
-0.211186	3.61493	-1.03592	
-0.369595	-0.33237	-2.05978	
-0.728997	-0.328592	-1.54152	
0.111592	4.71849	-1.10451	
-0.176597	-0.0998471	-2.71297	
0.433039	-1.31396	0.488082	
1.16117	-1.14241	0.841773	
0.40199	-1.05674	0.0704091	
1.16117	-1.14241	0.841773	
1.16117	-1.14241	0.841773	
0.876695	-1.58749	0.391182	
0.22444	-0.745147	-0.147442	
-0.808352	-0.242432	0.269025	
1.61273	-0.534094	0.407233	
-3.01658	-1.05677	0.561	
-0.954738	-0.105165	-0.0488188	
0.76275	1.70244	-1.12854	
-0.311212	0.804949	0.163059	
0.148373	0.357903	-0.782774	
-1.77085	0.294849	-0.893656	
-0.784818	0.697024	-0.382272	
0.334845	0.174834	-0.839381	
0.170827	0.355757	-0.874622	
0.807195	-0.269996	-0.707515	
-0.784818	0.697024	-0.382272	
0.853777	0.653569	-0.954283	
1.01692	-0.377648	2.00222	
1.32032	-0.789969	0.763189	
0.268969	-0.898447	0.019677	
-0.672209	-0.0900972	-0.527541	
0.832078	0.679539	-0.925071	
-0.636788	0.516395	-0.852308	
0.760711	0.607078	-0.975084	
1.27403	0.576402	-1.3072	
0.299585	0.843939	-1.0811	
-0.693804	-2.35195	0.327223	
-1.70556	-2.71967	-1.02668	
-0.802557	-0.785154	-2.65421	
-1.81437	-2.36159	-0.223638	
-0.360117	-4.03327	-0.285979	
-1.88446	-0.679195	-3.74727	
0.0782687	-0.961718	-2.96786	
0.971688	-0.812174	-1.90024	
-1.01807	1.8287	-2.55626	
-0.971294	0.322727	-1.3412	
-0.471442	-0.316571	-1.33919	
1.9952	-1.47336	-0.235066	
0.594475	0.542049	-1.22329	
1.71703	-1.25003	-0.371487	
1.55462	-0.128265	-0.0954506	
1.69817	-1.2884	-0.338379	
2.0362	-1.14606	-0.634111	
0.637213	0.278587	-0.960302	
1.72803	-0.633481	0.00688078	
0.541696	0.231801	-1.06776	
0.308198	0.301035	-1.46524	
1.04485	0.0610896	-0.0470408	
0.524945	0.280808	-1.80963	
0.0151462	-0.0151158	-2.1845	
0.194722	0.247442	-0.981321	
0.0664085	0.347296	-1.36845	
2.34543	3.75152	-2.00927	
0.119181	0.254486	-1.29028	
0.564371	0.523871	-0.292871	
0.416748	0.24129	-1.34713	
0.99489	-0.0305876	-0.0571088	
0.743798	-0.318116	0.0896192	
1.04485	0.0610896	-0.0470408	
1.23511	0.235618	-0.30508	
0.0804016	1.21448	-0.560464	
1.04485	0.0610896	-0.0470408	
0.888348	-0.532618	-0.451023	
1.33952	0.367886	-0.376926	
0.888348	-0.532618	-0.451023	
0.671858	1.13682	-0.116849	
1.33889	-1.56413	1.43039	
1.31465	-0.944693	2.11858	
1.26023	-1.41211	1.32405	
1.60365	-0.504755	1.02074	
0.898092	-2.07067	-0.246084	
1.41434	-0.499857	0.887702	
0.831603	-1.86795	0.85788	
1.76483	-0.0580288	1.52463	
1.43416	-1.1691	0.096839	
-1.73117	-0.128028	1.754	
1.79826	-0.707737	0.786292	
1.79793	-0.30374	1.7123	
0.816205	1.78848	1.26711	
1.82418	-0.936191	0.986065	
1.73051	-0.758594	0.858401	
-0.228192	2.16833	1.72692	
1.76483	-0.0580288	1.52463	
1.30084	-1.75596	0.396292	
1.73051	-0.758594	0.858401	
0.874706	0.326676	0.459421	
-0.162827	-0.880807	-0.0493474	
0.180088	0.391011	-0.236598	
0.583193	3.1719	-0.683985	
-0.976074	-0.385466	0.711995	
-3.18716	-2.77909	0.585012	
-0.176533	-0.407351	0.634592	
-1.19356	-0.656698	0.827641	
-1.1339	0.821119	-0.0868777	
-1.25004	0.871	0.0193702	
0.815663	3.06787	-0.248392	
-0.49578	0.531898	-0.309485	
2.5598	-1.26696	1.02843	
0.561628	1.0797	-0.739039	
-0.31583	2.1934	0.693487	
-1.6373	0.389707	-1.28617	
0.705635	0.880342	0.95728	
0.68393	0.0995623	-0.789235	
0.722198	1.78901	-1.09699	
-1.26783	1.02484	0.911545	
1.45722	-0.380065	-0.774651	
-0.585645	0.526062	0.2602	
0.755217	0.24244	-0.728832	
1.37685	-0.372567	1.03245	
-0.204672	0.503593	-0.140028	
1.68812	-0.94111	-0.22114	
0.839777	0.133134	-0.666404	
1.7008	-0.11646	1.59163	
-0.204672	0.503593	-0.140028	
-0.170578	1.2998	1.65804	
1.23376	0.547348	1.31566	
-3.94827	-0.385901	0.163264	
-1.27037	0.44523	0.20326	
-4.22566	-0.6594	0.323562	
-1.26206	-0.378459	0.745708	
-4.54135	-2.06368	1.36609	
-4.65794	-0.815971	0.51061	
-0.95812	1.27999	0.784109	
-1.23027	0.7294	0.0785374	
-1.26206	-0.378459	0.745708	
-4.22566	-0.6594	0.323562	
1.46407	-1.35422	-0.823706	
0.993301	-2.24915	-0.107774	
0.78002	-1.00033	1.04961	
-4.53562	-2.06874	1.35424	
-0.488841	1.25773	0.225623	
1.78776	-1.3788	1.37517	
1.46407	-1.35422	-0.823706	
1.40169	-1.18963	0.21364	
1.33889	-1.56413	1.43039	
1.33889	-1.56413	1.43039	
1.25047	-0.438578	0.778497	
1.95693	-1.00579	2.45387	
0.83201	0.147588	0.655498	
0.83201	0.147588	0.655498	
0.834689	-0.535289	-0.185186	
0.799686	0.0663724	0.775267	
1.23253	-0.78299	2.01922	
1.31465	-0.944693	2.11858	
0.241815	0.678079	0.189831	
-0.638586	0.299757	0.50738	
0.881936	1.75838	1.32618	
0.736284	1.37821	1.32009	
1.301	0.42937	1.4281	
1.31465	-0.944693	2.11858	
0.165465	1.17886	0.482882	
0.242059	1.78681	0.573599	
0.816501	1.99153	1.40524	
0.816501	1.99153	1.40524	
0.816501	1.99153	1.40524	
0.627531	1.15426	1.11159	
-2.69133	-1.12291	-0.36397	
-2.11537	-1.94946	-0.886164	
-1.83693	-0.557222	1.01275	
-1.79146	-0.584946	-0.562047	
-1.5495	0.244567	1.38303	
-1.85566	-1.49597	0.254099	
-1.87457	-1.69952	-0.934216	
-1.87457	-1.69952	-0.934216	
-2.89284	-1.299	-0.306013	
-1.96188	-0.787528	-0.476239	
0.761512	-0.43008	1.67983	
-0.968412	-0.169687	0.15669	
0.184327	0.509535	1.56141	
-0.208861	1.64235	0.553706	
0.334498	1.06915	-0.702384	
0.84362	-0.164171	0.73491	
-0.312445	-0.568218	2.0033	
0.334498	1.06915	-0.702384	
-0.35568	1.53686	0.478891	
-0.320952	1.36035	1.3973	
-0.320558	3.60901	1.05683	
0.222497	0.710158	0.251423	
-0.908926	1.20577	0.822451	
1.7717	-0.763534	1.09615	
-3.64934	0.212946	1.03774	
-2.64668	-1.43074	-0.712184	
0.84362	-0.164171	0.73491	
-0.926689	1.3737	0.743505	
-3.64934	0.212946	1.03774	
1.7717	-0.763534	1.09615	
-0.830889	1.28645	0.976954	
-0.920832	1.57993	1.13366	
-0.570987	1.16461	1.03919	
0.17401	0.903105	0.376109	
-0.570987	1.16461	1.03919	
-0.779182	1.12806	0.944051	
0.0733734	0.138405	1.34778	
1.41434	-0.499857	0.887702	
1.35229	-0.638332	0.923836	
1.7008	-0.11646	1.59163	
-4.27821	-1.75734	0.851196	
-3.07048	-0.986437	0.554559	
-3.27439	-1.77432	-1.70813	
-4.32222	-2.09042	-0.119276	
-4.06054	-1.56294	0.779048	
-2.49239	-0.70791	0.318253	
-1.17973	-0.200838	0.323205	
-4.61472	-1.27681	-0.978096	
-3.29782	-0.552126	-1.02569	
-2.97402	-0.645364	0.809331	
-0.170578	1.2998	1.65804	
0.880107	-0.0480423	0.794733	
0.84298	0.182802	0.676581	
1.33889	-1.56413	1.43039	
-0.585645	0.526062	0.2602	
0.737682	0.696528	0.522127	
0.167684	0.203706	-0.487622	
1.26023	-1.41211	1.32405	
1.33889	-1.56413	1.43039	
0.737682	0.696528	0.522127	
-2.90717	0.567759	1.11387	
-0.669462	0.531231	-0.620753	
1.42337	0.145559	0.356736	
1.53653	3.79221	1.67761	
-0.152667	2.93895	1.57854	
-0.556838	3.94393	1.29467	
-0.594287	2.06733	-0.491936	
-1.67786	0.220548	1.67248	
0.844864	0.447575	0.417619	
0.580638	-0.04012	-1.2963	
-0.535306	0.515384	-0.225973	
1.67081	-0.440434	-0.117796	
2.44843	0.854001	1.47399	
-4.17154	0.162353	1.32544	
-2.76917	-1.79743	-1.96238	
1.15532	-0.526922	-0.598116	
-2.82094	-0.432148	1.60321	
0.734756	0.202644	-0.822734	
-1.57381	-0.969835	-1.84167	
-5.13677	-0.902625	-1.42708	
-0.720442	0.162486	-1.09224	
0.103444	0.77478	0.637689	
0.361632	1.03829	-0.220105	
-0.0732422	1.18233	-0.137297	
-0.418879	1.30389	-0.142786	
-0.418879	1.30389	-0.142786	
-0.376219	1.469	0.925701	
-0.631349	0.904154	0.868007	
-0.641124	0.264496	0.0820431	
-0.376219	1.469	0.925701	
0.550228	-1.51776	0.637292	
-0.261299	1.42921	-0.0646387	
0.12284	1.30005	-0.0258799	
0.0167769	-0.773909	1.76784	
-0.309964	1.00097	0.92658	
0.993301	-2.24915	-0.107774	
0.314204	1.05295	-0.199138	
0.550228	-1.51776	0.637292	
-0.227222	1.58584	1.00912	
1.33889	-1.56413	1.43039	
0.36272	1.74342	-2.8276	
1.01409	1.28428	-2.77147	
0.780735	0.769407	-2.55968	
0.412587	0.734376	-1.97749	
0.839561	1.23595	-1.41934	
-1.56337	0.0915311	-1.78433	
0.513984	1.37759	-1.5941	
0.371321	1.72601	-2.82163	
0.412165	0.738225	-1.98005	
0.569051	1.36389	-1.62503	
0.913743	-0.370071	-0.589666	
0.504077	-0.34065	-0.67285	
1.17771	0.0665013	0.108292	
0.953359	-0.282721	-0.557884	
0.669007	-0.0934683	-0.732171	
0.326818	0.482574	-0.384446	
0.229459	0.939096	-0.380803	
-0.113161	-0.600996	-0.121887	
0.671858	1.13682	-0.116849	
1.1861	-0.861951	-0.394036	
-3.47887	-0.42919	1.96078	
-3.16812	-0.562517	1.91344	
-4.04131	-0.997235	2.04905	
-1.85286	-0.993933	1.06453	
-2.89328	-0.115332	0.263659	
-2.03888	-0.928513	1.35435	
0.742209	-1.16935	0.0911068	
-2.90745	-1.85567	1.48845	
-2.78611	0.175093	1.10003	
-3.83811	-0.80582	1.99635	
-1.43755	0.199148	1.65972	
1.21488	-1.59014	0.280665	
0.833611	-0.65384	-1.20582	
1.21488	-1.59014	0.280665	
-0.186533	-0.990506	-0.813589	
1.21488	-1.59014	0.280665	
-1.33321	-0.457951	-0.612313	
1.34022	-0.499335	0.971322	
1.21488	-1.59014	0.280665	
-0.647579	-0.959277	-0.734652	
0.138504	-0.101554	-2.2835	
0.0767425	-0.087255	-1.6171	
-0.373699	0.67279	0.518183	
0.261086	0.955579	0.157959	
0.181775	0.780903	0.432688	
0.208751	-0.105135	-2.27675	
0.181775	0.780903	0.432688	
1.36229	-1.38531	-0.887632	
-0.826959	1.15176	0.913217	
-0.0475585	-0.0974075	-1.63336	
-1.43755	0.199148	1.65972	
-1.49621	-0.608955	-0.142294	
-1.67752	-0.0446288	-0.839868	
-1.43755	0.199148	1.65972	
-1.90558	-0.521566	0.605505	
-2.07732	-0.906976	0.00608765	
-2.07732	-0.906976	0.00608765	
-1.58277	0.900549	1.01075	
-0.826959	1.15176	0.913217	
-2.01184	-0.105942	1.7816	
0.264615	0.166798	-0.392338	
0.226868	-0.0136158	-1.47992	
-2.93182	-0.501887	-1.01403	
0.252774	0.322416	-0.744244	
-1.60083	-0.869806	-0.58453	
0.690281	0.333152	0.274198	
-0.471974	-0.112883	-0.255175	
-1.26206	-0.378459	0.745708	
0.31118	0.940442	0.493528	
0.776848	1.08608	1.17428	
1.51613	-0.696179	1.03116	
-0.716894	0.917554	0.956799	
-0.693342	0.0863594	-1.00764	
-0.941989	1.27047	-0.793864	
0.0733734	0.138405	1.34778	
-0.641124	0.264496	0.0820431	
0.4548	-0.092506	1.27392	
-1.00509	1.17868	0.944418	
1.85176	-0.24145	1.64625	
-0.769063	0.890634	0.736022	
0.172418	0.727021	0.361939	
0.35214	1.94288	0.765392	
-0.745418	0.898776	0.77555	
-0.228192	2.16833	1.72692	
0.157773	4.21399	2.01853	
0.653091	0.865633	0.925433	
0.358773	1.70839	0.605664	
0.232917	0.693941	0.20274	
-0.0916373	3.3929	1.91946	
-1.43755	0.199148	1.65972	
-3.10017	-0.998017	0.711832	
-0.784147	3.2248	-0.0765943	
-2.25489	-1.29709	-0.462009	
-4.17154	0.162353	1.32544	
-3.72568	-1.03808	-1.06838	
1.31826	-0.903356	-0.560271	
-4.67697	-1.00362	0.446806	
-5.09158	-0.636324	0.192805	
1.14893	0.8582	0.562697	
0.841427	0.437494	-1.26747	
1.43392	-1.09367	-0.152629	
1.0008	-0.0418026	0.637763	
0.962591	-1.74607	0.511102	
0.38758	0.465665	2.03736	
0.539142	-0.805977	1.39428	
1.43392	-1.09367	-0.152629	
1.43392	-1.09367	-0.152629	
1.10002	-0.912932	-0.224041	
0.940215	0.100454	0.590495	
0.862615	0.237259	0.805987	
-0.676238	0.562366	-0.163229	
-4.31261	-0.835995	0.314169	
-1.09144	0.943066	-0.620098	
-4.27821	-1.75734	0.851196	
1.68652	-1.33316	-0.0445155	
-1.02282	0.822611	-0.194061	
-0.676238	0.562366	-0.163229	
-2.0443	-0.728054	1.05752	
-3.12445	-1.79224	-0.466095	
-4.32768	-1.86003	1.30456	
-0.874274	-0.279008	1.60258	
-0.874274	-0.279008	1.60258	
1.33889	-1.56413	1.43039	
1.33889	-1.56413	1.43039	
1.88172	-0.881474	0.914899	
1.33197	-0.0159597	0.424361	
1.53248	-1.35575	0.247292	
1.02749	1.09366	0.46387	
1.33889	-1.56413	1.43039	
1.33889	-1.56413	1.43039	
-0.967377	0.616175	-1.9168	
-0.0144499	-0.141134	-1.54788	
-2.82918	0.354358	0.995006	
0.346294	2.77021	0.632766	
0.0633887	4.31868	2.40152	
-2.84503	-0.583652	0.491244	
-0.867703	1.52472	0.814378	
2.24709	-1.32207	-0.0744155	
-1.76682	0.138463	0.307486	
0.341878	3.53123	1.60692	
0.367586	-0.451818	1.2048	
0.79458	0.996854	-0.780229	
1.85176	-0.24145	1.64625	
1.21488	-1.59014	0.280665	
0.291224	0.810374	-1.49312	
1.1003	-0.129434	-0.816526	
1.23253	-0.78299	2.01922	
1.13679	0.600302	1.13941	
0.608504	0.909281	0.856932	
1.78909	-1.1325	-0.0841937	
-2.98305	-0.610411	0.748248	
0.761512	-0.43008	1.67983	
-2.14786	-0.607417	-0.356688	
0.428862	3.02007	0.856421	
-0.598292	3.14688	-0.0497526	
-0.953796	0.644613	0.214743	
-1.74902	-0.903632	1.09066	
-3.76017	-0.0537641	1.06625	
-1.07823	0.785785	-0.130393	
-0.587213	4.27876	1.2205	
1.20719	3.9059	1.63818	
-1.96296	-0.109696	0.565863	
1.7813	0.341884	1.40578	
-2.07762	0.0152812	-0.993686	
-1.50707	-0.566784	-0.885519	
2.34725	0.649401	1.34209	
1.50599	3.27696	0.252477	
-1.86973	-0.62669	-0.72051	
1.62376	3.41979	1.3798	
-1.06621	-0.252975	-0.375601	
-1.74349	-0.714936	-0.508566	
0.78002	-1.00033	1.04961	
-0.227222	1.58584	1.00912	
-3.55425	-0.753493	-0.913708	
-4.10472	-1.80437	1.09043	
-3.47698	-1.41793	1.07541	
-3.22609	-1.31183	1.03222	
0.742209	-1.16935	0.0911068	
-2.86927	-1.10895	0.807937	
-3.25272	-1.15708	0.602562	
-1.58279	-0.846814	-0.580059	
0.167684	0.203706	-0.487622	
-2.82093	-1.38302	-1.95855	
0.167684	0.203706	-0.487622	
-1.56362	-0.81438	-0.642462	
0.217382	0.14381	-0.479409	
0.471137	1.68719	-0.699645	
0.617208	2.03121	-0.502577	
1.25826	-0.473705	-0.596722	
0.0586338	-0.141865	-1.53727	
1.30084	-1.75596	0.396292	
-1.1421	-0.172514	0.0119122	
-1.79516	0.0671329	1.73751	
1.30084	-1.75596	0.396292	
-1.04306	-0.669738	-0.211951	
-1.1421	-0.172514	0.0119122	
-1.86252	-0.735471	-0.0513399	
-1.79516	0.0671329	1.73751	
-1.06961	-0.155609	-0.00892714	
-1.79516	0.0671329	1.73751	
-0.2508	0.33293	-0.497297	
-0.171608	-0.845979	-3.10796	
-0.305007	3.25718	-0.400655	
1.77235	0.477024	1.01596	
1.11042	3.5235	-0.0441395	
-0.831259	-0.00463065	0.609564	
0.98291	-0.77804	-2.7192	
-4.40169	-1.02827	0.97624	
-0.631836	0.454537	-4.50215	
0.887264	0.756883	-0.943227	
0.645823	-0.247284	-0.629407	
0.302995	0.715019	0.294942	
1.50683	-0.30482	0.874026	
1.67515	-0.481332	0.342426	
1.36818	-0.00418165	1.16999	
0.0770985	0.927876	0.528017	
1.23194	-0.420181	0.720039	
0.102708	0.217311	-0.470633	
0.0758075	0.228953	-0.338773	
-0.742277	1.1666	0.847862	
-2.89217	-0.422844	0.0644904	
-3.4979	-1.62197	-0.135164	
1.35579	0.469451	1.23704	
-1.0148	0.357751	1.36925	
-1.26206	-0.378459	0.745708	
-3.92572	-0.66049	0.176106	
-0.616573	1.05554	0.684605	
1.49076	-0.0578843	0.0753319	
-4.19352	-1.08573	-1.05093	
-0.719561	0.470265	0.00386909	
-0.769309	-0.757061	-1.35052	
0.662786	-0.41513	-1.52906	
1.29334	-1.33853	0.312518	
1.11663	-1.18968	-0.0838444	
1.29334	-1.33853	0.312518	
1.21862	-1.08307	-0.095987	
-0.757638	-0.376794	-1.43553	
1.15023	-1.32766	-0.949951	
0.607577	-0.39397	-1.46437	
0.662786	-0.41513	-1.52906	
-0.152667	2.93895	1.57854	
1.99378	-0.684536	1.01519	
-0.426097	2.64862	0.772498	
0.743034	-0.141595	0.768647	
0.293254	-0.549153	0.92519	
-4.04131	-0.997235	2.04905	
-4.15905	-1.27545	2.37909	
-0.0581267	4.05804	1.89783	
-4.24154	-0.0187213	1.39507	
-0.955262	0.188352	1.37895	
-0.815891	0.692527	-0.373758	
-0.570605	2.85416	1.22363	
-0.32153	-1.1854	1.29559	
-0.834498	1.60638	1.11599	
0.419339	0.0808966	0.803347	
1.85176	-0.24145	1.64625	
-0.708068	1.68156	0.0111214	
0.534028	-0.175458	-0.698762	
-0.607345	1.25801	-0.315041	
-0.537584	2.20243	-0.160167	
-0.803616	0.790057	0.221442	
1.53155	-1.01856	2.23667	
-0.665798	0.436078	-0.0301129	
1.69531	-1.28405	0.238498	
-0.320162	0.816247	0.748943	
-1.2807	-0.26515	0.65973	
-0.72795	1.25714	0.91477	
1.25871	-0.56888	-0.356558	
-0.320162	0.816247	0.748943	
-0.805205	0.553983	0.0916715	
-0.158128	0.799754	0.484056	
-0.822913	-0.102161	1.11255	
0.360789	-0.313989	0.307637	
0.589669	1.90129	1.17248	
-0.0205945	-0.94487	0.765685	
0.861414	0.0516411	-0.698439	
-0.620848	0.335699	-0.843311	
-0.261299	1.42921	-0.0646387	
0.824354	0.42676	0.560246	
0.0111633	-0.18271	2.4212	
0.475859	-1.51787	-0.515389	
-0.934419	-0.290383	0.4172	
1.69854	-1.46787	-1.15712	
-0.170578	1.2998	1.65804	
1.48031	-1.54867	-0.847971	
0.708087	-0.440817	-0.575365	
1.56976	-1.35743	-0.853985	
0.962591	-1.74607	0.511102	
1.48031	-1.54867	-0.847971	
-1.02531	0.475898	-0.909848	
1.13969	-1.19838	-0.904424	
1.20782	-0.542737	-0.546377	
0.787165	-2.05394	-0.226319	
1.23782	-1.28834	0.93901	
1.13969	-1.19838	-0.904424	
0.884739	-2.23935	-0.0874994	
0.787165	-2.05394	-0.226319	
1.30084	-1.75596	0.396292	
0.831603	-1.86795	0.85788	
1.30084	-1.75596	0.396292	
-2.93425	-0.36345	1.86022	
-1.77818	0.816336	1.06704	
-2.07555	0.802383	1.23916	
-0.870265	1.07926	0.531714	
-0.462861	1.24937	1.3198	
-0.521571	0.456095	1.77649	
-0.521571	0.456095	1.77649	
-0.521571	0.456095	1.77649	
-0.846034	0.137803	1.3529	
-1.79516	0.0671329	1.73751	
-0.889586	-0.488782	1.31796	
-0.286121	0.0240104	-0.548878	
1.23253	-0.78299	2.01922	
-2.26697	-1.21664	1.38394	
-2.95963	-0.143089	0.168049	
1.3332	-0.70841	-0.47467	
0.888786	-0.656959	0.076566	
-0.0715589	-0.680687	0.186562	
-1.77818	0.816336	1.06704	
0.743034	-0.141595	0.768647	
0.923924	3.22775	0.289512	
0.912505	2.22487	-2.21611	
0.586963	2.6836	-0.747246	
-0.822371	1.19167	0.96315	
0.867678	2.22653	-2.17963	
-0.98599	0.610891	-0.288132	
0.203656	1.07557	-0.248691	
1.12934	2.28216	-2.58426	
0.684269	2.65336	-0.712234	
-0.689745	1.00113	0.661551	
1.46407	-1.35422	-0.823706	
0.644154	-0.513936	-1.54887	
-1.67752	-0.0446288	-0.839868	
-0.0062378	-0.541313	-0.314479	
0.0727956	-0.198382	-1.57995	
-0.42797	0.559752	-0.255207	
0.0773214	-0.0465372	-1.64942	
0.279229	-0.0225437	-1.59139	
0.810773	-0.706887	-1.32046	
-0.0989858	-0.484243	-0.495844	
-3.76161	-0.988524	-1.28627	
-1.00369	0.411963	-0.968643	
-2.89284	-1.299	-0.306013	
-3.83192	-2.1051	-0.243981	
-3.21556	-1.69121	-0.177045	
-2.07966	-0.161073	-0.641579	
-2.46592	-0.55077	-1.1406	
-2.93315	-1.57354	-0.237919	
-2.61663	-1.34916	-0.346734	
-2.82094	-0.432148	1.60321	
-0.554689	-0.245416	0.223941	
-1.06848	-0.376861	-0.279844	
1.59211	-1.48312	0.793567	
1.65569	-1.97997	0.165788	
-0.554689	-0.245416	0.223941	
0.884739	-2.23935	-0.0874994	
1.65569	-1.97997	0.165788	
-0.554689	-0.245416	0.223941	
-0.554689	-0.245416	0.223941	
-1.49621	-0.608955	-0.142294	
-1.90558	-0.521566	0.605505	
-0.436024	-1.15462	1.32475	
0.00535968	-0.557217	1.25886	
-1.90558	-0.521566	0.605505	
-0.981192	-0.212636	0.556906	
0.419339	0.0808966	0.803347	
-2.0443	-0.728054	1.05752	
-0.822913	-0.102161	1.11255	
-0.934419	-0.290383	0.4172	
0.0167769	-0.773909	1.76784	
0.203656	1.07557	-0.248691	
0.993301	-2.24915	-0.107774	
1.03675	-2.05057	0.962386	
0.0111633	-0.18271	2.4212	
0.13777	0.171196	-0.408026	
0.216909	1.75292	0.605639	
0.948838	-1.88589	0.833357	
1.0272	-1.40515	1.70494	
0.898092	-2.07067	-0.246084	
0.993301	-2.24915	-0.107774	
1.79793	-0.30374	1.7123	
1.85176	-0.24145	1.64625	
1.79793	-0.30374	1.7123	
1.7008	-0.11646	1.59163	
-0.256532	1.79418	1.2943	
0.38758	0.465665	2.03736	
1.83845	-1.06844	-0.152524	
-0.103613	0.174868	1.47354	
0.443468	0.519283	1.97044	
1.78909	-1.1325	-0.0841937	
1.34646	-1.3402	0.367991	
1.03675	-2.05057	0.962386	
0.839986	-0.513195	-0.0761527	
1.34646	-1.3402	0.367991	
1.26793	-0.916041	-0.217309	
1.26612	-1.08968	-0.0447336	
0.831603	-1.86795	0.85788	
1.43416	-1.1691	0.096839	
1.26612	-1.08968	-0.0447336	
1.34646	-1.3402	0.367991	
1.2435	-1.14651	0.215768	
-0.133979	-0.812612	0.323937	
-0.585645	0.526062	0.2602	
1.82418	-0.936191	0.986065	
-0.585645	0.526062	0.2602	
-0.898215	1.44743	0.313992	
0.511836	-1.30891	0.610437	
-1.81958	0.415569	0.336627	
0.511836	-1.30891	0.610437	
0.869674	-0.452586	-0.0336145	
-0.167051	-0.880238	0.305789	
-0.680555	4.05969	1.30794	
-1.98381	-1.27338	1.40854	
-0.655499	3.18839	1.02214	
-0.74131	1.10252	0.741535	
-0.749932	0.891792	-0.169333	
0.870142	-0.864256	-1.62475	
-3.16812	-0.562517	1.91344	
-2.68154	0.288878	1.07788	
-2.8493	-0.606462	1.87856	
-1.46171	-0.237677	0.129943	
-4.56608	-2.30074	-0.0322356	
0.0135402	3.28003	-0.112613	
-1.60899	-0.635432	-0.574834	
-4.56608	-2.30074	-0.0322356	
0.284759	2.92611	-0.231493	
0.0811469	3.54256	0.810964	
-1.46171	-0.237677	0.129943	
-4.07534	-1.56483	0.790704	
-0.204182	2.7767	-1.33872	
1.09919	-0.594481	-0.356714	
0.0111633	-0.18271	2.4212	
1.85176	-0.24145	1.64625	
1.31465	-0.944693	2.11858	
1.23253	-0.78299	2.01922	
-0.307226	1.60323	1.65542	
-0.415953	-0.3096	1.58617	
0.0111633	-0.18271	2.4212	
-1.01268	0.63754	1.82548	
1.1637	-0.418144	0.801094	
1.10076	-0.445631	-0.482199	
-0.227222	1.58584	1.00912	
1.18972	-0.0215383	0.484297	
-1.44072	-0.313459	0.887871	
0.00608659	2.10395	0.970643	
-0.488841	1.25773	0.225623	
0.845431	1.1578	0.461924	
-0.227222	1.58584	1.00912	
0.830051	1.15185	0.482413	
-0.745147	2.08915	0.27806	
-1.43755	0.199148	1.65972	
1.61273	-0.534094	0.407233	
0.414984	1.07569	-0.692614	
0.148807	0.223582	-0.824768	
0.125935	0.275999	-0.835516	
1.30084	-1.75596	0.396292	
-1.49621	-0.608955	-0.142294	
1.21637	-0.75741	-0.324324	
0.520653	-0.0388876	-0.831293	
-1.35618	-0.237929	0.476	
0.955687	0.108667	0.627268	
1.09133	-0.785139	-0.280013	
-0.743287	1.38105	0.18257	
1.38941	-0.531732	0.996133	
-0.756948	0.591268	0.626658	
0.874619	-0.517716	-0.179729	
1.50683	-0.30482	0.874026	
1.366	-1.09884	-0.0769243	
1.26762	0.360232	1.32315	
1.38941	-0.531732	0.996133	
2.08431	-1.39594	0.132132	
-1.11105	0.17764	1.56235	
0.898092	-2.07067	-0.246084	
-2.52896	-0.39647	-1.21803	
-1.92919	-0.0535054	0.42575	
0.996177	-0.4058	-0.828514	
-0.91992	0.610322	-0.781102	
0.759824	-0.786234	-1.12028	
0.202353	0.0062138	-1.66344	
1.0272	-1.40515	1.70494	
0.133572	-0.107079	-1.56525	
0.0804312	-0.0313704	-1.68449	
0.785391	-0.870494	-1.40925	
0.126309	-0.221905	-1.64664	
-0.842185	-0.733651	-1.39635	
0.599368	-0.836413	-1.33238	
0.803678	-0.699423	-1.28311	
0.602856	-0.943791	-1.31951	
0.0692239	-0.0508016	-1.65321	
-0.0143531	0.00557671	-1.55057	
-0.0814327	-0.231249	0.0888813	
-0.889586	-0.488782	1.31796	
0.993301	-2.24915	-0.107774	
1.44375	-0.697905	1.11382	
-0.306026	-0.939993	0.826703	
-0.312445	-0.568218	2.0033	
-0.889586	-0.488782	1.31796	
-1.27828	-0.636924	1.46305	
0.84362	-0.164171	0.73491	
1.0272	-1.40515	1.70494	
-1.44996	-0.423657	0.914988	
-1.30201	-0.546509	-0.225032	
0.878912	-1.21468	0.147249	
-4.10472	-1.80437	1.09043	
-1.26206	-0.378459	0.745708	
-1.56056	-0.426163	0.549801	
-1.60899	-0.635432	-0.574834	
0.921879	-2.03957	0.987414	
1.96629	-1.93509	1.60912	
-0.955262	0.188352	1.37895	
1.49358	-0.50044	1.06163	
1.28467	-0.329226	0.85654	
2.0211	-1.55124	0.0524142	
-0.654391	1.73912	0.716843	
1.37685	-0.372567	1.03245	
1.82418	-0.936191	0.986065	
-0.376219	1.469	0.925701	
1.50659	-1.16291	0.275597	
-0.936907	2.14157	1.06319	
1.49358	-0.50044	1.06163	
0.155182	0.902542	0.446549	
1.68812	-0.94111	-0.22114	
1.31465	-0.944693	2.11858	
1.31465	-0.944693	2.11858	
1.68812	-0.94111	-0.22114	
-0.972508	0.599301	0.142952	
1.21488	-1.59014	0.280665	
1.68812	-0.94111	-0.22114	
0.78148	-1.06003	1.31655	
1.31465	-0.944693	2.11858	
-2.99289	-0.896178	0.776026	
-2.86927	-1.10895	0.807937	
-3.24306	-3.13316	-0.842666	
-3.11028	-2.03242	-1.98684	
-0.228192	2.16833	1.72692	
-3.89575	-1.9923	-0.290185	
-4.53832	-0.14479	1.56254	
-4.31958	-1.06477	-1.13352	
-2.89927	-1.39516	-0.841738	
-4.55115	-2.2999	-0.0433857	
0.708007	-0.765855	0.591174	
-1.58509	-0.316464	0.302917	
0.157628	3.40173	0.957503	
-1.68797	-0.51917	0.746447	
-1.07276	0.749946	-0.163324	
-1.68797	-0.51917	0.746447	
-0.67596	-1.15123	0.22514	
1.89724	-1.77337	1.05526	
0.78002	-1.00033	1.04961	
-0.320162	0.816247	0.748943	
1.69993	-1.77055	1.27992	
-4.04131	-0.997235	2.04905	
-3.85103	-1.51528	0.604309	
-0.309964	1.00097	0.92658	
0.761512	-0.43008	1.67983	
0.78002	-1.00033	1.04961	
-0.203251	0.536791	0.74864	
1.22793	-1.5699	1.60071	
0.323409	-0.589823	-0.141479	
0.648681	2.95034	-0.431551	
-3.69346	-1.44101	-0.25926	
-0.239479	2.85527	-0.368996	
-0.239479	2.85527	-0.368996	
-4.12258	-2.02023	-0.20004	
-2.9923	-0.334486	-0.979381	
1.04311	2.58947	-1.15111	
-0.990382	2.07549	-1.2015	
-0.204672	0.503593	-0.140028	
-0.359594	2.00886	-0.445697	
-4.25262	-0.876603	-1.00039	
-1.72267	-0.0155342	0.39664	
1.81373	-1.14833	-0.415632	
1.41519	-1.08059	-0.460477	
-0.00894544	-1.02467	-1.2112	
0.608669	-0.42621	-0.563436	
0.661486	-0.017534	-0.779916	
1.43517	-1.06186	-0.455212	
0.634244	0.0468448	0.646367	
-0.184051	-0.116258	0.187817	
-0.15763	-0.805857	-1.43484	
0.58218	0.884385	0.893969	
-0.320162	0.816247	0.748943	
-3.63461	-2.92315	0.799204	
-1.26206	-0.378459	0.745708	
-0.309964	1.00097	0.92658	
-0.307226	1.60323	1.65542	
-0.320952	1.36035	1.3973	
-0.309964	1.00097	0.92658	
-0.307226	1.60323	1.65542	
0.620601	1.12305	1.10695	
-3.83859	-1.10206	-1.27022	
-2.46592	-0.55077	-1.1406	
-2.52896	-0.39647	-1.21803	
-1.72453	-1.0967	-1.83063	
-1.77888	-1.62725	0.272072	
0.148748	-0.0884677	-1.56592	
-2.45399	-0.364233	0.0180394	
1.98334	-1.35005	-0.0790267	
-0.891797	0.799765	-0.78851	
-0.546975	-1.06131	-0.627452	
-4.04131	-0.997235	2.04905	
-0.0604272	4.04186	1.9113	
0.871158	3.53076	0.304272	
-0.312717	3.81342	0.869496	
1.00962	2.56152	1.0411	
1.00962	2.56152	1.0411	
-3.16812	-0.562517	1.91344	
-2.70403	-0.471317	0.55187	
-2.97041	-1.4519	1.47521	
0.967365	2.65382	-0.825473	
0.40199	-1.05674	0.0704091	
1.07926	-0.927543	-1.65687	
2.15097	-1.57708	-0.0348624	
1.67545	-1.62986	-1.12746	
0.0099234	0.261885	-0.343947	
0.840017	-0.719682	-1.48641	
-1.73912	0.858649	1.13513	
0.871823	-0.946086	-1.08654	
-0.822759	-0.0620008	-0.549865	
1.37469	-1.34823	-1.0077	
-0.0641666	0.162779	-2.1906	
-0.91992	0.610322	-0.781102	
-0.809547	0.138079	-1.43932	
-0.172098	0.183191	-1.5694	
-0.990382	2.07549	-1.2015	
-0.0149865	-0.243983	-1.54991	
0.110044	0.0621145	-2.33163	
1.10072	-0.877333	-1.73493	
-1.06848	-0.376861	-0.279844	
-0.908926	1.20577	0.822451	
-0.0324844	0.107123	-3.88969	
0.248881	0.668293	-4.51042	
-0.0201817	0.162734	-5.33957	
-0.874767	-0.445114	-5.47176	
-0.800598	0.181985	-6.40889	
-0.150468	0.926901	-3.0686	
-0.857152	-0.43338	-4.30791	
-0.99967	-0.470323	-5.62265	
-0.986846	-0.446871	-5.59447	
-0.82728	0.617129	-3.43593	
-0.840473	0.692934	-0.349662	
-0.256532	1.79418	1.2943	
0.418212	1.05462	0.884253	
1.44898	-0.16572	1.27067	
-0.749711	2.22632	1.2049	
-0.0800352	1.03481	0.293676	
-0.0732422	1.18233	-0.137297	
0.763002	-0.834133	-1.24695	
0.443468	0.519283	1.97044	
-1.01599	1.2007	0.71596	
-0.898215	1.44743	0.313992	
1.33889	-1.56413	1.43039	
-0.782367	1.41045	0.811837	
-0.309964	1.00097	0.92658	
-0.133059	-0.431414	-0.424589	
0.3952	-0.13855	1.34595	
-0.83294	0.683024	-0.896882	
-0.762719	0.241995	-0.861869	
-1.0771	-0.38594	-0.392826	
-1.02693	0.527976	0.225737	
1.7008	-0.11646	1.59163	
1.23253	-0.78299	2.01922	
1.23253	-0.78299	2.01922	
-0.0344638	1.34122	0.93104	
1.36818	-0.00418165	1.16999	
1.36818	-0.00418165	1.16999	
1.31465	-0.944693	2.11858	
1.36818	-0.00418165	1.16999	
1.23253	-0.78299	2.01922	
0.0167769	-0.773909	1.76784	
1.35611	-0.747604	-0.467361	
1.21556	-1.28582	-1.10616	
0.4761	-0.683331	-1.49016	
0.746896	0.100343	-0.813584	
1.20061	-1.33331	-0.890778	
1.68812	-0.94111	-0.22114	
1.11355	-0.253916	-0.77936	
-0.145748	-0.636376	-0.33586	
-0.782977	-0.455987	-1.40304	
0.770781	-0.808439	-1.18299	
-0.842382	0.801987	0.789686	
-0.896866	3.35641	0.306293	
-0.8696	3.09139	0.140919	
-0.971085	0.696674	0.0712234	
-0.927108	0.617619	0.10789	
-1.8534	0.235173	-0.762241	
-2.0443	-0.728054	1.05752	
-2.09871	0.165657	0.471822	
-1.19514	0.568187	-0.180714	
-1.71816	-0.293275	-0.742805	
1.30084	-1.75596	0.396292	
1.83845	-1.06844	-0.152524	
-0.0205945	-0.94487	0.765685	
1.21488	-1.59014	0.280665	
1.32122	-1.48969	-0.944547	
1.21556	-1.28582	-1.10616	
1.21556	-1.28582	-1.10616	
1.30084	-1.75596	0.396292	
-0.131646	-0.595044	-0.555319	
1.21556	-1.28582	-1.10616	
-2.18295	-0.358023	0.512015	
-3.73029	-0.823477	-1.30694	
1.25371	-1.17868	-1.0435	
1.69858	-1.29207	-0.306459	
1.5072	-1.01677	-0.285169	
1.20061	-1.33331	-0.890778	
-2.99613	0.140307	1.13114	
-3.25516	0.662655	1.14741	
-2.9206	0.548329	1.00658	
2.25074	-0.908076	0.698335	
1.33889	-1.56413	1.43039	
1.32122	-1.48969	-0.944547	
1.35229	-0.638332	0.923836	
1.36849	-1.29923	0.141658	
1.35229	-0.638332	0.923836	
0.803678	-0.699423	-1.28311	
0.848424	-0.639344	-0.27551	
-0.32153	-1.1854	1.29559	
1.88172	-0.881474	0.914899	
1.36849	-1.29923	0.141658	
1.31465	-0.944693	2.11858	
1.31465	-0.944693	2.11858	
1.53248	-1.35575	0.247292	
1.31465	-0.944693	2.11858	
1.31465	-0.944693	2.11858	
1.33889	-1.56413	1.43039	
0.78148	-1.06003	1.31655	
1.31465	-0.944693	2.11858	
1.31465	-0.944693	2.11858	
1.31465	-0.944693	2.11858	
0.263747	2.09113	-0.780407	
0.96856	3.55707	0.368144	
0.492489	3.66661	0.727135	
1.33778	-2.20878	0.68399	
1.35821	-1.17046	0.182167	
1.44375	-0.697905	1.11382	
-0.821472	4.34942	1.61804	
1.33778	-2.20878	0.68399	
1.33778	-2.20878	0.68399	
-0.751528	1.03479	0.600667	
-0.152796	2.31596	0.781623	
-0.187977	2.13989	-0.362837	
-2.80357	-0.362767	-1.21863	
-0.97106	1.50045	0.902107	
-0.187977	2.13989	-0.362837	
-1.68797	-0.51917	0.746447	
-2.50019	-0.255383	-1.23803	
-0.187977	2.13989	-0.362837	
-1.03701	0.420064	-1.54216	
-0.987782	0.381395	-1.5064	
0.207324	0.804193	0.0329706	
-4.55115	-2.2999	-0.0433857	
-1.41797	0.580152	-0.54142	
-1.01184	0.527152	-0.946949	
1.18944	-0.932576	0.971471	
2.02045	-0.67835	0.381193	
-3.48018	0.216437	1.26497	
1.31184	-1.23226	1.19341	
-3.66305	-3.17872	-0.663164	
1.97083	-1.94913	1.59377	
-1.19649	-0.197515	0.475069	
-0.920832	1.57993	1.13366	
0.196506	0.848384	0.284666	
-0.834498	1.60638	1.11599	
-0.920832	1.57993	1.13366	
-0.51205	0.70948	0.271294	
-0.851122	0.976339	0.328251	
-4.60388	-1.04609	0.459226	
-1.26787	0.51065	1.55976	
-1.26787	0.51065	1.55976	
0.3952	-0.13855	1.34595	
-0.0850531	-0.425454	0.49895	
1.23253	-0.78299	2.01922	
1.73051	-0.758594	0.858401	
1.73051	-0.758594	0.858401	
1.82418	-0.936191	0.986065	
1.7008	-0.11646	1.59163	
1.7008	-0.11646	1.59163	
1.73051	-0.758594	0.858401	
0.193414	-0.0361391	0.946185	
-0.742591	0.610296	0.123223	
0.124289	0.114075	-0.444361	
1.25371	-1.17868	-1.0435	
1.36285	-1.15009	-0.981366	
-1.02231	0.524137	0.141361	
-0.120614	1.6494	-0.00119845	
-0.83865	0.505266	0.122436	
0.687891	-0.137962	-0.405443	
-0.309964	1.00097	0.92658	
-0.882657	0.320475	-0.981832	
0.361515	0.918456	-0.360087	
0.268881	0.765224	0.576641	
0.136581	0.856719	0.399118	
-0.228192	2.16833	1.72692	
0.283785	0.826325	0.481002	
0.155002	1.93274	0.785588	
0.315117	1.00927	-0.246289	
0.261889	0.0531325	-0.300069	
-0.228192	2.16833	1.72692	
0.83201	0.147588	0.655498	
-0.00207192	0.144096	1.43069	
-0.00207192	0.144096	1.43069	
0.485782	0.0408178	-0.283582	
1.48031	-1.54867	-0.847971	
-0.620848	0.335699	-0.843311	
0.99497	0.0977236	0.828723	
-0.00207192	0.144096	1.43069	
-0.00207192	0.144096	1.43069	
-0.00617275	-0.489111	0.683355	
-0.941989	1.27047	-0.793864	
-1.75222	-1.23147	-0.142762	
-2.90386	-0.280844	0.610457	
1.04138	-0.365153	-0.692534	
0.0827107	1.32509	0.444993	
0.939075	-0.239321	-0.778775	
1.85383	-1.21827	-0.0190362	
-3.5274	-0.097866	-2.02527	
0.570568	-1.32197	0.187002	
1.09286	-0.155427	0.577822	
1.37712	0.0873149	0.666583	
0.593925	0.170635	-0.82915	
1.83845	-1.06844	-0.152524	
-0.35568	1.53686	0.478891	
0.526999	0.144292	0.53877	
0.0150553	-0.0151082	-1.64209	
-0.35568	1.53686	0.478891	
-0.0390596	1.94191	1.65421	
-0.384393	2.06371	1.64898	
0.38758	0.465665	2.03736	
1.74769	-0.880901	-0.290412	
1.00321	0.919891	-0.62576	
0.403207	-1.44033	0.614982	
0.761044	-0.518466	-1.62881	
0.702162	-0.193418	-0.393725	
0.704151	0.402835	0.425481	
-0.0702697	-0.94474	0.426831	
0.173634	0.708786	0.388752	
-0.913576	-0.478751	1.35934	
0.708142	-0.490309	-1.48004	
-0.760477	-0.663604	-1.34509	
0.34532	-1.15343	0.208668	
-2.72294	-1.1035	0.524276	
0.72362	-1.24959	-0.147154	
-0.100728	-0.418579	-0.138312	
0.34532	-1.15343	0.208668	
-1.88899	-1.59429	-0.0640636	
-1.67418	-1.36982	-0.191113	
0.708007	-0.765855	0.591174	
-2.42472	-0.916615	0.33396	
0.324886	-0.229978	0.42478	
1.84764	2.84283	0.591174	
0.78002	-1.00033	1.04961	
-1.69113	-0.485938	0.718099	
1.33889	-1.56413	1.43039	
-1.74681	0.476649	0.0398934	
-1.25527	0.146902	-0.82712	
1.26403	-0.357418	0.5675	
0.0543555	3.50892	1.33178	
2.00552	-2.07834	1.56512	
-1.56056	-0.426163	0.549801	
-1.03701	0.420064	-1.54216	
-2.89284	-1.299	-0.306013	
-4.48018	-1.18892	2.4161	
1.0434	-1.01397	-1.04551	
-3.84066	0.176314	1.18802	
-4.48018	-1.18892	2.4161	
-4.35572	-0.781122	0.0021572	
-4.54135	-2.06368	1.36609	
-1.39513	1.00142	1.07432	
-1.26783	1.02484	0.911545	
0.367054	1.58757	0.493084	
-0.936255	1.26667	0.982691	
0.823399	-1.20674	1.60944	
0.917136	-1.38803	1.73199	
-0.837559	1.36658	0.988516	
0.823399	-1.20674	1.60944	
0.917136	-1.38803	1.73199	
1.30084	-1.75596	0.396292	
0.244543	0.905359	0.486691	
0.72609	0.459348	0.441234	
