3.75537	-5.49143	
2.31348	6.56136	
4.50066	0.857954	
5.21375	-7.85421	
3.89029	-7.84154	
10.9107	1.40437	
2.5359	-5.14562	
9.11519	3.27606	
10.0269	2.83373	
10.0112	1.87791	
1.32241	4.3235	
-4.29094	-2.45307	
4.58979	-6.1887	
-4.19164	4.02086	
8.04387	1.10376	
6.90643	1.33585	
-3.92367	3.75012	
-7.93135	-1.84578	
3.63494	-6.48784	
-1.64075	4.61472	
1.07363	0.284609	
-1.95164	0.698835	
0.970363	5.98363	
-0.405181	0.520145	
-0.474777	-0.302508	
1.22275	-3.5745	
3.99278	2.66969	
-4.47181	-1.90575	
-0.461375	0.735467	
0.424508	0.239303	
-1.37616	0.700266	
-0.418446	1.2235	
1.63037	5.01837	
2.64252	2.53272	
-1.64743	1.02141	
2.05314	4.42345	
-1.54779	1.11584	
0.380376	1.82641	
-0.760173	0.740949	
1.29999	3.08708	
0.152456	1.23884	
-0.796433	2.15932	
0.451211	5.01708	
-0.730885	2.50029	
-2.83878	-0.0536706	
-2.52727	3.86529	
0.620746	2.53616	
-1.01547	5.73745	
-0.833551	1.49889	
0.618502	1.29749	
-3.31951	2.34375	
2.40261	0.745995	
0.911529	-4.11455	
-5.86071	0.892229	
-5.33963	0.742755	
-2.27638	-3.69258	
1.01831	-2.1355	
-4.45425	-3.19854	
1.59486	-5.40338	
1.23262	-4.81082	
1.01765	-0.995384	
1.55897	-2.4863	
3.13901	-2.85401	
1.05686	-1.26169	
1.46914	1.04707	
1.7586	0.284733	
1.05686	-1.26169	
1.88165	-0.994958	
1.05686	-1.26169	
1.55195	1.08713	
-1.9212	-0.215011	
-1.9212	-0.215011	
-1.9212	-0.215011	
-1.46411	0.14715	
-2.63273	-0.637514	
-1.9212	-0.215011	
-2.74183	-0.425028	
0.190961	0.8533	
1.77782	-0.146513	
-2.74183	-0.425029	
-2.0717	2.42402	
0.225502	-0.796556	
-6.55504	1.98197	
-2.55877	1.05311	
-4.34065	2.70106	
-0.586587	-1.94231	
0.314839	1.71429	
1.04077	-7.40343	
-5.89093	3.91557	
-0.978888	-3.85031	
-2.22253	-3.14081	
0.426101	-1.75049	
-2.10065	0.312219	
-2.81828	0.662326	
1.59199	-1.69601	
-2.67006	0.494265	
1.05721	-1.7154	
0.137702	-0.393893	
-1.25799	-0.156338	
0.426102	-1.7505	
-0.554281	-3.08947	
1.74551	-0.768849	
0.251592	-0.182509	
0.567955	-0.996876	
0.687963	-0.923606	
-0.606572	-4.49992	
-0.185877	-1.17886	
1.20602	-2.20123	
-6.06197	-1.95025	
0.251592	-0.182509	
4.13977	-0.0600693	
2.08905	1.47179	
4.09753	1.51111	
0.861413	0.33943	
-1.85782	-3.76658	
6.15033	1.41917	
2.09212	2.17872	
-1.20989	-0.963157	
1.44878	0.0498396	
3.91732	1.28747	
0.331413	1.19318	
-1.17262	-0.459478	
1.96038	2.3006	
0.300772	-7.88874	
0.773984	0.291199	
0.345493	-1.22272	
1.3616	1.39679	
1.96038	2.3006	
0.245598	1.8134	
1.09529	1.28015	
-0.89852	2.35696	
0.702682	2.50709	
0.173842	0.750974	
-0.353779	1.02612	
-0.423525	3.10692	
-0.10513	2.12314	
0.749714	2.57204	
2.17302	2.80917	
0.511307	2.81642	
-2.41966	-2.97114	
2.9278	0.481023	
1.11771	0.988249	
-3.95864	1.05386	
2.9004	0.477562	
0.254407	1.97706	
-2.48199	-0.734791	
-0.0537213	2.81455	
0.041648	0.617442	
-3.47946	-6.28209	
1.04541	1.77663	
3.07838	3.18136	
3.56282	3.6737	
-0.539977	0.042149	
-1.82176	-0.368812	
1.52978	0.69336	
-2.95418	-0.280544	
-3.47596	0.120676	
-3.3926	-3.27329	
-4.4012	-0.134257	
1.25341	3.45171	
-4.27344	-2.24586	
-4.02042	-1.36035	
-2.71942	3.01508	
3.1793	0.0838164	
2.11756	-0.00633299	
-6.84114	-1.27428	
-2.29851	2.62777	
-5.23779	-1.72616	
4.95694	1.42693	
-2.29851	2.62777	
-1.94677	-3.31284	
2.80795	-0.399864	
4.29192	2.41816	
-1.78872	-1.89031	
-1.48305	-2.27289	
-1.60868	-3.01602	
-1.79109	-1.86957	
2.39317	1.05674	
2.0295	1.98136	
1.15206	0.684582	
3.90314	3.20681	
-1.37615	0.700263	
0.773985	0.291198	
0.773893	0.246251	
-0.369406	0.74581	
-1.37615	0.700262	
-0.0803912	1.37352	
2.15617	-0.660187	
-4.69096	1.30266	
0.0565649	0.34197	
-0.261356	-0.510562	
-0.240637	-0.892014	
-1.02572	1.76569	
-2.67208	3.74666	
0.619012	-0.688491	
-0.0926507	2.39574	
-0.371857	-0.101561	
-0.261356	-0.510562	
-4.3891	-2.58388	
-0.240637	-0.892014	
1.1371	0.932546	
0.820135	0.952987	
1.1371	0.932545	
-1.01267	1.66127	
1.47135	2.24107	
1.47135	2.24107	
0.120626	1.83903	
1.1371	0.932546	
1.18391	0.865082	
0.820135	0.952987	
-1.41466	-1.24787	
3.98235	0.360866	
-1.41466	-1.24787	
-0.623322	2.09626	
3.65559	0.45678	
-1.47815	3.4106	
-3.21483	3.47769	
-3.41897	3.32825	
-0.237157	-1.33636	
-3.15272	-1.55681	
-2.71276	2.05988	
-3.61879	1.39218	
-2.89666	0.862413	
-5.90923	-2.08002	
-3.51837	-0.610817	
-3.48253	-0.707011	
-5.5963	4.78883	
-2.88836	0.947884	
-3.28588	-0.281827	
-4.00826	4.31461	
3.69343	-5.08453	
-5.47222	1.7422	
4.27854	1.09245	
4.27854	1.09245	
3.81338	2.86612	
4.13716	3.80316	
-4.7845	1.27901	
3.47109	2.88693	
-7.17872	0.531272	
-4.51076	0.665234	
-5.55513	-0.938126	
-2.70242	-0.716702	
1.56812	-1.36289	
-3.27052	-4.17852	
2.48222	2.49862	
-2.6007	5.56015	
2.39502	4.36552	
3.35612	0.411694	
1.80713	3.88743	
1.57128	-0.804393	
1.40457	-1.3523	
-6.44947	3.83209	
-3.47497	3.06711	
-3.23265	-2.87764	
1.67127	-1.10166	
-4.05463	4.66	
-5.32241	2.40613	
-3.01191	4.34563	
-2.27558	1.04954	
-3.25731	2.11861	
0.818538	0.130845	
4.52673	3.27443	
0.58684	-5.28059	
2.95857	8.70623	
1.14933	0.458033	
-5.62509	-5.88883	
-3.2165	0.0702362	
0.787168	-4.35853	
-5.04285	-2.51164	
5.23887	2.42418	
2.79994	2.7153	
2.10062	0.888739	
4.54937	3.54068	
1.96296	0.651532	
-2.57028	-1.26347	
-1.4408	-1.09876	
1.34815	2.0056	
-2.74893	-1.30457	
1.35584	2.97147	
0.0408638	2.4367	
-4.43588	3.77351	
-8.63526	-0.460952	
-6.29646	-4.68614	
-5.82608	-1.34007	
-8.61192	-1.28346	
1.88682	4.19664	
3.56893	3.39161	
-5.77568	-1.23528	
1.47142	7.05726	
-4.99015	-1.25634	
0.466902	1.15081	
-5.35769	0.400851	
-3.9029	0.800739	
-2.81828	0.662323	
-3.12194	-0.193611	
-3.12194	-0.193611	
-4.20152	-0.544337	
0.622293	1.27476	
-4.2208	-0.0892692	
-5.3467	-0.123145	
-0.0720967	5.21922	
-0.62843	6.12038	
-0.451648	6.01549	
1.84153	-5.12425	
5.97102	5.10715	
-1.51628	8.54141	
-0.744779	6.12537	
-0.570793	-2.84416	
-2.40837	7.78018	
-0.246052	5.94874	
1.4352	2.63902	
-1.51662	-1.4617	
-1.73421	-1.63952	
-1.70968	-1.61181	
-1.76479	-1.63347	
-0.83034	2.54407	
-3.87276	-3.98518	
1.4352	2.63902	
-4.05687	4.46293	
-3.87276	-3.98518	
2.44085	1.5686	
4.54622	4.07929	
4.84749	3.75974	
-1.80657	-4.12381	
-0.520109	4.014	
-1.00182	0.989344	
-3.71648	-6.06	
-2.44262	4.04022	
1.48461	3.34038	
0.75199	-4.58991	
7.3421	0.0581601	
-2.00538	9.40874	
-5.34526	3.03222	
3.20446	-5.47737	
-6.33624	1.02339	
-4.83038	3.66744	
2.24335	-3.07351	
9.24233	-1.25056	
6.70935	0.508101	
-4.31097	5.05905	
0.556371	-0.401364	
-3.88914	-2.05097	
-3.57314	2.39259	
-3.82376	-2.07471	
-3.95699	3.167	
-3.53555	3.83441	
-2.51159	3.01862	
-3.82376	-2.07471	
-3.7616	2.65342	
-0.336556	1.69435	
0.62925	2.92094	
-3.46605	-1.65987	
0.679344	3.41445	
0.633841	2.25795	
0.633842	2.25795	
-2.61395	-1.53298	
0.592813	2.22292	
0.584581	1.92031	
-3.24609	-1.98023	
0.0296401	2.3313	
-2.01401	5.95423	
-2.9446	2.76393	
-4.9541	6.68776	
-5.9366	-2.8665	
-3.92722	6.27333	
-3.92723	6.27333	
-4.35161	7.0629	
-7.9078	-1.44439	
-5.02968	5.6799	
-7.59184	-1.18416	
2.48164	-4.1661	
2.57665	0.413402	
4.30483	1.24495	
-6.39826	0.625247	
3.03577	-4.7905	
2.97928	-4.91139	
5.81934	0.474988	
5.52618	2.38875	
2.68386	-7.63437	
3.70563	1.98946	
0.464638	-3.58809	
-5.6519	5.20976	
0.733375	-0.541467	
0.733375	-0.541467	
-0.796434	2.15931	
0.05928	0.746348	
2.18072	-1.10119	
0.175988	0.729841	
1.58852	-0.792402	
-0.0667031	0.598173	
-0.632098	-3.89871	
-3.21177	1.49277	
-0.082515	2.87251	
-2.09662	-2.0416	
2.89214	-3.91382	
2.0082	-1.1927	
-0.371865	-0.101564	
-1.37617	0.700269	
-2.65282	-0.516657	
-1.11507	-0.62954	
-3.50023	1.86895	
-1.80374	0.0515202	
0.0785603	-4.51259	
-1.40329	0.539413	
-0.114809	0.15184	
-2.04127	-3.20242	
-4.42089	-3.07899	
-1.37617	0.700269	
-0.394867	-1.45583	
3.40024	0.0706078	
6.11221	-1.58625	
2.02001	1.36272	
4.43586	-2.92974	
4.67973	-2.06065	
2.73587	3.2083	
1.32138	0.646172	
6.72287	-2.2656	
5.69413	-1.15628	
5.55978	-3.50706	
5.00657	0.653162	
0.53471	4.39042	
-1.24967	8.03571	
4.8188	2.86106	
0.342006	4.68565	
0.293011	-6.30737	
0.292059	-6.40108	
-0.755603	7.39666	
5.18661	5.60077	
7.3452	1.96	
2.13685	-4.8732	
-2.484	-0.0762437	
-1.93479	-0.465288	
-1.68886	0.280208	
0.67518	0.609385	
-1.33227	-1.13393	
1.69445	5.51217	
2.6931	3.85313	
-2.47762	-0.616227	
-0.797877	-3.98188	
0.661525	2.15369	
7.06525	3.85337	
2.62947	-5.06985	
6.59657	3.13664	
5.48668	1.98362	
3.02072	0.980867	
-0.307532	0.161667	
-2.15735	-0.19882	
0.158839	2.22445	
2.79262	0.739615	
4.33251	1.48301	
0.380374	1.82645	
5.86972	2.10319	
3.63803	5.04559	
-1.67829	7.98136	
-3.18743	-5.42617	
-0.441463	1.58732	
-0.288084	-2.68488	
5.89014	2.02427	
2.84033	-5.85749	
0.843915	-4.37239	
-3.44791	-2.53261	
0.554157	2.67001	
0.61883	8.73632	
1.93375	-3.34251	
-4.72952	-1.75039	
-0.39026	5.21499	
0.401493	4.28064	
0.520412	2.764	
-0.880989	2.30254	
0.520412	2.764	
-2.73414	-1.69085	
-2.01724	-6.93402	
-1.44354	-8.67927	
-5.67915	-3.80429	
-6.61902	-3.4511	
4.27305	5.03528	
-6.14044	-3.90246	
3.58751	-4.45237	
1.77937	6.84902	
0.721881	7.83648	
-3.25557	-0.440201	
-3.12864	-1.6851	
1.30951	1.30166	
2.26011	1.91335	
-2.52302	1.1916	
0.244094	0.869218	
-3.37914	-0.373695	
0.850494	1.60616	
-3.89323	-3.27019	
0.0968785	2.4308	
1.28263	3.43661	
-0.920232	0.42231	
-1.37617	0.700271	
-1.01175	-0.349867	
-0.664912	-0.4361	
2.75976	-0.911913	
1.85021	-2.14529	
-1.86121	0.611335	
0.614721	-3.47558	
-0.920231	0.42231	
0.679897	3.66628	
0.946807	0.776251	
1.19187	0.435247	
-6.04618	-3.14354	
2.8451	4.03622	
2.18074	-1.1012	
0.0499375	4.30292	
2.73454	4.47873	
0.404404	0.91812	
-0.810144	2.11386	
1.51311	1.15198	
2.1642	5.03161	
5.99317	6.87303	
3.17745	6.21456	
5.72647	5.43471	
2.14265	5.90155	
2.47356	1.22317	
4.08979	1.06923	
0.468757	2.10496	
6.7293	1.82172	
2.85548	1.48991	
0.0206666	-5.15102	
3.65684	4.49312	
-0.597117	-2.59703	
-1.18922	-4.45681	
-1.85402	-3.20659	
2.18005	3.18193	
1.16499	2.88353	
-0.765766	-2.17565	
1.45798	2.75366	
1.01317	2.6607	
-1.70652	-1.32499	
0.655146	0.510209	
-5.05973	-2.32785	
4.38098	0.672942	
-3.80645	-3.13187	
-2.2763	-0.0946752	
2.41453	3.3825	
0.959061	1.10605	
1.24843	1.15869	
0.506337	0.264923	
-2.54482	-1.66657	
-2.6615	-1.60498	
0.23238	0.101367	
-1.64429	-0.391561	
1.26549	2.06372	
1.48023	0.782607	
0.335713	0.3015	
0.396531	0.364952	
0.450915	0.172249	
-0.745283	0.385924	
2.92389	3.39756	
0.923043	6.454	
-7.38753	1.58789	
-4.58759	-0.34088	
-3.10762	-2.29595	
-4.57083	-0.10532	
0.137322	-3.88864	
-2.2931	-0.410745	
-6.90951	1.22269	
0.543939	2.09276	
-0.162133	-4.48154	
-1.74619	2.76506	
-5.48413	-1.99956	
-2.81342	4.46665	
-3.64816	5.50849	
-2.36133	3.88002	
-2.78921	4.11465	
-2.19391	3.72978	
-4.03606	2.0773	
-3.62823	1.69329	
-2.15116	6.43791	
-5.08024	3.4028	
-2.44865	3.69072	
-1.71646	6.35043	
-5.30874	-2.07607	
-2.10065	0.312221	
-0.473859	3.68317	
-4.65439	2.84685	
2.05111	-4.55784	
-0.159203	-2.65645	
0.225503	-0.796565	
1.2911	1.0353	
1.2644	-0.620888	
1.2644	-0.620888	
2.04148	0.124675	
-2.94849	-1.913	
-2.3127	-2.393	
1.55455	-0.804827	
2.00671	0.151267	
0.983455	5.0298	
2.02038	3.91023	
-0.745282	0.385924	
0.589022	0.536151	
-0.476498	0.89823	
5.72039	4.14742	
2.2273	4.7992	
-1.06907	0.850711	
-0.377585	3.62911	
-4.78947	-5.84218	
2.63224	1.56456	
-1.05889	-3.60993	
-0.956409	2.90112	
-3.87997	1.12886	
-0.443189	1.43197	
2.4107	4.0946	
0.479309	-0.263578	
2.65959	1.3206	
-0.346539	0.561259	
0.523309	0.478556	
6.08037	1.00497	
3.27928	0.0832318	
1.98275	0.214148	
4.39603	-0.102332	
0.684509	2.90253	
2.48337	-6.42974	
6.64816	-7.2293	
-2.64405	-7.31009	
5.3143	0.34885	
0.714888	1.93929	
1.80959	5.3211	
0.93897	-2.57546	
1.72794	3.01595	
-0.522452	-1.24312	
-0.682975	-1.73969	
-3.92019	-3.41392	
0.954648	-2.69937	
-0.664909	-0.436097	
-2.91144	-2.58339	
0.0700919	-1.54977	
-2.02133	-1.43993	
-2.25642	-0.238012	
-1.9986	1.33443	
0.538794	3.49007	
-2.93559	-0.00307245	
-0.279796	2.95196	
-0.155551	2.27542	
-3.13541	-0.229778	
-3.83142	-1.60982	
-0.714478	-0.0577166	
3.5135	6.07259	
-1.1638	-7.05512	
3.70657	6.72349	
-3.41815	-6.17824	
-2.7253	-3.75257	
-6.99086	2.14494	
3.70657	6.72349	
5.75691	3.04868	
2.19277	2.19514	
3.50387	6.86202	
3.50243	3.21469	
-1.83743	-2.1646	
1.03393	0.745204	
1.88885	2.04957	
1.46943	-1.11363	
-3.36625	-0.373249	
-3.51362	0.520251	
1.63636	0.462633	
0.0487995	0.863843	
-0.0104499	0.59795	
2.11948	1.92854	
1.5494	0.808969	
-0.114689	0.313309	
2.06574	1.2144	
-2.22121	-0.29945	
0.29409	-2.33099	
-3.15493	-1.98914	
1.27026	0.391439	
-0.37186	-0.101562	
2.07913	-0.198604	
2.799	0.210812	
0.446855	-1.02923	
1.15742	-2.31089	
2.09631	-1.56804	
-3.52556	1.67057	
-4.54179	0.788981	
1.84349	1.84653	
2.799	0.210812	
-0.195728	0.227755	
2.51996	0.513448	
2.11061	0.724966	
0.94952	0.18745	
3.21984	3.5243	
1.75262	0.888367	
2.11061	0.724966	
1.24849	-1.75926	
3.74695	1.94067	
-0.542765	1.18255	
-0.542765	1.18255	
1.46801	0.398277	
-2.01438	-4.21312	
-1.56845	-1.20406	
-0.760166	0.74094	
-0.869416	-2.4047	
1.95097	1.70903	
2.81833	-0.175366	
-2.17442	2.61626	
-1.46285	-2.67005	
-0.842395	-2.94917	
-1.05753	-3.94547	
-5.90476	-0.0673662	
-5.03162	-0.643692	
-5.82324	1.73429	
-3.97774	-0.644663	
-3.09764	-0.00765507	
-5.08536	0.856566	
-4.76642	0.675182	
-3.91651	-2.72935	
-5.04447	-0.300129	
-5.19034	1.32078	
-4.55524	1.58561	
1.88165	-0.994958	
2.16368	1.18961	
2.05064	-0.20231	
0.632486	-2.22612	
0.335292	-1.88945	
2.3844	1.31802	
0.657895	-1.27835	
0.482354	-1.38236	
2.16368	1.18961	
-1.59574	-2.18119	
-2.69858	-4.21972	
-1.92726	-2.95432	
3.88475	4.22551	
1.83516	0.59247	
3.09169	4.92059	
-3.08054	-5.78598	
3.83603	4.34805	
1.98362	5.68412	
3.55375	4.41715	
2.01043	0.463875	
-1.56608	-1.72228	
2.35735	0.0992506	
3.32963	0.33596	
0.204941	-1.3379	
2.05293	-1.34505	
1.86522	0.855768	
0.247979	-1.24505	
-2.43925	-4.25568	
1.58934	-1.35555	
0.479197	1.80246	
-3.6428	-0.155443	
0.190435	3.43865	
-2.61301	4.74549	
-6.6969	2.52053	
-0.470408	4.72429	
-0.470407	4.72429	
2.73166	2.15897	
0.724351	0.43171	
-0.470408	4.72429	
-4.80516	1.15031	
1.15716	-0.743586	
2.16583	1.37066	
0.850974	0.77277	
-0.302567	3.66589	
-2.04224	1.44097	
0.885585	1.12524	
1.80852	1.4151	
-4.39496	2.53953	
-4.58984	1.46981	
-0.89791	0.349567	
1.25027	0.644474	
0.0734645	-1.98464	
-0.517299	0.38317	
-0.0269635	-0.34502	
-1.34394	0.857843	
-0.89791	0.349567	
2.77309	1.53129	
-1.21815	0.0179707	
-0.328922	0.628615	
2.33545	2.69336	
-0.0824175	2.18602	
5.69815	1.26795	
0.763213	3.52542	
0.289124	3.76749	
0.0188909	3.17861	
-3.38763	-2.77898	
2.577	0.21803	
0.0188909	3.1786	
1.81683	1.61803	
3.05313	-0.171732	
0.827432	-1.72801	
0.82275	-1.62645	
-1.88087	-0.322023	
0.822751	-1.62645	
1.88569	-2.70145	
0.765934	-0.852598	
1.64564	-2.62612	
0.82275	-1.62645	
0.686759	-1.20379	
-6.0305	-1.45729	
-4.20164	1.04804	
0.331412	1.19317	
1.36373	3.62509	
-0.432887	3.44474	
1.44877	0.0498396	
-0.241819	2.66437	
0.819487	0.499074	
3.80785	0.867563	
0.819487	0.499074	
0.821849	1.50778	
-2.42002	-0.168302	
0.821304	0.424466	
-0.743718	1.26318	
-1.46411	0.14715	
1.54939	0.808963	
-2.38243	-0.348897	
-1.6385	-0.0677817	
-0.743718	1.26318	
1.54939	0.808963	
1.18253	1.85299	
1.01831	-2.13549	
-3.83591	0.552173	
-5.36583	0.235165	
0.282047	2.81083	
2.19004	-0.117491	
1.93623	3.63476	
0.443669	1.72669	
0.317405	0.864686	
-1.62204	-2.7846	
-2.15191	-1.62476	
2.28844	3.97869	
1.50609	-0.0177369	
2.85443	1.9586	
-1.72189	-2.26154	
-2.65755	-2.04297	
-1.99209	-1.69191	
-1.37898	-1.61696	
-5.53892	-0.465263	
-3.79799	-2.32647	
3.15301	4.2798	
0.0460591	-0.536798	
-5.12756	-3.76969	
-2.91342	1.3693	
-5.61492	2.81691	
-6.46978	1.70254	
-5.26375	-3.65951	
-4.57335	2.47428	
-2.207	2.39733	
-4.04261	2.01006	
0.253757	-2.41646	
-0.189034	-0.629638	
-0.104592	-0.898072	
0.5937	-2.69559	
-0.756293	-0.539303	
0.391718	-1.68537	
0.362476	-2.63618	
0.316988	-4.83442	
1.69435	1.69405	
0.568111	-2.1887	
-3.95112	-0.204854	
-0.00518668	1.93647	
-5.85491	1.18051	
2.44343	2.99191	
0.592179	3.70557	
1.49608	-1.95576	
-3.47685	-0.788568	
-3.95112	-0.204854	
-0.172898	-3.36091	
-1.56719	-0.151605	
1.01831	-2.13549	
-2.34405	1.60009	
2.5566	-3.88557	
3.27493	-1.62277	
-4.85268	2.84628	
1.19154	-4.32913	
-2.2998	1.41796	
-0.181636	-0.410536	
-2.34405	1.60009	
-0.0866148	-0.366632	
-2.17456	-1.1273	
-0.750178	3.65074	
-1.32675	5.3024	
3.48062	1.33633	
-3.37824	-4.44308	
-4.46362	-1.78766	
-3.37824	-4.44308	
0.219332	1.23283	
-0.375542	3.49623	
1.25771	0.0896908	
-3.35162	3.38689	
-5.34356	4.67344	
-3.21096	3.39096	
-5.58298	3.39304	
-6.48109	2.98397	
-6.75279	4.33519	
-4.13987	3.00038	
-5.58298	3.39304	
-5.40257	4.42146	
-7.03038	3.62663	
3.38699	-0.312734	
-0.549938	1.57239	
-2.90442	-2.12147	
0.25793	5.16395	
1.14168	-1.64651	
-1.21744	-3.2896	
-2.2265	3.55885	
-2.03536	-2.79676	
-1.01049	2.42184	
1.72797	-2.46684	
-0.854235	-1.38693	
2.6935	-4.85019	
4.02033	1.43159	
-0.414419	1.9888	
-1.75181	4.25166	
-4.27814	-1.07742	
-0.0269713	-0.59296	
0.591087	4.27291	
2.46402	-2.84289	
-4.28749	-1.74463	
3.02256	-1.86185	
3.13174	-1.45067	
3.45154	-3.85734	
4.72328	-0.319399	
2.9242	-3.65253	
2.89497	-4.61079	
2.90323	0.839254	
7.33494	-0.39043	
4.66684	-0.563207	
3.84565	-4.58633	
-8.87292	1.99884	
-7.30869	0.242914	
-5.36294	-2.76057	
6.57525	0.846236	
2.26134	9.32723	
-3.44278	-9.13548	
6.129	3.38682	
5.72123	2.27334	
-4.44976	-9.7336	
6.92826	4.80058	
0.203461	2.68478	
-0.743715	1.26318	
0.272382	1.85602	
-0.743715	1.26318	
-0.743715	1.26318	
-0.549412	1.66796	
0.280136	1.2401	
0.726863	-0.465827	
-1.01267	1.66127	
3.2307	-1.8399	
1.34111	-0.665326	
2.53792	6.47484	
-0.101946	-1.13141	
2.1928	1.72045	
2.54176	-4.09004	
0.584449	-1.2414	
1.83016	2.16164	
1.38434	0.889288	
0.124938	2.92279	
0.584449	-1.2414	
0.882661	4.12671	
-0.778791	3.5665	
-4.20304	0.952237	
0.62722	1.92933	
2.82043	0.393767	
0.869306	4.04348	
3.91764	0.863439	
0.853617	4.28317	
0.270381	6.09596	
2.01133	2.46989	
0.479963	7.1095	
9.33054	0.32019	
6.1614	2.54569	
7.84981	0.490095	
-2.87204	5.7506	
7.67583	-6.87904	
-8.702	1.50297	
-4.83185	1.90478	
1.07777	-8.22424	
0.921911	-5.41895	
-5.58596	-2.23935	
-3.94051	2.24113	
1.59692	4.4246	
-3.20039	1.87404	
-3.75212	0.147825	
-3.3548	1.90868	
-4.07728	2.24506	
1.74891	3.95362	
-2.06479	0.703492	
-3.07587	-1.38794	
3.24704	2.61522	
0.0968829	2.43077	
-4.95003	-2.77305	
3.29149	2.18102	
1.40287	0.578398	
2.60074	1.45081	
-8.28876	-4.50081	
3.54174	2.37401	
0.0185205	0.239463	
-2.92662	-1.5953	
-1.65234	-0.164415	
-0.166563	4.58333	
0.0968832	2.43077	
-2.46644	-0.322393	
2.47354	1.22316	
0.096883	2.43077	
-3.22461	0.251324	
-0.148367	3.5884	
-3.22461	0.251324	
-1.24431	-0.949758	
-1.62199	0.833912	
-1.62073	0.473625	
-0.833542	1.49888	
-2.88833	0.947871	
-0.898513	2.35695	
-1.64435	2.6892	
-0.617286	2.11154	
-1.29807	1.84425	
-1.67773	2.93111	
1.97484	-1.07458	
-1.37083	2.20384	
-2.10062	0.312215	
-2.03551	-2.1132	
-2.26025	0.827516	
-1.22731	2.07689	
-0.79337	-2.20421	
-1.29807	1.84425	
-1.64742	1.02141	
-1.22731	2.07689	
1.21687	2.4937	
3.78947	1.85232	
-1.66903	-2.14746	
3.84094	5.86852	
0.991555	-0.584396	
6.43617	-1.8732	
2.16094	0.337955	
1.76792	-5.26058	
1.37323	-5.91771	
1.57704	-6.51414	
-3.20883	-6.67268	
-0.0701342	-1.37282	
-4.11605	1.9449	
-1.78435	-2.69756	
-0.764123	-3.63146	
1.82799	-3.55213	
-1.4628	-0.860629	
-1.43571	-0.741789	
1.6682	4.13512	
1.0572	-1.71537	
-0.850816	4.15666	
0.436233	-2.85462	
-2.39947	-2.08479	
-1.33419	2.5912	
-0.294572	-1.9322	
-1.23543	2.24586	
1.11788	2.82503	
-1.212	1.72348	
-0.294572	-1.9322	
-0.614742	-1.73438	
-0.292902	2.73431	
4.49347	-3.65136	
1.29295	-1.72846	
4.52715	-3.18432	
1.28096	-0.911027	
5.07658	-3.03387	
5.19762	-3.70012	
0.487481	-1.85024	
1.65991	-3.73159	
1.28096	-0.911027	
4.52715	-3.18432	
-2.82643	2.05048	
-2.06011	1.64416	
-0.757981	0.629566	
5.14017	-2.93873	
-0.386227	-3.29853	
-2.97719	1.74394	
-2.82643	2.05048	
-3.05049	1.37205	
-1.62199	0.833911	
-1.62199	0.833911	
-1.6158	2.76976	
-3.59256	1.31939	
-3.64104	-0.83071	
-3.64104	-0.83071	
-4.05403	-0.361791	
-3.14962	-0.785154	
-0.890862	1.20157	
-1.62073	0.473625	
-2.11671	-1.40321	
3.28368	0.364899	
-2.09661	-2.04158	
-1.68014	-1.98947	
-2.70902	-0.674264	
-1.62073	0.473625	
-1.37913	-1.95051	
-1.48239	-2.20522	
-1.72188	-2.26153	
-1.72188	-2.26153	
-1.72188	-2.26153	
-1.39677	-1.30294	
3.16221	-1.44294	
4.83328	-0.558257	
2.18072	-1.10119	
4.46614	-0.309935	
1.92023	-2.62208	
3.84512	-0.64112	
3.9015	-0.64442	
3.9015	-0.64442	
3.07858	-1.64665	
4.34653	-0.485248	
-0.897905	0.349565	
1.82729	-2.31433	
-0.671229	-0.586754	
-0.586581	-1.9423	
-2.19884	-2.74343	
-1.11675	0.0877901	
0.00769137	-0.347548	
-2.19884	-2.74343	
-0.500427	-1.86208	
-0.469148	-1.49071	
-1.60023	-5.48859	
-2.29791	-1.46436	
0.60317	-1.75566	
-2.2701	4.42599	
4.3794	-3.43981	
6.19051	-0.679749	
-1.11675	0.0877899	
1.04669	-4.79299	
4.37939	-3.43981	
-2.2701	4.42599	
0.443629	-2.63788	
0.133595	-2.74301	
0.217643	-2.49975	
-2.73695	-2.87099	
0.217643	-2.49975	
0.806803	-2.69696	
-0.704594	-0.996137	
-1.64434	2.68919	
-2.89662	0.862395	
-1.212	1.72348	
4.72209	-2.62714	
3.48506	-1.74874	
5.93048	-1.8306	
5.47292	-2.51007	
4.97794	-2.29363	
2.73813	-1.29614	
1.01815	-0.7039	
5.55917	-3.19889	
4.39496	-1.88037	
6.85869	-1.27901	
-0.614741	-1.73438	
-1.23937	-0.110284	
-3.43009	-0.881325	
-1.62199	0.833911	
0.436233	-2.85461	
1.50408	2.21135	
-2.7989	-3.21277	
-0.833541	1.49888	
-1.62199	0.833911	
1.50408	2.21135	
3.38894	-3.19805	
5.03361	1.90867	
-4.72639	0.0789656	
-4.35797	-5.14297	
-0.979176	-3.25161	
-1.57854	-6.44371	
-0.363487	-3.7391	
2.03379	-3.63269	
-3.39497	-1.55569	
1.19608	6.00084	
0.357988	-1.04978	
-2.7227	7.27948	
-2.85761	6.15184	
4.34569	-3.13005	
6.20938	-0.623171	
-1.02018	5.99745	
2.85129	-1.77815	
1.543	2.77266	
4.58341	0.32309	
6.36526	-4.17146	
0.870601	-1.28174	
-2.77919	-2.33413	
2.28033	3.18057	
-0.869407	-2.40465	
-0.669382	-2.63072	
-0.669382	-2.63072	
-0.5971	-2.59698	
0.987139	-2.52429	
1.23827	-2.73128	
-0.5971	-2.59698	
-3.33961	0.68378	
-0.726349	-2.5245	
3.04742	1.62511	
-0.38015	-0.145218	
-0.302837	-2.30878	
-2.0601	1.64416	
2.13343	2.98199	
-3.33961	0.68378	
-0.651936	-2.50807	
-1.62199	0.83391	
4.81707	6.85555	
-7.59963	-3.81265	
1.95161	7.51811	
2.50119	5.50215	
-6.89321	-2.84161	
5.21033	-6.02781	
4.4954	5.43404	
4.64759	6.99606	
2.58659	5.4534	
4.59377	5.15718	
-3.42776	0.160138	
0.63956	2.66904	
-0.155542	2.27536	
-3.40256	-0.101229	
0.673709	3.08716	
-4.76043	-3.95137	
-1.61659	-2.68648	
0.725698	0.502832	
-1.24431	-0.949757	
-1.10855	2.59567	
4.05584	-4.11931	
3.35434	-2.25253	
4.2512	-2.5544	
3.81898	-0.78391	
7.60543	-1.57202	
4.59125	-0.786206	
-0.760162	0.740936	
5.47329	-1.42453	
3.40549	-3.06887	
4.40525	-2.39492	
1.59197	-1.69599	
-0.85931	1.68257	
-4.16632	-0.0808944	
-0.85931	1.68257	
2.39532	0.85154	
-0.85931	1.68257	
1.70284	-4.33725	
-1.39294	2.65134	
-0.85931	1.68257	
1.6747	-0.152064	
4.33545	3.60869	
3.06095	2.31423	
2.96202	0.217554	
4.56536	3.04548	
3.07093	1.46439	
4.40745	3.47029	
3.07093	1.46439	
-2.79334	1.93415	
0.955572	-2.84368	
0.553924	-4.28364	
1.59197	-1.69599	
1.83806	-1.61149	
2.61181	-1.50645	
1.59197	-1.69599	
1.88163	-0.994948	
2.32556	-1.26286	
2.32556	-1.26286	
2.23532	-1.78716	
0.955573	-2.84369	
2.05291	-1.34504	
1.53139	1.78806	
-2.48736	-1.81895	
3.35494	-2.01264	
1.1901	1.24848	
4.73709	0.126097	
-1.71404	-1.03004	
3.12049	0.0616968	
1.28095	-0.911024	
-2.94486	-2.53775	
1.35083	1.90619	
-2.80525	1.03599	
0.93896	-2.57543	
1.33625	-2.72179	
0.147399	-3.48508	
-0.704591	-0.996133	
1.23827	-2.73127	
-0.802799	-0.568681	
1.14243	-2.89633	
-2.22886	0.387539	
0.604203	-1.67831	
-2.23549	-1.53433	
-1.97324	-3.08602	
0.285271	-1.50487	
-0.79337	-2.20421	
-1.96773	-5.7002	
-1.59284	-0.968782	
-2.51456	-2.84884	
-2.14614	-1.39594	
-1.30309	-4.30049	
1.59197	-1.69599	
6.72815	-2.37948	
-0.645846	-6.74816	
5.48164	-0.492465	
4.34568	-3.13004	
7.0696	-3.43769	
-5.55195	1.61367	
6.3772	-4.61842	
6.17201	-4.42292	
-1.58054	5.51758	
-6.93418	-1.73441	
-2.34405	1.60008	
-3.34022	-0.529967	
-1.54777	1.11583	
-0.886961	-0.744355	
-2.63154	-0.246236	
-2.34405	1.60008	
-2.34405	1.60008	
-1.48407	0.930803	
-3.61649	-0.667546	
-3.5671	-0.925013	
0.367182	-1.96965	
5.23839	-3.94223	
1.25056	-3.49966	
4.72208	-2.62714	
-1.76203	4.151	
1.15742	-2.31087	
0.367182	-1.96965	
2.21288	-1.29931	
6.85265	-2.10204	
5.29839	-3.03022	
0.931774	-0.877502	
0.931774	-0.877503	
-1.62198	0.833907	
-1.62198	0.833908	
-2.36208	0.908167	
-0.423517	3.1069	
-2.73442	1.83551	
1.06577	2.91343	
-1.62198	0.833908	
-1.62198	0.833908	
1.45804	-7.01572	
-2.52922	-1.90467	
3.37495	-3.23671	
5.1227	3.13703	
-2.12548	-5.69878	
6.01535	-1.38676	
0.923997	-5.81938	
-2.58105	4.70588	
2.37852	-2.1126	
-1.80603	-4.99989	
0.724843	2.151	
-2.13325	-2.50067	
-2.22886	0.387539	
-0.859311	1.68257	
-2.06099	-3.59677	
-0.157634	3.22401	
-0.890859	1.20157	
-2.1007	-1.0142	
-1.62039	-1.00359	
-2.18752	1.1125	
6.89865	-1.26508	
-0.897904	0.349565	
4.25741	-0.895849	
5.58075	3.99658	
6.71493	2.82738	
1.0632	-3.27638	
3.77093	-0.44219	
4.31043	-3.53741	
1.14647	-4.99882	
-1.13234	-6.34648	
-3.82546	-5.53153	
4.19291	-0.775543	
-5.12104	-0.541177	
5.62127	0.0195402	
4.02231	-0.0360038	
-6.67906	-0.278915	
-3.50315	-5.37694	
3.80968	-0.553062	
-3.78753	-4.7128	
2.85229	-0.246326	
2.18685	-3.79928	
-0.757981	0.629566	
-0.651934	-2.50806	
4.05307	-2.35638	
4.42198	-2.54245	
3.72369	-2.18173	
3.51382	-2.18889	
-0.760163	0.740937	
2.97181	-1.7646	
3.39892	-1.88148	
4.60288	0.252049	
-2.7989	-3.21277	
6.23374	-0.948881	
2.5412	2.52249	
4.65957	0.0802546	
-2.34649	-1.74571	
-2.95256	-4.21061	
3.03764	5.1143	
-1.18223	5.92641	
1.97829	1.54066	
-1.64742	1.02141	
1.61739	-1.22952	
2.00819	-1.19269	
-1.64742	1.02141	
1.59268	-1.06193	
1.61739	-1.22952	
2.30113	-1.08024	
2.00819	-1.19269	
1.40608	-1.43073	
2.00819	-1.19269	
7.74763	2.88884	
-0.107406	9.0517	
8.65715	6.15749	
-5.66144	8.43178	
-5.34303	-7.70292	
8.25017	4.24549	
-3.9908	9.03067	
10.5744	-4.371	
9.12744	6.75512	
-4.64563	9.1322	
-2.17722	-0.45107	
-2.80923	-2.6521	
-1.74619	2.76506	
-1.02571	1.76567	
-0.903139	1.10737	
3.12812	1.23703	
-2.14056	0.416865	
-1.74564	-3.83626	
-1.52131	-3.95567	
0.911384	-2.85476	
3.45117	-3.43149	
3.82838	-2.02773	
-0.585758	4.21539	
0.85518	-0.924413	
1.28095	-0.911023	
4.5517	-3.61637	
0.181768	-1.69597	
-0.809934	4.67725	
4.85444	-2.70246	
0.933099	-1.46619	
3.55687	0.349699	
0.146026	3.89874	
-3.01061	1.50666	
-2.50191	1.15098	
-3.01061	1.50666	
-2.523	1.19159	
3.58131	0.638733	
-1.0923	3.10506	
-4.02827	-1.6917	
0.146026	3.89874	
-0.979177	-3.25161	
-2.79078	5.16316	
-0.924561	-4.02723	
-1.25798	-0.15633	
-0.517295	0.383167	
4.2512	-2.5544	
4.96698	-3.25016	
-1.90019	-5.78218	
5.02019	-4.07588	
0.758291	-0.751242	
0.584929	-1.30178	
-0.836598	-4.76065	
0.33941	-0.208674	
0.0512288	-2.82555	
-0.676211	-0.381587	
-2.22886	0.387539	
-0.159184	-2.65639	
0.406582	1.85638	
0.0247229	-3.78909	
-0.630775	-4.50144	
0.429363	-2.1184	
-1.39558	2.20109	
0.692313	-1.49773	
-1.72874	3.76642	
-0.241024	-1.51498	
1.63683	-4.30711	
0.339002	-2.79734	
-4.83019	0.339645	
-0.241023	-1.51498	
0.82977	-2.00309	
-0.322994	-1.43786	
0.619012	-0.688491	
-0.756285	-0.539296	
-1.78137	-2.35088	
-0.37562	-0.0782726	
0.481535	3.1931	
0.524507	-2.86061	
-0.726345	-2.52448	
0.00249818	3.41059	
-0.569103	-0.31933	
0.978415	1.5919	
1.15715	-0.743579	
-3.44965	2.55859	
-0.614739	-1.73438	
-2.59587	2.0988	
1.17213	1.71802	
-2.73113	2.15293	
-1.54776	1.11582	
-2.59587	2.0988	
1.22109	-2.94045	
-2.11694	1.31653	
-3.22885	-0.0383195	
-0.714412	2.34449	
-1.37615	0.70026	
-2.11694	1.31653	
-2.00456	1.57981	
-0.714413	2.34449	
-1.64742	1.02141	
-0.617282	2.11153	
-1.64742	1.02141	
3.37356	-2.31475	
2.02363	-2.01028	
2.16938	-1.95705	
0.282178	-1.32159	
-0.408491	-1.43358	
-0.0276967	-0.759733	
-0.0276966	-0.759733	
-0.0276967	-0.759733	
0.656941	-0.749078	
2.00819	-1.19269	
2.53122	-0.225535	
3.44317	0.964618	
-0.890859	1.20156	
4.766	-0.984968	
3.03864	-2.39546	
-1.39101	5.75108	
-0.42428	1.07892	
1.17251	0.585911	
2.02363	-2.01028	
-1.25798	-0.156329	
-3.75541	-5.19229	
-4.1421	-5.29282	
3.46938	5.68566	
1.13919	-5.65437	
-4.08891	-5.3262	
1.4275	-5.87484	
2.57052	2.88888	
-5.43987	-5.25737	
3.26309	5.887	
0.273155	-1.65967	
-2.82643	2.05047	
0.683848	3.79288	
2.6118	-1.50644	
-0.352638	-0.884463	
3.19627	2.12256	
-0.0985856	-2.26513	
3.16711	2.01691	
-3.33601	-2.63273	
-4.07076	0.0876146	
-0.0800672	-0.975813	
5.20185	-2.28542	
1.14002	-3.0819	
3.07858	-1.64665	
4.7188	-2.13721	
3.96208	-1.84568	
2.56293	-1.73576	
3.58809	-1.50245	
3.83493	-1.69507	
3.18271	-1.40952	
2.85129	-1.77816	
0.31609	-0.55026	
1.24586	-0.68382	
-1.92002	0.966576	
-2.52364	1.62176	
0.31609	-0.55026	
-2.00456	1.57981	
-2.52364	1.62176	
0.31609	-0.55026	
0.31609	-0.55026	
1.83806	-1.61149	
1.88162	-0.994943	
0.479301	-0.263574	
-0.371855	-0.101561	
1.88162	-0.994943	
1.13142	-0.615929	
-0.67621	-0.381587	
2.21288	-1.29931	
0.619013	-0.688492	
1.15715	-0.743579	
-0.380149	-0.145217	
2.57052	2.88888	
-2.0601	1.64415	
-2.0422	1.44095	
-0.569103	-0.31933	
-2.91458	-3.19093	
2.95598	1.78493	
-0.796413	2.1593	
-1.98859	0.786074	
-0.898509	2.35694	
-2.0601	1.64415	
-2.10062	0.312214	
-2.22886	0.387539	
-2.10062	0.312214	
-1.21199	1.72347	
-0.621146	-1.56707	
-0.886959	-0.744352	
-2.31199	1.25282	
-0.623039	-1.10532	
-0.946132	-0.748432	
-2.18752	1.1125	
-2.9134	1.3693	
-2.0422	1.44095	
-4.12054	-0.419935	
-2.9134	1.3693	
-0.952523	2.47535	
-2.43444	1.02606	
-0.617282	2.11153	
-1.67771	2.93109	
-2.43444	1.02606	
-2.9134	1.3693	
-1.3055	2.87669	
-1.50308	-3.21055	
0.436232	-2.85459	
-2.26024	0.827513	
0.436232	-2.85459	
-0.103453	-3.42536	
0.687253	1.27475	
2.27159	-2.12742	
0.687252	1.27474	
-4.10036	-0.472384	
1.14971	0.346645	
-1.23746	-5.55991	
4.6675	-0.711178	
-1.14555	-4.89897	
0.272881	-1.7592	
0.455311	-1.41792	
-0.0355313	5.67977	
3.35433	-2.25252	
3.43803	-3.00211	
3.43612	-2.20044	
1.85019	-2.14524	
5.18952	-2.76806	
-1.7542	-6.11251	
2.11388	-2.72494	
5.18952	-2.76806	
4.9235	4.92322	
-1.69141	-5.52766	
1.85019	-2.14524	
4.92609	-2.44807	
-1.29313	-6.72311	
-0.542792	1.65018	
-0.569103	-0.31933	
-2.22885	0.387539	
-1.62073	0.473624	
-0.890859	1.20157	
-0.492321	-2.06584	
-0.0269638	-0.345016	
-0.569103	-0.31933	
0.722259	-1.85584	
-2.01855	0.268943	
-5.79771	0.507364	
-0.651931	-2.50805	
-0.019755	3.03074	
2.26129	-3.66523	
-1.01912	-4.44001	
-0.386225	-3.2985	
-2.33596	-2.38363	
-0.651931	-2.50805	
-2.1803	-2.38205	
-0.497355	-5.01064	
1.59197	-1.69599	
-1.01266	1.66126	
-2.3479	-2.50767	
2.4246	1.75128	
2.49905	1.71643	
-1.64742	1.02141	
1.83807	-1.61149	
-0.830323	2.54406	
0.488021	1.80677	
1.46941	-1.11361	
-3.63639	-0.536699	
-1.47456	0.629451	
-0.208828	-3.38191	
-2.8369	0.517437	
3.32978	0.232912	
-3.95108	-0.204848	
-1.74619	2.76506	
-2.29978	1.41795	
-2.70911	-0.638343	
-2.8369	0.517438	
-2.12617	4.88575	
1.55901	-4.06845	
-0.898507	2.35694	
3.59716	-1.6086	
4.19621	-0.644357	
-0.189739	5.10583	
0.868288	-1.78759	
-0.330883	1.63781	
2.70442	2.60282	
-1.98859	0.786075	
3.28053	1.7013	
3.33546	1.89246	
-3.97796	0.970331	
2.00585	3.39713	
3.65993	0.298478	
-4.12605	0.354387	
-4.08692	0.202442	
-4.18154	0.53767	
3.34104	1.96024	
-1.39817	-2.88302	
-0.00489661	-0.56114	
2.53122	-0.225533	
-2.0601	1.64415	
-2.72599	0.717919	
0.143306	-0.138008	
0.00769078	-0.347545	
2.53122	-0.225533	
2.60393	-0.550812	
-1.11674	0.0877921	
-1.98859	0.786075	
1.74228	-1.70145	
1.38525	-0.861528	
-2.17945	0.0331241	
4.42198	-2.54245	
1.28095	-0.911022	
2.01201	-2.81368	
2.11388	-2.72494	
-1.99856	1.3344	
-1.89117	4.09442	
0.758291	-0.751242	
-2.89031	0.692012	
-1.22625	2.75667	
-4.57492	2.229	
-0.116813	-1.92224	
-1.33418	2.59119	
-2.26024	0.827514	
-0.597097	-2.59697	
-3.00054	1.60681	
-0.290412	-3.10526	
-2.89031	0.692012	
-2.85323	-2.80714	
-1.23542	2.24585	
-1.62073	0.473624	
-1.62073	0.473624	
-1.23542	2.24585	
0.738345	-3.23128	
-0.859309	1.68257	
-1.23542	2.24585	
-1.38516	0.471801	
-1.62073	0.473624	
6.93737	-1.64413	
2.97181	-1.7646	
6.45173	-1.66199	
6.87394	-1.5944	
-0.793368	-2.2042	
4.85417	-2.18404	
5.04286	-3.69166	
5.63406	-3.40989	
6.57184	-0.909524	
5.25346	-2.6493	
-0.701567	0.543553	
2.08864	-3.17644	
-1.728	-6.00132	
2.07853	-3.82923	
1.23991	-4.97326	
2.07853	-3.82924	
4.69104	1.76963	
-3.24185	1.55463	
-0.75798	0.629566	
-0.241024	-1.51497	
-2.64633	1.3446	
4.25119	-2.55439	
4.12348	-2.24486	
-0.302837	-2.30878	
-0.897902	0.349565	
-0.75798	0.629566	
-0.290104	-1.18883	
-3.28876	1.20982	
0.025406	0.52959	
-2.70063	-5.98497	
6.33351	-3.08939	
-1.36836	-5.38319	
-1.36836	-5.38319	
4.53001	-2.34143	
3.16188	-2.21392	
-3.21801	-5.24909	
-0.324618	-4.32491	
-0.294572	-1.9322	
-0.784397	-3.6934	
4.67681	-2.90675	
5.34675	0.0924682	
-3.83034	2.56712	
-3.40689	2.07125	
-6.2971	0.451818	
1.23884	1.63727	
0.191937	1.81825	
-3.38935	2.10362	
-3.39792	-0.943076	
-0.330482	7.31295	
-0.20248	6.92975	
-1.53109	-0.999916	
-0.241024	-1.51498	
6.08779	-2.52837	
1.28095	-0.911022	
-0.302837	-2.30878	
-0.492321	-2.06584	
-0.469147	-1.49071	
-0.302837	-2.30878	
-0.492321	-2.06584	
-1.41463	-1.24785	
5.24749	-2.19526	
3.58809	-1.50245	
3.59716	-1.6086	
4.67345	-0.0716681	
3.9339	-0.346207	
1.89243	1.88843	
3.30207	-1.96958	
-2.01592	4.99123	
0.300208	-3.18601	
1.63275	0.0201925	
4.25119	-2.5544	
-1.86565	-5.78329	
-4.685	-5.69304	
6.55223	2.78397	
-2.90363	-3.38221	
-2.90363	-3.38221	
3.35433	-2.25252	
6.09149	-0.975003	
5.43741	-1.3437	
-5.28398	-5.39584	
0.272382	1.85601	
-1.09944	4.60738	
-2.29088	4.77385	
-1.8632	3.69717	
-2.02619	-3.6734	
-0.634286	3.75997	
2.22049	-1.84989	
-1.78669	2.16267	
2.77419	0.0329252	
-1.57052	2.99534	
4.02965	2.43522	
0.868288	-1.78759	
1.20466	-3.96341	
0.228593	-4.25745	
-0.324618	-4.32491	
1.92314	1.36146	
4.58617	3.29318	
-5.14071	0.978075	
1.24586	-0.683817	
0.603166	-1.75564	
1.04145	9.64797	
-10.6745	-1.11888	
-8.58766	-8.20343	
4.32865	10.9835	
-11.9002	-5.86019	
-8.40755	-5.14822	
5.42517	9.35296	
2.71724	-11.9651	
7.79937	9.60138	
1.75501	-10.0865	
0.84796	-1.34354	
-0.621145	-1.56707	
-1.42882	-1.16113	
-1.68883	0.280204	
-0.40311	-3.03059	
-1.57342	-1.87001	
-0.869405	-2.40465	
-4.25532	0.257176	
-0.946131	-0.74843	
0.726839	-1.99128	
-0.103454	-3.42536	
-1.62198	0.833908	
0.0734639	-1.98462	
-0.302837	-2.30878	
-0.139129	-0.512109	
-0.748853	-0.596484	
0.294266	-2.11565	
0.593695	-2.69553	
1.23122	-0.802771	
0.84898	-3.23832	
-1.21199	1.72347	
-0.890859	1.20156	
-0.890859	1.20156	
-0.805633	-2.42095	
-0.90314	1.10737	
-0.90314	1.10737	
-1.62073	0.473623	
-0.90314	1.10737	
-0.890859	1.20156	
-0.380149	-0.145217	
-0.88475	1.67084	
-1.46223	3.07647	
0.286089	3.92642	
1.29998	3.08706	
-1.25128	2.97402	
-1.23542	2.24585	
0.0188933	3.17857	
-0.104589	-0.898067	
2.53781	0.139726	
-3.87913	0.407477	
0.400158	-1.49136	
-0.893114	-6.70515	
-0.848344	-5.89973	
0.940793	-1.89154	
0.819792	-2.02768	
2.44628	-1.88495	
2.21288	-1.29931	
2.33582	-1.99534	
1.05685	-1.26168	
2.63711	-1.2229	
-1.64742	1.02141	
-2.31199	1.25282	
-0.375619	-0.0782726	
-0.859308	1.68256	
-2.71275	2.05987	
-1.46223	3.07647	
-1.46223	3.07647	
-1.64742	1.02141	
0.152226	-0.857539	
-1.46223	3.07647	
5.298	-0.668781	
5.24661	-2.12686	
-1.14319	3.07963	
-1.99965	4.11046	
-1.33202	3.59636	
-1.25128	2.97402	
3.74086	-2.76735	
3.682	-2.99018	
2.94572	-2.34235	
-1.78812	3.58343	
-1.62198	0.833908	
-2.71275	2.05987	
-2.89661	0.862389	
-2.90942	1.67706	
-2.89661	0.862389	
-4.08691	0.202441	
-3.95376	0.624815	
0.339411	-0.208675	
-2.36206	0.908164	
-2.90942	1.67706	
-1.62072	0.473623	
-1.62072	0.473623	
-2.73442	1.83551	
-1.62072	0.473623	
-1.62072	0.473623	
-1.62198	0.833908	
-1.38516	0.471801	
-1.62072	0.473623	
-1.62073	0.473623	
-1.62073	0.473623	
3.37758	2.44458	
2.96827	6.9395	
-2.77793	-5.66896	
-1.57139	3.71009	
-1.25242	2.87579	
-2.72599	0.71792	
-1.40895	-6.34882	
-1.57139	3.71009	
-1.57139	3.71009	
1.01675	-3.79096	
-0.868007	-3.53336	
-0.883654	-3.59981	
4.34213	-1.56716	
1.19538	-5.72302	
-0.883654	-3.59981	
2.07853	-3.82924	
3.64665	-1.47411	
-0.883654	-3.59981	
1.52172	-5.87237	
1.31976	-4.94918	
-2.56329	-4.19468	
5.25346	-2.6493	
1.80827	-3.01675	
1.11425	-1.78674	
-0.771646	4.10594	
-1.50094	2.77429	
3.75565	-2.67072	
-1.00204	5.0242	
6.08248	-2.35452	
-1.78123	4.10652	
1.67134	-3.27025	
0.133596	-2.743	
-2.06441	-1.6476	
0.0512289	-2.82556	
0.133596	-2.743	
0.880112	-5.63415	
0.22834	-3.13016	
5.27776	-3.66165	
1.51733	-4.16903	
1.51733	-4.16903	
-0.748852	-0.596483	
0.0846724	-0.963113	
-0.890859	1.20156	
-1.2273	2.07688	
-1.2273	2.07688	
-2.26023	0.827512	
-1.21199	1.72347	
-1.21199	1.72347	
-1.2273	2.07688	
-0.509661	-0.41368	
0.586567	-3.13488	
3.00451	2.23911	
-1.14319	3.07963	
-1.52167	3.1016	
1.35032	-3.10704	
-0.646675	-5.05144	
1.10006	-3.1316	
0.528343	3.81093	
-0.302837	-2.30878	
1.24487	-3.08802	
2.35756	2.97057	
2.79781	2.26339	
-2.43375	-3.12376	
-0.793369	-2.2042	
2.86376	2.25936	
2.87991	1.0685	
-2.44758	-3.57857	
2.48529	3.04602	
-0.793369	-2.2042	
-3.641	-0.830707	
-0.61552	-1.01957	
-0.61552	-1.01957	
-3.5839	-2.11295	
-2.59586	2.0988	
0.524507	-2.8606	
-3.20108	-0.707341	
-0.61552	-1.01957	
-0.61552	-1.01957	
-0.238553	-0.804031	
0.147399	-3.48505	
3.37257	-0.525461	
5.96964	-1.1361	
-0.392565	5.25366	
6.07589	4.18182	
-0.131903	4.266	
-1.58214	4.18065	
8.17707	-3.01002	
-0.203868	4.75281	
-5.73775	-0.196775	
-5.66758	-0.404887	
-2.53952	-2.10647	
-2.31199	1.25282	
-0.50042	-1.86207	
0.501906	3.3282	
-2.2462	-3.62096	
-0.50042	-1.86207	
-0.918569	-2.02401	
-0.765774	-2.17559	
-0.886958	-0.744351	
-1.345	2.36632	
1.03227	3.09372	
0.64865	1.17427	
-0.0145402	3.85913	
-3.80171	-1.6749	
-3.40364	-1.73234	
-3.26095	-1.7145	
1.75874	1.1924	
2.55487	-0.146746	
0.289125	3.76746	
3.66642	0.509371	
-0.291631	0.700326	
3.3669	-1.55581	
-3.91996	0.839829	
0.861402	0.339428	
-0.291631	0.700326	
4.29363	-0.283423	
3.46427	-0.365014	
-0.701567	0.543553	
2.74891	-1.25099	
-0.0996966	0.36953	
-4.71008	-5.15045	
-0.757978	0.629565	
2.05198	-3.88564	
-1.62198	0.833908	
1.95285	-5.59579	
1.52394	-1.54001	
-1.01751	0.65032	
-1.57549	-6.07017	
-3.73016	1.86293	
2.01201	-2.81368	
1.52172	-5.87237	
3.07858	-1.64665	
4.88064	-2.99011	
-0.732528	2.3028	
4.61218	-3.39161	
4.88064	-2.99011	
4.98415	-3.20151	
5.07658	-3.03386	
1.55896	-2.48626	
1.0572	-1.71536	
-2.45341	-2.96811	
0.961569	-2.9837	
-0.603948	1.73363	
-1.98329	0.590687	
0.314477	-2.98865	
-0.603948	1.73363	
-1.98329	0.590687	
-1.64742	1.02141	
2.79804	1.99465	
-3.36491	-1.74947	
