Same community as previous or not (first number is number of bipartitions)
104	0	1	2	3	4	5	5	5	5	5	6	6	
Value of lambda: 
0	-2	30.125	62.25	94.375	126.5	158.625	190.75	255	319.25	351.375	383.5	512	
Number of communities: 
0	1	86	93	94	102	103	103	103	103	103	104	104	
Value of modularity: 
0	1.02294	-0.196766	-0.564807	-0.932453	-1.29963	-1.66609	-2.03254	-2.76543	-3.49833	-3.86477	-4.2312	-5.69692	
Community index (first column is bipartition index): 
0	0	0	0	0	0	0	0	0	0	0	0	0	
1	0	1	1	1	1	1	1	1	1	1	1	1	
2	0	2	2	2	2	2	2	2	2	2	2	2	
3	0	3	3	3	3	3	3	3	3	3	3	3	
4	0	4	4	4	4	4	4	4	4	4	4	4	
5	0	5	5	5	5	5	5	5	5	5	5	5	
6	0	75	82	83	6	6	6	6	6	6	6	6	
7	0	76	83	6	7	7	7	7	7	7	7	7	
8	0	5	6	7	8	8	8	8	8	8	8	8	
9	0	6	7	8	9	9	9	9	9	9	9	9	
10	0	10	12	13	10	10	10	10	10	10	10	10	
11	0	68	75	76	11	11	11	11	11	11	11	11	
12	0	67	8	9	12	12	12	12	12	12	12	12	
13	0	31	34	35	38	38	38	38	38	38	13	13	
14	0	7	9	10	13	13	13	13	13	13	14	14	
15	0	8	10	11	14	14	14	14	14	14	15	15	
16	0	9	11	12	15	15	15	15	15	15	16	16	
17	0	10	12	13	16	16	16	16	16	16	17	17	
18	0	11	13	14	17	17	17	17	17	17	18	18	
19	0	12	14	15	18	18	18	18	18	18	19	19	
20	0	13	15	16	19	19	19	19	19	19	20	20	
21	0	14	16	17	20	20	20	20	20	20	21	21	
22	0	15	17	18	21	21	21	21	21	21	22	22	
23	0	16	18	19	22	22	22	22	22	22	23	23	
24	0	17	19	20	23	23	23	23	23	23	24	24	
25	0	18	20	21	24	24	24	24	24	24	25	25	
26	0	19	21	22	25	25	25	25	25	25	26	26	
27	0	20	22	23	26	26	26	26	26	26	27	27	
28	0	21	23	24	27	27	27	27	27	27	28	28	
29	0	22	24	25	28	28	28	28	28	28	29	29	
30	0	83	25	26	29	29	29	29	29	29	30	30	
31	0	23	26	27	30	30	30	30	30	30	31	31	
32	0	24	27	28	31	31	31	31	31	31	32	32	
33	0	25	28	29	32	32	32	32	32	32	33	33	
34	0	26	29	30	33	33	33	33	33	33	34	34	
35	0	27	30	31	34	34	34	34	34	34	35	35	
36	0	28	31	32	35	35	35	35	35	35	36	36	
37	0	29	32	33	36	36	36	36	36	36	37	37	
38	0	30	33	34	37	37	37	37	37	37	38	38	
39	0	31	34	35	38	38	38	38	38	38	39	39	
40	0	10	12	13	39	39	39	39	39	39	40	40	
41	0	32	35	36	40	40	40	40	40	40	41	41	
42	0	33	36	37	41	41	41	41	41	41	42	42	
43	0	34	37	38	42	42	42	42	42	42	43	43	
44	0	35	38	39	43	43	43	43	43	43	44	44	
45	0	36	39	40	44	44	44	44	44	44	45	45	
46	0	37	40	41	45	45	45	45	45	45	46	46	
47	0	38	41	42	46	46	46	46	46	46	47	47	
48	0	39	42	43	47	47	47	47	47	47	48	48	
49	0	40	43	44	48	48	48	48	48	48	49	49	
50	0	10	12	13	49	49	49	49	49	49	50	50	
51	0	41	44	45	50	50	50	50	50	50	51	51	
52	0	10	12	13	51	51	51	51	51	51	52	52	
53	0	42	45	46	52	52	52	52	52	52	53	53	
54	0	43	46	47	53	53	53	53	53	53	54	54	
55	0	44	47	48	54	54	54	54	54	54	55	55	
56	0	45	48	49	55	55	55	55	55	55	56	56	
57	0	46	49	50	56	56	56	56	56	56	57	57	
58	0	60	50	51	57	57	57	57	57	57	58	58	
59	0	47	51	52	58	58	58	58	58	58	59	59	
60	0	54	52	53	59	59	59	59	59	59	60	60	
61	0	48	53	54	60	60	60	60	60	60	61	61	
62	0	49	54	55	61	61	61	61	61	61	62	62	
63	0	50	55	56	62	62	62	62	62	62	63	63	
64	0	51	56	57	63	63	63	63	63	63	64	64	
65	0	52	57	58	64	64	64	64	64	64	65	65	
66	0	53	58	59	65	65	65	65	65	65	66	66	
67	0	54	59	60	66	66	66	66	66	66	67	67	
68	0	55	60	61	67	67	67	67	67	67	68	68	
69	0	76	61	62	68	68	68	68	68	68	69	69	
70	0	56	62	63	69	69	69	69	69	69	70	70	
71	0	57	63	64	70	70	70	70	70	70	71	71	
72	0	58	64	65	71	71	71	71	71	71	72	72	
73	0	84	91	92	99	72	72	72	72	72	73	73	
74	0	59	65	66	72	73	73	73	73	73	74	74	
75	0	77	66	67	73	74	74	74	74	74	75	75	
76	0	60	67	68	74	75	75	75	75	75	76	76	
77	0	61	68	69	75	76	76	76	76	76	77	77	
78	0	62	69	70	76	77	77	77	77	77	78	78	
79	0	63	70	71	77	78	78	78	78	78	79	79	
80	0	64	71	72	78	79	79	79	79	79	80	80	
81	0	65	72	73	79	80	80	80	80	80	81	81	
82	0	66	73	74	80	81	81	81	81	81	82	82	
83	0	67	74	75	81	82	82	82	82	82	83	83	
84	0	68	75	76	82	83	83	83	83	83	84	84	
85	0	69	76	77	83	84	84	84	84	84	85	85	
86	0	70	77	78	84	85	85	85	85	85	86	86	
87	0	71	78	79	85	86	86	86	86	86	87	87	
88	0	72	79	80	86	87	87	87	87	87	88	88	
89	0	73	80	81	87	88	88	88	88	88	89	89	
90	0	74	81	82	88	89	89	89	89	89	90	90	
91	0	75	82	83	89	90	90	90	90	90	91	91	
92	0	51	83	84	90	91	91	91	91	91	92	92	
93	0	77	84	85	91	92	92	92	92	92	93	93	
94	0	78	85	86	92	93	93	93	93	93	94	94	
95	0	79	86	87	93	94	94	94	94	94	95	95	
96	0	80	87	88	94	95	95	95	95	95	96	96	
97	0	75	82	83	95	96	96	96	96	96	97	97	
98	0	81	88	89	96	97	97	97	97	97	98	98	
99	0	82	89	90	97	98	98	98	98	98	99	99	
100	0	83	90	91	98	99	99	99	99	99	100	100	
101	0	84	91	92	99	100	100	100	100	100	101	101	
102	0	85	92	93	100	101	101	101	101	101	102	102	
103	0	10	12	13	101	102	102	102	102	102	103	103	
