-7.35844	-4.03036	
-10.8436	16.7772	
-11.4501	-10.3638	
-9.1034	-5.77413	
-12.4402	-7.26394	
-7.444	-8.61319	
-13.3171	-9.87277	
-9.81479	-4.20479	
-22.0027	-0.521089	
-9.70956	15.1757	
-10.3552	-9.51	
-7.52134	18.6875	
-6.44315	-5.61756	
-8.61904	-6.57815	
-14.4126	-5.67675	
-7.03297	12.7906	
-8.89362	-6.58358	
-11.322	-5.66905	
-14.3999	18.7385	
-8.69373	-5.56665	
-11.306	-7.82994	
-3.992	-1.90827	
-12.2083	17.2456	
-19.1765	9.79459	
-7.0707	-3.69421	
-15.8994	16.3405	
-7.0707	-3.69421	
-6.09043	-9.12899	
-1.42151	-4.64828	
-8.58066	21.0649	
-6.55531	-8.06425	
-9.62448	-6.71645	
-2.72559	-11.2726	
-6.39547	2.288	
-4.12432	-9.97641	
-5.01339	2.53097	
-4.31308	9.84373	
-13.2262	-7.24653	
-10.3552	-9.51	
-7.40824	2.29525	
-12.2846	-6.70858	
-0.415653	-10.1513	
0.0752815	-1.18318	
-21.4205	8.77789	
-5.71531	-2.39176	
-23.8264	5.5847	
-8.88372	-0.447187	
-6.54873	-7.45296	
-6.99493	-6.53102	
9.61855	8.95919	
-19.0338	0.622758	
-8.27324	-11.9875	
-5.14044	-12.7056	
-9.09441	0.596028	
-15.1287	-6.28465	
-19.688	-3.51708	
-5.35271	-9.40303	
-6.25418	-8.50339	
-7.33547	-9.3586	
-5.67421	20.1664	
-5.14359	2.6844	
2.74353	-8.07124	
-5.17592	12.4024	
-22.427	4.76695	
-9.09441	0.596028	
-15.4028	17.5313	
-11.7448	-4.86229	
-23.1701	2.28457	
-9.55714	15.807	
-1.51824	-10.3222	
-6.79663	-3.86655	
-7.03753	-5.99023	
-5.9336	2.06383	
-4.42305	-1.64255	
-13.2078	-7.96185	
-6.99493	-6.53102	
-9.52219	-1.70113	
-13.6035	18.2665	
-8.61508	1.42382	
-17.6118	-6.8923	
-9.30888	-10.3408	
-9.34262	-11.251	
-10.8662	-8.90489	
-5.76945	-7.18949	
-10.3923	21.0039	
-8.91689	2.71382	
-14.1571	-6.25932	
-6.88169	0.425207	
-22.3069	9.62317	
-12.4114	19.7248	
-15.2537	-4.99822	
3.58245	-4.85822	
-8.1452	14.4874	
-10.5494	-2.91923	
-11.9558	7.43722	
-13.828	-4.88836	
-10.2333	-4.07253	
6.87753	-6.44178	
-7.0151	0.0770294	
-4.17844	9.42902	
5.29161	-6.95043	
-17.9607	14.4646	
6.22564	-5.07292	
-7.24759	5.13488	
3.94841	-7.78288	
-4.64612	9.84721	
-4.22759	8.61586	
-0.0961392	-6.68484	
-0.762364	-1.86149	
0.140724	-5.88758	
3.98694	-9.04867	
-9.5897	16.8191	
2.12641	-6.18302	
-2.61845	-9.52525	
-17.9591	12.32	
-9.4423	17.216	
2.4023	-5.26386	
-9.28381	2.12557	
-20.9406	7.44613	
-2.61845	-9.52525	
-4.17844	9.42902	
-14.1112	0.246721	
-18.856	-0.296219	
-13.3225	-5.64034	
-4.43853	0.392081	
5.59532	-5.9019	
-18.1649	13.9215	
-14.0725	-8.60844	
-17.9198	8.6067	
-10.8839	-4.97911	
0.733501	-1.0142	
-2.15909	0.236042	
-10.1658	18.7345	
-14.7304	4.05727	
-8.63252	-1.41856	
-17.9591	12.32	
-18.7063	12.5217	
-21.8334	1.39982	
3.06466	-5.00942	
-21.9276	7.03713	
-21.2443	5.49592	
-4.63933	7.68388	
-14.6934	2.71235	
3.43925	7.52516	
-18.4253	13.5685	
2.47313	-4.66782	
-18.3626	8.08079	
-17.4607	12.7177	
0.430449	5.18889	
-5.923	7.93622	
-8.77346	16.8379	
-0.413605	0.018611	
4.79754	-7.56225	
-9.60152	-6.15012	
-14.6398	-7.45804	
-20.4809	6.43898	
-10.2227	16.2996	
-17.9765	15.1944	
-16.5706	-6.42026	
-5.60293	6.81044	
-0.794209	-5.50319	
-10.1525	-7.33832	
-10.2854	19.293	
-11.1316	17.8064	
-0.733993	-8.54817	
-18.2605	8.49341	
-11.2504	-4.49072	
-2.00887	6.68588	
-17.0129	-4.71608	
-18.5477	12.8538	
6.32003	-4.13124	
7.15385	0.507197	
-8.61978	-2.52897	
-10.0852	17.4776	
-8.77346	16.8379	
-13.4988	-4.11838	
-14.7304	4.05727	
-14.2722	3.75663	
-21.4237	6.84267	
-18.6749	10.8177	
-12.0591	6.25687	
-15.672	12.0518	
-7.74458	1.94315	
-9.48824	-4.88285	
-8.44846	1.11005	
-17.4918	10.8881	
-10.6964	-3.87862	
-9.5784	14.164	
-10.0298	7.88786	
-9.0868	1.98748	
-7.03116	2.62804	
-12.1705	2.49996	
-16.4072	1.84779	
-16.7692	10.3029	
-10.89	6.37406	
-5.73969	-0.684668	
-6.19132	0.130412	
-8.10144	1.0216	
-12.1999	2.03209	
-8.10144	1.0216	
-11.3989	7.5353	
-17.3632	9.49047	
-7.74458	1.94315	
-6.51546	-2.18414	
-14.207	2.5599	
-12.2624	6.38786	
-11.6447	7.10436	
-11.5305	3.0513	
-6.95158	1.84509	
-8.78181	-4.2321	
-8.11691	1.64864	
-19.3534	11.0703	
-8.19634	2.07907	
-7.91488	1.40369	
-6.39547	2.288	
-7.74458	1.94315	
-9.10731	-4.62229	
-8.47825	2.35379	
-7.03116	2.62804	
-7.63426	0.454293	
-17.7541	10.4976	
-13.7895	-4.12535	
-8.47825	2.35379	
-10.9449	0.820567	
-16.2893	8.6583	
-9.23579	-5.11865	
-9.34919	-1.13911	
-12.6605	-2.13361	
-16.2024	-5.41327	
-5.00649	18.2837	
-9.21095	-4.43575	
-8.1542	-0.571088	
-9.28313	8.88336	
-7.74458	1.94315	
-6.1477	-6.56213	
-14.9823	8.07083	
-8.11739	0.381018	
-3.07915	1.44763	
-6.04422	0.591591	
-9.56004	13.9628	
-13.8167	0.629559	
-7.39273	1.52731	
-17.9062	10.0642	
-5.21078	-2.05824	
4.67354	-3.41076	
-16.8969	8.98675	
-14.689	7.54738	
-8.47825	2.35379	
-15.6329	9.14852	
-16.3626	11.2568	
-10.4907	1.38093	
-15.9653	11.7198	
-7.91488	1.40369	
-8.10144	1.0216	
-7.41957	3.60505	
-11.3989	7.5353	
-11.3989	7.5353	
-17.0894	11.1075	
-7.74458	1.94315	
-8.08177	-3.30134	
-16.8999	10.9228	
3.90599	-3.87924	
-17.375	11.4184	
-4.65273	1.27508	
-17.619	1.07515	
-8.47825	2.35379	
-17.9193	0.890372	
-12.9339	-2.65798	
-9.28313	8.88336	
-12.1697	6.83129	
-13.1339	3.55116	
7.36913	6.46608	
-0.470704	-0.437755	
2.65643	-7.02026	
10.3712	6.36576	
0.411581	9.26014	
1.67855	-1.08782	
-12.8275	3.74068	
8.10892	10.6589	
-1.67177	9.40249	
6.9713	8.94078	
6.9713	8.94078	
-4.36364	-11.3403	
-17.8595	3.6953	
-2.53473	2.29945	
4.68167	9.94877	
2.15602	8.51898	
4.24913	8.85834	
0.588428	-1.58903	
5.38943	9.21211	
1.65258	-2.64611	
-2.28002	2.25844	
4.12263	2.40369	
6.55629	8.54816	
-2.62258	2.9708	
-7.51667	14.5918	
-12.2869	5.83513	
4.60277	4.37755	
-2.28002	2.25844	
8.04525	4.34891	
8.09572	0.0282964	
7.19496	12.7583	
3.70471	8.78707	
2.65905	-1.90663	
8.10892	10.6589	
-1.82244	0.677364	
4.03317	9.15278	
1.94027	-1.52637	
6.54653	1.40396	
-2.51838	9.16038	
5.76665	9.43572	
-12.8453	3.4911	
8.75114	12.6449	
6.91996	7.36018	
4.6703	8.06801	
-6.50997	18.2778	
1.41705	-3.42353	
5.87379	2.55799	
5.51676	8.16179	
4.41637	9.06008	
-2.26832	9.06638	
3.45488	2.666	
-5.77195	18.9129	
0.913763	-1.54879	
0.411581	9.26014	
3.45488	2.666	
0.411581	9.26014	
-6.07401	17.7357	
-0.470704	-0.437755	
-2.28002	2.25844	
-15.424	3.3285	
4.41637	9.06008	
4.09584	9.55913	
-2.82123	3.11648	
7.67788	-0.891661	
8.92545	-0.479007	
-14.8886	3.16688	
5.39936	-4.03951	
8.02444	9.95955	
4.60277	4.37755	
-17.5675	3.22691	
0.411581	9.26014	
6.87166	9.40476	
-2.15498	9.66043	
-1.31832	8.52995	
7.82171	-4.21047	
4.44175	-5.79694	
2.63515	-2.55383	
-1.67177	9.40249	
-2.0902	1.84244	
-0.5289	1.21487	
-6.3584	18.0732	
-14.8886	3.16688	
-1.79904	3.69032	
4.87917	8.71737	
-2.53473	2.29945	
-5.71288	21.5908	
3.46834	8.25315	
-0.583522	-0.727127	
6.87341	-0.650099	
-2.79951	4.09803	
-6.09215	-2.42023	
-1.73097	6.92936	
-7.99468	-3.9434	
-1.46742	-5.47291	
-5.176	4.39282	
-2.27011	-4.74509	
-8.58971	-7.54736	
-6.48856	-3.36336	
-1.46742	-5.47291	
-8.03597	17.5879	
-6.81801	19.4131	
-5.89928	3.26122	
-6.91758	-5.21237	
-12.7837	9.18387	
-4.79104	5.26312	
-7.89042	0.64132	
-6.17718	-3.79676	
-1.61881	7.13974	
-8.33178	18.352	
-0.724476	6.63147	
-2.50815	4.66404	
-6.41722	-1.12767	
-12.3077	9.03085	
-7.15959	-2.89663	
-1.74745	-8.80677	
-1.04712	6.66708	
-1.17935	6.12049	
-2.42913	-4.49342	
-3.33266	14.2495	
-6.92233	-2.75102	
-8.99781	18.2745	
0.751323	-0.105788	
-6.88842	-2.44219	
-12.5283	5.92687	
8.2865	6.92261	
-1.44911	1.77209	
-3.2557	3.70472	
-1.99592	10.4054	
-8.65623	19.4465	
-12.2417	18.3686	
-2.79951	4.09803	
-7.57871	-4.6724	
-7.42072	-4.9966	
3.13808	9.4023	
7.51887	-2.52284	
-1.23061	6.42868	
-0.123419	1.86685	
-12.7784	10.6511	
0.319682	1.2452	
-1.49681	6.81211	
-20.3978	-1.93056	
-10.0977	10.3869	
-2.72398	17.7689	
0.762072	6.74216	
-2.90058	3.42681	
-6.41722	-1.12767	
-1.84595	17.2238	
-11.9511	8.93417	
-4.91726	5.78834	
-10.7399	12.502	
-0.426997	1.79432	
-5.27611	1.22481	
-2.6075	-3.91297	
0.145281	-0.454015	
-6.73571	-2.71702	
-1.85614	-5.22291	
-6.88184	0.095333	
-1.49681	6.81211	
-6.55507	-0.866694	
-8.19364	-6.04713	
-8.98353	17.9085	
-3.61563	6.52878	
2.52022	15.8177	
-1.2633	5.99106	
-9.37206	-7.40577	
-9.8103	-8.11337	
-10.2089	-5.08848	
-6.92233	-2.75102	
-2.47555	16.8214	
-8.29947	18.8487	
-19.064	8.53816	
-8.55804	-8.06875	
1.36908	-0.155529	
-16.2919	9.45687	
-4.17128	0.428062	
-10.4062	-4.79754	
8.70865	6.09088	
8.31413	-2.38116	
-7.54882	-5.56039	
-0.0851582	3.35328	
-3.09168	-0.13364	
-0.663537	3.40015	
-0.663537	3.40015	
-3.56953	-0.0807661	
-5.53002	2.56606	
3.21853	-3.32291	
-3.12704	0.795678	
-5.81341	3.57066	
2.34891	2.1414	
-10.0647	6.38822	
-7.80941	4.36625	
-6.47084	9.56207	
-7.31796	7.81042	
-14.063	9.30282	
-3.84687	-3.34907	
-1.09678	3.54154	
-0.26312	3.70405	
-3.76125	2.75006	
-3.56418	1.13579	
-13.5727	3.96621	
0.872659	4.0725	
-5.9336	2.06383	
-0.620272	3.69275	
-1.09678	3.54154	
-0.992366	3.78887	
-3.78518	6.1938	
-8.35196	4.08989	
-7.6793	5.55422	
-3.84687	-3.34907	
-5.11856	-2.73798	
-13.3729	4.02547	
-5.9336	2.06383	
-11.8729	-3.34477	
-8.91931	3.51585	
-5.9336	2.06383	
0.887946	3.85637	
-10.3314	2.91374	
-9.8928	6.43535	
-13.8388	3.66788	
-7.6793	5.55422	
-3.56418	1.13579	
2.31199	2.32759	
-0.620272	3.69275	
-3.56418	1.13579	
-3.56418	1.13579	
-10.0647	6.38822	
-7.21485	2.18696	
-5.91785	1.35764	
2.15678	2.4715	
-8.35196	4.08989	
-0.663537	3.40015	
-0.663537	3.40015	
-0.620272	3.69275	
-2.88947	0.217956	
-13.9034	4.46787	
-5.14359	2.6844	
-8.22637	5.10233	
-0.663537	3.40015	
-5.9336	2.06383	
-7.6793	5.55422	
0.506471	4.15695	
-0.992366	3.78887	
-7.53054	5.38843	
-1.09678	3.54154	
-9.04231	5.98795	
-3.90503	0.710068	
0.246602	6.96841	
-9.99839	8.53016	
-4.64486	0.81429	
-3.56418	1.13579	
-3.56418	1.13579	
-0.0851582	3.35328	
-11.3558	5.86462	
-8.07812	5.66208	
-5.91785	1.35764	
-5.9336	2.06383	
-8.26138	5.71381	
-7.6793	5.55422	
0.887946	3.85637	
-12.2037	-3.27063	
-5.9336	2.06383	
0.887946	3.85637	
-0.0851582	3.35328	
-3.17549	4.63575	
-5.65861	12.1203	
-7.6793	5.55422	
-3.09714	-0.435677	
0.456677	1.6689	
-12.7967	5.35473	
-14.8558	-0.435795	
-15.677	-1.25054	
-16.6257	0.772598	
-0.117781	0.620618	
-10.936	3.31834	
-14.9897	-0.00401356	
-12.6365	2.73323	
-9.84232	2.66051	
-12.8594	1.32944	
-16.1867	0.525535	
-15.6756	-2.10984	
-11.2181	4.56282	
-15.9804	-0.845218	
-12.9494	2.65219	
3.68874	-1.9382	
-10.936	3.31834	
-14.0644	3.23991	
-12.8594	1.32944	
-12.8594	1.32944	
-13.2002	1.72689	
2.98139	-0.868695	
-8.07063	16.5938	
-14.8558	-0.435795	
-7.3625	6.66296	
-15.764	1.39891	
-16.5935	-1.04085	
-13.6916	2.48767	
-14.2685	-1.65386	
-16.4259	2.48133	
-12.8594	1.32944	
-13.6622	1.01044	
-14.9485	0.889543	
-4.45271	4.9672	
-13.5621	3.51452	
-8.50977	4.44411	
-18.4933	-4.59593	
-7.13549	6.1357	
-12.1769	-4.20606	
-12.8594	1.32944	
-17.1811	-3.6637	
-7.13549	6.1357	
-12.8384	2.1235	
4.5701	-4.75484	
-16.8629	2.37975	
-5.86311	5.28938	
-14.8558	-0.435795	
-12.8594	1.32944	
-16.1867	0.525535	
-4.67799	6.18522	
-8.50977	4.44411	
-14.2161	4.3656	
-4.14911	7.00095	
-13.2965	2.82287	
-10.936	3.31834	
-12.6365	2.73323	
-10.936	3.31834	
-10.8407	4.3177	
-10.936	3.31834	
-18.0764	5.01193	
-16.0762	0.813259	
-4.1414	6.08591	
-7.10134	6.8034	
-4.97953	6.45761	
-12.9494	2.65219	
-17.9071	-1.00633	
-12.9494	2.65219	
-16.068	1.2849	
-11.1452	3.63242	
-12.8594	1.32944	
-8.33422	4.97463	
-15.6603	0.284858	
-11.2181	4.56282	
-8.47498	-3.89339	
-8.11595	-4.42011	
-13.2965	2.82287	
-16.1867	0.525535	
-10.936	3.31834	
-13.0705	-6.34263	
-12.8594	1.32944	
-16.068	1.2849	
-13.2002	1.72689	
-9.02302	-3.70458	
-14.9897	-0.00401356	
-15.6603	0.284858	
-15.6603	0.284858	
-12.5359	1.63625	
-8.04026	5.08735	
-7.67264	-2.35177	
-10.936	3.31834	
-10.1522	6.98237	
-1.66858	-3.18089	
-20.5261	10.2666	
0.141367	4.51101	
-1.00432	-2.22756	
-9.14027	2.95669	
0.882144	-2.04636	
0.976774	-5.66879	
-1.18403	-3.22995	
0.193489	-8.46679	
-0.0850805	-1.88984	
-0.834593	-4.36706	
-1.14083	-3.58012	
1.62524	-10.4562	
-1.81676	-3.94216	
-3.33943	-1.18645	
-5.4711	0.0740597	
1.05589	-2.63844	
0.690829	-7.52983	
0.0699352	-2.72748	
-0.366947	-2.89549	
0.159398	4.70535	
-1.00432	-2.22756	
0.585217	-9.21302	
1.08428	-3.22991	
-0.184091	-2.29449	
-0.0795023	-4.42481	
-0.0921833	-5.07206	
0.45588	-4.36424	
-12.0708	-8.56888	
-3.61646	0.60856	
-1.14083	-3.58012	
0.529224	-2.52238	
2.23961	-4.10727	
-0.188279	-2.53223	
-4.23238	13.9537	
-1.48191	-2.56588	
0.0920945	-3.84435	
-0.843927	-3.5958	
0.45588	-4.36424	
0.760202	-4.99948	
-0.188279	-2.53223	
-0.0795023	-4.42481	
-1.48191	-2.56588	
-8.86136	-9.16262	
-11.5602	-6.88567	
-3.61646	0.60856	
-0.366947	-2.89549	
-1.14083	-3.58012	
-0.0891131	-3.55334	
-1.18403	-3.22995	
2.77196	1.73434	
-0.0795023	-4.42481	
-7.516	4.45717	
1.68179	-1.94913	
-3.41383	-0.47829	
-1.63752	-3.61825	
3.67965	-6.1911	
-12.6269	-5.78702	
0.855044	-3.63827	
-1.14083	-3.58012	
7.19388	14.0129	
1.3429	-4.61174	
-3.52161	-1.43931	
-2.15305	-2.46617	
-11.3902	-6.60706	
-1.18403	-3.22995	
-0.0795023	-4.42481	
0.529224	-2.52238	
-0.493865	-1.57147	
8.34246	8.31497	
-12.796	0.484892	
1.58092	-9.32011	
2.47062	-3.8331	
-19.8593	-0.458747	
0.969619	-6.57351	
-20.3657	11.641	
3.08972	-5.82069	
0.969619	-6.57351	
-0.32466	-1.47235	
0.529224	-2.52238	
-11.1903	-7.32351	
-3.61646	0.60856	
-1.80084	-3.73286	
1.14527	-2.36989	
0.437737	-3.18063	
-0.902025	-2.56078	
-8.64727	3.44029	
0.275368	-11.3821	
0.0873838	-1.72403	
0.370392	-1.93441	
-3.4502	5.75102	
-7.34131	1.05227	
-3.17549	4.63575	
-4.89193	4.90389	
-4.50916	2.72667	
-4.47672	4.25697	
-4.24677	5.23092	
-4.50916	2.72667	
-4.89193	4.90389	
-4.61114	-0.234538	
-4.50916	2.72667	
-3.17549	4.63575	
-8.80503	8.9762	
-3.7001	4.73567	
-4.89193	4.90389	
-4.61114	-0.234538	
-3.98327	5.26786	
-4.89193	4.90389	
-4.61114	-0.234538	
-4.50916	2.72667	
-4.50916	2.72667	
-4.76148	10.875	
-4.61114	-0.234538	
-4.47182	1.63472	
-9.05703	10.1344	
-3.7001	4.73567	
-4.89193	4.90389	
-9.05703	10.1344	
-3.7458	5.16991	
-3.17549	4.63575	
-3.7458	5.16991	
-4.61114	-0.234538	
-5.00374	3.22022	
-3.17549	4.63575	
-3.7001	4.73567	
-0.142187	1.24992	
-4.47672	4.25697	
-4.71431	0.102019	
-4.79941	5.47305	
-4.50916	2.72667	
-3.17549	4.63575	
-3.40704	5.97349	
-8.9258	14.2508	
-3.60058	10.0889	
-4.64162	4.63884	
-4.47672	4.25697	
-5.63774	5.09698	
-4.61114	-0.234538	
-4.61114	-0.234538	
-3.17549	4.63575	
-4.89193	4.90389	
-8.9774	11.7195	
-4.50916	2.72667	
-4.47672	4.25697	
-0.36641	2.897	
-4.89193	4.90389	
-3.7458	5.16991	
-6.59423	-0.507882	
-4.50916	2.72667	
-3.17549	4.63575	
-9.43763	9.52326	
-5.19469	-0.639581	
-4.89193	4.90389	
-5.18749	0.0542987	
-3.17549	4.63575	
-8.80503	8.9762	
-8.6081	11.7131	
-3.7458	5.16991	
-3.87168	4.50136	
-4.08505	5.50263	
-5.35291	-0.349764	
-4.61114	-0.234538	
-4.61114	-0.234538	
-5.36639	5.25913	
-4.47672	4.25697	
-4.50916	2.72667	
-4.61114	-0.234538	
-8.77402	9.96496	
-4.09664	10.7518	
-4.47672	4.25697	
-4.50916	2.72667	
-3.7458	5.16991	
-4.28411	10.3962	
-4.47672	4.25697	
-5.57208	4.81427	
-8.77402	9.96496	
-9.05703	10.1344	
-4.89193	4.90389	
-3.7001	4.73567	
-3.17549	4.63575	
-2.60731	1.9752	
-16.8392	-2.29371	
-1.85955	6.0535	
-12.1845	1.10241	
-17.0678	-0.264055	
0.411581	9.26014	
-14.318	-2.82146	
1.78786	7.91867	
-13.9859	10.4697	
-17.1826	7.71884	
-16.7769	8.2601	
-15.7223	3.97686	
1.3504	9.04508	
-13.3704	1.08675	
1.15942	-0.713733	
-11.6139	1.54925	
4.98271	10.8078	
-19.4802	7.34863	
5.20586	11.6206	
-1.28307	9.24057	
-2.88947	0.217956	
-19.1913	6.68524	
-2.76548	2.70245	
-2.75497	1.74044	
-18.8191	2.32222	
-7.15689	17.0823	
-0.915223	-6.43429	
-17.1239	4.14505	
-3.31191	18.2552	
-15.7223	3.97686	
-4.72187	-2.23608	
-7.42104	4.61604	
5.98919	10.7929	
-17.0678	-0.264055	
-10.473	2.48479	
-3.59892	10.5794	
-3.12924	2.44769	
-3.67123	12.9986	
-2.65101	0.947637	
-13.8294	13.4063	
-15.8996	2.87598	
-0.542099	9.55722	
-16.8989	-1.51317	
-21.8882	3.56254	
1.1686	9.67861	
0.362099	-0.736948	
-2.60731	1.9752	
-11.9754	-5.75104	
-16.8047	7.07632	
-17.0678	-0.264055	
-2.5945	0.178596	
-9.51114	3.13827	
-19.6157	6.34285	
-2.4823	9.74597	
-0.23155	9.45286	
2.48838	8.03016	
-18.9332	3.34611	
-13.4791	1.57545	
5.32669	10.3333	
-0.542099	9.55722	
-15.6266	2.55796	
-18.9332	3.34611	
-12.1372	1.43754	
-11.6139	1.54925	
-17.0703	4.62697	
6.29593	11.1997	
-1.74754	1.04726	
-6.23514	14.1063	
-4.50183	15.4786	
-10.7026	-6.57076	
-15.1165	8.82329	
-0.542099	9.55722	
-7.33474	17.6877	
-2.78618	2.08117	
-18.6133	6.97947	
-5.17032	15.276	
-4.54821	12.4748	
-7.18088	20.0741	
2.96412	8.67885	
-11.6139	1.54925	
-1.85955	6.0535	
-20.2154	5.11432	
4.21721	-1.58204	
-1.11308	9.26567	
-13.4791	1.57545	
2.67129	8.34407	
-3.25505	20.7272	
-6.56189	17.0191	
-18.1211	0.222068	
-17.6894	7.3382	
-7.79196	2.6173	
3.21927	-1.58537	
-3.02303	7.29176	
5.78511	-2.10265	
-15.2912	4.52898	
-8.19634	2.07907	
-13.9878	2.88024	
2.36261	-1.59127	
4.93611	-1.79608	
-17.878	-3.23802	
-2.69662	8.53314	
-17.4301	2.31238	
-17.1509	1.39657	
2.15113	-2.49702	
-5.95721	0.946715	
-16.2897	7.61631	
-12.3206	3.22209	
-10.4584	6.58549	
-17.6609	1.90877	
-10.8713	5.6802	
-2.18606	-2.95662	
-7.85654	3.84843	
1.4081	-4.0991	
1.38508	-1.65957	
5.69009	-2.59123	
-6.74093	3.53887	
6.28756	-1.89345	
-12.5421	3.46629	
-11.066	4.93312	
-17.9836	2.55362	
1.68026	-7.86872	
-8.70587	1.87886	
1.86184	-3.21093	
-6.74093	3.53887	
-8.16446	4.04646	
-12.2139	3.96894	
-12.1654	3.63576	
0.578228	7.54634	
-12	2.96906	
2.56416	6.62797	
-11.266	6.09431	
-10.8713	5.6802	
-7.97653	4.54766	
-19.7523	4.00367	
-11.9559	3.22023	
-5.71004	0.257678	
4.25577	-2.62911	
-20.2106	3.48005	
-12.2139	3.96894	
5.69009	-2.59123	
-7.71956	4.1577	
-2.50332	8.54834	
-11.5988	11.4185	
5.30492	-2.77401	
2.65191	-3.17306	
-11.9559	3.22023	
-12.3206	3.22209	
5.7239	-1.50727	
-12	2.96906	
-16.2997	-2.95457	
-7.40795	2.99669	
-4.23897	-1.34864	
-17.1834	1.82524	
-1.92761	9.10368	
-10.4733	2.12064	
-7.40795	2.99669	
4.93611	-1.79608	
3.31436	-2.46617	
-11.326	3.89719	
-8.70587	1.87886	
-11.326	3.89719	
-10.8536	7.14826	
3.07565	-3.92729	
2.21053	6.68369	
-10.8713	5.6802	
-15.4624	-3.92044	
-15.2912	4.52898	
5.86246	-0.78006	
-20.8773	2.81215	
-19.7161	2.16072	
-11.9559	3.22023	
-17.6881	-2.5741	
3.87081	-2.65121	
-12	2.96906	
-11.8022	0.857935	
-8.98317	5.10076	
-11.1435	6.10156	
1.58879	-5.21907	
-8.19634	2.07907	
-10.8184	5.47257	
-2.79161	7.75503	
-11.4401	13.1128	
-8.96803	7.41694	
-11.6646	0.397938	
-9.33847	8.02453	
-11.2407	-0.645414	
-9.2565	1.22335	
-5.50449	5.82929	
-9.7719	8.58369	
-2.16143	4.11185	
-11.1721	13.5922	
4.13375	0.0199261	
-9.0695	0.925151	
-7.74458	1.94315	
-6.43913	5.9304	
-6.43913	5.9304	
-15.7234	-8.55786	
-16.7155	3.11837	
-5.50449	5.82929	
-9.09441	0.596028	
-9.00336	1.56852	
-3.16773	2.74851	
-5.84143	5.87901	
-9.2565	1.22335	
-9.2565	1.22335	
0.479874	1.00503	
-11.5011	0.600073	
-5.84143	5.87901	
-18.5581	1.55984	
-18.8338	5.46389	
-9.0695	0.925151	
-10.4059	7.45583	
-2.44787	4.08752	
-6.50674	6.82313	
-10.0023	7.61545	
-9.2565	1.22335	
-5.50449	5.82929	
-19.128	4.83033	
-6.43913	5.9304	
-2.85083	4.55187	
-5.74148	5.53617	
-2.79161	7.75503	
-2.99229	7.89683	
-2.80361	3.69955	
-9.63821	7.69142	
-10.2658	8.45125	
-2.55606	7.64614	
-9.2565	1.22335	
-9.33847	8.02453	
-2.79161	7.75503	
-6.44877	5.62422	
-5.84143	5.87901	
-5.50449	5.82929	
-9.0695	0.925151	
-5.50449	5.82929	
-5.84143	5.87901	
-7.84123	2.88873	
-9.2565	1.22335	
-10.7601	13.0034	
-9.9856	2.29357	
-2.55606	7.64614	
-5.36428	5.52196	
-7.98597	-5.02533	
-6.44877	5.62422	
-19.0154	5.15595	
-9.0695	0.925151	
-9.2565	1.22335	
-9.63821	7.69142	
-11.6646	0.397938	
-6.43913	5.9304	
-4.63933	7.68388	
-6.50674	6.82313	
-1.60787	4.03139	
-11.3023	0.417489	
-5.50449	5.82929	
-7.84123	2.88873	
-10.2502	2.46585	
-6.43913	5.9304	
-6.61269	6.55202	
-8.38397	-4.99252	
-10.4733	2.12064	
-5.91275	6.35498	
-5.84143	5.87901	
-4.44097	7.48026	
-9.09441	0.596028	
-6.60751	6.21974	
-5.50449	5.82929	
-1.60787	4.03139	
-3.98265	5.95396	
-5.84143	5.87901	
-1.06263	4.60741	
-6.95158	1.84509	
-5.49918	1.9965	
-9.82723	4.0812	
-9.52789	2.68043	
0.0371316	2.2737	
-3.34308	2.14143	
-14.7319	1.65932	
-14.7537	2.10079	
-5.49918	1.9965	
-8.10144	1.0216	
-5.49918	1.9965	
-9.85288	3.37667	
-0.621536	4.14837	
-3.34308	2.14143	
-6.95158	1.84509	
-9.20006	3.92192	
-0.241527	6.79096	
-14.7319	1.65932	
-5.81341	3.57066	
-4.7071	1.83723	
-10.5451	6.88399	
0.0965656	3.18703	
-13.257	4.46184	
-4.56475	2.36677	
-6.95158	1.84509	
-5.49918	1.9965	
-5.49918	1.9965	
-3.64429	1.40198	
2.38675	-0.853582	
-5.49918	1.9965	
-8.8203	3.75423	
-1.71541	5.77928	
1.15767	0.40532	
-1.85913	4.29759	
-9.20006	3.92192	
0.0371316	2.2737	
-6.95158	1.84509	
-7.42523	0.552218	
3.50033	-0.798525	
-0.457734	5.15779	
-5.49918	1.9965	
-5.91785	1.35764	
-11.7994	4.41372	
-9.10378	4.27918	
-5.49918	1.9965	
-5.91785	1.35764	
-1.46978	5.21799	
-10.2587	3.83009	
1.00706	2.54026	
-14.375	0.63817	
-9.20006	3.92192	
0.0626676	0.127471	
-3.47984	2.38257	
0.808293	4.74103	
-5.93208	4.58551	
-9.50131	4.03978	
-5.91785	1.35764	
-1.46978	5.21799	
-9.85288	3.37667	
-1.46978	5.21799	
-5.97023	2.58421	
-10.9575	2.58464	
-5.73969	-0.684668	
0.483896	0.61756	
-5.49918	1.9965	
-3.34308	2.14143	
-11.4627	9.31971	
-6.95158	1.84509	
0.0337425	5.32412	
-5.26084	0.494667	
-5.49918	1.9965	
-5.49918	1.9965	
1.03179	0.748912	
-10.2587	3.83009	
-4.7071	1.83723	
-5.49918	1.9965	
-9.09084	4.53065	
-1.46978	5.21799	
-5.49918	1.9965	
-3.0002	0.628652	
-1.56298	4.83284	
-5.49918	1.9965	
-5.91785	1.35764	
-4.7071	1.83723	
-14.2404	1.16056	
-4.96739	-1.4712	
-9.3364	-0.0772016	
-3.34308	2.14143	
-4.7071	1.83723	
-6.20078	7.62046	
-4.47672	4.25697	
-9.28313	8.88336	
-7.56233	8.85909	
-7.10134	6.8034	
-8.25892	9.75662	
-4.64162	4.63884	
-8.42568	10.2744	
-8.8943	7.93287	
-8.43314	12.6411	
-9.71457	10.0131	
-8.40003	11.5782	
-4.47672	4.25697	
-4.47672	4.25697	
-9.55087	6.79519	
-9.28313	8.88336	
-6.04883	8.17264	
-7.31796	7.81042	
-4.30131	3.90923	
-7.31796	7.81042	
-8.34677	8.9594	
-7.67701	12.7082	
-9.43661	12.9246	
-9.28313	8.88336	
-6.00744	10.7298	
-6.64481	8.67383	
-5.48142	5.00313	
-6.96675	8.8113	
-9.14056	6.97486	
-9.28313	8.88336	
-9.14056	6.97486	
-8.46682	7.91155	
-8.61492	15.151	
-8.93731	9.60784	
-9.28313	8.88336	
-8.37221	12.3233	
-6.85205	5.1786	
-18.211	6.0532	
-6.96675	8.8113	
-9.41011	10.1514	
-8.25892	9.75662	
-7.31796	7.81042	
-8.43314	12.6411	
-9.2829	12.453	
-7.33478	7.33938	
-8.47825	2.35379	
-7.34131	1.05227	
-9.28313	8.88336	
-7.56233	8.85909	
-9.14056	6.97486	
-4.64162	4.63884	
-4.64162	4.63884	
-4.30131	3.90923	
-6.81578	13.9845	
-8.80503	8.9762	
-6.35488	8.13824	
-7.63951	-7.24444	
-8.34677	8.9594	
-6.96675	8.8113	
-7.34131	1.05227	
-8.10354	12.7641	
-8.80503	8.9762	
-9.80177	13.003	
-3.85523	0.0527085	
-4.64162	4.63884	
-7.71929	13.473	
-7.57624	11.7029	
-8.47825	2.35379	
-9.44741	12.6917	
-7.31796	7.81042	
-8.80503	8.9762	
-8.61492	15.151	
-7.90993	12.4286	
-8.46682	7.91155	
-8.34677	8.9594	
-6.24929	3.17496	
-4.30131	3.90923	
-3.87168	4.50136	
-8.80503	8.9762	
-10.2934	-5.8995	
-4.30131	3.90923	
-8.37221	12.3233	
-4.30131	3.90923	
-7.57768	-3.37984	
-9.14056	6.97486	
-6.18914	7.44693	
-6.96675	8.8113	
-7.57837	13.6574	
-4.64162	4.63884	
-6.47084	9.56207	
-13.5078	9.24642	
-13.5841	7.25894	
-13.9277	7.97314	
-13.5841	7.25894	
-8.46682	7.91155	
-13.5841	7.25894	
-9.33847	8.02453	
-15.1017	5.47716	
-14.3303	6.45032	
-14.253	5.53287	
-10.563	3.03252	
-9.7719	8.58369	
-11.8825	8.55263	
-8.34623	8.47193	
-14.253	5.53287	
-13.5841	7.25894	
-10.9251	7.65612	
-15.6975	6.32365	
-15.6975	6.32365	
-2.34076	3.85986	
-15.3453	7.26767	
-12.2309	9.3886	
-13.9277	7.97314	
-13.5841	7.25894	
-2.85083	4.55187	
-13.5841	7.25894	
-12.5941	8.25775	
-9.33847	8.02453	
-9.33847	8.02453	
-13.7211	5.14859	
-9.33847	8.02453	
-14.253	5.53287	
-12.9567	6.85388	
-11.8825	8.55263	
-14.6619	5.15161	
-12.7899	7.5608	
-14.4511	6.0714	
-11.5324	8.07951	
-12.7899	7.5608	
-12.7899	7.5608	
-9.33847	8.02453	
-5.58145	12.9026	
-9.33847	8.02453	
-12.605	4.30013	
-11.8825	8.55263	
-10.9658	8.44188	
-9.33847	8.02453	
-13.7766	4.14603	
-12.7899	7.5608	
-12.5034	7.85484	
-11.7877	6.9808	
-10.992	8.20221	
-10.9342	6.73248	
-11.3419	8.87409	
-13.2765	8.60277	
-12.7711	8.63873	
-13.8357	4.93839	
-12.7899	7.5608	
-12.7473	4.76099	
-13.5841	7.25894	
-17.6686	6.58752	
-15.3353	6.05522	
-14.5002	4.57787	
-15.6825	7.49627	
-13.5841	7.25894	
-15.6551	8.3799	
-12.5941	8.25775	
-13.5841	7.25894	
-12.9567	6.85388	
-12.7899	7.5608	
0.958816	1.26395	
-12.7899	7.5608	
-9.33847	8.02453	
-11.3766	3.2588	
-11.4612	6.77523	
-1.42996	4.01075	
-11.9526	9.77783	
-10.3953	8.62499	
-11.8825	8.55263	
-11.5324	8.07951	
-8.46682	7.91155	
-13.2965	2.82287	
-14.098	8.73041	
-14.253	5.53287	
-12.5941	8.25775	
-11.8825	8.55263	
-12.9567	6.85388	
-14.253	5.53287	
1.04066	1.59914	
-13.2461	5.817	
-9.83829	10.8217	
-9.83829	10.8217	
-5.05473	7.76491	
-5.32897	3.89923	
-8.80723	9.29067	
-5.05473	7.76491	
-7.56233	8.85909	
-4.97953	6.45761	
-4.0103	8.3046	
-7.03116	2.62804	
-5.05473	7.76491	
-5.88702	8.9374	
-5.05473	7.76491	
-5.05473	7.76491	
-6.62514	13.4095	
-6.64481	8.67383	
-6.95623	7.75095	
-8.04405	3.31926	
-7.03379	8.44709	
-6.78159	15.6743	
-5.05473	7.76491	
-6.977	1.32472	
-0.986452	9.60546	
-5.41198	7.58299	
-6.95623	7.75095	
-4.97953	6.45761	
-5.05473	7.76491	
-7.65763	7.97988	
-10.6413	10.1325	
-6.23979	8.72866	
-5.59096	7.35044	
-6.977	1.32472	
-6.01365	9.44036	
-5.46617	10.0568	
-8.36127	2.96283	
-2.76628	6.48985	
-5.19099	6.23347	
-6.96675	8.8113	
-5.28565	8.68446	
-6.45987	5.40981	
-6.46242	10.5965	
-10.9325	10.8883	
-9.83829	10.8217	
-5.6559	3.1689	
-6.23979	8.72866	
-6.75402	5.55089	
-7.42523	0.552218	
-6.01365	9.44036	
-4.75522	9.19244	
-8.15402	-1.46281	
-5.05473	7.76491	
-6.95623	7.75095	
-5.05473	7.76491	
-8.74727	0.422494	
-5.88702	8.9374	
-5.10149	7.03326	
-5.88702	8.9374	
-10.8227	10.423	
-7.57832	3.30573	
-6.23979	8.72866	
-6.01365	9.44036	
-4.38856	7.99089	
-4.38856	7.99089	
-5.05473	7.76491	
-10.5508	10.8381	
-5.06395	3.79513	
-5.75069	10.1752	
-8.34677	8.9594	
-6.95623	7.75095	
-5.05473	7.76491	
-6.23979	8.72866	
-2.03105	4.74813	
-1.97028	4.93761	
-5.18887	3.58042	
-5.75069	10.1752	
-8.03077	10.0085	
-6.24929	3.17496	
-6.25377	-1.96014	
-4.97953	6.45761	
-6.01365	9.44036	
-6.23979	8.72866	
-3.64804	9.18559	
-5.05473	7.76491	
-6.23979	8.72866	
-4.38856	7.99089	
-8.34623	8.47193	
-5.75069	10.1752	
-5.05473	7.76491	
-7.56233	8.85909	
-10.2308	9.83075	
-4.82758	-4.29617	
-4.76736	8.83912	
-14.1023	1.88848	
-11.9265	4.69429	
-7.34448	-2.14283	
-2.38546	11.5004	
-5.11342	8.85622	
-4.50025	-3.10521	
-6.95623	7.75095	
1.25622	4.87744	
-4.61114	-0.234538	
-3.63408	4.2796	
-6.45895	4.96316	
-4.0767	-8.58411	
-5.3629	-4.50605	
-0.407037	4.59429	
-6.48039	12.486	
-5.92409	6.76242	
-4.56475	2.36677	
-5.05473	7.76491	
-4.3476	5.63947	
-12.8872	-3.35317	
-6.47084	9.56207	
-4.17347	16.0569	
-2.61495	10.9836	
-6.07595	-0.767433	
-6.74216	-4.43397	
-3.29208	12.5575	
-3.63408	4.2796	
-7.02493	9.76752	
-13.7872	-2.56372	
-12.9622	5.75213	
-4.08643	11.8374	
-5.10149	7.03326	
-9.66613	1.879	
-7.05833	0.917968	
4.3467	11.8148	
-9.94087	1.25256	
-4.15314	6.49446	
-6.01365	9.44036	
-4.38137	6.05315	
-6.70187	14.8765	
-1.54511	0.229507	
-9.124	-3.09697	
-5.49285	4.41144	
-4.39184	-5.97109	
-6.01365	9.44036	
-6.01365	9.44036	
-6.54159	-1.51472	
-4.97948	-4.84835	
-7.05833	0.917968	
-9.00336	1.56852	
-2.38546	11.5004	
-5.11342	8.85622	
-6.19705	9.86875	
-4.35665	16.4122	
-12.135	4.99443	
-17.1606	5.36702	
-5.32455	9.45854	
-4.25313	-5.42424	
-4.64486	0.81429	
-3.67772	-4.04244	
-13.8085	-3.07201	
-5.83049	-1.57721	
-12.0168	5.32008	
-6.17171	14.3908	
-3.82886	11.6158	
-8.20676	-2.27201	
-7.02493	9.76752	
-11.2428	2.0825	
-5.29237	-1.79271	
-11.7886	6.35301	
-6.70187	14.8765	
-1.75868	9.88092	
-12.0168	5.32008	
-4.29815	5.37778	
-6.78923	9.58846	
-6.78923	9.58846	
-6.78923	9.58846	
4.61215	0.694263	
-7.99156	-2.006	
-7.68192	1.19695	
-7.61851	7.2208	
-5.66839	-3.41372	
-8.72198	-3.15903	
-9.9841	14.6147	
-6.54159	-1.51472	
-9.66613	1.879	
-4.56475	2.36677	
4.09274	1.13928	
1.40311	3.31826	
-5.3151	-6.13876	
4.96522	2.34253	
-1.63391	18.2104	
2.48829	3.53	
-1.29961	2.92906	
-15.8599	14.7347	
3.98497	5.54416	
-2.07503	-6.09442	
-6.56599	11.6153	
-2.27792	12.7203	
-0.869658	19.0883	
3.32855	3.52539	
1.8859	4.67306	
5.32482	3.9139	
2.48829	3.53	
2.74963	3.78459	
-6.56599	11.6153	
-13.1248	16.314	
1.40938	6.52163	
-13.7998	15.0744	
-7.58365	9.97443	
1.87257	3.7752	
3.31438	15.7581	
2.38377	5.26817	
2.48829	3.53	
-13.9603	14.7072	
-2.99145	5.92397	
3.47822	3.9331	
2.65765	4.4264	
-6.56599	11.6153	
-7.58365	9.97443	
3.32855	3.52539	
5.49391	5.40235	
-7.58365	9.97443	
-13.7998	15.0744	
5.14417	13.291	
2.75452	5.92865	
-2.95251	4.96415	
1.8859	4.67306	
3.52903	4.6709	
5.92903	4.02091	
-8.03453	7.85252	
5.7556	4.40602	
-1.76472	8.71947	
-1.47157	7.91318	
5.7115	4.81894	
-0.698323	18.0573	
6.50987	3.9841	
-7.58365	9.97443	
-3.5035	6.8999	
3.32855	3.52539	
1.40311	3.31826	
4.64011	2.91663	
1.8859	4.67306	
-13.3455	16.0388	
5.22804	12.7883	
2.75452	5.92865	
-1.82853	8.41703	
-3.09615	-6.25239	
-6.56599	11.6153	
-6.56599	11.6153	
-2.2425	3.27457	
4.84786	5.1989	
3.32855	3.52539	
-2.9351	5.5457	
-7.58365	9.97443	
4.10581	3.76422	
-2.63654	-6.68382	
2.65765	4.4264	
-3.19892	6.77353	
4.63457	3.30063	
7.06645	4.77586	
3.52903	4.6709	
-7.58365	9.97443	
2.48829	3.53	
4.63457	3.30063	
2.48829	3.53	
-6.56599	11.6153	
4.09144	4.8506	
1.8859	4.67306	
-13.7363	15.4836	
4.25159	3.24778	
-6.56599	11.6153	
-7.58365	9.97443	
-2.66096	-5.76822	
2.48829	3.53	
2.48829	3.53	
2.48829	3.53	
-7.58365	9.97443	
-9.34919	-1.13911	
-8.44846	1.11005	
-10.0625	-0.826994	
-13.6408	-2.13159	
-9.91524	2.9307	
-12.2823	0.593132	
-10.0625	-0.826994	
-11.0735	2.31796	
-9.85378	-2.05686	
-10.6704	-1.08498	
-11.2558	1.18713	
-10.3681	-0.202937	
-9.76224	1.14039	
-10.3473	9.21465	
-9.32582	-1.97083	
-10.893	-0.14568	
-9.80698	0.40583	
-10.2587	3.83009	
-10.2807	-2.40992	
-9.80698	0.40583	
4.88095	-0.285927	
-10.0625	-0.826994	
-9.34176	-2.84475	
-10.0625	-0.826994	
-7.79196	2.6173	
-2.42167	7.93074	
-10.4916	0.612158	
-11.6062	-3.45927	
-10.3681	-0.202937	
-11.0475	-1.67673	
-9.80698	0.40583	
-11.4516	-2.69871	
-7.05806	-10.6606	
-7.68304	-0.408433	
-9.76224	1.14039	
-6.04422	0.591591	
-12.5959	-2.72268	
-9.62457	-2.71249	
-7.21485	2.18696	
-20.3105	1.03551	
-11.2588	-2.97923	
-9.80698	0.40583	
5.18205	0.103269	
-9.80698	0.40583	
-10.383	-1.42795	
-5.71168	-10.701	
-17.8901	4.27274	
-10.9463	2.13306	
-11.6197	2.44338	
-10.0625	-0.826994	
-10.893	-0.14568	
-13.3162	-2.38121	
-9.19485	3.3368	
-11.4427	-1.18216	
-9.80698	0.40583	
-9.80698	0.40583	
-8.19634	2.07907	
-9.80698	0.40583	
-13.8639	-1.42334	
-8.4357	-0.755177	
-8.88378	-1.92479	
-7.68304	-0.408433	
-9.85598	-1.14232	
-7.74458	1.94315	
-11.4762	-2.01176	
-10.2587	3.83009	
-11.0475	-1.67673	
-10.0625	-0.826994	
-7.74458	1.94315	
-7.68304	-0.408433	
-10.9136	-2.23291	
-9.34919	-1.13911	
-11.4762	-2.01176	
-11.2588	-2.97923	
-10.0625	-0.826994	
-10.4907	1.38093	
-10.0178	-1.78474	
-16.2142	6.52249	
-10.0625	-0.826994	
-9.56422	0.842404	
-10.3473	9.21465	
-6.73026	-1.05048	
-12.1776	0.221939	
-12.1971	-1.62479	
-13.9642	-0.968186	
4.49761	-0.895529	
-12.2077	-2.57894	
-10.0625	-0.826994	
-9.80698	0.40583	
-9.80698	0.40583	
-2.67135	13.259	
2.18766	13.7166	
-2.82846	15.1542	
-2.69136	10.416	
-8.97794	5.41865	
-3.07059	9.78203	
-2.40677	5.74611	
-2.98391	10.1423	
1.75351	13.5308	
1.09551	16.3012	
2.86236	15.0268	
-2.83764	13.8305	
-2.15729	6.04427	
-12.9153	-4.55182	
-14.9338	-3.51857	
-8.31618	5.46118	
-1.69075	13.6171	
-2.98391	10.1423	
2.18766	13.7166	
-4.31608	1.77066	
-0.720074	12.2724	
0.0753477	12.4497	
-1.69075	13.6171	
0.402757	7.39593	
-8.06007	7.01904	
1.75965	16.4974	
4.57684	14.5562	
3.13927	13.8186	
-3.55868	13.6127	
-1.68263	11.5835	
1.19706	15.0514	
-3.31425	13.8101	
-15.4137	-3.17692	
-7.65763	7.97988	
-2.40677	5.74611	
-1.69075	13.6171	
-1.69075	13.6171	
0.887538	7.65659	
-7.83251	6.5736	
-5.2354	17.0671	
-0.779921	12.7666	
0.420679	9.58518	
-2.54511	19.1219	
3.13927	13.8186	
-5.45129	-5.66342	
-0.641051	13.2132	
-8.77012	5.43717	
2.18766	13.7166	
-2.34757	13.8517	
3.0323	13.0283	
-7.91748	9.00721	
-14.3032	-4.26966	
1.61283	14.228	
-3.26839	9.07155	
3.41699	14.4841	
-0.779921	12.7666	
-8.417	13.8775	
-1.69075	13.6171	
-1.5509	12.6444	
-2.93099	9.16751	
-6.98315	2.96945	
-3.52802	14.821	
-4.52709	-2.68207	
-4.6856	13.0804	
-8.03453	7.85252	
-0.779921	12.7666	
-8.48621	4.74129	
-7.90067	-0.986669	
-6.0815	13.0375	
0.336301	13.0186	
1.19706	15.0514	
-3.15255	14.3687	
-0.903551	14.5961	
-1.5509	12.6444	
-8.69045	5.76566	
-4.41273	-2.15826	
-20.0517	8.41848	
-1.52609	14.3152	
-9.92205	-3.47868	
-5.73025	-5.30172	
-9.92205	-3.47868	
2.18766	13.7166	
-0.720074	12.2724	
-3.26839	9.07155	
-5.82262	-5.0184	
-2.77899	12.9411	
2.33914	13.3093	
-4.02885	19.3403	
-13.73	-0.223317	
-15.1656	11.3928	
-9.34143	5.43913	
-3.10115	-0.87126	
-9.86399	5.01986	
-5.97023	2.58421	
6.54407	11.6977	
-8.82083	10.7996	
-4.31172	3.53108	
-4.11585	11.0591	
-4.69258	10.3964	
-5.21591	14.5242	
-6.95158	1.84509	
-7.03116	2.62804	
-4.89679	13.8239	
-0.239712	8.25542	
-9.93948	4.42937	
-9.86399	5.01986	
-5.15478	11.4547	
-4.11585	11.0591	
-9.90649	5.81038	
-7.40795	2.99669	
-8.46682	7.91155	
-7.03116	2.62804	
-9.60664	5.98119	
-4.39623	-1.0675	
-12.6396	11.0777	
-6.85059	3.39313	
-8.64757	7.38946	
-8.67058	0.0522926	
-5.97023	2.58421	
-8.82083	10.7996	
-10.3625	4.90502	
-9.81686	5.42235	
-0.239712	8.25542	
-12.6284	-0.0805084	
-8.46682	7.91155	
-12.6396	11.0777	
-6.89319	-1.91166	
-4.04172	10.536	
-8.5949	7.09778	
-5.97023	2.58421	
-0.239712	8.25542	
-12.3228	10.6615	
-5.15478	11.4547	
-9.05603	3.12548	
-8.46682	7.91155	
-8.8943	7.93287	
-8.82083	10.7996	
-8.98377	13.3244	
-7.92485	15.7439	
-0.112579	7.80665	
-11.8216	10.9933	
-8.68539	10.3043	
-9.93948	4.42937	
-6.11553	1.8009	
-13.2058	0.239961	
-9.66877	5.26141	
-9.93948	4.42937	
-10.3625	4.90502	
-6.24929	3.17496	
-9.60664	5.98119	
-0.112579	7.80665	
-9.12843	10.7227	
-5.15478	11.4547	
-8.82083	10.7996	
-4.11585	11.0591	
-7.06426	10.9646	
-6.24929	3.17496	
-5.15478	11.4547	
-8.67058	0.0522926	
-7.03116	2.62804	
-10.556	5.18094	
-7.03116	2.62804	
-11.9265	10.4439	
-0.518686	8.64063	
-5.34725	13.7434	
-4.11585	11.0591	
-14.6966	12.4065	
-8.46682	7.91155	
-7.03116	2.62804	
-11.2357	9.4303	
-13.815	11.1164	
-8.46682	7.91155	
-0.518686	8.64063	
-18.8235	-1.81077	
-7.40795	2.99669	
-5.25523	13.2559	
-11.9265	10.4439	
-5.10765	11.1124	
-9.86399	5.01986	
-8.68539	10.3043	
-3.63408	4.2796	
-0.622189	11.4618	
-0.997381	10.8627	
-8.03077	10.0085	
-7.08582	10.2426	
-1.22123	2.18104	
-1.01261	0.231863	
-7.97907	10.4577	
-1.00984	5.33092	
-1.75762	2.28297	
1.45988	1.9703	
-2.21476	1.1384	
0.482499	2.53859	
-2.11798	2.77847	
-14.2454	11.1147	
-2.11798	2.77847	
-3.17549	4.63575	
-1.00984	5.33092	
-7.56958	4.80586	
-0.512504	5.79054	
-1.82609	5.41557	
-12.5901	11.8722	
2.06324	-0.145561	
-0.622189	11.4618	
-8.46682	7.91155	
0.63234	13.1188	
-1.46978	5.21799	
0.718722	3.457	
3.00419	0.719445	
-2.40677	5.74611	
-0.512504	5.79054	
2.34929	10.2502	
-3.21522	3.4768	
-13.0907	14.4719	
-12.282	11.5654	
-4.01146	17.6881	
1.42847	10.6662	
-0.512504	5.79054	
0.15118	11.6145	
2.34929	10.2502	
-11.7852	11.2779	
-13.4066	10.0947	
-3.25421	8.22268	
-3.47523	7.81454	
-1.00984	5.33092	
-0.691745	7.31087	
-0.622189	11.4618	
3.1036	1.22267	
-1.06904	2.78335	
0.718722	3.457	
-0.622189	11.4618	
2.34929	10.2502	
2.48752	9.37192	
-9.6005	11.2092	
-1.22123	2.18104	
-3.8671	3.9566	
2.62449	0.500354	
-11.7944	9.13408	
1.56433	2.81532	
-2.9351	5.5457	
-7.81028	10.9203	
-1.75331	2.75748	
-2.18252	1.57244	
0.117432	4.0719	
-0.622189	11.4618	
-1.22123	2.18104	
-1.77437	1.60691	
-8.0079	7.51223	
-11.3373	9.97802	
-1.46978	5.21799	
-11.9526	9.77783	
-7.81028	10.9203	
-4.82499	6.76869	
-0.997381	10.8627	
-0.622189	11.4618	
-12.7476	9.78071	
1.67959	8.54346	
-3.58528	3.10633	
-1.74477	3.11894	
0.482499	2.53859	
-2.40677	5.74611	
-0.382873	12.6138	
-2.34076	3.85986	
-0.512504	5.79054	
-0.512504	5.79054	
-2.83561	6.25169	
-2.0549	10.9617	
4.23782	13.7783	
-1.82609	5.41557	
1.25494	5.98694	
-5.94362	4.36588	
-1.41978	-0.067018	
-0.641051	13.2132	
0.80386	17.7038	
3.13785	-0.0279622	
-3.35995	11.0595	
0.762696	6.22705	
-13.4136	12.2291	
-7.28308	-0.942643	
-1.00984	5.33092	
-0.641051	13.2132	
5.8486	3.1613	
-16.5757	13.7291	
-1.12245	15.6609	
3.23666	6.65804	
4.99255	6.4153	
-6.49212	4.32533	
-12.5329	-1.80875	
5.35838	7.13785	
-3.93502	7.00174	
-11.4545	12.5532	
2.18766	13.7166	
-12.7379	12.4949	
-8.48621	4.74129	
0.404281	7.14862	
-1.30953	13.7552	
-9.93221	12.0602	
-6.49212	4.32533	
-2.41128	14.8455	
-7.58605	6.25772	
0.818589	15.1436	
-12.2423	13.1008	
-9.93221	12.0602	
-5.41313	16.3155	
-13.345	11.5166	
-1.43639	11.4726	
-10.5084	12.0474	
2.46156	12.8345	
-0.29686	14.2097	
1.72298	1.19626	
-4.88536	17.6804	
-7.24015	4.24994	
-3.53667	7.43077	
-14.4918	8.84305	
2.10734	1.72747	
3.54141	11.3261	
-7.03343	3.86091	
1.40429	14.3524	
6.40313	0.46544	
-16.4477	12.4852	
3.55125	6.39924	
3.12163	12.3597	
-6.47225	2.79372	
-11.4545	12.5532	
-0.414757	14.9886	
2.29187	14.6004	
-10.6976	14.663	
2.56121	11.857	
-15.4467	9.82639	
-6.58381	3.89539	
1.19706	15.0514	
-0.29686	14.2097	
0.718258	5.65813	
-3.20069	11.3842	
-10.159	11.3213	
-15.4467	9.82639	
-10.71	11.6208	
1.50224	7.23027	
-6.39547	2.288	
-3.20184	12.0486	
3.31305	12.0559	
-0.99103	8.09455	
2.82387	-0.0743153	
1.80769	12.4985	
-6.17944	4.52333	
0.198524	16.5408	
-6.91558	4.61431	
0.237917	15.9425	
2.35899	1.11459	
-10.798	11.4119	
1.86258	0.201512	
-0.707729	0.692268	
-14.5587	3.50921	
-6.49212	4.32533	
-14.8478	9.53261	
3.98497	5.54416	
0.903903	17.1182	
1.69115	0.809562	
2.30656	12.1411	
5.63015	6.40886	
-1.06263	4.60741	
-6.95158	1.84509	
-5.49918	1.9965	
-9.82723	4.0812	
-9.52789	2.68043	
0.0371316	2.2737	
-3.34308	2.14143	
-14.7319	1.65932	
-14.7537	2.10079	
-5.49918	1.9965	
-8.10144	1.0216	
-5.49918	1.9965	
-9.85288	3.37667	
-0.621536	4.14837	
-3.34308	2.14143	
-6.95158	1.84509	
-9.20006	3.92192	
-0.241527	6.79096	
-14.7319	1.65932	
-5.81341	3.57066	
-4.7071	1.83723	
-10.5451	6.88399	
0.0965656	3.18703	
-13.257	4.46184	
-4.56475	2.36677	
-6.95158	1.84509	
-5.49918	1.9965	
-5.49918	1.9965	
-3.64429	1.40198	
2.38675	-0.853582	
-5.49918	1.9965	
-8.8203	3.75423	
-1.71541	5.77928	
1.15767	0.40532	
-1.85913	4.29759	
-9.20006	3.92192	
0.0371316	2.2737	
-6.95158	1.84509	
-7.42523	0.552218	
3.50033	-0.798525	
-0.457734	5.15779	
-5.49918	1.9965	
-5.91785	1.35764	
-11.7994	4.41372	
-9.10378	4.27918	
-5.49918	1.9965	
-5.91785	1.35764	
-1.46978	5.21799	
-10.2587	3.83009	
1.00706	2.54026	
-14.375	0.63817	
-9.20006	3.92192	
0.0626676	0.127471	
-3.47984	2.38257	
0.808293	4.74103	
-5.93208	4.58551	
-9.50131	4.03978	
-5.91785	1.35764	
-1.46978	5.21799	
-9.85288	3.37667	
-1.46978	5.21799	
-5.97023	2.58421	
-10.9575	2.58464	
-5.73969	-0.684668	
0.483896	0.61756	
-5.49918	1.9965	
-3.34308	2.14143	
-11.4627	9.31971	
-6.95158	1.84509	
0.0337425	5.32412	
-5.26084	0.494667	
-5.49918	1.9965	
-5.49918	1.9965	
1.03179	0.748912	
-10.2587	3.83009	
-4.7071	1.83723	
-5.49918	1.9965	
-9.09084	4.53065	
-1.46978	5.21799	
-5.49918	1.9965	
-3.0002	0.628652	
-1.56298	4.83284	
-5.49918	1.9965	
-5.91785	1.35764	
-4.7071	1.83723	
-14.2404	1.16056	
-4.96739	-1.4712	
-9.3364	-0.0772016	
-3.34308	2.14143	
-4.7071	1.83723	
-6.20078	7.62046	
-4.47672	4.25697	
-9.28313	8.88336	
-7.56233	8.85909	
-7.10134	6.8034	
-8.25892	9.75662	
-4.64162	4.63884	
-8.42568	10.2744	
-8.8943	7.93287	
-8.43314	12.6411	
-9.71457	10.0131	
-8.40003	11.5782	
-4.47672	4.25697	
-4.47672	4.25697	
-9.55087	6.79519	
-9.28313	8.88336	
-6.04883	8.17264	
-7.31796	7.81042	
-4.30131	3.90923	
-7.31796	7.81042	
-8.34677	8.9594	
-7.67701	12.7082	
-9.43661	12.9246	
-9.28313	8.88336	
-6.00744	10.7298	
-6.64481	8.67383	
-5.48142	5.00313	
-6.96675	8.8113	
-9.14056	6.97486	
-9.28313	8.88336	
-9.14056	6.97486	
-8.46682	7.91155	
-8.61492	15.151	
-8.93731	9.60784	
-9.28313	8.88336	
-8.37221	12.3233	
-6.85205	5.1786	
-18.211	6.0532	
-6.96675	8.8113	
-9.41011	10.1514	
-8.25892	9.75662	
-7.31796	7.81042	
-8.43314	12.6411	
-9.2829	12.453	
-7.33478	7.33938	
-8.47825	2.35379	
-7.34131	1.05227	
-9.28313	8.88336	
-7.56233	8.85909	
-9.14056	6.97486	
-4.64162	4.63884	
-4.64162	4.63884	
-4.30131	3.90923	
-6.81578	13.9845	
-8.80503	8.9762	
-6.35488	8.13824	
-7.63951	-7.24444	
-8.34677	8.9594	
-6.96675	8.8113	
-7.34131	1.05227	
-8.10354	12.7641	
-8.80503	8.9762	
-9.80177	13.003	
-3.85523	0.0527085	
-4.64162	4.63884	
-7.71929	13.473	
-7.57624	11.7029	
-8.47825	2.35379	
-9.44741	12.6917	
-7.31796	7.81042	
-8.80503	8.9762	
-8.61492	15.151	
-7.90993	12.4286	
-8.46682	7.91155	
-8.34677	8.9594	
-6.24929	3.17496	
-4.30131	3.90923	
-3.87168	4.50136	
-8.80503	8.9762	
-10.2934	-5.8995	
-4.30131	3.90923	
-8.37221	12.3233	
-4.30131	3.90923	
-7.57768	-3.37984	
-9.14056	6.97486	
-6.18914	7.44693	
-6.96675	8.8113	
-7.57837	13.6574	
-4.64162	4.63884	
-6.47084	9.56207	
-13.5078	9.24642	
-13.5841	7.25894	
-13.9277	7.97314	
-13.5841	7.25894	
-8.46682	7.91155	
-13.5841	7.25894	
-9.33847	8.02453	
-15.1017	5.47716	
-14.3303	6.45032	
-14.253	5.53287	
-10.563	3.03252	
-9.7719	8.58369	
-11.8825	8.55263	
-8.34623	8.47193	
-14.253	5.53287	
-13.5841	7.25894	
-10.9251	7.65612	
-15.6975	6.32365	
-15.6975	6.32365	
-2.34076	3.85986	
-15.3453	7.26767	
-12.2309	9.3886	
-13.9277	7.97314	
-13.5841	7.25894	
-2.85083	4.55187	
-13.5841	7.25894	
-12.5941	8.25775	
-9.33847	8.02453	
-9.33847	8.02453	
-13.7211	5.14859	
-9.33847	8.02453	
-14.253	5.53287	
-12.9567	6.85388	
-11.8825	8.55263	
-14.6619	5.15161	
-12.7899	7.5608	
-14.4511	6.0714	
-11.5324	8.07951	
-12.7899	7.5608	
-12.7899	7.5608	
-9.33847	8.02453	
-5.58145	12.9026	
-9.33847	8.02453	
-12.605	4.30013	
-11.8825	8.55263	
-10.9658	8.44188	
-9.33847	8.02453	
-13.7766	4.14603	
-12.7899	7.5608	
-12.5034	7.85484	
-11.7877	6.9808	
-10.992	8.20221	
-10.9342	6.73248	
-11.3419	8.87409	
-13.2765	8.60277	
-12.7711	8.63873	
-13.8357	4.93839	
-12.7899	7.5608	
-12.7473	4.76099	
-13.5841	7.25894	
-17.6686	6.58752	
-15.3353	6.05522	
-14.5002	4.57787	
-15.6825	7.49627	
-13.5841	7.25894	
-15.6551	8.3799	
-12.5941	8.25775	
-13.5841	7.25894	
-12.9567	6.85388	
-12.7899	7.5608	
0.958816	1.26395	
-12.7899	7.5608	
-9.33847	8.02453	
-11.3766	3.2588	
-11.4612	6.77523	
-1.42996	4.01075	
-11.9526	9.77783	
-10.3953	8.62499	
-11.8825	8.55263	
-11.5324	8.07951	
-8.46682	7.91155	
-13.2965	2.82287	
-14.098	8.73041	
-14.253	5.53287	
-12.5941	8.25775	
-11.8825	8.55263	
-12.9567	6.85388	
-14.253	5.53287	
1.04066	1.59914	
-13.2461	5.817	
-9.83829	10.8217	
-9.83829	10.8217	
-5.05473	7.76491	
-5.32897	3.89923	
-8.80723	9.29067	
-5.05473	7.76491	
-7.56233	8.85909	
-4.97953	6.45761	
-4.0103	8.3046	
-7.03116	2.62804	
-5.05473	7.76491	
-5.88702	8.9374	
-5.05473	7.76491	
-5.05473	7.76491	
-6.62514	13.4095	
-6.64481	8.67383	
-6.95623	7.75095	
-8.04405	3.31926	
-7.03379	8.44709	
-6.78159	15.6743	
-5.05473	7.76491	
-6.977	1.32472	
-0.986452	9.60546	
-5.41198	7.58299	
-6.95623	7.75095	
-4.97953	6.45761	
-5.05473	7.76491	
-7.65763	7.97988	
-10.6413	10.1325	
-6.23979	8.72866	
-5.59096	7.35044	
-6.977	1.32472	
-6.01365	9.44036	
-5.46617	10.0568	
-8.36127	2.96283	
-2.76628	6.48985	
-5.19099	6.23347	
-6.96675	8.8113	
-5.28565	8.68446	
-6.45987	5.40981	
-6.46242	10.5965	
-10.9325	10.8883	
-9.83829	10.8217	
-5.6559	3.1689	
-6.23979	8.72866	
-6.75402	5.55089	
-7.42523	0.552218	
-6.01365	9.44036	
-4.75522	9.19244	
-8.15402	-1.46281	
-5.05473	7.76491	
-6.95623	7.75095	
-5.05473	7.76491	
-8.74727	0.422494	
-5.88702	8.9374	
-5.10149	7.03326	
-5.88702	8.9374	
-10.8227	10.423	
-7.57832	3.30573	
-6.23979	8.72866	
-6.01365	9.44036	
-4.38856	7.99089	
-4.38856	7.99089	
-5.05473	7.76491	
-10.5508	10.8381	
-5.06395	3.79513	
-5.75069	10.1752	
-8.34677	8.9594	
-6.95623	7.75095	
-5.05473	7.76491	
-6.23979	8.72866	
-2.03105	4.74813	
-1.97028	4.93761	
-5.18887	3.58042	
-5.75069	10.1752	
-8.03077	10.0085	
-6.24929	3.17496	
-6.25377	-1.96014	
-4.97953	6.45761	
-6.01365	9.44036	
-6.23979	8.72866	
-3.64804	9.18559	
-5.05473	7.76491	
-6.23979	8.72866	
-4.38856	7.99089	
-8.34623	8.47193	
-5.75069	10.1752	
-5.05473	7.76491	
-7.56233	8.85909	
-10.2308	9.83075	
-4.82758	-4.29617	
-4.76736	8.83912	
-14.1023	1.88848	
-11.9265	4.69429	
-7.34448	-2.14283	
-2.38546	11.5004	
-5.11342	8.85622	
-4.50025	-3.10521	
-6.95623	7.75095	
1.25622	4.87744	
-4.61114	-0.234538	
-3.63408	4.2796	
-6.45895	4.96316	
-4.0767	-8.58411	
-5.3629	-4.50605	
-0.407037	4.59429	
-6.48039	12.486	
-5.92409	6.76242	
-4.56475	2.36677	
-5.05473	7.76491	
-4.3476	5.63947	
-12.8872	-3.35317	
-6.47084	9.56207	
-4.17347	16.0569	
-2.61495	10.9836	
-6.07595	-0.767433	
-6.74216	-4.43397	
-3.29208	12.5575	
-3.63408	4.2796	
-7.02493	9.76752	
-13.7872	-2.56372	
-12.9622	5.75213	
-4.08643	11.8374	
-5.10149	7.03326	
-9.66613	1.879	
-7.05833	0.917968	
4.3467	11.8148	
-9.94087	1.25256	
-4.15314	6.49446	
-6.01365	9.44036	
-4.38137	6.05315	
-6.70187	14.8765	
-1.54511	0.229507	
-9.124	-3.09697	
-5.49285	4.41144	
-4.39184	-5.97109	
-6.01365	9.44036	
-6.01365	9.44036	
-6.54159	-1.51472	
-4.97948	-4.84835	
-7.05833	0.917968	
-9.00336	1.56852	
-2.38546	11.5004	
-5.11342	8.85622	
-6.19705	9.86875	
-4.35665	16.4122	
-12.135	4.99443	
-17.1606	5.36702	
-5.32455	9.45854	
-4.25313	-5.42424	
-4.64486	0.81429	
-3.67772	-4.04244	
-13.8085	-3.07201	
-5.83049	-1.57721	
-12.0168	5.32008	
-6.17171	14.3908	
-3.82886	11.6158	
-8.20676	-2.27201	
-7.02493	9.76752	
-11.2428	2.0825	
-5.29237	-1.79271	
-11.7886	6.35301	
-6.70187	14.8765	
-1.75868	9.88092	
-12.0168	5.32008	
-4.29815	5.37778	
-6.78923	9.58846	
-6.78923	9.58846	
-6.78923	9.58846	
4.61215	0.694263	
-7.99156	-2.006	
-7.68192	1.19695	
-7.61851	7.2208	
-5.66839	-3.41372	
-8.72198	-3.15903	
-9.9841	14.6147	
-6.54159	-1.51472	
-9.66613	1.879	
-4.56475	2.36677	
4.09274	1.13928	
1.40311	3.31826	
-5.3151	-6.13876	
4.96522	2.34253	
-1.63391	18.2104	
2.48829	3.53	
-1.29961	2.92906	
-15.8599	14.7347	
3.98497	5.54416	
-2.07503	-6.09442	
-6.56599	11.6153	
-2.27792	12.7203	
-0.869658	19.0883	
3.32855	3.52539	
1.8859	4.67306	
5.32482	3.9139	
2.48829	3.53	
2.74963	3.78459	
-6.56599	11.6153	
-13.1248	16.314	
1.40938	6.52163	
-13.7998	15.0744	
-7.58365	9.97443	
1.87257	3.7752	
3.31438	15.7581	
2.38377	5.26817	
2.48829	3.53	
-13.9603	14.7072	
-2.99145	5.92397	
3.47822	3.9331	
2.65765	4.4264	
-6.56599	11.6153	
-7.58365	9.97443	
3.32855	3.52539	
5.49391	5.40235	
-7.58365	9.97443	
-13.7998	15.0744	
5.14417	13.291	
2.75452	5.92865	
-2.95251	4.96415	
1.8859	4.67306	
3.52903	4.6709	
5.92903	4.02091	
-8.03453	7.85252	
5.7556	4.40602	
-1.76472	8.71947	
-1.47157	7.91318	
5.7115	4.81894	
-0.698323	18.0573	
6.50987	3.9841	
-7.58365	9.97443	
-3.5035	6.8999	
3.32855	3.52539	
1.40311	3.31826	
4.64011	2.91663	
1.8859	4.67306	
-13.3455	16.0388	
5.22804	12.7883	
2.75452	5.92865	
-1.82853	8.41703	
-3.09615	-6.25239	
-6.56599	11.6153	
-6.56599	11.6153	
-2.2425	3.27457	
4.84786	5.1989	
3.32855	3.52539	
-2.9351	5.5457	
-7.58365	9.97443	
4.10581	3.76422	
-2.63654	-6.68382	
2.65765	4.4264	
-3.19892	6.77353	
4.63457	3.30063	
7.06645	4.77586	
3.52903	4.6709	
-7.58365	9.97443	
2.48829	3.53	
4.63457	3.30063	
2.48829	3.53	
-6.56599	11.6153	
4.09144	4.8506	
1.8859	4.67306	
-13.7363	15.4836	
4.25159	3.24778	
-6.56599	11.6153	
-7.58365	9.97443	
-2.66096	-5.76822	
2.48829	3.53	
2.48829	3.53	
2.48829	3.53	
-7.58365	9.97443	
-9.34919	-1.13911	
-8.44846	1.11005	
-10.0625	-0.826994	
-13.6408	-2.13159	
-9.91524	2.9307	
-12.2823	0.593132	
-10.0625	-0.826994	
-11.0735	2.31796	
-9.85378	-2.05686	
-10.6704	-1.08498	
-11.2558	1.18713	
-10.3681	-0.202937	
-9.76224	1.14039	
-10.3473	9.21465	
-9.32582	-1.97083	
-10.893	-0.14568	
-9.80698	0.40583	
-10.2587	3.83009	
-10.2807	-2.40992	
-9.80698	0.40583	
4.88095	-0.285927	
-10.0625	-0.826994	
-9.34176	-2.84475	
-10.0625	-0.826994	
-7.79196	2.6173	
-2.42167	7.93074	
-10.4916	0.612158	
-11.6062	-3.45927	
-10.3681	-0.202937	
-11.0475	-1.67673	
-9.80698	0.40583	
-11.4516	-2.69871	
-7.05806	-10.6606	
-7.68304	-0.408433	
-9.76224	1.14039	
-6.04422	0.591591	
-12.5959	-2.72268	
-9.62457	-2.71249	
-7.21485	2.18696	
-20.3105	1.03551	
-11.2588	-2.97923	
-9.80698	0.40583	
5.18205	0.103269	
-9.80698	0.40583	
-10.383	-1.42795	
-5.71168	-10.701	
-17.8901	4.27274	
-10.9463	2.13306	
-11.6197	2.44338	
-10.0625	-0.826994	
-10.893	-0.14568	
-13.3162	-2.38121	
-9.19485	3.3368	
-11.4427	-1.18216	
-9.80698	0.40583	
-9.80698	0.40583	
-8.19634	2.07907	
-9.80698	0.40583	
-13.8639	-1.42334	
-8.4357	-0.755177	
-8.88378	-1.92479	
-7.68304	-0.408433	
-9.85598	-1.14232	
-7.74458	1.94315	
-11.4762	-2.01176	
-10.2587	3.83009	
-11.0475	-1.67673	
-10.0625	-0.826994	
-7.74458	1.94315	
-7.68304	-0.408433	
-10.9136	-2.23291	
-9.34919	-1.13911	
-11.4762	-2.01176	
-11.2588	-2.97923	
-10.0625	-0.826994	
-10.4907	1.38093	
-10.0178	-1.78474	
-16.2142	6.52249	
-10.0625	-0.826994	
-9.56422	0.842404	
-10.3473	9.21465	
-6.73026	-1.05048	
-12.1776	0.221939	
-12.1971	-1.62479	
-13.9642	-0.968186	
4.49761	-0.895529	
-12.2077	-2.57894	
-10.0625	-0.826994	
-9.80698	0.40583	
-9.80698	0.40583	
-2.67135	13.259	
2.18766	13.7166	
-2.82846	15.1542	
-2.69136	10.416	
-8.97794	5.41865	
-3.07059	9.78203	
-2.40677	5.74611	
-2.98391	10.1423	
1.75351	13.5308	
1.09551	16.3012	
2.86236	15.0268	
-2.83764	13.8305	
-2.15729	6.04427	
-12.9153	-4.55182	
-14.9338	-3.51857	
-8.31618	5.46118	
-1.69075	13.6171	
-2.98391	10.1423	
2.18766	13.7166	
-4.31608	1.77066	
-0.720074	12.2724	
0.0753477	12.4497	
-1.69075	13.6171	
0.402757	7.39593	
-8.06007	7.01904	
1.75965	16.4974	
4.57684	14.5562	
3.13927	13.8186	
-3.55868	13.6127	
-1.68263	11.5835	
1.19706	15.0514	
-3.31425	13.8101	
-15.4137	-3.17692	
-7.65763	7.97988	
-2.40677	5.74611	
-1.69075	13.6171	
-1.69075	13.6171	
0.887538	7.65659	
-7.83251	6.5736	
-5.2354	17.0671	
-0.779921	12.7666	
0.420679	9.58518	
-2.54511	19.1219	
3.13927	13.8186	
-5.45129	-5.66342	
-0.641051	13.2132	
-8.77012	5.43717	
2.18766	13.7166	
-2.34757	13.8517	
3.0323	13.0283	
-7.91748	9.00721	
-14.3032	-4.26966	
1.61283	14.228	
-3.26839	9.07155	
3.41699	14.4841	
-0.779921	12.7666	
-8.417	13.8775	
-1.69075	13.6171	
-1.5509	12.6444	
-2.93099	9.16751	
-6.98315	2.96945	
-3.52802	14.821	
-4.52709	-2.68207	
-4.6856	13.0804	
-8.03453	7.85252	
-0.779921	12.7666	
-8.48621	4.74129	
-7.90067	-0.986669	
-6.0815	13.0375	
0.336301	13.0186	
1.19706	15.0514	
-3.15255	14.3687	
-0.903551	14.5961	
-1.5509	12.6444	
-8.69045	5.76566	
-4.41273	-2.15826	
-20.0517	8.41848	
-1.52609	14.3152	
-9.92205	-3.47868	
-5.73025	-5.30172	
-9.92205	-3.47868	
2.18766	13.7166	
-0.720074	12.2724	
-3.26839	9.07155	
-5.82262	-5.0184	
-2.77899	12.9411	
2.33914	13.3093	
-4.02885	19.3403	
-13.73	-0.223317	
-15.1656	11.3928	
-9.34143	5.43913	
-3.10115	-0.87126	
-9.86399	5.01986	
-5.97023	2.58421	
6.54407	11.6977	
-8.82083	10.7996	
-4.31172	3.53108	
-4.11585	11.0591	
-4.69258	10.3964	
-5.21591	14.5242	
-6.95158	1.84509	
-7.03116	2.62804	
-4.89679	13.8239	
-0.239712	8.25542	
-9.93948	4.42937	
-9.86399	5.01986	
-5.15478	11.4547	
-4.11585	11.0591	
-9.90649	5.81038	
-7.40795	2.99669	
-8.46682	7.91155	
-7.03116	2.62804	
-9.60664	5.98119	
-4.39623	-1.0675	
-12.6396	11.0777	
-6.85059	3.39313	
-8.64757	7.38946	
-8.67058	0.0522926	
-5.97023	2.58421	
-8.82083	10.7996	
-10.3625	4.90502	
-9.81686	5.42235	
-0.239712	8.25542	
-12.6284	-0.0805084	
-8.46682	7.91155	
-12.6396	11.0777	
-6.89319	-1.91166	
-4.04172	10.536	
-8.5949	7.09778	
-5.97023	2.58421	
-0.239712	8.25542	
-12.3228	10.6615	
-5.15478	11.4547	
-9.05603	3.12548	
-8.46682	7.91155	
-8.8943	7.93287	
-8.82083	10.7996	
-8.98377	13.3244	
-7.92485	15.7439	
-0.112579	7.80665	
-11.8216	10.9933	
-8.68539	10.3043	
-9.93948	4.42937	
-6.11553	1.8009	
-13.2058	0.239961	
-9.66877	5.26141	
-9.93948	4.42937	
-10.3625	4.90502	
-6.24929	3.17496	
-9.60664	5.98119	
-0.112579	7.80665	
-9.12843	10.7227	
-5.15478	11.4547	
-8.82083	10.7996	
-4.11585	11.0591	
-7.06426	10.9646	
-6.24929	3.17496	
-5.15478	11.4547	
-8.67058	0.0522926	
-7.03116	2.62804	
-10.556	5.18094	
-7.03116	2.62804	
-11.9265	10.4439	
-0.518686	8.64063	
-5.34725	13.7434	
-4.11585	11.0591	
-14.6966	12.4065	
-8.46682	7.91155	
-7.03116	2.62804	
-11.2357	9.4303	
-13.815	11.1164	
-8.46682	7.91155	
-0.518686	8.64063	
-18.8235	-1.81077	
-7.40795	2.99669	
-5.25523	13.2559	
-11.9265	10.4439	
-5.10765	11.1124	
-9.86399	5.01986	
-8.68539	10.3043	
-3.63408	4.2796	
-0.622189	11.4618	
-0.997381	10.8627	
-8.03077	10.0085	
-7.08582	10.2426	
-1.22123	2.18104	
-1.01261	0.231863	
-7.97907	10.4577	
-1.00984	5.33092	
-1.75762	2.28297	
1.45988	1.9703	
-2.21476	1.1384	
0.482499	2.53859	
-2.11798	2.77847	
-14.2454	11.1147	
-2.11798	2.77847	
-3.17549	4.63575	
-1.00984	5.33092	
-7.56958	4.80586	
-0.512504	5.79054	
-1.82609	5.41557	
-12.5901	11.8722	
2.06324	-0.145561	
-0.622189	11.4618	
-8.46682	7.91155	
0.63234	13.1188	
-1.46978	5.21799	
0.718722	3.457	
3.00419	0.719445	
-2.40677	5.74611	
-0.512504	5.79054	
2.34929	10.2502	
-3.21522	3.4768	
-13.0907	14.4719	
-12.282	11.5654	
-4.01146	17.6881	
1.42847	10.6662	
-0.512504	5.79054	
0.15118	11.6145	
2.34929	10.2502	
-11.7852	11.2779	
-13.4066	10.0947	
-3.25421	8.22268	
-3.47523	7.81454	
-1.00984	5.33092	
-0.691745	7.31087	
-0.622189	11.4618	
3.1036	1.22267	
-1.06904	2.78335	
0.718722	3.457	
-0.622189	11.4618	
2.34929	10.2502	
2.48752	9.37192	
-9.6005	11.2092	
-1.22123	2.18104	
-3.8671	3.9566	
2.62449	0.500354	
-11.7944	9.13408	
1.56433	2.81532	
-2.9351	5.5457	
-7.81028	10.9203	
-1.75331	2.75748	
-2.18252	1.57244	
0.117432	4.0719	
-0.622189	11.4618	
-1.22123	2.18104	
-1.77437	1.60691	
-8.0079	7.51223	
-11.3373	9.97802	
-1.46978	5.21799	
-11.9526	9.77783	
-7.81028	10.9203	
-4.82499	6.76869	
-0.997381	10.8627	
-0.622189	11.4618	
-12.7476	9.78071	
1.67959	8.54346	
-3.58528	3.10633	
-1.74477	3.11894	
0.482499	2.53859	
-2.40677	5.74611	
-0.382873	12.6138	
-2.34076	3.85986	
-0.512504	5.79054	
-0.512504	5.79054	
-2.83561	6.25169	
-2.0549	10.9617	
4.23782	13.7783	
-1.82609	5.41557	
1.25494	5.98694	
-5.94362	4.36588	
-1.41978	-0.067018	
-0.641051	13.2132	
0.80386	17.7038	
3.13785	-0.0279622	
-3.35995	11.0595	
0.762696	6.22705	
-13.4136	12.2291	
-7.28308	-0.942643	
-1.00984	5.33092	
-0.641051	13.2132	
5.8486	3.1613	
-16.5757	13.7291	
-1.12245	15.6609	
3.23666	6.65804	
4.99255	6.4153	
-6.49212	4.32533	
-12.5329	-1.80875	
5.35838	7.13785	
-3.93502	7.00174	
-11.4545	12.5532	
2.18766	13.7166	
-12.7379	12.4949	
-8.48621	4.74129	
0.404281	7.14862	
-1.30953	13.7552	
-9.93221	12.0602	
-6.49212	4.32533	
-2.41128	14.8455	
-7.58605	6.25772	
0.818589	15.1436	
-12.2423	13.1008	
-9.93221	12.0602	
-5.41313	16.3155	
-13.345	11.5166	
-1.43639	11.4726	
-10.5084	12.0474	
2.46156	12.8345	
-0.29686	14.2097	
1.72298	1.19626	
-4.88536	17.6804	
-7.24015	4.24994	
-3.53667	7.43077	
-14.4918	8.84305	
2.10734	1.72747	
3.54141	11.3261	
-7.03343	3.86091	
1.40429	14.3524	
6.40313	0.46544	
-16.4477	12.4852	
3.55125	6.39924	
3.12163	12.3597	
-6.47225	2.79372	
-11.4545	12.5532	
-0.414757	14.9886	
2.29187	14.6004	
-10.6976	14.663	
2.56121	11.857	
-15.4467	9.82639	
-6.58381	3.89539	
1.19706	15.0514	
-0.29686	14.2097	
0.718258	5.65813	
-3.20069	11.3842	
-10.159	11.3213	
-15.4467	9.82639	
-10.71	11.6208	
1.50224	7.23027	
-6.39547	2.288	
-3.20184	12.0486	
3.31305	12.0559	
-0.99103	8.09455	
2.82387	-0.0743153	
1.80769	12.4985	
-6.17944	4.52333	
0.198524	16.5408	
-6.91558	4.61431	
0.237917	15.9425	
2.35899	1.11459	
-10.798	11.4119	
1.86258	0.201512	
-0.707729	0.692268	
-14.5587	3.50921	
-6.49212	4.32533	
-14.8478	9.53261	
3.98497	5.54416	
0.903903	17.1182	
1.69115	0.809562	
2.30656	12.1411	
5.63015	6.40886	
-10.394	6.03111	
0.633641	8.34017	
-2.40719	-1.22543	
-2.52073	-0.889307	
-1.59805	-0.928672	
1.10556	8.70548	
-3.99714	-0.622982	
-1.18105	1.19082	
-2.59929	-0.283108	
-1.18105	1.19082	
-2.02604	-1.29226	
-2.91122	-2.50117	
-2.94609	-2.95776	
-2.43345	0.728837	
-14.7364	6.87681	
-16.4635	4.06668	
-2.16595	-0.354132	
-2.02604	-1.29226	
-2.41813	-0.550188	
-2.97732	-1.75755	
-5.25046	-1.24743	
-1.69246	-2.00465	
-14.4281	9.83347	
-13.3407	9.61669	
-13.8318	0.503756	
-1.79595	-1.60452	
-3.23868	-2.24954	
-2.94609	-2.95776	
-1.59805	-0.928672	
-3.99714	-0.622982	
-13.8176	8.73021	
-14.5222	10.4261	
-1.18105	1.19082	
-2.89527	-1.30949	
-12.0145	1.93937	
-14.2116	6.97096	
-16.4635	4.06668	
-13.3407	9.61669	
-2.02604	-1.29226	
-8.49417	3.70431	
-1.79595	-1.60452	
0.89246	8.83013	
-1.18105	1.19082	
-2.91122	-2.50117	
-2.41813	-0.550188	
-0.924252	1.44359	
-2.16595	-0.354132	
-3.19212	-1.37243	
-5.25046	-1.24743	
-13.9277	7.97314	
-5.49918	1.9965	
-3.54595	-2.79471	
-1.39451	10.0918	
-4.09737	1.83235	
-13.1271	5.08643	
-1.69246	-2.00465	
-5.58569	-1.06174	
-12.013	12.2191	
-4.24792	-0.838047	
-2.67492	-1.85534	
-16.3772	3.63511	
-2.85706	-0.991858	
-5.62164	15.4988	
2.32513	8.95124	
-5.25046	-1.24743	
-5.62164	15.4988	
1.17534	8.20997	
-12.282	11.5654	
-1.59805	-0.928672	
-16.3772	3.63511	
-2.56766	-3.35519	
-14.5682	8.11693	
-2.42977	-1.69043	
-2.91122	-2.50117	
-2.80734	-3.25242	
-3.99714	-0.622982	
-1.59805	-0.928672	
-13.9777	9.97953	
-7.37153	3.93109	
-3.23868	-2.24954	
-6.90373	16.4594	
-5.94434	16.2433	
-11.3131	5.35967	
-11.4797	11.9072	
-2.89527	-1.30949	
0.922461	8.37107	
-4.16374	-0.462719	
-6.04422	0.591591	
-5.21591	14.5242	
-13.3784	10.6308	
-5.00374	3.22022	
-6.39547	2.288	
0.494319	10.1606	
-6.24538	-2.9615	
0.618049	11.0525	
3.35582	10.4042	
-14.2282	13.9595	
-3.2557	3.70472	
1.11301	10.492	
0.111782	10.625	
-11.953	16.3504	
3.87332	10.3883	
1.11301	10.492	
1.39982	11.5623	
-6.39547	2.288	
-13.0381	13.5755	
-0.597552	11.043	
0.61812	10.5189	
-12.8452	-0.535379	
1.11301	10.492	
1.4047	11.2688	
0.111782	10.625	
1.98078	10.2518	
1.17987	10.0588	
-5.00374	3.22022	
1.39982	11.5623	
0.111782	10.625	
-1.46268	3.41	
1.98078	10.2518	
-3.52805	11.6287	
-5.00374	3.22022	
1.11301	10.492	
0.494319	10.1606	
-3.3175	5.52148	
0.777029	12.2376	
-4.50583	3.35805	
-5.00374	3.22022	
-3.85217	16.8553	
0.111782	10.625	
0.445316	11.5042	
-3.83621	2.91664	
-6.41722	-1.12767	
-0.258128	10.7944	
-5.00374	3.22022	
2.42066	10.9947	
1.98078	10.2518	
-8.70858	-1.22355	
1.17377	11.9597	
-6.39547	2.288	
1.02168	12.7186	
-4.50583	3.35805	
-0.392938	10.5775	
-3.09672	11.8405	
-5.00374	3.22022	
1.93943	9.79301	
1.93943	9.79301	
0.111782	10.625	
-1.62064	1.85658	
3.35582	10.4042	
1.11301	10.492	
-6.24538	-2.9615	
0.445316	11.5042	
-4.02786	14.5151	
-6.39547	2.288	
-5.00374	3.22022	
1.11301	10.492	
-1.8186	12.4744	
1.11301	10.492	
0.111782	10.625	
1.02168	12.7186	
-4.97671	19.2402	
-1.99632	12.2226	
-0.565686	10.2817	
1.11301	10.492	
1.84876	10.8119	
-3.52805	11.6287	
-1.8186	12.4744	
0.49533	9.83947	
-15.2349	13.5149	
-4.50583	3.35805	
-6.39547	2.288	
-3.56145	2.95098	
0.111782	10.625	
1.11301	10.492	
2.42066	10.9947	
1.93943	9.79301	
-8.70858	-1.22355	
-1.8186	12.4744	
3.42825	10.1255	
1.11301	10.492	
-8.31618	5.46118	
-8.09532	6.08262	
-8.70587	1.87886	
-8.26408	2.65946	
-9.68612	7.28862	
-8.07575	3.05302	
-10.7577	6.37002	
-8.36127	2.96283	
-6.04422	0.591591	
-8.36127	2.96283	
-6.59916	7.31278	
-8.70587	1.87886	
-5.59096	7.35044	
-8.70587	1.87886	
-11.6295	3.82125	
-5.26084	0.494667	
-5.59096	7.35044	
-6.59916	7.31278	
-8.5608	6.82243	
-4.7071	1.83723	
-5.59096	7.35044	
-10.0023	7.61545	
-8.5374	6.52502	
-8.44846	1.11005	
-9.68612	7.28862	
-9.3364	-0.0772016	
-9.3364	-0.0772016	
-3.67011	-1.77689	
-6.08164	7.71093	
-9.68612	7.28862	
-8.47825	2.35379	
-5.71004	0.257678	
-7.10134	6.8034	
-8.5374	6.52502	
-8.5374	6.52502	
-9.3364	-0.0772016	
-6.17171	14.3908	
-8.10144	1.0216	
-10.4051	8.02545	
-8.47825	2.35379	
-7.63426	0.454293	
-6.04422	0.591591	
-14.8855	10.705	
-1.10044	-0.678335	
-8.36127	2.96283	
-8.5608	6.82243	
-7.10134	6.8034	
-6.59916	7.31278	
-6.04422	0.591591	
-7.74458	1.94315	
-9.3364	-0.0772016	
-3.46253	9.79313	
-10.0023	7.61545	
-10.308	10.5835	
-9.68612	7.28862	
-9.38816	0.282647	
-8.5374	6.52502	
-6.59916	7.31278	
-8.5374	6.52502	
-9.3364	-0.0772016	
-6.61269	6.55202	
-8.04405	3.31926	
-9.68612	7.28862	
-10.0023	7.61545	
-7.10134	6.8034	
-8.33422	4.97463	
-10.4051	8.02545	
-9.68612	7.28862	
-6.04422	0.591591	
-7.74458	1.94315	
-10.6241	6.31936	
-7.10134	6.8034	
-6.43913	5.9304	
-3.89898	-1.26005	
-6.61269	6.55202	
-5.48907	0.771405	
-9.68612	7.28862	
-10.4916	0.612158	
-8.47825	2.35379	
-9.68612	7.28862	
-10.1416	3.41338	
-5.48907	0.771405	
-5.3887	0.27279	
-9.18263	6.52486	
-5.26084	0.494667	
-6.11897	6.98425	
-8.04405	3.31926	
-6.61269	6.55202	
-8.5608	6.82243	
-6.61269	6.55202	
-12.7819	6.44202	
-3.29706	6.31566	
-10.4907	1.38093	
-6.60785	-0.240151	
-10.1416	3.41338	
-10.4916	0.612158	
-7.74458	1.94315	
-7.74458	1.94315	
-2.65101	0.947637	
-2.18103	7.29534	
-6.10416	-1.6075	
-5.91785	1.35764	
-8.10144	1.0216	
-1.0217	4.32234	
-2.12392	7.59022	
-2.18103	7.29534	
-15.6975	6.32365	
-10.0876	1.76171	
-4.65273	1.27508	
-6.54159	-1.51472	
-5.6559	3.1689	
-5.81341	3.57066	
-5.48907	0.771405	
-6.52297	1.93937	
-4.17505	8.948	
-2.48599	6.86632	
-4.7071	1.83723	
-8.10144	1.0216	
-10.0876	1.76171	
-0.406721	2.57466	
-0.406721	2.57466	
-1.02015	-1.23261	
-5.91785	1.35764	
-1.06263	4.60741	
-7.74458	1.94315	
-1.06263	4.60741	
-4.79404	9.55844	
-1.78818	7.44769	
-16.4963	5.04769	
-6.10416	-1.6075	
-8.10144	1.0216	
-6.95158	1.84509	
-4.65273	1.27508	
-4.65273	1.27508	
-15.8774	10.5737	
-4.65273	1.27508	
-0.930285	3.91959	
-5.84149	-0.255029	
-10.6492	1.26937	
-16.6036	5.8123	
-15.3908	2.08715	
-5.49918	1.9965	
-9.78456	9.6396	
-16.6036	5.8123	
-8.10144	1.0216	
-14.2179	7.52118	
-7.74458	1.94315	
-5.58569	-1.06174	
-7.74458	1.94315	
-16.6036	5.8123	
-10.9692	7.02149	
-15.1017	5.47716	
-4.65273	1.27508	
-6.95158	1.84509	
-12.575	2.27246	
0.0337425	5.32412	
-7.74458	1.94315	
-11.0968	1.69954	
-7.03116	2.62804	
-5.58569	-1.06174	
-5.58569	-1.06174	
-5.91785	1.35764	
-16.0295	5.34619	
-15.5879	4.8948	
-7.74458	1.94315	
-5.81341	3.57066	
-16.6036	5.8123	
-6.00248	5.09616	
-5.91785	1.35764	
-5.91785	1.35764	
-5.91785	1.35764	
-16.2597	4.4128	
-0.406721	2.57466	
-2.48599	6.86632	
-4.7071	1.83723	
-4.64486	0.81429	
-3.29706	6.31566	
-5.91785	1.35764	
-5.91785	1.35764	
-10.9692	7.02149	
1.97742	9.32151	
6.96022	2.13298	
-4.09741	1.00423	
-7.68304	-0.408433	
7.95444	2.81905	
-7.68304	-0.408433	
-4.44489	14.9483	
-20.116	13.0124	
5.10536	1.10931	
-2.56214	17.4213	
-11.5558	-0.442408	
-3.04934	-8.21315	
-14.512	-1.04233	
-11.946	-0.887014	
-7.69683	-1.18337	
-14.9215	-2.35043	
5.32607	1.81515	
-3.11193	-4.89067	
-3.13292	-5.24366	
8.52756	1.2617	
-5.11856	-2.73798	
-1.07874	16.7017	
-4.14734	-2.87767	
-7.68304	-0.408433	
-14.7103	-1.87516	
-8.28765	-2.90945	
-1.3991	-8.00352	
7.33447	1.73529	
-0.628716	-7.45555	
-14.6648	-0.805391	
3.56981	0.454823	
-16.3245	-3.82645	
-5.17275	-7.90282	
-2.19997	11.3746	
7.03388	3.27132	
7.52384	2.49601	
-3.22547	-3.95866	
-4.43054	-3.60048	
-14.6648	-0.805391	
5.02146	1.50745	
-13.3693	-1.30347	
7.52384	2.49601	
-13.3128	13.3312	
-11.5558	-0.442408	
-4.45966	-4.19281	
-4.61752	-3.99865	
-7.68304	-0.408433	
6.96022	2.13298	
-2.21011	14.7659	
-4.43054	-3.60048	
-3.64401	-7.67608	
-16.1835	-1.69439	
3.97642	-0.461229	
4.47151	7.0867	
5.13767	16.5349	
-8.6245	-1.85435	
5.5839	1.26996	
6.41085	2.30308	
5.91692	1.86228	
-5.17275	-7.90282	
-13.3693	-1.30347	
-3.87915	-4.49467	
-10.3681	-0.202937	
-3.67888	-5.05992	
-1.68268	-7.36255	
-7.53295	-2.43567	
-7.68304	-0.408433	
4.08757	12.968	
-3.2365	17.0341	
-2.21011	14.7659	
5.56091	1.62411	
-7.49086	-0.619251	
-12.2045	-0.693573	
6.06725	14.3487	
-3.24462	-4.31224	
-15.2644	-1.32987	
-7.8973	-0.168053	
-3.12713	-7.34344	
-12.9551	-0.754755	
-12.5565	-1.08367	
-2.76556	16.4612	
-15.677	-1.25054	
0.0795673	6.22765	
-4.24287	-7.39237	
-13.0432	-1.19181	
-16.9026	11.7856	
-15.3209	-0.686397	
-4.46031	-7.14473	
-3.67888	-5.05992	
-11.5558	-0.442408	
-14.4763	16.4677	
4.06476	7.5816	
-10.5633	13.7234	
2.38377	5.26817	
-7.26145	3.25997	
-6.47225	2.79372	
2.38377	5.26817	
-2.40677	5.74611	
-13.4112	-0.488099	
-6.47225	2.79372	
-6.98315	2.96945	
-12.4116	14.8638	
2.23166	6.23144	
-0.552812	7.6782	
-9.03093	-2.18273	
-6.52297	1.93937	
-10.5633	13.7234	
-7.53752	-1.48469	
1.81851	5.39796	
-6.47225	2.79372	
-15.4185	12.643	
2.38377	5.26817	
1.81851	5.39796	
-2.40677	5.74611	
-2.41357	6.12243	
-3.91761	5.60643	
4.02603	1.80078	
-7.03116	2.62804	
-14.8346	15.1225	
-7.65763	7.97988	
-11.9241	15.2525	
2.20068	7.345	
-10.7595	13.8587	
-6.98315	2.96945	
-8.46682	7.91155	
-12.4116	14.8638	
3.24215	5.68562	
-16.1845	12.761	
1.86966	6.0644	
4.37324	6.2896	
-15.4185	12.643	
-10.245	13.4109	
-3.79484	3.40405	
0.797513	5.06429	
2.65765	4.4264	
-3.81369	7.34163	
3.24215	5.68562	
-2.79869	8.70579	
3.24215	5.68562	
-3.79484	3.40405	
-2.40677	5.74611	
2.38377	5.26817	
-12.4116	14.8638	
2.38377	5.26817	
-7.01732	3.67039	
4.02603	1.80078	
2.38377	5.26817	
-0.912669	7.59123	
2.38377	5.26817	
-11.8217	5.69252	
-14.869	16.0789	
-7.53752	-1.48469	
-14.2165	11.9578	
-12.4116	14.8638	
2.38377	5.26817	
1.41664	4.51921	
-12.4116	14.8638	
-15.5379	13.9129	
-10.4232	14.2088	
2.38377	5.26817	
2.38377	5.26817	
6.61655	5.72406	
-8.15597	-1.09153	
-10.245	13.4109	
2.38377	5.26817	
2.55033	7.25384	
-0.512504	5.79054	
2.38377	5.26817	
3.24215	5.68562	
1.81851	5.39796	
-9.9841	14.6147	
-0.512504	5.79054	
2.38377	5.26817	
-10.5235	15.3115	
4.10211	6.28158	
2.55033	7.25384	
-2.40677	5.74611	
2.38377	5.26817	
-6.47225	2.79372	
-12.4921	15.514	
4.63363	1.58959	
-0.622189	11.4618	
-3.35984	12.1765	
-2.18428	16.0339	
-1.14332	16.0528	
-0.641051	13.2132	
-5.64847	-3.90092	
0.0529124	13.6588	
-0.29686	14.2097	
-1.26468	10.6733	
-7.70777	-2.68706	
-2.43952	15.5898	
-0.425717	15.4463	
-12.4623	14.0228	
-11.2316	15.996	
-0.063796	17.2356	
-3.74124	-6.36213	
-2.31528	-7.6401	
0.0529124	13.6588	
-11.956	14.0871	
-11.5207	14.2646	
-2.18428	16.0339	
-0.29686	14.2097	
-0.29686	14.2097	
-1.35023	15.4464	
-11.956	14.0871	
-0.641051	13.2132	
-5.04071	-1.05345	
-3.29734	15.9109	
3.24881	1.93251	
-3.46373	-6.53279	
-2.43952	15.5898	
-0.641051	13.2132	
-11.956	14.0871	
-1.53824	10.9082	
-0.29686	14.2097	
-1.78448	16.0115	
-1.21741	14.5036	
0.0529124	13.6588	
3.1697	6.43062	
-2.43952	15.5898	
0.0529124	13.6588	
-2.66306	1.22707	
-1.00984	5.33092	
-13.4004	13.6412	
0.0529124	13.6588	
-4.36985	-6.57632	
-0.29686	14.2097	
-4.93694	-3.19419	
-11.956	14.0871	
0.0529124	13.6588	
-11.6054	15.8595	
-1.18761	17.0938	
-12.4623	14.0228	
-1.13645	14.1961	
-5.29923	-3.5097	
-1.92017	15.2776	
-0.641051	13.2132	
-3.97995	12.4691	
-2.18428	16.0339	
-3.86734	12.2026	
-13.7763	12.8187	
-0.641051	13.2132	
-0.641051	13.2132	
-1.78578	15.1762	
-1.66919	16.3279	
-1.13808	12.0532	
0.261655	5.71783	
-11.7043	14.545	
-0.29686	14.2097	
-11.2316	15.996	
-1.97448	-6.85084	
-0.930467	6.96045	
-0.414757	14.9886	
-1.35023	15.4464	
1.96358	5.73148	
2.94255	17.381	
0.0529124	13.6588	
0.0529124	13.6588	
-2.09006	0.924619	
0.324134	6.11628	
-3.02303	7.29176	
-0.903551	14.5961	
-2.15169	15.6958	
-0.641051	13.2132	
-1.26468	10.6733	
0.439809	15.0926	
-5.29923	-3.5097	
-1.35023	15.4464	
-5.61956	-3.10289	
