1.35017	2.18244	4.27824	
-4.83009	-0.70547	-2.34622	
3.24598	1.04628	1.38823	
7.00762	0.102537	-1.46424	
-4.49859	4.15831	2.35467	
-4.85132	6.17407	3.59432	
4.11622	0.74129	0.228073	
-4.65926	4.49114	-3.95493	
-3.45177	6.52563	-3.45867	
3.93083	5.71294	-4.00171	
-2.67242	-0.776315	2.28754	
-3.30305	-0.853981	1.35568	
0.750266	6.12892	-0.897063	
-0.901399	-4.71404	0.536274	
1.10933	5.39226	-2.89429	
2.63369	1.07858	-4.55946	
-1.17725	-4.09966	-1.65226	
-2.1037	1.03024	5.56497	
-1.83917	5.45555	-0.198973	
-2.66469	-2.25155	1.25957	
-1.14979	0.519146	0.837517	
0.135433	-2.17865	-0.500929	
-1.94819	-0.784879	4.2937	
-0.0507585	-0.689095	0.273974	
-0.123531	-0.262356	-0.446698	
-0.0853151	2.18652	1.96661	
-0.251952	1.24887	3.69521	
-2.54322	-0.84883	2.40035	
-0.364192	-1.00978	0.644717	
-0.85993	0.00381497	-0.0237664	
1.02534	-1.52168	-0.261809	
0.537662	-1.06264	0.395036	
-3.57434	-1.22497	2.07722	
-2.53397	0.787952	2.11527	
1.00006	-1.91416	0.191849	
-3.46861	-0.211017	2.11738	
1.73988	-1.35756	0.463144	
-1.2774	-0.948084	0.599861	
0.420436	-1.18495	0.226558	
-2.77499	-1.21943	0.32826	
0.720096	-0.586368	0.851984	
1.292	-1.6961	1.3823	
-2.65842	-2.203	2.33705	
-0.539102	-2.06311	1.08721	
0.746514	-0.834855	1.99729	
-1.57365	-3.64516	0.603611	
-1.86609	-0.92237	1.34822	
-0.919852	-2.58383	3.82965	
0.373478	-1.98609	0.064501	
0.121727	-0.866218	2.10626	
2.76649	-2.44288	0.424809	
1.24252	0.411267	2.72077	
-1.7815	2.54115	1.8104	
1.45623	-1.34414	4.1431	
2.61311	-2.65288	2.05658	
-3.11869	0.452674	1.40791	
0.20846	1.57938	0.859949	
-1.39718	0.00119161	3.93949	
1.85822	0.546329	3.91077	
-1.0845	3.38802	2.10116	
0.489327	1.63912	-0.276238	
0.760876	2.43132	-1.11951	
0.535109	3.84565	-0.157855	
-0.0275584	1.59524	-0.101472	
-1.3015	0.363452	1.12174	
-0.285643	1.01835	-2.12118	
-0.0275646	1.59524	-0.101474	
1.3251	1.65727	0.141643	
-0.0275625	1.59526	-0.101475	
-1.45199	0.405515	0.900897	
1.75649	-1.12389	-1.57836	
1.75649	-1.1239	-1.57836	
1.7565	-1.1239	-1.57837	
1.59444	-1.00775	-0.420789	
0.767759	-1.53514	-2.45803	
1.75653	-1.12391	-1.5784	
2.76369	-0.741193	-0.982238	
2.42326	-0.620184	0.376331	
1.97094	0.581344	-0.945905	
2.76372	-0.741201	-0.982251	
-0.985542	-2.14146	0.661648	
0.168831	0.656517	-0.741942	
4.03962	-2.17035	2.71863	
0.516711	-2.22476	0.7826	
3.49469	-2.63854	0.287745	
-1.30986	0.797677	-1.35426	
-1.08115	-0.95893	0.799966	
5.33207	-0.583282	-0.952152	
4.31526	-3.77961	-0.280985	
-2.33321	1.21261	-2.3907	
0.233363	0.971473	-3.04983	
0.140348	1.47489	-1.27018	
0.501927	-2.00842	-1.54933	
2.10389	-1.82085	-0.997226	
1.68303	1.56732	-0.558428	
1.2517	-2.14829	-1.50438	
0.371259	1.72016	-1.06344	
1.90788	0.176578	-0.804366	
0.454509	-1.05336	-1.57715	
0.14035	1.47491	-1.2702	
-0.356632	1.56595	-2.31172	
1.54971	1.32647	0.172821	
1.45982	0.154316	0.225495	
-0.340533	0.828895	0.487	
-0.129286	1.07678	0.32649	
-2.10026	2.67073	-1.72195	
-0.653557	0.565988	-0.777016	
-0.378728	1.84381	1.00597	
-2.53865	-3.01316	-2.91638	
1.45984	0.154319	0.225498	
2.94416	1.79029	0.595586	
-1.37962	0.570681	2.13944	
-1.93951	2.73692	-1.19595	
1.13214	0.294853	0.616805	
-2.35597	1.19496	2.11209	
0.503605	1.38031	4.77693	
-2.56814	0.160303	0.907101	
-1.43542	-0.378595	-0.963079	
1.49584	0.585975	0.362361	
-2.02647	2.85019	-0.178102	
0.324888	-0.419509	0.856996	
-1.14569	-0.94093	-0.848816	
-2.68598	0.0830253	0.833174	
-3.65305	1.94296	4.26085	
0.518611	0.338495	0.653097	
-0.786755	0.998378	-0.158362	
-1.73581	-0.194268	0.784556	
-2.68602	0.0830268	0.833185	
-1.37747	-1.12312	0.179748	
-1.66453	-0.513479	0.437324	
0.923426	-1.75496	1.57855	
0.782692	-0.689035	2.46003	
1.69254	-0.502267	1.08591	
1.16856	-0.94686	1.1806	
-2.12559	-2.14213	-0.310378	
-0.95014	-1.85167	0.682104	
1.14339	-0.565783	2.51637	
-2.87641	0.29545	1.60544	
0.250998	-0.885445	2.57168	
-0.963562	0.0366262	-3.16399	
-0.552198	2.46095	-0.123423	
-1.39755	-0.0514573	0.680528	
3.0268	-1.33767	0.460396	
-0.817496	2.43098	-0.525826	
-1.25101	-1.11964	0.621374	
1.45462	-0.637125	-1.8802	
-0.953749	-1.6723	-2.31159	
1.45499	-0.451538	0.451972	
-4.86919	0.280049	-2.51764	
-0.19617	-1.29838	2.05791	
-2.94705	2.0098	0.214465	
-1.94112	3.11692	-1.68694	
-0.614331	-0.568919	-0.451365	
0.165543	-1.27418	-1.70175	
-0.571126	0.389398	1.58315	
1.68985	-1.17676	0.902395	
-0.693705	-2.80857	-1.29884	
-2.92906	1.22261	1.59021	
1.25015	-1.92659	2.52095	
-1.94074	-1.85047	-1.82819	
-3.26579	-0.87137	0.844738	
3.01957	-0.372116	0.868097	
0.390778	-3.20185	0.922335	
3.07429	0.533849	0.173108	
2.23662	0.536399	0.116727	
4.98891	-0.0947816	1.11234	
2.58297	-1.50346	0.414189	
2.4691	-2.44233	2.34743	
3.93497	-0.125321	-1.3232	
2.583	-1.50348	0.414194	
-0.83389	0.953461	-3.05627	
0.797343	1.75803	-2.41383	
-0.625783	0.819452	-3.9643	
-0.530555	-0.0493666	-2.20409	
-1.12359	0.505	-2.1296	
-2.55626	0.943104	-0.628413	
-1.05805	-0.238756	-2.12395	
-2.55629	0.943116	-0.62842	
-2.69287	0.324767	0.225723	
-1.77476	0.12255	-0.126886	
-3.00236	2.33087	-1.70286	
1.02534	-1.52169	-0.261807	
0.518621	0.338502	0.653109	
0.923801	0.345866	0.254192	
1.17253	-0.745266	0.470766	
1.02534	-1.52169	-0.261812	
-0.339912	-1.41175	-0.466462	
3.18291	0.144174	0.56388	
3.55615	-1.52431	0.635287	
-0.0327204	-0.403508	-1.38656	
-0.42296	-0.360324	0.752142	
-0.624153	0.195824	-0.625034	
-0.676195	-2.09434	-0.427271	
-1.27184	-3.79828	0.293538	
0.772562	0.826912	-0.33417	
-1.67798	-1.75219	-0.51434	
0.644385	-0.280893	-0.384886	
-0.422969	-0.360329	0.752156	
-2.52363	-1.57983	-2.50292	
-0.624164	0.195829	-0.625045	
2.14007	-0.0553127	1.31714	
-0.100901	-0.35474	1.51618	
2.14007	-0.0553167	1.31715	
-0.681604	-1.98806	-0.52514	
0.227809	-0.4458	2.60583	
0.227812	-0.445804	2.60586	
-0.565109	-1.09178	1.06536	
2.1401	-0.0553145	1.31717	
-0.90962	-0.0319962	1.33896	
-0.100903	-0.354744	1.5162	
-0.44254	-0.401886	-2.22123	
3.13542	0.547087	1.78748	
-0.442543	-0.401888	-2.22125	
-0.730912	-1.68755	1.08805	
-0.623053	1.73192	2.73521	
-0.0871077	-2.51676	1.95588	
-0.737536	-2.47543	2.80115	
-0.848495	-3.28227	1.99787	
0.622242	0.614758	-1.74737	
-1.69733	-0.373235	2.1924	
0.423999	-2.26655	1.84823	
2.21197	-2.64376	-1.53874	
1.60724	-2.2783	-0.811126	
1.28276	-1.56503	-4.37807	
1.07971	-1.82277	-2.42018	
2.08985	-1.46644	-1.92677	
-2.91799	-4.64225	1.18859	
1.18264	-2.57249	-1.04028	
1.97279	-1.41366	1.03829	
-2.19353	-3.84327	-0.522735	
4.56291	0.20929	0.93834	
4.15038	-1.84009	0.316216	
0.920088	2.21418	-2.51236	
0.920098	2.21421	-2.51239	
4.00009	-0.137434	0.631106	
4.53942	-0.20337	0.817459	
3.62189	-1.43416	0.207658	
1.16007	0.584307	-3.34944	
-0.595508	-4.77842	-3.06788	
2.59738	-2.21478	0.719304	
1.87677	-1.88404	-3.73986	
0.418751	-1.51957	-2.54799	
0.674466	1.72143	-1.1112	
-1.90408	-0.827185	-3.92796	
0.936884	-0.275635	-3.2112	
-3.31436	-2.39573	-2.17688	
0.228744	-0.29158	-4.08019	
1.87636	0.895992	-2.46384	
-1.65956	-0.823941	-3.2649	
0.155314	1.63391	-0.161504	
0.492306	2.16569	0.34525	
3.15552	-4.1209	3.07175	
2.41124	-2.31221	-2.11215	
1.7087	0.032048	-3.01177	
0.53642	2.06512	0.798044	
-4.46565	-1.09523	0.574127	
2.50799	-3.85929	-1.81342	
-1.01641	-3.82224	2.07351	
0.228813	-2.02394	0.806932	
2.57032	-1.9766	1.20592	
-0.367596	0.363135	0.680371	
-0.5609	0.842621	4.53522	
-1.13846	1.02066	3.75385	
1.33983	-0.607998	6.95364	
-1.18207	0.355723	1.16946	
-4.65926	-2.09179	-3.77071	
0.100295	-1.14788	2.0799	
-0.5085	0.868881	3.25226	
-0.852885	-0.321137	4.12043	
-3.83658	2.48422	0.93693	
-3.14364	0.843314	0.767253	
-1.63442	0.661444	1.65106	
0.23089	0.624714	4.67668	
-1.53866	0.912136	1.45298	
-0.996128	-0.399811	2.35391	
-2.00873	-0.365972	-0.0349314	
-1.42049	-0.819236	1.96673	
-0.876023	-0.446803	2.50809	
-2.87827	-0.665219	-0.714975	
-1.65794	-1.6084	-0.956762	
0.0889802	-2.87259	-3.35186	
-5.07625	-4.24016	0.857025	
-5.43021	-1.38365	-2.3572	
-3.25185	-2.92425	-0.455221	
-4.31665	-4.35416	-2.56619	
-3.02578	-2.03561	-0.809831	
2.94028	0.185277	2.70382	
-3.60066	-2.46763	0.435766	
-5.20221	-1.49456	1.08214	
-2.99583	-2.24031	0.446836	
2.36266	-0.667065	1.69755	
-1.3022	-4.10625	-0.809479	
3.00839	-1.19297	0.516426	
2.10391	-1.82087	-0.997238	
-1.25672	-2.67289	-0.2326	
-1.25674	-2.67292	-0.232602	
0.634153	-0.971492	3.04712	
0.37549	-0.715161	2.26272	
1.26252	-1.05525	2.90031	
-1.22845	-3.91193	-1.45728	
-2.48778	-2.78436	2.20811	
-2.75974	-3.25109	2.62578	
-2.42152	-2.8797	3.20766	
0.168964	3.65516	2.59413	
-4.0841	0.819717	-4.16549	
0.971661	-1.79167	6.28255	
-2.75571	-3.67942	2.02287	
-1.93447	0.662743	-1.72005	
-2.41748	-4.95482	3.68924	
-3.16647	-3.2957	1.77716	
-2.51663	-0.573215	-1.47321	
-1.90417	-0.364978	-0.908127	
-1.99647	-0.648416	-1.50331	
-2.09134	-0.555353	-1.39197	
-1.90238	-0.543313	-1.60583	
-0.793642	-2.08958	0.784298	
-3.83148	-1.29255	-1.81099	
-2.51665	-0.573218	-1.47322	
-3.79348	-2.22255	-1.11594	
-3.83152	-1.29256	-1.81101	
-2.60993	0.509475	-0.181799	
-1.12168	3.73274	-2.75204	
-2.68836	3.79222	-1.19071	
-3.10746	0.673288	-1.44636	
-2.22394	-1.97201	-1.44814	
2.00757	-1.67866	-0.404774	
-5.32294	0.732119	-0.448252	
-0.999425	-3.84047	0.877619	
-2.41776	-1.04515	-1.84746	
-1.93828	3.35341	0.542242	
4.46107	2.15902	2.6107	
0.216101	-5.0504	-5.51053	
3.86949	-3.02357	1.25286	
-0.163735	4.65533	2.18501	
4.37898	-0.845074	1.84681	
3.18789	-3.62958	1.63569	
-0.227384	3.07974	-0.0631183	
4.61088	1.46293	5.10036	
-1.91954	4.88312	0.56761	
3.34498	-1.81675	3.52804	
0.00177311	0.196929	2.22582	
-0.942033	-0.234818	3.28659	
0.205603	-3.49066	1.30081	
-0.738394	-0.175092	3.26151	
0.210243	-3.89983	2.05309	
-1.4432	-1.2657	3.4258	
-1.20142	-1.83448	2.28513	
-0.738401	-0.175093	3.26154	
1.28811	-3.59407	1.26137	
-0.336848	-1.10903	1.85473	
-2.19842	-1.54318	-0.00821314	
-1.25361	-1.66537	-2.44487	
-0.751514	-1.50429	-2.72949	
1.83256	-0.701651	-1.87427	
1.83258	-0.701657	-1.87429	
2.75812	-0.0108481	-1.1375	
-0.658872	-1.0891	-2.00847	
0.639211	-0.710316	1.54534	
-0.751521	-1.5043	-2.72951	
-1.71534	-1.60228	-0.932529	
-3.51372	-3.44702	-0.502542	
1.52215	-3.0777	-1.069	
-4.15246	-5.14259	-0.392062	
-4.30491	-1.70566	-1.74676	
-3.18139	-4.33101	-2.33699	
-3.18142	-4.33105	-2.33701	
-4.35042	-4.85207	-0.829524	
-4.48881	-3.88778	-1.50617	
-4.66372	-3.13881	-0.810419	
-3.14041	-3.84119	-3.36151	
-0.439176	3.89505	-0.195393	
0.293326	1.26007	2.33188	
1.51439	1.20441	2.98395	
4.18153	-0.734373	2.27964	
-0.597794	4.52739	0.185693	
-0.504125	4.54496	-0.360875	
4.3659	2.03979	0.342386	
-1.8005	2.67563	3.60295	
1.05414	3.73438	-4.58752	
2.97581	-0.225794	1.71191	
-1.83614	2.49088	-0.189965	
3.88648	-1.07003	4.0689	
0.520202	0.756005	0.406334	
0.520209	0.756016	0.40634	
1.292	-1.6961	1.38231	
1.80836	-0.55211	1.05305	
1.33389	2.00842	0.445718	
1.60391	-0.47994	1.16638	
1.02822	1.38302	0.42537	
1.50385	-0.482051	0.449088	
1.16298	0.683055	-3.29239	
1.84158	-2.80763	-0.620963	
-0.818796	-1.57962	-2.40231	
-1.05814	-0.767021	-2.83891	
0.848063	2.8217	-3.02711	
1.6726	1.59268	-1.02058	
0.644386	-0.280885	-0.38488	
1.02534	-1.52168	-0.261808	
0.233669	-1.8744	-2.35816	
-0.309306	-0.386473	-1.42745	
0.083537	-3.56494	-1.02505	
1.6095	-1.7844	-2.14268	
-1.9146	3.19242	-1.07133	
0.261644	-1.47189	-0.312803	
-1.29959	-0.336621	-0.740446	
0.612	1.2552	-2.9106	
-0.832791	-1.8412	-3.95139	
1.02534	-1.52168	-0.261806	
-0.36854	0.62255	-1.49165	
2.10565	0.96039	-2.29079	
1.6264	3.81298	3.04714	
-2.15354	0.986852	1.08049	
1.36117	4.33264	-0.204698	
1.68994	4.07495	0.213439	
-3.05623	1.19532	1.41678	
-1.35824	0.444952	0.760785	
0.956905	4.71579	3.01489	
3.54692	2.92284	1.38502	
0.989615	5.17607	1.30929	
2.63835	1.517	2.78482	
-1.78894	-1.29697	2.85138	
-1.63834	-2.20826	5.90863	
-1.16224	0.25345	4.56828	
-1.89616	-1.40908	3.24787	
-2.92595	1.79293	3.25455	
-3.36258	2.24054	2.50078	
-0.847545	-0.596699	5.749	
-4.03836	2.08905	3.72959	
4.52776	1.18776	3.48521	
-2.11369	3.53673	1.48386	
-0.648738	-2.07556	-1.04582	
0.385758	-1.14368	-1.86207	
0.605385	-1.50924	-1.13826	
-0.705333	0.00722758	0.427634	
-0.855766	-0.435769	-1.95321	
-1.10018	-0.904376	-4.29654	
-1.25518	-0.0361285	-3.66781	
1.51595	-0.833279	-1.48722	
-0.699405	1.29784	-3.07377	
-0.935221	-1.07922	-1.74257	
1.94291	0.575191	-5.75857	
0.0809794	1.59056	3.94905	
-1.47973	4.38884	-3.1083	
-0.509915	1.67462	4.41752	
2.37058	0.85495	1.03407	
-0.689793	-0.422193	-0.402366	
1.06004	-0.7857	1.08717	
-1.58056	-1.22692	-0.751541	
0.33318	1.50966	2.08318	
3.87397	-0.485083	0.843102	
-1.27742	-0.948096	0.599869	
-3.11323	3.52788	1.56518	
-4.48952	1.25658	1.61258	
-5.11914	-0.479891	3.89163	
-4.24602	2.11591	1.26547	
-0.42022	-1.41729	0.465957	
-1.48112	1.64963	-1.32943	
-3.18654	3.41315	1.66003	
-1.57698	4.89469	0.25978	
-1.66844	3.35915	0.14567	
3.14406	0.00833464	0.205469	
-1.59396	-0.87521	1.81395	
-4.60612	-1.00567	5.0315	
1.41397	1.59895	2.56557	
2.70035	-0.450504	2.56141	
-3.10703	-2.69057	1.48094	
-0.460617	-1.29237	3.34181	
0.0145913	-0.816089	2.6164	
-0.220321	-1.72243	1.3568	
0.0145912	-0.816096	2.61642	
2.11657	0.0176728	-2.13576	
4.78455	0.0203069	-2.3039	
2.04218	0.944904	-6.38624	
2.38457	-0.385888	-4.60814	
0.594171	-1.28718	-5.51802	
0.802411	-0.14459	-5.11458	
2.84318	-1.24035	-4.40152	
-0.370695	3.7036	-1.57809	
2.19859	-1.22132	-4.74698	
-5.39448	-2.65182	-0.00768761	
0.0808414	-1.45109	2.07281	
-0.593421	-0.126246	2.67056	
-1.48559	-0.17043	0.975502	
-2.39708	0.815532	0.952875	
0.807689	-2.04942	1.05679	
2.26798	-0.566199	0.653299	
-0.462115	-1.62009	1.9932	
1.02995	-1.02388	2.10444	
-3.49679	-1.00916	-1.65579	
-1.74707	-1.59146	-0.564415	
-2.21732	-1.6328	-1.6855	
-0.405344	-1.26555	-0.511455	
1.02535	-1.52169	-0.26181	
-1.1441	-0.89394	-0.70935	
-0.432507	-0.559862	-0.790193	
0.798977	0.165578	3.07151	
1.6406	1.82245	1.03062	
0.0756405	-2.08461	-0.562051	
0.906969	0.647484	2.38317	
-0.40535	-1.26556	-0.511461	
-2.30655	-1.23337	1.96695	
-1.0413	0.0514987	1.09994	
1.18036	0.183442	1.76969	
0.937315	-2.70872	-4.38909	
-2.49235	0.126525	3.22226	
1.33389	2.00843	0.44572	
-2.15757	-2.01251	1.97447	
-2.29348	0.00178189	3.69178	
-1.90585	-0.798818	-0.0410157	
-0.765718	-1.90833	0.766719	
-1.65965	0.271008	0.122032	
-3.96019	-0.361986	-1.65269	
-5.04479	3.00217	-3.94317	
-5.07274	0.654702	-1.99247	
1.57464	0.132013	-5.65917	
-4.20489	-0.624404	-2.43961	
-2.43781	0.891868	-1.01555	
-0.794658	3.25629	-0.947484	
0.737568	-0.894165	1.74963	
-3.26006	3.33373	2.74264	
-0.796307	0.479014	-3.1545	
-2.52162	3.44519	0.149143	
-4.1513	0.565407	1.92324	
-1.68636	1.31752	-1.09333	
1.60241	-0.567016	-3.39918	
-0.796314	0.479018	-3.15453	
-2.26935	-0.279854	2.50367	
-2.50899	-1.04784	-1.29702	
-0.845697	1.00918	-2.12785	
-2.55817	-0.84289	-1.4142	
-0.986861	-0.439348	2.18082	
-2.15438	-0.458022	-0.927957	
-0.470956	0.0828182	0.496206	
-2.44273	-0.861319	3.35662	
1.37768	1.20683	3.06079	
-3.67535	-0.186843	0.696643	
-0.158592	-1.27892	0.78765	
3.42085	-0.400978	0.878215	
-1.4086	-0.547506	0.806669	
-1.23124	-0.148035	1.17185	
-0.996891	0.10159	-0.298009	
2.4437	-0.0762625	-2.02714	
2.78561	0.0603977	-1.33071	
0.0174089	0.019781	-0.851655	
1.02604	-0.4308	-0.890236	
1.9328	-0.686795	1.77488	
-0.245844	0.371368	1.64622	
-0.340251	-0.0375003	0.141804	
0.452358	0.0155781	0.249825	
0.121789	-0.0120728	-1.36636	
-0.125292	-0.882884	-0.281715	
-3.50241	0.834955	-0.11999	
-0.262956	-1.56971	4.77684	
3.13938	-5.12278	0.342185	
2.10661	-1.34785	2.53529	
0.442928	0.402442	2.78806	
2.67822	-1.31734	1.94916	
-1.54368	2.69053	-0.685673	
0.507852	-0.741766	1.25737	
2.60039	-3.85232	2.89986	
-0.335127	-1.00115	-1.88459	
-2.71531	1.98682	1.1502	
0.0238229	-2.71567	-1.1921	
-1.31431	-2.89191	-3.28117	
-1.80017	-3.6713	1.80158	
-1.41453	-4.37338	2.93962	
-0.195713	-3.79071	0.93957	
1.17767	-3.6244	-1.81244	
-0.61321	-2.81502	2.28049	
1.10498	-3.86528	0.138584	
0.243884	-3.54059	-1.00655	
-0.89542	-3.57733	-3.95817	
2.04881	-4.67904	1.01185	
0.0578864	-3.86152	0.918745	
0.0579501	-2.75073	-4.28128	
-3.40813	-0.779701	2.48948	
0.501927	-2.00841	-1.54932	
-1.83027	-2.51637	-1.2622	
1.95772	-4.09729	0.880763	
2.17971	1.08539	-3.05568	
-1.2171	1.86478	-0.963392	
0.168833	0.656528	-0.741954	
-1.2506	-0.0410666	0.960647	
0.9398	1.11453	0.0830738	
0.939809	1.11455	0.083074	
-0.0592577	1.3937	-0.042706	
-2.44959	-0.122556	1.03455	
-1.0544	0.764895	2.12921	
0.15371	1.62033	0.00855493	
-0.0750058	1.20931	0.600989	
1.6018	-0.90653	3.58399	
-3.37798	-0.897764	-0.175598	
-0.125295	-0.882896	-0.281719	
-0.5036	-0.00634208	0.308424	
-0.543069	-1.32224	0.228084	
1.35969	-0.169661	5.28524	
-4.07135	-0.997638	-0.310002	
-0.728569	-1.96471	-0.88551	
-2.01322	-2.34299	-1.19772	
2.96593	-0.279871	4.52181	
-2.09681	1.20733	1.39031	
3.02752	-0.4081	-0.384959	
2.82276	-1.04681	0.375017	
2.98488	-1.30318	0.693571	
0.642212	-1.23161	0.890698	
3.90304	-0.423173	-0.370293	
1.76983	0.243676	0.814477	
-0.34113	0.994251	2.40743	
0.137794	-0.61112	0.364855	
-0.832715	-0.0827157	0.115307	
4.64817	1.38028	0.188313	
1.70601	1.14648	-2.34843	
-0.0851442	1.17329	0.707561	
2.30181	1.79161	-2.36867	
-1.95437	-1.15817	1.21028	
-0.162092	3.98692	-3.70469	
2.42686	3.88044	-6.30749	
1.04446	1.33763	-5.54105	
2.28777	1.80471	-3.35008	
-0.700688	-0.953626	-1.66038	
1.30748	-0.67644	-4.30948	
1.25269	1.53559	-1.43783	
0.268567	-0.744202	-3.1341	
-0.192298	0.200898	-1.59526	
-0.204384	0.602054	-2.30266	
1.96724	0.681619	-3.48321	
0.312091	2.15408	-1.56642	
-0.432513	-0.559868	-0.790204	
0.798366	0.283083	-3.12017	
0.204401	0.856067	-1.51036	
-0.370259	-0.787596	-2.88891	
-0.862801	-1.9673	-0.934442	
2.0753	-1.45221	0.846376	
-1.38462	-1.09061	2.6187	
-1.48756	-2.47396	-0.0124879	
-2.00544	-2.13669	-0.465612	
-1.54758	-1.75004	-0.792516	
-1.35696	-2.61587	0.0303383	
-2.08347	-1.16383	2.15815	
-1.16677	-0.87418	-0.755468	
-4.7797	0.764549	-2.43462	
-3.78479	3.28885	-2.68098	
-4.93235	1.40383	-3.0726	
-4.61645	0.389345	-2.88797	
-3.37263	0.55034	-0.99955	
-0.382459	-3.66388	4.33012	
-4.93239	1.40384	-3.07262	
-3.27046	3.09701	-2.37845	
-2.71095	0.220316	-0.883161	
-5.18787	0.396675	-3.05503	
3.20302	0.049121	2.51931	
-2.00195	0.215492	1.42768	
-1.81297	-0.022868	-0.574929	
-2.51413	0.0680966	-1.01765	
1.22638	1.51524	0.488464	
0.50791	-1.14344	2.34109	
1.96833	-0.681938	2.17513	
1.49515	0.477253	1.83766	
1.52972	-0.589033	1.40786	
1.45523	-0.451671	0.557365	
-1.01226	0.0718796	2.63094	
1.67842	0.215765	1.75733	
-1.10252	-0.682892	-0.879684	
-2.37633	1.20048	0.190456	
-0.755445	-1.82268	-1.07358	
-1.09139	2.02479	-0.606886	
-1.01227	0.0718802	2.63096	
-1.44515	0.633174	0.294313	
0.644386	-0.280883	-0.384889	
0.548711	1.4714	0.396791	
0.581881	1.29032	2.0236	
-0.481036	0.850928	0.096679	
-0.509348	2.30858	0.0781522	
0.372898	2.37874	-0.150659	
1.26229	-3.17361	0.5492	
2.32434	-2.0233	1.9995	
-2.33111	0.454625	1.14413	
0.581886	1.29033	2.02362	
-0.702161	-0.394499	-0.283646	
-0.610834	1.51343	1.8953	
2.62872	-0.0199025	-1.55708	
2.05349	0.0795807	-1.05477	
0.27464	0.236972	-3.93804	
0.981236	-0.0563466	-2.26843	
2.62874	-0.0199021	-1.55709	
0.683094	1.68565	-1.15197	
3.40406	-0.150094	-1.61238	
1.05344	-1.08564	-0.659904	
1.05345	-1.08565	-0.659911	
-1.49109	0.825268	0.528673	
-3.22595	0.914099	-1.36418	
-1.99192	-0.616057	-0.53287	
0.420431	-1.18494	0.226552	
-2.09793	0.493142	-0.843903	
-2.47015	0.318885	0.553467	
0.140279	2.47757	0.141118	
2.22083	-2.27389	0.459399	
-2.36237	0.688191	0.317669	
-1.9113	1.07641	-1.85551	
-2.38739	1.35026	-2.31343	
0.47883	-3.59484	-3.32182	
0.653359	-2.67333	-3.37328	
-1.04138	-4.80461	-0.88331	
0.224516	-2.40569	-2.78157	
-1.14121	-2.62011	-0.735575	
0.453606	-2.59649	3.07225	
-0.648571	-3.47339	-1.8732	
-3.48495	-1.32581	0.0550457	
0.267455	-2.99267	-3.1006	
-1.22825	-4.10396	-0.890997	
3.45869	-1.22943	1.41991	
1.3251	1.65726	0.141643	
-2.27153	1.34972	-0.0795839	
0.665262	1.5071	0.252814	
-0.872433	2.01515	-0.297201	
-0.152473	1.57702	-1.33563	
-1.35625	0.867205	1.89391	
-0.567146	1.40757	-0.205494	
-0.74088	1.30209	-0.477942	
-2.27155	1.34973	-0.0795846	
-0.625944	0.383404	-2.51111	
-0.0649319	0.376702	-4.02043	
-2.70504	-0.0652587	-0.487212	
-0.509924	0.860207	-4.5268	
-1.11792	0.17135	-2.25892	
-2.20999	0.455535	-4.02908	
-1.40519	0.409446	-5.03615	
-0.212538	0.811698	-4.57404	
-0.131812	-0.64083	-4.74248	
-0.699674	0.460058	-4.4571	
0.641611	0.660159	-2.01581	
-0.261508	0.453147	-2.20077	
1.01138	0.909506	-1.90238	
1.25324	1.17034	-2.67797	
-0.108627	0.966009	-0.955711	
1.71906	1.74933	-0.687806	
0.0228974	0.476197	-2.42885	
0.200836	0.907643	-1.00018	
0.457794	1.31811	-3.64686	
0.653202	1.68191	-1.24783	
1.50077	-0.53517	1.57345	
-0.614158	-2.71379	-1.57471	
-2.14884	-1.77905	-1.28574	
0.979005	-4.56575	-0.760457	
4.50196	-1.47043	2.6549	
2.23996	-1.79964	2.74604	
2.23997	-1.79963	2.74605	
3.1002	0.148349	1.39853	
1.39839	0.101774	0.758633	
2.23999	-1.79965	2.74607	
3.59854	-1.66993	0.308332	
1.35813	1.01665	0.698412	
2.13052	0.142901	2.1621	
1.30902	0.0122357	1.60873	
-1.16634	-1.70297	2.359	
1.98178	-1.59203	0.824709	
-0.434385	-0.462541	1.3545	
-1.77279	0.724844	1.36414	
1.19609	-3.68957	1.98258	
3.44904	-1.81643	0.729603	
0.852867	-0.969295	-0.986998	
1.1413	0.262921	1.6759	
-0.406918	1.43174	-1.44359	
1.04796	-0.539251	-0.56256	
1.19596	0.121075	-0.707913	
1.37317	-1.22377	0.573439	
0.852873	-0.969304	-0.987004	
-0.305328	0.989978	-3.03391	
-0.0260935	-1.32095	-1.46996	
0.765006	-0.592457	0.539327	
-2.19853	0.528398	2.49518	
-1.67343	-1.43629	0.268153	
-0.817427	1.43718	4.51429	
-1.70254	-1.62823	-2.11192	
-2.1238	-1.52556	2.0509	
-2.29595	-1.8641	0.404885	
-2.52018	0.499126	2.26008	
-0.611526	1.28467	1.98791	
-2.29596	-1.86411	0.404886	
-1.90192	0.335334	1.68164	
-0.853227	2.15157	2.13968	
-0.66428	1.74061	0.535711	
-0.683828	1.59342	0.855507	
0.536898	-0.620238	1.15512	
-0.683829	1.59342	0.855514	
2.55132	1.27311	-0.53757	
0.0875358	0.982478	0.0519718	
-0.223395	2.67662	0.798826	
-0.683835	1.59343	0.855519	
-0.362093	1.32362	-0.0300394	
-2.92959	-2.61668	-2.59714	
2.58198	-2.38259	-1.07451	
0.324892	-0.419514	0.85701	
-2.46232	-1.65742	-1.55502	
2.04206	-1.52867	1.83315	
1.49585	0.585982	0.362365	
-0.27803	-2.66341	-0.977998	
1.03702	0.169268	0.862403	
-1.81378	1.99527	1.82091	
1.03703	0.16927	0.862412	
-1.69124	-1.18164	-1.50918	
-0.755905	-2.08555	-0.913109	
1.47382	0.163408	0.646269	
0.318123	-1.5906	-0.233383	
1.59446	-1.00776	-0.420794	
1.67842	0.215773	1.75733	
-0.448873	-2.0294	-1.1092	
-0.361389	-1.32706	-0.545796	
0.318126	-1.59061	-0.233383	
1.67843	0.215772	1.75734	
2.31576	-1.19458	0.619941	
0.208457	1.57937	0.859945	
2.99909	-1.08428	0.284142	
3.16116	-2.21911	1.75735	
-1.3195	-1.50661	1.38198	
2.19729	0.868221	0.526241	
-0.136337	-0.414835	3.31644	
-1.28703	-0.807554	0.540846	
2.28469	-0.61873	0.564231	
-2.5548	0.387247	-0.580752	
0.823641	0.188622	-2.48677	
2.73271	-0.266715	2.61046	
1.57799	0.642618	1.29808	
0.0784872	0.461486	-3.28786	
-1.32628	-0.254324	-2.66424	
-2.30232	0.211826	1.26866	
0.354079	0.347903	-2.46062	
-1.87015	-0.226244	-1.48007	
2.54825	-2.68379	-2.62747	
-1.73557	-0.108551	2.91219	
-3.94284	-0.791042	1.69825	
-0.0914752	0.271565	0.874541	
-0.10881	-1.27611	-4.58344	
0.416689	-2.70298	0.943931	
1.53705	-4.98093	-0.125804	
2.98903	-2.70664	3.25928	
-2.14517	-2.42376	-3.65797	
1.51624	-3.88013	1.49587	
-0.911738	-2.6732	-1.12664	
0.331371	-3.98934	-0.308579	
-0.501841	1.72879	-1.78102	
-0.342587	0.0839179	0.386185	
-0.732759	0.0101277	1.71665	
-1.69764	1.70675	1.04824	
-1.15014	-0.776136	-0.184462	
-1.30599	1.2392	0.554636	
-0.386464	2.20574	-1.60303	
-0.13979	2.7588	-3.01689	
-2.45246	-0.0936787	0.600856	
-1.01339	2.02421	-0.0810959	
-0.0933548	-1.63694	2.65215	
-1.62286	-1.30317	0.0435951	
1.98378	-1.50434	3.89295	
-3.17667	0.763417	0.498732	
-2.00242	-1.2834	2.22961	
0.838914	1.76641	1.40805	
1.79144	-1.40949	-2.14586	
-0.0933551	-1.63695	2.65216	
-1.90691	2.10007	0.117195	
2.01658	-0.49323	-0.610771	
0.208458	1.57939	0.859955	
1.0631	-2.11498	0.850083	
-0.648111	3.80896	0.902648	
1.02076	3.07645	-0.14211	
3.34392	-3.19957	0.381377	
0.586152	2.04931	2.85249	
1.30276	-2.00252	0.645821	
-0.130696	-0.0251974	-0.0559337	
1.0631	-2.11499	0.850077	
0.644939	-0.149963	0.967775	
-1.01086	-1.6249	-2.3228	
-0.923461	-2.22758	-2.12231	
1.32866	-3.07958	-3.03734	
3.38031	-0.0836082	-1.31003	
3.92124	0.0398978	-1.84926	
0.920879	-2.14177	-3.241	
3.92127	0.039898	-1.84927	
1.24647	-0.467947	-1.27274	
0.0755878	-2.11601	-2.16212	
1.47813	0.410403	-1.42654	
-0.640669	-3.29174	2.15329	
-0.541472	-4.18138	3.88067	
-1.11656	-3.20393	1.89881	
0.61658	-5.24156	1.71125	
-0.0936508	-5.21592	2.51128	
1.75129	-5.87958	-0.483954	
0.531274	-4.06751	1.76524	
0.616583	-5.24159	1.71126	
-0.767923	-5.22963	2.28016	
1.06384	-5.97716	2.57061	
-0.287432	2.11745	2.39904	
-0.535657	-1.54208	0.135555	
1.02082	0.363565	-2.37592	
3.13297	-1.4512	-2.60434	
-0.417039	1.26789	1.41688	
1.64558	-0.392645	-2.69596	
-1.47523	-3.28626	1.10407	
-0.524459	0.679975	2.5547	
-0.616542	-1.79687	1.27287	
1.69309	1.61635	1.40779	
0.250978	0.226724	2.30826	
0.599915	2.02313	3.62031	
-2.07819	2.56753	1.17202	
-0.492999	-1.52758	1.68006	
-1.15613	-3.54921	1.43088	
3.20124	-0.634468	0.479156	
-0.419787	0.283198	0.965628	
-2.99396	-1.75338	0.746496	
-0.570595	3.15722	-0.259797	
-2.7963	-1.84629	1.15061	
1.15353	2.98205	-0.0290694	
0.743377	3.03231	-0.048418	
0.643587	4.32992	-0.0501981	
1.50902	3.31258	1.55847	
-0.529029	3.88176	0.0543753	
-1.59062	4.09702	-0.164167	
-1.39883	2.20719	0.708522	
4.92447	2.78638	1.74647	
1.2152	3.7784	0.829784	
0.314152	4.94867	-0.229791	
5.654	-3.07833	-3.2463	
4.73524	-1.7761	-2.52941	
-0.752407	-1.16285	-4.35408	
3.73792	0.716376	-3.55523	
3.41738	0.91788	-6.39283	
-1.4088	2.0352	-7.35037	
5.38212	-0.517272	0.364267	
3.59063	0.672023	3.36251	
-1.72431	0.878888	-8.57052	
3.07153	-5.22313	-2.24991	
1.42634	-0.845624	2.35121	
0.318116	-1.5906	-0.23338	
1.30073	-0.748692	1.62559	
0.318124	-1.5906	-0.233375	
0.318125	-1.59062	-0.233383	
1.08038	-1.44268	0.847146	
0.526288	-0.452111	0.897252	
0.896065	0.61816	0.268361	
-0.681603	-1.98804	-0.525138	
2.28524	2.6662	0.121389	
1.43618	1.16232	0.543813	
-5.47639	-0.0811653	-0.188143	
-0.723011	0.560025	-0.571155	
-2.48481	0.933425	0.576312	
-0.524957	3.86665	0.358098	
-0.74251	1.30741	0.0140975	
-2.08934	-0.38221	1.67895	
-1.55614	0.334759	0.629879	
-1.15287	-1.64895	1.47705	
-0.742517	1.30742	0.0140977	
-3.07884	-1.67344	0.56997	
1.03589	-2.06776	-2.51883	
2.33998	-2.63236	-1.10343	
1.09696	-0.525089	1.72788	
1.70256	1.39143	-1.22987	
-3.00781	-1.84665	-0.200225	
-1.00197	3.02521	-1.33403	
-3.17414	-1.74494	0.272879	
-3.91445	-3.08861	0.370785	
-2.78197	-0.000725055	0.395978	
5.3586	-0.945698	1.17523	
6.10963	0.67436	3.99078	
2.25078	0.79215	4.80453	
4.49912	1.06335	4.10171	
3.59396	-1.77625	3.36315	
-2.26887	5.13705	5.73186	
2.13895	-0.756205	6.39177	
0.605382	-1.61593	3.64004	
-3.12263	5.47446	1.95587	
-1.82545	2.93657	2.8692	
-1.9004	3.785	-0.5814	
1.97898	-3.45264	0.634171	
-3.28718	-1.25782	1.25613	
1.60306	-2.83205	0.658179	
-0.625522	-3.0651	-1.26402	
1.69548	-3.00424	0.53281	
1.86293	-3.61803	0.337437	
-3.45908	-0.798977	0.486779	
0.391767	-2.24389	-0.436488	
-2.50379	-1.11121	0.424043	
-0.114904	0.536949	3.34192	
-1.74706	-1.59145	-0.564411	
0.500486	0.029764	4.12814	
-0.651628	0.880469	3.1435	
-0.642887	0.277606	1.40121	
-0.276667	0.905804	2.46846	
-6.56688	-2.54564	-2.76491	
-0.101369	0.889121	3.3474	
-1.3792	-0.302685	-0.454186	
-0.960092	-0.11222	2.37049	
-0.383631	-1.2057	-0.432533	
-2.44035	-2.74714	-1.52962	
-1.74706	-1.59145	-0.564417	
-0.70892	-1.82515	-1.21027	
-2.43783	0.891874	-1.01556	
-1.74708	-1.59146	-0.56442	
1.72807	-1.15732	1.59727	
-2.17251	-2.31145	-0.940257	
1.72808	-1.15733	1.59728	
-1.34329	-0.392645	-1.04137	
1.22229	-1.72219	0.00334438	
1.31087	-1.50025	-0.965579	
0.373473	-1.98607	0.0645004	
1.18265	-2.57251	-1.04029	
0.923421	-1.75495	1.57854	
0.662993	-2.69783	-0.770614	
1.3386	-1.51031	1.47659	
-0.228894	-2.18942	-1.5461	
-0.170822	-2.48608	1.5885	
1.94367	1.3347	-0.887567	
-0.921099	-2.54798	-0.134062	
0.501922	-2.00841	-1.54932	
-1.29239	-0.614469	-2.70421	
0.0482746	-2.56732	-0.302991	
-0.91333	-2.40353	-0.318362	
-0.970045	0.832339	-2.16079	
-0.228895	-2.18943	-1.54611	
1.00005	-1.91415	0.191842	
-0.913337	-2.40354	-0.318363	
-2.62438	-1.08937	-0.600998	
2.07704	0.525869	3.04718	
-1.86895	0.492348	1.34601	
-4.31548	1.7044	-2.83814	
0.966736	0.920478	0.797657	
4.54229	2.50015	1.92343	
1.35211	0.791864	2.299	
2.54426	1.90095	3.23181	
-0.989612	3.77553	2.98561	
-1.26937	4.22733	3.14623	
-5.50578	1.42429	-1.2353	
-1.09903	0.840698	-0.182294	
0.288982	-4.08104	-0.442297	
-2.83269	-0.121578	-0.758805	
-2.34067	1.67305	-1.4854	
-0.353993	2.9613	1.8223	
-0.574583	-0.819072	-2.00325	
-1.86539	-0.982238	-0.0889214	
-3.48003	0.000175132	-1.17816	
0.371259	1.72015	-1.06343	
-2.54523	-2.7079	-0.0134306	
-1.71911	1.79457	0.546692	
-2.8916	-0.833179	-0.0986075	
-0.0244981	-2.35347	-1.59638	
-1.95402	0.737368	-0.247197	
-1.05223	-2.35692	0.0345609	
-2.72921	-0.997553	-0.178159	
-0.300102	-2.02406	-1.5232	
-1.95402	0.737376	-0.247199	
-0.609932	0.565436	-2.08583	
-0.986103	-1.81022	-2.08971	
0.755956	4.81271	0.0398255	
-0.191718	2.02907	0.315764	
1.46475	4.55986	0.353604	
0.910961	1.28624	0.580201	
3.13191	4.02643	0.72564	
1.67926	5.14489	0.458003	
0.0580197	1.57279	-1.49524	
-1.11238	3.32436	0.49831	
0.910964	1.28625	0.580195	
1.46476	4.55988	0.353605	
0.0322799	-2.71628	1.35108	
1.77916	-1.68543	1.09844	
0.646496	-1.06719	0.0173237	
3.04916	4.09393	0.881587	
-2.16864	1.61191	0.108533	
1.79358	-2.85365	-0.577411	
0.0322765	-2.71628	1.35109	
0.497051	-2.47192	1.53111	
1.22228	-1.72219	0.00333907	
1.22229	-1.72219	0.00333932	
0.229511	-2.69585	-0.979132	
2.10294	-2.5585	-1.70368	
1.68837	-1.23601	-2.42018	
1.68837	-1.23602	-2.42019	
-0.267333	-1.65215	2.74364	
1.38714	-1.22667	-2.37667	
0.700137	-1.62393	-1.14007	
1.31087	-1.50025	-0.965573	
0.381795	0.00332021	-2.28525	
1.64158	0.922167	-2.4629	
-1.05815	-0.767026	-2.83893	
-1.09032	-0.263578	-2.72134	
0.484736	-1.61409	-2.52671	
1.31087	-1.50025	-0.965578	
-0.680668	0.461554	-2.28391	
-1.08392	0.250927	-2.2989	
-1.32628	-0.254324	-2.66424	
-1.32628	-0.254319	-2.66424	
-1.32629	-0.254324	-2.66426	
-0.670643	-0.399485	-2.16603	
1.74234	2.54841	1.02051	
3.33303	1.73699	2.07279	
1.33391	2.00844	0.445723	
0.0844901	3.05461	2.18602	
2.28712	1.90314	-0.388818	
2.94485	1.48037	1.48221	
2.69583	1.5027	1.87251	
2.69584	1.50271	1.87252	
1.77738	2.56818	0.857793	
0.795723	2.97068	2.19303	
0.852864	-0.969298	-0.987006	
2.38902	1.27084	0.740596	
0.226824	-0.26088	-1.27685	
-1.30987	0.797685	-1.35428	
-2.69285	0.324769	0.225722	
1.34832	-0.891869	-1.19	
1.913	0.0312407	-0.716594	
-2.69287	0.324775	0.225724	
-1.24733	0.934479	-1.16858	
-0.319505	0.589169	-1.63577	
-2.17862	2.02123	-3.7172	
0.367245	-0.12754	-2.38857	
0.286512	1.49125	-1.57584	
0.528224	-4.00885	-1.54174	
1.66926	4.05894	-1.79058	
1.14268	3.67846	3.35768	
1.34833	-0.891878	-1.19001	
0.523695	3.39106	-2.04817	
1.66926	4.05896	-1.79059	
0.528226	-4.00887	-1.54175	
-0.138791	2.03766	-1.83373	
-0.453399	2.056	-1.8978	
-0.366868	1.56332	-1.95172	
-1.48353	1.2114	-2.42239	
-0.36687	1.56333	-1.95173	
0.458173	1.76635	-2.15395	
1.70064	-0.138161	-1.27742	
0.662997	-2.69785	-0.770619	
1.60724	-2.27829	-0.811122	
-0.300104	-2.02406	-1.52321	
3.01035	3.73605	0.314222	
2.2252	2.78748	0.0715512	
2.32224	3.94917	2.41816	
3.14764	3.88118	1.53277	
3.34239	3.51768	0.346747	
1.82153	2.20203	0.0881248	
0.846978	1.06732	0.18766	
1.86759	4.96531	1.36297	
0.483219	4.1496	0.952891	
3.82339	3.13197	-2.79205	
-0.609929	0.565431	-2.08583	
0.409007	-1.19357	-1.62865	
2.14813	-1.0348	-2.09537	
1.22228	-1.72219	0.00333619	
-1.71911	1.79457	0.546702	
-2.64151	-0.192557	-1.05985	
-2.58327	1.00991	1.78268	
0.373472	-1.98608	0.0645013	
1.22228	-1.72219	0.00334646	
-2.64153	-0.192558	-1.05985	
1.38848	3.40996	-2.06055	
1.09548	2.05716	3.62261	
1.60748	-2.74199	-2.29905	
-2.67975	-0.82273	-4.79706	
-1.43483	1.07918	-2.7178	
-1.94663	2.7476	-4.20055	
-1.91578	2.19244	-1.03261	
3.01706	2.1286	-0.32973	
-0.872869	-2.02734	-2.37261	
1.71004	0.0992845	4.42168	
-0.491495	0.791992	-0.0305654	
-2.61199	-5.42605	-1.97001	
-1.34213	-3.93681	-3.61533	
1.95644	4.14603	-1.14431	
1.99744	3.27858	3.47773	
-3.10409	-3.77295	1.13947	
2.15728	2.27785	-0.70136	
-2.87141	-0.720771	0.289829	
0.635017	1.9673	3.29745	
1.77378	6.12373	1.05676	
-0.643498	0.978565	1.40663	
0.49804	0.0415573	-3.08872	
-3.3519	0.16019	0.219103	
-2.09793	0.493142	-0.843911	
-1.94565	1.19781	-0.765412	
-1.94567	1.19782	-0.765416	
-1.68636	1.31751	-1.09332	
1.40148	1.33998	-1.439	
-0.00425168	1.56365	1.99959	
-1.68636	1.31752	-1.09332	
2.45114	-0.905921	1.42392	
-1.93035	1.01608	-1.08921	
-2.93952	1.39148	-0.234149	
0.878187	-0.250996	-0.144517	
-1.60447	1.32672	-0.834291	
1.77916	-1.68544	1.09844	
-3.23674	0.26721	-0.272773	
2.45116	-0.905926	1.42393	
-1.72076	1.05094	-1.30143	
1.22228	-1.72219	0.00334305	
-5.77005	2.67834	0.851878	
-6.10628	-2.37454	-0.253666	
-5.23925	-0.127395	2.95333	
-4.22009	0.563756	2.392	
-5.41258	-0.382577	1.50317	
-2.35368	5.26836	1.21136	
-5.08445	2.12556	-0.418965	
-5.72556	2.05825	2.06694	
-4.17976	0.669548	2.42827	
-4.95757	0.997111	-1.96112	
1.17839	-1.37082	2.07815	
-1.43839	-1.13542	1.67841	
-1.54759	-1.75005	-0.792521	
1.17832	-1.82243	1.77977	
-2.26766	-1.33168	0.859953	
-2.45307	0.724952	3.98773	
-2.3158	0.589631	0.635046	
1.00573	0.110243	0.95904	
-1.3433	-0.392648	-1.04137	
-0.558533	-2.16654	0.91928	
3.60721	3.05173	-1.64913	
2.60598	2.63947	-0.92219	
2.91659	3.30408	-0.659004	
3.28443	1.25942	-1.03614	
3.18322	3.55742	-3.86368	
3.73162	1.51578	-1.30334	
0.420429	-1.18493	0.226557	
4.37046	1.98878	-0.758015	
1.88587	3.13952	-1.84005	
3.03144	3.19305	-1.08553	
1.68302	1.56731	-0.558428	
0.128881	-1.97589	0.32546	
0.617661	-1.48201	2.90798	
0.128887	-1.9759	0.325451	
1.08015	0.394945	2.81508	
0.128885	-1.97589	0.32545	
1.43523	2.24379	2.87615	
0.828144	-2.43768	-1.16684	
0.128888	-1.97589	0.325458	
1.03944	0.851755	1.65301	
-1.34285	1.03581	4.38833	
-1.35324	0.684337	3.10611	
1.39401	1.31218	-2.45239	
3.06057	0.787049	-3.04452	
1.34399	0.761539	-2.6485	
-0.802856	1.08861	4.41485	
1.344	0.761543	-2.64852	
0.236958	-2.32932	1.78449	
0.545439	2.0615	-1.62963	
-1.5508	1.11345	2.84481	
1.68302	1.56731	-0.55842	
1.09895	1.72342	1.33383	
-0.390175	2.49267	1.35891	
1.68302	1.5673	-0.558423	
1.32509	1.65726	0.141639	
1.33145	1.9926	0.799034	
1.33146	1.99261	0.799038	
0.710423	2.15803	-1.71966	
0.545442	2.06151	-1.62964	
1.71907	1.74934	-0.68781	
-2.09514	-0.236957	1.37039	
-1.94018	-0.234657	1.73452	
0.721187	3.37947	0.988934	
-1.66808	-0.189776	0.5223	
1.30565	1.91382	3.23351	
-1.93215	-0.894142	-0.508498	
-0.354042	1.67288	2.78538	
0.910957	1.28625	0.580197	
-0.596251	0.0882878	-3.13682	
-0.858518	-0.710589	-2.81969	
1.85552	-2.22691	-0.499304	
1.2527	1.5356	-1.43784	
-0.113001	1.38005	2.22237	
-1.78254	2.35173	0.00758133	
1.70065	-0.138161	-1.27743	
-0.00425206	1.56366	1.9996	
-1.06244	-0.791349	-0.558224	
0.268995	2.44714	-1.47906	
0.616292	-2.15573	-1.47822	
0.859358	1.25561	-0.968733	
0.795256	0.125298	-2.37756	
-1.53851	0.350009	-2.82412	
0.589545	1.10343	-1.34028	
-0.970044	0.832347	-2.16079	
-2.22106	1.38024	-4.41838	
-0.505449	-0.731339	-2.10912	
-1.40424	0.054795	-2.93464	
-0.131618	-0.136508	-2.30081	
-1.74367	1.29221	-3.29779	
1.68303	1.56731	-0.558426	
4.40526	3.23409	-1.56683	
-3.7859	3.7045	-1.43068	
1.97689	2.57333	3.24299	
1.95645	4.14604	-1.14431	
3.19677	5.52656	-0.0892113	
0.943075	-2.84842	3.52637	
1.65401	6.00308	1.97463	
1.87919	6.15916	0.450132	
-4.08719	-1.49021	-0.880933	
-4.03104	-1.40212	3.28551	
1.06309	-2.11498	0.850075	
2.50969	-1.37417	-1.16611	
1.73986	-1.35754	0.463139	
0.0859517	-0.567027	-1.81008	
2.7095	-0.77561	-0.638731	
1.0631	-2.11498	0.850073	
1.06311	-2.115	0.850083	
0.875593	-1.41288	0.566979	
2.09369	-1.43598	-2.03073	
2.02434	-1.21019	-2.26765	
-1.20465	1.5262	-0.0388856	
1.10075	5.27104	0.695518	
-0.704057	2.9194	0.634303	
3.01037	3.73606	0.314223	
-0.928319	-3.90253	0.36382	
-0.509351	2.3086	0.0781526	
-1.20466	1.52621	-0.0388861	
1.46828	1.92573	0.543021	
2.97091	3.78172	3.1053	
3.39147	3.91032	0.787198	
0.944979	1.16705	-0.0797267	
0.944987	1.16706	-0.079728	
1.22228	-1.72218	0.00333608	
1.22228	-1.72218	0.00334457	
0.110985	-2.66493	-0.180571	
-2.1256	-2.14215	-0.31038	
1.20573	-2.42167	1.34876	
-2.61535	-0.988723	-1.14871	
1.22229	-1.72219	0.00333454	
1.22229	-1.72219	0.00334013	
-2.53103	3.34453	3.66876	
-1.53962	0.518706	2.12674	
1.28752	3.47459	-1.86109	
-3.61441	0.921543	-2.54139	
-2.50148	1.57167	-4.2297	
2.81709	3.49843	-2.45258	
3.32273	2.49435	-2.09496	
-0.721939	-4.65718	0.7291	
-0.341519	2.85487	0.648095	
-2.03404	0.662343	-3.98856	
2.36926	-0.660613	-1.29263	
-2.87829	-0.665223	-0.714979	
0.6163	-2.15573	-1.47822	
0.12888	-1.9759	0.325454	
-2.94679	0.571275	1.33626	
-2.37946	-1.86398	0.121752	
0.700137	-1.62392	-1.14007	
-1.23192	-1.68615	-2.06933	
-0.467398	-0.610229	-2.09058	
-0.189171	-2.59152	-0.0413072	
3.55606	3.35182	-2.91666	
0.852872	-0.969293	-0.987006	
0.607801	3.43174	1.49497	
-4.14499	1.14312	-2.82287	
-4.04805	3.57533	-1.12081	
-0.897474	2.51061	1.24485	
3.24022	1.10301	-1.13476	
1.83475	4.14145	-1.49279	
-1.01966	3.4104	2.36138	
-1.96645	2.86085	-4.14756	
-2.74695	-0.175009	-4.78813	
2.38631	2.18232	-2.00615	
1.2803	-2.56295	-3.29939	
0.418152	4.4664	-1.2805	
2.89706	1.75345	0.381175	
1.38357	-3.61562	-3.88628	
-3.87668	-0.341098	-3.47208	
1.66479	2.88108	-0.213031	
-2.63823	-1.04352	-4.07558	
0.945382	2.32978	-0.183629	
1.66771	2.38381	2.53201	
0.646499	-1.06718	0.0173177	
-1.72077	1.05094	-1.30142	
1.08828	3.97713	1.07571	
2.68201	3.59033	0.684202	
2.32451	3.089	0.672804	
2.45525	2.92171	0.693833	
0.420431	-1.18495	0.226562	
1.91997	2.51506	0.588	
2.20923	2.80305	0.256991	
1.32472	1.96859	3.07944	
-2.58327	1.0099	1.78267	
1.07325	4.2992	2.67537	
-2.58328	1.00991	1.78268	
0.864638	2.0037	3.22633	
-1.57895	0.067701	1.87335	
-3.89321	0.754747	0.670737	
-4.65161	0.688939	0.140784	
-2.83668	-3.48191	2.19766	
-1.22783	0.298743	2.39325	
1.00005	-1.91414	0.191848	
0.283401	2.05327	0.901865	
1.67259	1.59267	-1.02057	
1.00004	-1.91415	0.191844	
1.22381	1.21006	1.64891	
0.283403	2.05329	0.90187	
1.13903	2.01774	0.879148	
1.67259	1.59267	-1.02058	
0.136743	2.04937	0.977799	
1.6726	1.59266	-1.02058	
4.49987	-0.983929	-4.29832	
-2.25187	-0.299597	6.51513	
0.334337	1.83435	-8.16356	
3.872	-4.5541	-5.50903	
-1.27742	-0.180832	-7.32552	
5.66559	-0.0458642	-4.3906	
0.558831	-7.91721	-1.26025	
7.71217	3.78983	-4.16343	
-1.16782	5.864	-6.68266	
1.7842	-4.55549	-6.62371	
0.1805	-0.763221	1.24659	
1.63269	0.174159	-2.5595	
0.0238223	-2.71565	-1.19209	
-0.6762	-2.09435	-0.427274	
-0.0634389	-1.53169	-1.1713	
1.22492	1.0808	-2.77059	
1.14361	-1.78241	-0.760352	
-1.47381	1.25218	2.6792	
-1.10578	1.47535	2.74687	
0.716237	1.83919	-1.81828	
0.130352	4.14734	0.760258	
2.19135	3.1233	0.986501	
-1.11175	-2.36631	-2.65088	
1.15615	1.02672	-0.917684	
0.910957	1.28625	0.580204	
1.02672	4.77453	0.375502	
0.415865	1.07587	-1.55066	
-2.35293	-3.12448	-1.19092	
1.57074	4.46079	1.16714	
-0.589963	1.43557	0.947707	
0.327905	0.873154	3.10878	
-2.35157	-1.47419	1.87898	
0.947529	-2.22583	1.77533	
1.29588	-1.88751	0.868543	
0.947534	-2.22584	1.77534	
0.807694	-2.04943	1.0568	
-1.19825	1.77292	2.421	
-0.721277	-2.11184	2.00121	
-2.53719	-1.41667	1.73738	
-2.35158	-1.47419	1.87899	
-1.43484	1.07919	-2.71781	
0.799881	-4.2748	-2.35662	
-1.30223	1.67527	-2.78999	
0.454504	-1.05335	-1.57713	
1.04797	-0.539255	-0.562565	
2.91658	3.30408	-0.659012	
3.75496	3.37182	-0.958477	
-2.05661	1.60798	-4.43828	
2.15014	4.68803	-1.77117	
1.3285	0.805067	-0.78522	
-0.669324	1.35529	-0.0326903	
-1.00493	2.38736	-3.29217	
1.76785	0.0597601	0.822473	
-0.656713	2.07257	-1.81726	
-0.47103	-0.558859	-0.779338	
0.616296	-2.15572	-1.47823	
-1.21711	1.86479	-0.963398	
-0.775035	-0.914249	0.964087	
-1.27764	2.59493	-1.23499	
-1.96097	2.67448	-1.88684	
-0.918306	1.81975	-0.00459472	
1.03211	-2.37419	-1.60024	
-0.759403	1.18503	1.04029	
-1.21752	-3.35941	0.979254	
-1.02376	0.798086	-0.651385	
1.4391	2.45269	2.65409	
-0.148194	1.95227	-1.95471	
-0.313627	-2.78818	2.63629	
-1.02375	0.798094	-0.651389	
-0.800291	1.79057	0.786857	
-1.22241	0.511579	-0.91734	
0.772551	0.8269	-0.334164	
-1.15015	-0.776142	-0.184463	
-1.44449	-0.126981	-2.58669	
0.645957	-0.318468	0.115944	
-2.62229	-1.52412	-0.170592	
-1.81905	1.64391	0.906588	
-1.93036	1.01608	-1.08922	
-0.679224	-1.6472	-2.48669	
0.999027	-0.289613	-1.20505	
2.11257	-0.823902	1.9532	
1.35812	1.01664	0.698405	
1.31519	-3.09098	1.81535	
-0.609935	0.565438	-2.08584	
0.935826	-2.38014	1.61208	
0.77097	-0.96932	2.2399	
0.253322	-2.77541	1.333	
1.73987	-1.35755	0.463141	
0.935834	-2.38014	1.61208	
-1.53826	2.38403	0.937411	
0.280065	-1.6807	1.24049	
-1.15622	-2.6641	0.397921	
0.903541	-1.63106	1.73095	
1.02535	-1.5217	-0.261812	
0.280066	-1.68071	1.2405	
1.88751	-1.54133	1.17009	
0.903545	-1.63107	1.73096	
1.00004	-1.91414	0.191852	
1.3386	-1.5103	1.47659	
1.00004	-1.91415	0.191851	
2.63698	2.52087	-1.35361	
0.588408	2.28665	-1.44604	
0.835085	2.43319	-1.20479	
0.11311	1.03107	-0.977467	
-0.134839	0.675923	-1.57322	
0.662808	0.328243	-1.10522	
0.662806	0.328235	-1.10522	
0.662812	0.328241	-1.10523	
1.37906	0.678646	-0.706156	
1.6726	1.59268	-1.02059	
2.63805	0.614877	-1.15832	
-1.36837	1.71415	2.39553	
0.700132	-1.62392	-1.14006	
3.84035	1.45925	-1.14129	
0.661135	3.45137	0.29767	
-1.54738	-3.65662	2.91236	
-0.75462	-1.44573	0.980398	
0.884818	0.251455	1.84162	
0.588411	2.28666	-1.44605	
0.454506	-1.05335	-1.57714	
-2.93186	-0.196149	-4.19573	
-5.24206	-0.0249848	0.433746	
-5.03795	1.25943	-0.668005	
3.8151	2.1283	-1.26581	
-5.21698	0.0169277	0.177642	
-0.399294	3.08584	3.71791	
-3.17987	0.971505	0.108933	
-5.78858	-0.523772	0.483882	
-5.16084	1.20767	-0.198493	
0.430576	1.15402	-1.41818	
0.0322789	-2.71629	1.35109	
-2.10596	-1.17737	2.43704	
-0.390177	2.49268	1.35892	
-0.878731	-0.137413	1.65309	
-1.1648	0.43275	3.20662	
-1.94162	1.33467	0.0179305	
-1.71634	0.599987	2.85398	
-2.4075	0.204407	2.31247	
-0.0464246	-1.19949	3.01739	
-0.434343	0.00946141	2.0828	
0.812865	4.49025	1.63445	
-1.65365	2.25119	1.14049	
1.77739	2.56818	0.857788	
2.90982	3.2289	1.4567	
2.50269	2.75689	1.33476	
0.214546	2.74943	0.945167	
0.50865	2.99537	1.66543	
2.68861	2.53243	1.33487	
2.08685	2.21611	1.16246	
2.15729	2.27786	-0.701363	
0.191538	0.429338	0.0741672	
0.523587	1.21865	0.873104	
1.44227	-2.2407	-0.329696	
1.43956	-2.69771	0.146789	
0.191547	0.429333	0.074166	
1.88752	-1.54134	1.1701	
1.43957	-2.69772	0.146789	
0.191542	0.429336	0.0741582	
0.191546	0.429344	0.0741645	
1.09894	1.72342	1.33382	
1.32509	1.65725	0.141644	
1.76984	0.243678	0.814482	
0.644395	-0.280888	-0.38489	
1.3251	1.65727	0.141645	
1.4666	1.1206	0.221747	
-0.471035	-0.558864	-0.779346	
1.46827	1.92574	0.543024	
0.772552	0.826906	-0.33417	
1.35813	1.01665	0.698407	
0.878181	-0.250989	-0.144513	
-3.17989	0.971509	0.108934	
1.77916	-1.68543	1.09844	
1.98177	-1.59202	0.824705	
0.999034	-0.289607	-1.20505	
-2.33755	1.1021	2.18895	
-1.20384	0.578463	-3.06956	
1.29201	-1.69611	1.38232	
2.19457	-1.3988	-0.433403	
0.923417	-1.75494	1.57854	
1.77916	-1.68544	1.09845	
0.501923	-2.0084	-1.54931	
0.616293	-2.15572	-1.47822	
0.501927	-2.00841	-1.54933	
-0.30011	-2.02406	-1.52321	
-0.579711	0.519633	-1.64679	
0.0859586	-0.567033	-1.81009	
-0.0658039	-2.69438	0.0915474	
0.831798	0.00464126	-1.88729	
0.203394	-0.591335	-1.90555	
-0.189172	-2.59153	-0.0413075	
0.416682	-2.70297	0.943927	
1.98178	-1.59202	0.824709	
0.112633	-1.55922	2.88065	
0.416685	-2.70297	0.943933	
-0.162695	-2.14994	0.846905	
0.407215	-2.3136	0.449189	
1.3386	-1.51031	1.4766	
-0.170822	-2.48609	1.58851	
0.407216	-2.31361	0.449191	
0.416684	-2.70299	0.943937	
-1.02122	-2.54634	0.95393	
1.89815	0.435703	2.3211	
-1.71911	1.79457	0.546696	
0.0482739	-2.5673	-0.302993	
-1.71912	1.79458	0.546699	
-1.68027	2.35684	-0.378788	
2.34939	-0.732905	1.55326	
-0.359661	2.88213	0.00729229	
2.3494	-0.732908	1.55327	
0.709512	-1.56894	2.75565	
1.49809	0.168671	1.59931	
-1.95852	2.6511	-3.53348	
3.94133	1.22522	-1.07063	
-1.41748	2.42339	-3.17176	
0.182975	1.29921	-1.47347	
-0.558568	1.40044	-0.383668	
-2.48461	-2.14076	3.52082	
2.60598	2.63947	-0.922183	
1.78621	3.12775	-1.93655	
2.9241	2.28175	-1.1216	
1.64059	1.82244	1.03061	
3.01229	4.02726	1.12499	
-4.10058	2.12188	-2.38208	
1.39853	2.06162	1.87327	
3.0123	4.02727	1.12499	
-4.6005	1.54502	-1.84715	
-3.3029	1.8119	-3.04971	
1.64059	1.82244	1.03061	
3.21516	3.65128	0.171936	
-4.80109	2.47435	-0.225921	
-0.525373	-1.60196	0.291335	
0.999026	-0.289605	-1.20506	
0.616299	-2.15574	-1.47823	
1.31087	-1.50025	-0.965574	
0.700128	-1.62393	-1.14007	
-0.675991	1.05133	-2.05466	
1.19597	0.121076	-0.707918	
0.999036	-0.28961	-1.20506	
1.10812	1.44896	-1.63367	
1.12255	-1.48761	-1.01057	
0.294055	-2.45531	3.83298	
-1.72076	1.05094	-1.30142	
-2.25508	-1.97135	-0.383581	
2.24397	2.16515	2.19026	
-2.82462	1.52493	-2.10746	
-2.16865	1.61192	0.108533	
-2.59372	-0.678306	-1.37239	
-1.72077	1.05094	-1.30143	
-2.51666	-0.573221	-1.47323	
-2.66956	3.08876	-0.996709	
1.68303	1.56732	-0.55843	
-0.681611	-1.98805	-0.525143	
-2.66393	-0.110151	-0.198836	
-1.24858	0.714853	2.34667	
-1.47418	1.02303	2.06458	
1.00005	-1.91415	0.191847	
1.09895	1.72343	1.33383	
-0.793647	-2.08959	0.784303	
-1.32877	-0.895354	0.845407	
1.22639	1.51525	0.488467	
2.47409	-1.39844	-1.61297	
0.473053	-1.40812	0.490286	
-1.98558	2.06266	-0.0412244	
1.51745	-2.20293	-1.14273	
1.14703	1.33787	-2.7201	
-0.0933558	-1.63695	2.65217	
0.023821	-2.71566	-1.1921	
1.30276	-2.00253	0.645825	
0.486685	-1.68732	-2.45731	
1.51745	-2.20294	-1.14273	
-0.990985	-4.58876	0.276969	
3.39457	1.45012	-0.470454	
0.923421	-1.75495	1.57855	
0.048833	3.24489	1.42088	
2.02708	2.34627	-2.06932	
-2.79814	-2.57659	1.97831	
-0.881278	1.78714	0.426721	
-0.610609	-1.25291	1.63856	
-2.60661	0.62688	2.07292	
2.19457	-1.3988	-0.43341	
-0.599392	0.34863	3.21935	
-1.80359	0.632659	2.85939	
-0.0764979	-1.41239	2.9163	
-2.01555	0.0271677	2.8561	
0.148897	1.11581	3.11194	
0.487643	-0.79461	3.0562	
0.284501	-1.18744	2.9586	
0.377781	-0.861777	3.17868	
-1.59183	0.556665	3.03776	
-0.943349	0.705404	2.38148	
0.0124694	0.056938	1.08869	
2.63804	0.614881	-1.15832	
1.77917	-1.68544	1.09845	
1.98653	-1.90639	-0.845386	
1.47146	-0.000661053	0.278279	
1.91301	0.0312415	-0.716598	
2.63805	0.614883	-1.15833	
2.55543	1.00918	-1.00159	
1.34833	-0.891876	-1.19001	
2.19458	-1.3988	-0.43341	
1.25931	1.7671	1.08586	
0.807721	1.29422	0.855074	
1.8419	-1.6479	0.307433	
2.68201	3.59034	0.684205	
0.910955	1.28624	0.580196	
1.63883	2.06405	1.64259	
1.39853	2.06163	1.87328	
2.07531	-1.45221	0.84638	
1.01096	-4.00617	-0.660748	
1.32851	0.805071	-0.785225	
1.12434	-2.50577	-1.21477	
-0.0937733	-2.55717	-1.19897	
1.15278	-3.8365	1.85201	
-0.418491	1.1843	-1.54112	
-0.0244987	-2.35348	-1.59638	
0.0482686	-2.56731	-0.302987	
-1.68637	1.31752	-1.09333	
0.225413	-2.83435	1.06131	
-0.641725	1.94566	-2.12624	
1.12434	-2.50578	-1.21478	
-0.408705	0.873541	-3.06748	
-1.05223	-2.35691	0.0345658	
1.31087	-1.50025	-0.96557	
1.31087	-1.50025	-0.965582	
-1.05222	-2.35691	0.0345629	
-1.54385	2.45299	0.708696	
0.128879	-1.97589	0.325454	
-1.05222	-2.35692	0.0345703	
1.58373	-1.0877	-0.575203	
1.31087	-1.50025	-0.965581	
4.43106	2.86227	-2.24194	
1.91997	2.51507	0.588002	
4.18164	2.68206	2.49474	
2.51518	3.70728	3.56295	
-0.970047	0.832345	-2.16079	
2.72247	3.50972	1.44621	
2.49605	4.63102	-1.2152	
0.956783	5.10997	1.57594	
4.09143	3.59014	-0.0779375	
2.90854	4.02386	1.38101	
0.532508	-0.950784	-0.24288	
2.16445	2.13469	1.51829	
-3.68676	2.00159	-2.98625	
2.01781	2.37457	2.17688	
-0.891255	3.33227	2.50456	
2.01782	2.37457	2.17688	
2.63495	1.19507	3.16935	
1.92062	-2.8527	-0.441946	
0.64649	-1.06718	0.0173173	
-1.02375	0.798085	-0.651391	
1.67442	-2.54295	-0.0449413	
2.91658	3.30408	-0.659007	
2.60896	3.30253	0.262861	
-1.60446	1.32671	-0.834286	
0.852874	-0.969302	-0.987013	
0.646489	-1.06719	0.0173177	
-1.00312	0.304726	-0.477793	
2.77807	-1.82195	-0.785434	
-0.255447	-0.621373	0.515932	
-4.80314	1.79219	-0.859567	
1.96469	5.03421	1.85419	
-3.72587	2.02467	-1.66769	
-3.72588	2.02468	-1.66769	
2.57414	3.62267	1.04252	
0.585067	3.43763	0.62732	
-4.65499	0.105655	-1.63838	
-2.53607	2.60407	-0.41212	
-1.95403	0.737374	-0.247199	
-2.61747	1.56783	-1.14791	
1.39603	4.55024	0.812514	
2.5612	2.07936	-3.08273	
1.01051	-3.75375	0.931737	
2.03843	-2.65214	0.922553	
4.50464	-1.02047	1.14678	
1.1063	-0.693271	2.13874	
-1.27343	-1.15445	0.555098	
1.93798	-2.80902	0.662384	
2.43053	-0.837887	-1.73984	
0.282253	-1.92095	5.23866	
-0.0949001	-0.988429	5.32845	
-0.306473	-0.68174	-2.23396	
-1.02376	0.798091	-0.651394	
4.2028	3.21368	1.5144	
0.910965	1.28625	0.580203	
-1.60446	1.32671	-0.834291	
-0.675982	1.05133	-2.05466	
-0.319507	0.589172	-1.63578	
-1.60446	1.32672	-0.834288	
-0.675988	1.05134	-2.05467	
-0.442545	-0.40189	-2.22126	
0.957322	4.48612	1.59059	
0.508652	2.99539	1.66544	
0.0488332	3.2449	1.42089	
0.277932	2.38463	3.10541	
3.13384	1.27455	1.35179	
-1.53143	0.109712	2.26897	
0.593966	3.15919	1.25115	
-1.17797	-4.41124	1.17759	
-1.68265	2.35038	0.259388	
1.25108	0.606602	1.65655	
2.91659	3.30409	-0.659011	
-1.94816	1.5841	-4.49555	
-2.3293	0.0569702	-5.30408	
-1.82529	2.40301	-4.45883	
-1.65804	-0.637865	-3.30893	
-1.65804	-0.637866	-3.30894	
2.60599	2.63948	-0.922187	
3.10932	2.9563	-2.75135	
4.02199	2.32504	-1.35642	
-5.69734	0.00814327	-1.34779	
1.30074	-0.748695	1.6256	
-1.16338	-2.27539	3.12226	
0.0415914	-4.53099	1.32759	
-0.285226	-3.09369	2.14228	
-2.32191	1.58116	1.76074	
-0.983691	-1.66869	2.66611	
0.845487	2.30479	-1.60819	
0.064507	-1.47942	1.67897	
-0.223745	2.46325	0.606908	
-0.298443	-2.37144	1.80315	
-1.61492	1.48083	3.17565	
-0.881282	1.78714	0.426724	
0.00234666	2.05738	2.6513	
-1.94109	1.52754	2.23766	
-2.53608	2.60408	-0.412122	
-1.28451	0.327524	2.30011	
-1.14549	1.22935	4.34391	
-0.0147208	-2.54152	3.26092	
0.52359	1.21866	0.87311	
0.286514	1.49126	-1.57584	
-4.02857	-2.7137	-5.67081	
-5.02686	-1.81042	6.56272	
7.61086	-4.83514	3.0195	
8.74692	-3.05103	-1.6339	
-2.69037	1.88909	10.4274	
7.12171	-2.06457	-1.6048	
-0.844501	0.554376	8.46107	
9.10809	-0.273021	-3.94231	
-3.75462	3.71925	8.47116	
-6.95285	-1.76562	3.5459	
-0.181069	1.43418	0.292845	
-0.579714	0.519636	-1.6468	
-0.517166	-0.276997	-2.11258	
0.605388	-1.50925	-1.13826	
-0.818419	1.82203	-2.14102	
0.1051	0.730159	-2.40862	
-2.09794	0.493144	-0.843911	
0.857859	-1.24497	3.00599	
0.203396	-0.591338	-1.90556	
0.226845	1.67624	-1.07475	
-1.68028	2.35685	-0.37879	
1.22228	-1.72218	0.0033391	
-0.40692	1.43175	-1.4436	
-1.60447	1.32671	-0.834295	
-0.529711	-0.0195727	0.814813	
-0.914965	-0.751126	-0.677689	
-1.25792	1.60902	0.261374	
-1.69765	1.70675	1.04825	
0.624516	1.15234	1.10891	
-1.17886	2.52606	0.708734	
-0.300109	-2.02405	-1.5232	
0.700127	-1.62392	-1.14006	
0.700133	-1.62392	-1.14006	
-1.95858	0.532951	-1.16875	
-0.0634342	-1.53168	-1.1713	
-0.0634429	-1.53168	-1.17129	
1.31086	-1.50025	-0.965579	
-0.0634398	-1.53168	-1.1713	
0.70013	-1.62392	-1.14007	
0.878192	-0.250989	-0.144512	
-0.681347	-1.7893	0.200679	
-0.788171	-2.22423	1.75534	
-1.61656	-1.08335	2.7518	
-2.775	-1.21944	0.328262	
-1.17734	-2.31871	1.25607	
-1.05223	-2.35693	0.0345674	
-2.29596	-1.86412	0.404888	
-0.732763	0.0101278	1.71666	
-0.200201	1.07783	2.01657	
-0.564357	-1.50013	2.57157	
0.644656	1.18347	-1.26478	
-3.88182	3.77199	-1.10738	
-3.47382	3.33159	-1.0123	
-0.745274	1.97637	0.143638	
-0.832059	1.9471	0.305472	
-0.544511	2.83958	0.43329	
1.46828	1.92574	0.543024	
0.233557	2.82314	0.236443	
-0.0275626	1.59527	-0.101475	
0.0253	2.28909	1.55773	
1.00004	-1.91414	0.191845	
-0.0658042	-2.69437	0.0915469	
0.645964	-0.318474	0.115947	
0.128885	-1.9759	0.325459	
0.423995	-2.26653	1.84821	
-0.788163	-2.22423	1.75534	
-0.78817	-2.22423	1.75535	
1.00005	-1.91415	0.191847	
-0.263171	-0.0999986	2.11793	
-0.788171	-2.22424	1.75535	
3.12708	2.25848	-2.13933	
0.651884	4.66301	1.08623	
-1.06566	-2.20579	1.61344	
-0.609322	-3.81653	1.22487	
-0.895758	-3.21998	0.725048	
-1.17735	-2.31872	1.25608	
1.82483	3.28974	-1.61596	
1.11803	3.62301	-1.81857	
1.21568	3.03398	-1.21142	
-1.08237	-3.53233	-0.78388	
1.22228	-1.72218	0.00334109	
0.423996	-2.26653	1.84822	
1.60723	-2.27828	-0.811118	
0.723027	-2.45494	1.51408	
1.60723	-2.27828	-0.811122	
0.284502	-1.18745	2.95861	
0.406231	-1.59087	2.77045	
1.76786	0.0597607	0.822477	
0.110986	-2.66494	-0.180572	
0.723029	-2.45495	1.51408	
1.31086	-1.50024	-0.965573	
1.31086	-1.50025	-0.965571	
1.20573	-2.42168	1.34876	
1.31087	-1.50024	-0.965572	
1.31086	-1.50025	-0.965575	
1.22229	-1.72218	0.00334317	
1.58374	-1.0877	-0.575205	
1.31087	-1.50024	-0.965579	
1.31087	-1.50024	-0.965577	
1.31087	-1.50025	-0.965583	
-2.95939	1.13732	-1.55493	
-2.68352	-0.340457	-5.14637	
-2.65871	1.21359	-4.23582	
1.98925	-2.94042	1.22868	
-0.283429	-2.41504	1.55123	
1.98654	-1.9064	-0.845389	
-2.19827	3.04712	-3.92566	
1.98925	-2.94041	1.22869	
1.98926	-2.94043	1.22869	
1.81296	1.93797	-1.6978	
-2.32471	1.37561	-1.7681	
-2.51749	1.33979	-1.50755	
-0.153164	4.02586	1.2566	
0.302223	4.21866	-1.9006	
-2.5175	1.33979	-1.50755	
2.01782	2.37458	2.17689	
-0.0527909	3.37824	1.08589	
-2.51751	1.3398	-1.50755	
-0.872163	3.20664	3.49934	
-0.912136	2.86579	2.93207	
3.03534	0.459265	-2.19586	
2.90855	4.02387	1.38101	
0.246203	2.78931	1.11688	
-0.958687	1.84732	0.568578	
-0.355697	-3.50474	-1.16245	
-0.872839	-2.93823	-0.567438	
1.74887	3.60816	-1.20623	
0.163889	-4.3044	-1.13262	
3.95325	3.26637	2.0027	
1.00583	-4.03198	-0.427112	
1.19903	2.07976	2.03594	
-0.453394	2.05598	-1.89779	
0.00987866	-0.0945194	-2.62477	
-0.656716	2.07258	-1.81726	
-0.453402	2.05599	-1.89779	
3.09508	1.62171	-2.59948	
-1.48773	2.42787	-0.205553	
2.00171	5.05315	0.77606	
3.06751	1.92708	-0.974639	
3.06752	1.92709	-0.974641	
-0.914974	-0.75113	-0.677693	
0.0121833	0.119875	1.98378	
0.700135	-1.62393	-1.14007	
-0.913329	-2.40352	-0.318357	
-0.913333	-2.40352	-0.318365	
0.0482684	-2.56731	-0.302996	
-0.300102	-2.02405	-1.5232	
-0.300102	-2.02405	-1.52321	
-0.913338	-2.40353	-0.318359	
-0.311549	-0.242974	-0.269363	
-1.53725	2.19579	0.857179	
-1.30826	0.964565	2.97021	
-1.06566	-2.20579	1.61345	
-1.15246	-2.50014	1.35409	
-0.830958	2.47454	1.40742	
-3.56334	1.9784	0.141297	
-0.767692	2.23865	1.46334	
-2.69184	-1.35356	1.46237	
-1.60447	1.32672	-0.834295	
-0.823176	2.06985	1.76034	
-3.11543	0.353788	0.903338	
0.771219	-0.24676	-3.35348	
1.25984	0.528849	-2.92775	
-0.970041	0.832338	-2.16078	
0.508675	-0.234116	-3.39628	
-0.954492	1.03815	-2.93568	
-3.34154	0.366282	0.287909	
-2.54948	-0.0476775	2.31319	
-0.970037	0.832343	-2.16079	
1.68838	-1.23602	-2.42019	
1.56698	0.0350826	-1.47787	
1.56698	0.0350819	-1.47786	
-2.69498	-0.712496	1.66747	
0.935829	-2.38015	1.61208	
-1.81906	1.64392	0.906592	
1.22401	-1.50601	-2.45776	
1.56698	0.0350741	-1.47787	
1.56699	0.0350817	-1.47787	
0.620677	0.15256	1.82416	
-1.78255	2.35173	0.00758162	
2.82122	1.3705	0.44176	
2.59771	3.41853	-2.72452	
-2.80999	-2.85135	1.81533	
3.73312	1.19871	-3.94818	
-2.42391	-2.34013	1.19919	
-1.0429	-3.87097	0.31831	
0.508783	6.76191	-1.40081	
1.74935	-2.07615	2.92221	
3.37664	-2.26199	-2.1337	
2.60431	-2.54174	-2.84102	
-2.89877	-0.477139	0.390782	
-0.0658119	-2.69437	0.0915498	
-1.24732	0.934475	-1.16857	
0.00824693	-1.40156	-2.61988	
-2.54094	1.15142	1.98197	
-1.24732	0.93447	-1.16858	
-0.926761	0.418355	-2.25499	
-0.8457	1.00919	-2.12786	
0.0859515	-0.56703	-1.81009	
-1.01325	-2.53065	0.190541	
-2.67326	-1.09074	-0.893762	
2.54574	-0.639772	1.47144	
-1.8552	-1.51368	2.36244	
-2.44042	-1.30704	1.62624	
-1.41576	-1.70155	-2.17776	
1.76923	0.141658	2.5176	
0.488877	-0.0627726	-2.59986	
2.5518	0.63732	-1.40649	
-2.1238	-1.52557	2.05091	
0.333422	1.12075	3.11865	
1.13969	-0.589719	0.412671	
2.6714	2.28097	0.282715	
3.02844	-1.10312	0.703559	
1.13215	0.29485	0.616807	
1.1397	-0.589723	0.412675	
3.61464	1.36283	0.616699	
2.94849	1.14481	0.543622	
0.532514	-0.950792	-0.242882	
2.07787	1.91219	0.301216	
0.162454	-0.421111	-0.414161	
-4.66132	-1.35322	-2.78685	
0.646497	-1.06719	0.0173132	
1.96542	2.3734	2.289	
1.22229	-1.72218	0.00333798	
-0.045396	3.77767	3.07812	
-0.25754	1.88459	1.01005	
-0.714171	-1.63534	-0.184063	
-3.81854	2.24374	-2.69868	
2.10285	-3.17981	-0.128455	
1.63883	2.06406	1.64259	
-0.872165	3.20665	3.49935	
1.77738	2.56818	0.857798	
3.35113	3.74393	-0.674613	
-0.712719	-1.66186	1.20178	
2.09973	4.04787	-1.73182	
3.35113	3.74392	-0.67462	
2.08489	4.68167	0.0910568	
3.13191	4.02644	0.725643	
0.760873	2.43131	-1.11951	
0.371254	1.72015	-1.06344	
-0.869922	0.053186	-3.11748	
0.241579	2.38224	-1.5731	
1.97131	-1.36751	-0.733355	
2.25131	-1.27904	-0.605638	
-0.328131	2.2284	-1.86101	
1.97132	-1.36752	-0.733357	
2.25131	-1.27905	-0.605641	
1.00005	-1.91415	0.191853	
0.233333	0.624389	-3.22093	
-1.30801	-1.68972	-2.29161	
