795.469	-361.715	
-149.983	-364.727	
-516.237	-308.863	
-452.396	-504.884	
-1116.97	328.196	
-211.144	628.735	
-371.66	712.799	
-856.845	-319.879	
295.016	847.347	
-29.8222	-75.1747	
748.135	279.804	
-588.867	580.699	
-37.8839	-631.269	
-109.864	986.205	
421.602	626.444	
-257.766	361.682	
-501.258	665.349	
-361.216	689.261	
950.703	370.162	
249.615	-426.62	
769.417	507.422	
648.253	568.259	
-69.4641	-335.342	
53.8923	-271.405	
-340.945	3.50877	
336.405	1078.75	
-1387.66	516.913	
415.393	-340.867	
633.992	448.685	
-515.97	-177.319	
30.9719	364.475	
-430.468	-198.566	
-693.258	-451.843	
57.2581	-626.107	
-1116.47	465.369	
-820.532	3.86219	
-1272.52	281.884	
52.2168	1069.18	
812.45	1021.14	
-931.27	-291.105	
979.435	477.802	
1070.06	88.4633	
1.62718	115.679	
443.543	677.919	
-38.1872	-253.02	
176.767	356.555	
-556.805	411.803	
-295.235	876.226	
442.031	176.898	
677.069	-506.521	
20.9131	123.306	
-661.146	141.765	
-659.457	-427.697	
271.408	540.072	
-1640.33	-193.171	
636.662	367.518	
317.262	1071.62	
870.695	255.518	
-393.144	305.728	
-763.995	-83.7462	
-18.4326	-75.0656	
-17.222	-50.5647	
-276.349	116.007	
430.213	226.955	
-495.974	776.727	
-1148.19	626.509	
-479.434	-302.147	
-283.522	1008.64	
582.253	-127.949	
432.792	-258.352	
-420.32	-184.455	
-762.839	215.424	
402.986	1013.94	
-1200.75	144.666	
-458.616	-463.509	
-1113.97	-436.186	
-580.639	-531.915	
308.055	925.849	
418.649	-309.752	
39.155	446.269	
-702.431	83.2535	
759.143	-418.05	
797.355	-456.589	
-504.165	167.581	
-56.91	919.637	
-764.97	-648.186	
201.567	45.9859	
693.914	617.191	
-705.036	-74.5225	
-578.351	420.98	
78.9428	435.895	
174.068	64.5949	
-804.676	103.575	
-66.2127	1043.21	
516.427	464.386	
-410.203	206.956	
193.775	-387.099	
443.93	1049.57	
857.748	1008.44	
796.291	-386.211	
-1372.91	-36.9138	
-53.3628	312.119	
4.79123	548.503	
-56.1816	-199.175	
-896.272	425.698	
299.117	-709.13	
-668.465	842.894	
688.516	732.978	
300.81	455.957	
37.3077	396.016	
530.101	108.049	
655.79	322.492	
79.9615	-654.677	
-1130.95	-480.301	
-287.934	810.177	
547.218	-233.259	
-643.566	56.5515	
1071.43	244.584	
-644.871	502.445	
-659.292	774.18	
-96.0474	-233.933	
1216.06	393.156	
-50.5968	-185.468	
-281.208	251.385	
853.379	631.968	
601.681	285.825	
754.09	282.91	
273.517	666.402	
-1235.25	543.034	
-825.581	252.453	
492.268	-197.728	
1240.41	169.609	
-428.149	467.236	
225.763	683.745	
-218.146	-95.5951	
100.214	-321.428	
-28.9801	-682.185	
341.392	-5.90746	
123.242	409.622	
708.373	-341.406	
617.273	220.298	
569.219	-456.852	
-234.579	59.2304	
-751.435	-315.83	
383.986	747.341	
668.917	477.246	
763.064	544.5	
-190.567	-267.146	
-18.627	392.144	
445.407	1026.41	
690.082	514.004	
-135.106	-324.155	
848.004	415.28	
-27.6594	-476.054	
124.887	445.25	
563.829	142.753	
-852.568	538.165	
186.765	-307.551	
-145.012	48.9653	
-202.765	-142.622	
-108.375	-537.005	
90.8485	107.761	
391.147	908.823	
-540.781	-197.004	
-612.352	523.222	
861.501	578.001	
-577.433	748.667	
642.442	349.802	
625.396	153.327	
-175.247	-771.808	
1269.11	567.451	
-303.127	-697.041	
674.739	15.0261	
47.5627	-734.058	
1026.69	254.731	
286.659	688.412	
-846.846	689.203	
-711.154	-174.362	
417.979	404.359	
591.443	755.261	
70.1999	391.799	
128.003	-37.0998	
-51.0397	396.859	
-144.343	240.18	
-325.604	550.57	
281.795	460.507	
-689.313	691.717	
-42.3607	460.31	
1071.37	-472.696	
318.456	980.335	
143.708	-17.8342	
-149.679	-160.889	
852.969	338.776	
-495.149	313.813	
399.664	451.089	
-501.603	-347.2	
1121.07	136.39	
168.403	356.895	
103.787	-688.758	
-152.705	-204.976	
-272.885	307.17	
57.7132	-668.501	
-101.584	-308.925	
-163.091	311.925	
-275.122	-602.54	
-579.117	-328.915	
-563.521	-420.204	
483.459	253.609	
20.5499	174.885	
-25.7461	189.439	
654.757	-99.7216	
-382.19	-155.319	
157.75	-498.002	
-124.483	141.349	
-265.293	-279.655	
266.561	417.782	
-416.689	585.19	
-69.477	-162.08	
-43.3929	670.142	
-205.602	-583.669	
-877.953	-567.08	
317.077	182.472	
392.611	54.5696	
-267.594	-677.362	
53.0096	-208.185	
-465.503	-596.767	
177.617	-608.84	
-584.813	116.217	
393.864	1046.01	
-873.807	-706.43	
-393.984	-228.251	
-441.84	-193.82	
886.001	20.6938	
1167.99	-195.692	
39.1396	-653.501	
261.681	74.2745	
-247.514	899.303	
60.0969	-505.782	
179.338	888.913	
-734.76	-41.2539	
-1018.7	694.594	
479.922	-497.577	
72.3876	1072.17	
30.0045	140.984	
-344.943	-398.782	
545.223	-251.987	
199.191	422.022	
-98.8627	279.061	
11.6052	455.029	
162.721	-672.94	
-653.235	843.703	
383.496	209.977	
-101.162	317.093	
-793.652	676.953	
-1145.96	579.039	
-555.711	595.184	
-238.816	-761.981	
-107.651	-238.681	
-250.838	330.981	
-600.004	-27.5013	
39.7432	660.076	
134.41	-2.43349	
-782.915	552.344	
-517.517	184.415	
-85.237	-82.0832	
-20.0843	-566.128	
136.43	579.728	
-173.424	-767.045	
1342.98	81.533	
-144.235	717.611	
-136.054	-575.906	
-474.961	463.569	
491.317	505.523	
366.158	-413.003	
184.704	231.241	
290.746	464.157	
599	84.4115	
467.316	521.797	
-420.277	380.509	
-354.804	271.766	
737.94	382.85	
209.492	-522.581	
-940.764	248.054	
77.1202	291.346	
-107.078	294.851	
-363.199	786.64	
621.87	991.1	
49.0682	345.704	
123.807	-77.6539	
-567.639	-364.725	
-480.718	217.952	
27.626	1050.25	
-193.003	267.652	
365.522	202.577	
1233.89	475.002	
-1325.28	-19.1073	
61.3823	153.667	
-576.655	29.1591	
-547.809	-425.071	
381.48	439.04	
340.017	193.354	
-487.095	538.72	
450.79	477.783	
-22.9185	469.075	
534.97	-437.789	
-178.862	927.984	
-111.047	-83.9695	
-161.982	-166.813	
-541.966	743.891	
-303.619	631.475	
-127.699	703.241	
-191.394	236.607	
-6.27976	-75.2227	
-253.685	45.7839	
-186.856	711.868	
587.872	-541.448	
-267.574	305.514	
77.5007	700.21	
-361.761	-33.4794	
1301.15	59.3237	
-261.805	378.979	
97.1108	288.807	
122.609	-687.421	
317.705	-526.927	
-419.562	224.645	
-303.187	-288.909	
422.51	110.755	
220.565	405.559	
-447.611	752.106	
-578.27	-395.299	
158.103	582.825	
282.546	58.3156	
333.919	-119.063	
603.648	943.567	
452.746	802.093	
-661.066	-667.74	
-169.699	-727.263	
-400.544	-653.468	
553.736	180.451	
23.7267	5.39508	
513.668	810.951	
-85.3348	284.121	
-796.374	277.406	
-626.088	14.6688	
-117.436	515.213	
835.144	-151.457	
-81.3669	-180.815	
520.367	-435.057	
-37.2848	361.215	
-860.926	77.2305	
-656.968	760.297	
-457.85	706.945	
-141.399	653.837	
-1034.98	-376.959	
433.152	708.76	
-198.337	522.763	
-279.826	-155.024	
-126.546	-346.466	
-207.426	-33.781	
-659.273	21.772	
-782.514	551.422	
657.642	646.297	
-202.934	469.237	
114.253	922.928	
-467.215	273.698	
788.566	840.237	
-172.272	367.078	
-376.601	277.273	
-233.886	70.1615	
711.376	-66.6117	
-592.588	-201.513	
-121.787	362.233	
713.285	-488.651	
421.151	21.8228	
937.833	169.631	
962.69	208.229	
205.202	-399.449	
369.927	-104.035	
-1445.54	-248.778	
603.76	477.232	
-207.265	-91.1755	
683.981	158.99	
-332.738	680.973	
132.184	379.279	
-8.64825	172.156	
804.757	658.298	
86.4287	-436.797	
217.533	1052.77	
125.081	-126.468	
379.607	553.72	
-344.211	374.78	
-118.236	-301.718	
206.074	777.752	
124.308	-137.288	
-148.223	436.665	
291.648	370.415	
-611.423	382.625	
-737.541	-436.446	
29.1021	611.74	
-441.655	734.582	
24.7042	-691.758	
-352.764	873.656	
-952.734	-553.589	
-1287.47	219.662	
180.649	-248.884	
857.261	240.861	
441.175	288.006	
1765.21	527.037	
90.8453	1075.92	
-16.0401	-401.123	
-310.87	482.927	
-583.832	902.607	
-187.359	-776.046	
-140.096	111.805	
-1447.54	643.226	
-276.02	-244.588	
-68.0614	-279.274	
-426.281	817.049	
475.656	351.145	
-85.7281	-6.74839	
-81.5914	-96.7242	
-82.4064	-210.331	
833.634	271.843	
14.2771	413.77	
-46.9731	539.394	
-40.2697	-738.2	
-63.7575	883.482	
105.715	-684.115	
232.83	-77.3273	
-493.507	242.107	
95.8814	-193.649	
278.816	91.7113	
-42.9663	491.076	
-1105.64	-520.07	
158.343	-359.865	
-90.0876	841.78	
-355.311	926.163	
486.846	37.0131	
173.654	673.149	
105.009	609.706	
671.2	982.832	
197.52	137.508	
-596.359	320.559	
-662.18	439.803	
239.465	811.695	
-886.957	-82.7111	
757.482	-338.3	
12.5359	-142.634	
-678.646	516.457	
-543.407	887.507	
213.931	374.733	
-34.8515	-445.2	
546.115	818.243	
616.582	842.933	
-218.898	591.877	
-326.317	418.188	
-438.092	816.681	
14.5261	343.529	
-69.556	757.911	
-46.8477	-74.4078	
-155.643	975.152	
217.336	3.56152	
406.212	-498.813	
-1456.66	177.917	
296.439	-180.601	
364.326	-306.821	
226.815	338.02	
-154.979	999.496	
-660.286	426.791	
-57.106	315.283	
-467.66	738.07	
129.389	550.014	
563.881	-544.066	
1059.31	-276.012	
697.62	11.0108	
-501.378	720.366	
315.465	254.914	
96.8579	66.1596	
-456.358	844.024	
31.5931	-715.538	
187.986	1.52921	
-93.6109	-149.113	
-616.485	-453.3	
369.454	1079.1	
939.623	797.215	
-92.2871	971.94	
-15.2706	360.137	
-400.539	-93.4085	
95.1308	1066.6	
-93.4999	-576.698	
-680.823	-632.777	
-1331.07	260.73	
-746.799	166.551	
-17.0919	890.596	
427.816	564.483	
94.3509	-25.8791	
137.179	-729.533	
-109.133	-76.4523	
-238.038	-541.633	
-84.645	160.117	
-505.055	448.955	
250.338	739.213	
81.8677	868.751	
-321.116	371.017	
-166.01	585.396	
354.652	-244.955	
893.442	952.838	
230.518	212.598	
292.36	38.1002	
-451.348	-69.5403	
378.221	-233.199	
111.983	1045.85	
432.751	-650.795	
-410.713	467.384	
171.472	198.218	
326.171	201.352	
-199.044	-245.222	
-403.934	581.123	
-40.0994	-143.905	
-675.751	795.541	
-143.586	550.143	
-439.406	140.995	
656.634	-222.257	
625.699	-153.356	
-274.449	269.665	
-275.955	-51.866	
48.2836	529.301	
389.908	950.97	
148.982	407.749	
-415.604	458.538	
-339.239	-446.773	
-698.492	247.694	
89.6113	545.406	
520.917	513.307	
-220.48	276.059	
249.25	278.523	
-469.014	884.495	
-357.533	882.529	
194.135	1069.53	
216.125	-125.889	
-420.173	96.4886	
-584.917	731.89	
-396.427	-778.281	
750.314	770.211	
-508.6	-13.0629	
-69.371	-569.715	
-129.899	500.458	
158.692	909.654	
64.5408	902.655	
-727.835	511.332	
-9.13081	-746.082	
-253.04	-93.866	
414.058	229.649	
544.071	336.259	
43.1971	-717.397	
660.323	542.788	
389.239	-232.546	
72.3444	205.138	
-217.75	-83.6237	
-260.285	271.073	
-141.426	-781.258	
890.557	-88.9118	
-406.636	55.9661	
326.33	1059.57	
736.753	390.64	
472.027	554.939	
-714.321	519.29	
-334.8	796.859	
-557.405	350.841	
49.6459	328.109	
381.3	790.582	
-210.12	697.597	
-329.921	581.689	
421.26	336.417	
-9.77338	325.903	
8.54084	385.31	
-1322.67	10.705	
-514.362	305.433	
354.69	823.426	
-343.669	897.159	
675.799	-37.1514	
-564.617	740.461	
-111.444	-177.381	
-344.278	803.317	
-558.93	651.078	
-218.627	-31.7677	
-452.844	-360.01	
-54.9194	789.506	
101.911	443.917	
229.138	-559.243	
8.91321	826.017	
379.624	948.576	
463.998	703.877	
833.574	112.957	
-527.614	731.62	
-117.233	353.185	
-399.218	729.497	
-31.2205	1031.13	
507.917	341.666	
4.55647	-56.8085	
-577.715	506.864	
-351.992	301.986	
-69.8206	-213.001	
-584.702	-435.243	
-238.157	189.058	
-1255.61	-499.031	
851.738	153.986	
-149.568	368.331	
376.468	431.968	
298.219	-512.295	
-256.919	465.356	
394.646	377.114	
484.696	593.243	
-1185.61	-237.645	
333.699	358.364	
-530.15	130.547	
-722.474	603.844	
-919.987	-204.791	
134.726	-585.371	
74.9491	364.676	
-550.962	424.434	
533.964	241.829	
-1563.5	-80.8453	
403.084	-66.486	
-665.775	87.0434	
-32.618	230.37	
811.694	-503.495	
582.635	961.401	
-727.793	797.749	
-242.931	-381.341	
-1309.18	-274.971	
-872.904	-371.981	
91.8151	-322.756	
445.213	336.193	
-1467.59	-564.739	
-1000.96	796.313	
-486.178	860.505	
590.906	459.783	
330.534	591.174	
793.259	159.181	
-546.44	-150.124	
-275.03	-91.2546	
-1042.89	286.027	
286.392	-622.864	
824.533	-269.835	
-205.453	276.71	
71.0634	-8.19334	
445.863	261.531	
-515.041	-49.9041	
-612.394	-660.429	
-405.438	-310.999	
-19.8734	299.546	
446.568	-634.934	
-104.024	351.854	
-560.082	481.794	
85.26	41.115	
634.077	-446.517	
-182.608	50.5719	
-107.269	-120.58	
-1185.48	-356.574	
113.607	302.067	
-341.597	-20.9051	
-83.8381	-226.138	
392.677	403.281	
84.8985	808.126	
244.594	872.84	
361.681	588.561	
-636.809	480.721	
0.0464429	-753.913	
180.213	247.337	
-416.981	-221.183	
588.861	105.842	
230.128	1029.15	
184.045	24.1722	
253.574	874.423	
-190.996	-146.248	
769.093	125.299	
1129.51	891.797	
-731.105	144.232	
548.626	-459.544	
-1237.61	589.122	
-432.15	36.1858	
-12.8117	-71.3617	
43.9379	-77.3131	
-525.624	-274.775	
653.698	335.139	
127.037	-55.9056	
-564.364	-210.774	
-405.126	-124.547	
662.962	-262.473	
560.217	-168.171	
-522.228	478.119	
-346.424	-375.23	
-152.235	552.866	
-760.757	482.944	
-1422.28	226.396	
636.512	379.667	
502.295	-513.795	
2.34807	-21.7752	
-470.685	163.745	
-186.287	-78.6012	
189.86	418.778	
-814.877	376.071	
726.351	-164.641	
-214.34	-28.8034	
-28.5004	-176.363	
-141.156	978.502	
-160.466	922.097	
1394.37	753.879	
-1380.16	166.896	
-748.907	100.822	
254.699	836.324	
-447.356	780.627	
65.1072	839.634	
-96.7531	285.193	
566.654	99.7309	
109.612	1005.1	
289.783	129.061	
452.722	-415.83	
-1086.73	-334.32	
-58.6345	264.45	
462.969	441.302	
-513.525	-395.138	
700.386	378.994	
-184.246	455.316	
124.81	-141.884	
-58.2992	-64.0106	
-916.409	509.861	
-63.819	-95.6401	
110.206	750.83	
921.757	699.853	
555.81	-442.927	
-211.17	-734.528	
-1147.78	332.059	
69.8454	85.9036	
531.303	765.896	
483.972	990.984	
-151.17	-184.385	
94.4379	-120.296	
433.778	-56.6259	
212.602	224.411	
28.9113	355.628	
921.552	587.196	
338.545	611.138	
343.341	265.793	
29.9265	676.979	
593.226	844.22	
872.509	963.932	
-209.159	-233.39	
770.985	206.505	
-188.675	399.253	
-692.374	4.6018	
-486.252	577.716	
397.842	-26.6006	
-455.407	462.338	
186.613	448.037	
215.943	771.439	
-436.261	818.401	
-90.0966	301.014	
455.979	484.261	
320.091	546.34	
327.829	177.046	
-677.408	377.129	
-694.117	-613.85	
121.764	704.779	
-925.963	175.975	
564.09	42.5694	
-602.007	1.14317	
-296.033	308.046	
349.745	-534.309	
357.289	328.805	
-155.424	-393.876	
964.294	125.343	
64.3307	1021.99	
-423.255	287.64	
-444.044	743.235	
-798.304	-230.081	
244.38	55.8999	
416.69	-613.529	
86.112	784.1	
-99.3363	498.142	
-495.318	-192.376	
823.115	118.517	
-1009.01	171.129	
1279.79	-185.416	
130.579	-444.322	
-122.338	942.49	
693.86	484.944	
592.956	478.02	
-305.131	-752.895	
296.61	-558.104	
105.825	398.092	
412.007	479.498	
586.135	15.6963	
609.902	-525.829	
-1.68041	1052.6	
-799.544	738.329	
-402.796	-44.9655	
539.525	-290.212	
153.153	-340.492	
142.148	119.739	
897.63	723.876	
-285.072	118.885	
558.471	779.363	
-569.799	476.531	
642.471	635.941	
981.363	291.417	
-140.599	355.251	
-112.958	787.539	
-727.017	366.81	
-730.637	115.907	
16.635	230.42	
-977.388	186.15	
-819.081	663.105	
300.05	-33.5286	
-237.422	283.133	
236.012	202.448	
151.448	504.877	
472.875	57.5907	
929.35	-501.261	
16.7055	371.762	
382.984	-173.546	
-768.596	156.246	
75.9861	-647.944	
-464.545	112.226	
166.597	1076.47	
-311.255	-464.576	
-1026.83	-659.095	
286.091	88.1489	
236.406	687.241	
-953.814	-596.973	
-756.004	406.592	
-508.115	-724.507	
54.6192	-349.49	
-1120.15	231.666	
530.905	247.952	
-142.129	-74.8269	
-750.094	-338.104	
493.34	1025.08	
267.886	-77.8177	
758.09	888.042	
634.271	743.2	
363.007	-39.4017	
1017.16	726.148	
94.9181	-42.2753	
-13.687	677.482	
-136.922	933.564	
22.8434	980.03	
-1263.94	-54.8972	
-398.085	273.239	
-739.906	419.557	
-379.534	53.2914	
135.741	352.912	
1284.74	-332.38	
-793.09	924.446	
-221.575	-771.955	
-461.135	225.166	
-341.24	77.3746	
-173.145	851.117	
-694.845	603.295	
532.066	338.607	
608.552	254.796	
-28.895	-507.912	
-689.175	-360.757	
691.705	241.467	
-456.804	62.4196	
-139.794	-491.747	
-837.834	-32.8406	
812.596	917.707	
385.216	-107.228	
104.457	-239.489	
1159.15	233.396	
-551.098	-48.1262	
-444.418	177.737	
378.49	-16.2019	
183.182	-295.975	
-326.53	544.141	
-377.239	37.6901	
180.126	-71.2219	
119.28	820.474	
-79.4554	510.927	
242.918	568.13	
58.3404	125.523	
-499.635	-172.37	
-892.433	136.978	
1053.37	11.0109	
-389.179	740.005	
-331.535	-187.697	
-132.956	841.209	
1575.01	196.591	
324.646	407.173	
409.668	-623.847	
-725.605	857.644	
-540.981	-391.56	
-787.129	-423.268	
-96.8187	824.291	
751.054	-71.1698	
254.414	30.3814	
-89.347	966.199	
579.248	-257.965	
-426.026	738.382	
-148.399	-723.28	
118.484	330.253	
149.111	536.568	
933.222	-249.873	
549.587	1028.6	
-159.719	-700.025	
-1074.59	651.215	
-241.023	950.933	
-787.06	-202.294	
-262.406	510.663	
552.47	300.227	
-711.834	205.843	
-1240.4	98.1672	
67.8386	462.454	
-241.387	923.027	
-421.996	-767.479	
167.456	491.263	
-853.632	696.9	
-688.248	238.933	
29.3115	-463.09	
-489.766	-491.677	
429.235	739.796	
171.905	-642.186	
715.593	-409.788	
-556.722	734.85	
-165.988	497.499	
1148.26	-214.851	
378.626	-77.4651	
-734.277	-6.57026	
-469.432	283.805	
-192.307	965.66	
-350.813	902.366	
-169.285	849.621	
-299.383	978.099	
-1330.45	-159.366	
416.755	579.779	
619.527	-24.9507	
-3.16728	453.253	
-202.909	190.939	
-758.831	72.7797	
-274.271	-771.32	
780.2	551.045	
682.397	-332.052	
-599.15	-749.509	
-521.44	895.425	
-442.32	629.396	
392.707	992.842	
198.588	951.917	
-1374.91	-64.2459	
-383.938	747.105	
-70.854	314.41	
-558.871	222.96	
162.292	946.501	
-305.85	537.442	
700.47	290.549	
373.7	971.457	
752.969	523.575	
554.349	672.147	
465.022	328.107	
-100.427	-772.315	
-261.866	792.44	
-648.93	129.489	
29.6398	408.131	
743.27	683.245	
-779.752	449.994	
-906.205	124.57	
-385.931	-294.01	
-293.861	-282.728	
-44.4677	856.91	
-253.983	881.719	
-1085.12	507.422	
494.147	426.953	
-199.232	325.461	
794.212	408.199	
-99.5347	-103.901	
168.444	1070.19	
10.3579	-115.83	
467.465	509.872	
-865.318	-474.345	
-472.494	-365.957	
-384.74	-47.4062	
-227.515	50.3625	
-417.278	300.487	
452.411	-154.555	
417.761	746.01	
79.8253	707.622	
-1105.63	79.2417	
362.443	971.496	
136.8	-667.295	
228.727	1075.77	
883.798	893.457	
177.894	131.199	
-303.797	-731.212	
-268.845	853.821	
-306.913	976.571	
239.785	473.457	
-272.933	-157.563	
-156.626	-212.33	
537.995	397.426	
-49.4137	-74.1705	
218.489	208.171	
-546.868	917.116	
259.252	722.99	
321.868	-540.738	
-1125.29	-495.637	
-1154.35	250.94	
783.586	980.296	
-930.657	557.133	
4.58201	495.85	
1264.73	726.551	
1064.27	-331.349	
-263.984	-252.753	
853.139	956.696	
-79.5886	288.858	
781.169	697.193	
176.054	892.498	
443.796	1025.77	
417.872	-287.794	
-162.098	359.773	
425.635	-438.105	
-713.932	-621.356	
-222.542	932.638	
-629.915	447.795	
-231.336	-344.238	
247.631	-100.344	
-788.615	593.319	
79.9816	-686.092	
-360.089	-240.625	
105.515	249.521	
437.047	1028.89	
48.869	435.183	
648.547	-86.771	
475.448	282.785	
-890.708	223.184	
-28.6072	1002.48	
-268.882	-564.009	
-292.663	448.974	
217.579	-92.4811	
-158.868	763.879	
-393.522	155.966	
-729.813	-94.945	
-937.724	197.162	
-251.908	-138.631	
142.084	213.85	
-353.678	-268.114	
-274.124	577.595	
-324.702	-724.837	
-347.267	-699.144	
-389.346	64.4787	
722.028	-234.042	
416.81	-525.269	
150.554	-66.8437	
-1243.54	-332.154	
265.245	599.669	
532.462	-560.125	
353.273	257.647	
-622.583	97.109	
253.966	-447.191	
428.362	976.843	
-171.897	-105.525	
1552.58	306.684	
-189.334	970.748	
901.283	301.446	
685.161	449.714	
-118.61	-595.873	
-333.276	-773.582	
977.436	483.243	
310.901	497.868	
1013.44	242.677	
-251.729	323.24	
163.985	44.7834	
173.145	-178.735	
733.773	584.434	
463.914	91.0665	
-685.488	-91.5016	
-699.401	-459.261	
262.722	475.364	
-249.308	-417.103	
-205.885	184.742	
-437.473	-330.066	
-284.289	-2.36428	
-341.229	684.668	
807.807	-188.369	
-613.585	-107.451	
-549.005	179.504	
-155.309	280.518	
-610.634	376.979	
-331.545	-406.44	
46.3497	1052.81	
87.9282	-529.821	
195.694	-453.765	
-165.237	-70.1756	
336.839	501.577	
15.3115	-702.45	
498.943	361.041	
869.199	235.022	
131.079	631.039	
-207.903	884.743	
452.391	-324.641	
433.555	-92.2579	
-911.433	647.41	
294.393	-190.87	
140.211	887.123	
-1001.23	720.561	
-32.8128	360.266	
583.638	315.999	
35.9438	-731.466	
289.676	274.701	
-645.239	-123.83	
-845.497	709.798	
513.706	898.085	
-429.865	-721.597	
540.573	-84.9805	
-765.467	411.328	
-76.8704	745.152	
-274.957	-573.874	
-466.405	927.797	
464.868	281.818	
-31.9097	150.776	
-35.4582	-143.407	
-464.889	-533.352	
-613.557	-210.8	
-507.698	565.761	
-287.629	751.813	
176.146	368.188	
-410.355	734.318	
783.048	861.955	
-608.491	-115.632	
-14.9508	-761.782	
-47.9842	729.427	
-73.9477	-76.2946	
139.402	-19.3617	
-27.3902	64.9918	
324.334	1039.88	
-226.715	443.909	
-69.0338	-205.531	
338.354	641.319	
-302.202	473.976	
247.761	639.135	
79.0326	756.407	
282.51	-15.1726	
-388.536	936.455	
713.685	-54.8921	
114.251	394.089	
1066.18	-86.3379	
-611.712	287.899	
905.702	-94.1421	
660.61	432.777	
677.97	110.521	
465.24	-108.896	
1329.58	624.004	
131.78	382.965	
523.032	697.154	
-900.164	-443.667	
-521.174	433.676	
16.716	-392.639	
606.227	574.377	
-31.9945	-79.8045	
-257.296	250.491	
-15.0563	797.978	
308.349	52.8208	
-276.871	401.098	
-1157.5	344.017	
-303.032	-673.745	
-393.503	-516.684	
-190.066	326.273	
-1020.09	-128.441	
231.141	795.841	
685.546	-300.31	
-435.784	156.482	
8.65771	170.422	
-514.611	672.428	
389.171	29.5014	
571.178	556.577	
486.899	921.641	
1402.45	391.887	
296.449	86.4342	
-696.671	-568.363	
71.3682	-667.839	
140.197	188.603	
-151.125	-110.479	
684.875	-292.625	
231.736	94.5273	
-612.508	650.568	
-691.984	-275.249	
581.706	-274.688	
-952.925	615.2	
-402.81	793.716	
-725.856	324.46	
214.583	848.646	
315.444	269.141	
140.465	-344.87	
-592.596	-750.235	
118.078	-148.909	
-163.476	-582.487	
-593.915	235.986	
-342.307	215.714	
-617.759	218.461	
-121.206	339.979	
-114.683	-124.448	
189.035	625.427	
-7.46048	330.81	
350.708	594.686	
-367.667	865.745	
-342.327	252.706	
-313.906	-777.689	
125.27	333.01	
144.402	-665.022	
1066.92	287.045	
-226.01	971.089	
-578.437	561.871	
749.409	-418.687	
-56.2683	-179.043	
452.439	250.769	
-464.345	-725.293	
593.073	554.457	
-153.597	-782.972	
-647.118	117.257	
-68.9743	968.284	
534.498	-474.595	
561.581	108.775	
664.455	432.023	
252.054	-275.445	
943.44	-239.419	
-62.6143	-71.6874	
26.3622	306.976	
142.207	907.479	
1136.34	389.268	
293.85	493.47	
-556.269	320.901	
-666.385	513.054	
-235.752	575.395	
796.49	-46.0005	
631.993	-98.6873	
51.8587	1006.41	
529.213	320.032	
-681.63	623.572	
1351.12	212.752	
70.8886	744.876	
-114.214	-55.7233	
-70.0388	1009.14	
243.921	-45.1801	
476.469	-177.002	
45.8672	657.306	
778.188	-224.324	
273.864	-328.917	
-772.893	348.978	
-145.841	551.734	
-1246.84	-270.822	
339.266	921.651	
-256.23	342.065	
347.412	-518.303	
212.844	518.435	
784.035	497.395	
271.603	-521.015	
94.1699	543.84	
-165.326	365.256	
-189.487	-687.28	
-654.035	86.3122	
-93.6331	295.217	
47.4659	471.708	
-822.316	791.707	
-273.245	539.251	
-69.85	795.269	
-379.192	309.441	
11.3591	397.958	
316.162	-369.946	
-66.504	-329.141	
241.687	-598.568	
-915.184	-106.64	
-1486.75	-512.558	
-453.796	163.036	
-266.288	-593.598	
551.452	194.171	
181.11	657.184	
210.441	52.451	
169.082	-569.457	
-467.317	299.913	
417.513	547.299	
-101.322	582.106	
155.177	467.029	
424.216	328.67	
1081.09	612.962	
-32.7449	-700.611	
245.954	280.431	
417.108	11.8599	
428.451	-365.982	
-1109.14	308.962	
422.115	711.252	
-73.2664	-619.115	
349.279	1030.81	
-95.4543	334.568	
-403.122	750.37	
399.797	473.664	
292.025	-17.9195	
-126.233	-115.413	
-32.6862	-368.832	
-184.71	229.513	
-995.362	-0.657697	
-154.456	485.123	
-1099.49	-265.15	
401.893	13.3561	
-418.332	807.153	
-324.576	988.434	
-126.053	325.249	
903.54	590.822	
1036.95	1012.36	
-154.447	-45.9024	
-418.745	-181.245	
968.224	963.455	
-1018.48	239.384	
-48.3963	1025.38	
715.998	-29.68	
603.377	421.862	
192.93	-134.942	
-66.3848	1002.24	
749.603	-383.512	
252.724	-249.293	
179.169	385.166	
-197.331	617.17	
-143.3	435.973	
1114.21	-229.573	
406.948	383.819	
514.008	182.211	
581.4	-251.969	
-567.499	168.278	
-883.535	-418.592	
-551.373	66.8248	
476.163	1046.87	
-477.854	-686.13	
76.8872	-501.113	
603.079	889.89	
267.626	1010.95	
56.9994	-730.38	
-154.551	315.615	
-766.814	313.909	
558.586	-350.649	
-736.114	-541.304	
618.235	590.359	
456.209	983.686	
-35.36	-102.623	
-20.8831	197.03	
-958.48	52.5074	
696.946	-189.149	
-491.447	-713.499	
-149.418	852.827	
324.092	710.004	
289.965	534.074	
74.1217	361.585	
56.2089	-547.223	
716.848	-278.058	
751.698	753.162	
-1040.14	228.558	
-411.297	448.086	
-56.1517	520.206	
-290.499	296.97	
-198.944	122.581	
84.11	464.037	
-159.702	-781.557	
-275.868	995.866	
715.674	143.34	
-466.997	601.866	
-321.803	399.679	
-243.472	230.218	
-467.835	-63.215	
-78.7691	92.0575	
310.195	-72.2212	
294.09	1003.02	
-328.974	274.653	
1167.16	427.737	
-997.39	-605.912	
-79.3964	-19.7726	
690.754	364.509	
20.4633	557.019	
61.8551	-668.593	
429.021	684.755	
113.046	366.953	
-631.792	318.218	
1075.26	464.946	
-624.314	720.798	
39.32	-310.646	
-30.1378	535.118	
-272.835	154.602	
-99.5318	809.945	
684.982	685.709	
-55.8587	704.393	
-255.208	405.312	
-942.946	12.2348	
63.9647	-201.936	
-808.009	785.569	
-627.469	119.142	
-477.583	315.036	
-90.3266	833.59	
157.533	-238.363	
-1089.26	175.455	
-339.831	-420.512	
376.199	90.9158	
352.625	436.841	
-67.2369	971.019	
-189.712	-602.804	
980.388	20.468	
33.6138	940.958	
-48.0115	431.234	
793.45	871.58	
121.321	1071.14	
949.728	149.584	
-317.894	290.114	
396.366	-153.452	
-58.8229	-298.507	
924.996	-233.372	
586.306	838.524	
-163.126	960.91	
-264.427	-145.09	
-20.6726	-738.626	
852.15	229.824	
884.802	-113.545	
296.874	923.369	
432.833	161.048	
199.131	-503.17	
-660.606	131.095	
316.98	142.895	
1318.43	375.281	
-679.035	685.455	
-470.919	-721.605	
-161.744	641.085	
-270.636	-561.484	
-145.934	-78.7889	
-223.841	206.065	
-356.669	762.713	
-1022.89	539.428	
232.508	287.32	
172.957	1035.11	
113.697	-306.901	
-1183.02	28.5004	
-200.34	7.78123	
-456.15	-670.552	
422.842	-373.462	
64.831	117.547	
900.188	522.095	
58.6684	977.944	
-600.827	745.098	
122.093	-74.1346	
357.458	109.051	
968.977	174.84	
-87.3022	-54.0933	
461.535	8.84116	
1088.55	296.198	
-695.001	-291.829	
-57.1535	256.566	
179.838	880.923	
1219.22	534.044	
765.196	-207.103	
-602.247	-289.635	
-592.139	221.203	
70.4014	216.232	
-888.475	181.559	
-319.293	406.651	
-201.489	914.494	
703.147	658.462	
-153.006	518.631	
240.368	531.935	
-839.691	403.443	
-161.346	947.117	
-404.959	779.109	
-564.651	-217.035	
-68.0078	257.645	
284.571	-8.87976	
99.5181	-599.274	
-918.306	-318.511	
-777.445	-256.408	
198.035	130.021	
537.373	965.693	
-265.225	511.196	
-645.226	708.498	
472.568	211.412	
6.88813	307.507	
78.5065	147.987	
567.516	-178.9	
197.787	1011.28	
267.252	600.296	
-28.8542	1041.69	
-233.233	598.874	
233.43	41.051	
418.219	268.33	
35.82	-606.469	
980.511	967.78	
-119.047	119.886	
101.707	360.489	
150.395	702.442	
-429.153	679.772	
561.469	265.715	
-134.623	-121.736	
489.487	578.857	
-512.564	-368.459	
-804.233	-308.649	
453.016	903.072	
-835.561	220.501	
254.59	-228.458	
57.2418	566.215	
-264.419	908.305	
118.088	372.252	
-1454.96	536.887	
-292.853	238.159	
-261.577	461.937	
-335.084	-681.003	
800.838	310.608	
-486.849	705.481	
-286.404	-672.691	
840.305	-305.977	
879.19	411.158	
459.501	65.2908	
326.123	554.991	
-293.352	-42.9264	
-226.95	321.395	
562.978	290.659	
355.021	-597.642	
-4.26023	349.991	
169.755	540.41	
-457.791	825.538	
216.555	710.764	
-416.96	-261.53	
-674.21	374.139	
308.707	-586.843	
580.459	330.678	
-399.281	-286.744	
68.5488	-167.18	
-956.181	450.058	
-835.676	337.445	
150.599	-602.835	
78.911	436.064	
-764.361	21.7021	
-628.814	495.98	
593.562	537.234	
-1164.97	404.285	
-216.752	-194.21	
-314.913	-515.088	
-323.597	-729.188	
-502.455	737.499	
-27.7228	-769.132	
1342.52	954.911	
402.217	-336.751	
-674.766	590.25	
-329.734	869.753	
-395.54	903.234	
-31.132	-575.319	
-320.906	674.172	
97.2274	-708.003	
1263.56	403.766	
246.253	-539.058	
38.3978	401.252	
792.996	-100.516	
-40.8161	-733.892	
778.434	356.569	
792.961	93.9887	
128.666	-210.399	
-107.113	361.558	
-42.3818	792.36	
-214.563	-90.3887	
-883.341	-219.266	
393.322	372.879	
1639.95	350.748	
-95.4793	297.574	
-928.37	-648.718	
45.2312	44.2851	
-333.376	336.346	
-167.346	-640.994	
-147.505	325.895	
268.068	-149.383	
-320.611	828.824	
-57.8912	-166.847	
77.8328	736.699	
-234.001	-789.103	
487.867	-455.689	
451.973	-259.524	
-8.84929	-640.475	
636.62	-64.9726	
281.023	426.233	
-251.693	-694.152	
843.642	392.577	
-361.585	181.817	
451.393	1032.28	
-45.8989	974.405	
607.102	285.374	
444.45	577.552	
382.218	710.54	
656.148	599.727	
-464.377	-694.633	
-338.683	951.988	
-605.32	234.219	
122.16	-198.82	
404.202	-137.302	
-119.993	413.461	
-75.3779	439.386	
330.606	18.9522	
-358.955	81.4149	
-227.886	-312.553	
-66.5722	359.918	
96.1278	-94.7001	
150.634	938.661	
368.637	-512.393	
-35.9975	-65.3884	
80.0498	-598.886	
-144.747	958.189	
-359.11	328.474	
-202.858	277.676	
386.07	1071.17	
-548.843	-669.19	
37.7662	-106.107	
-656.7	715.287	
-80.2504	29.8514	
-668.246	135.435	
-326.427	-294.868	
308.489	329.893	
96.2054	350.055	
-843.137	563.25	
-463.461	205.508	
569.886	604.802	
122.365	468.253	
290.979	-275.062	
-86.6404	534.723	
448.112	-98.3245	
-614.076	234.975	
610.388	534.727	
590.023	-223.473	
713.716	-167.075	
160.944	-278.167	
-424.942	-122.994	
137.787	1070.58	
216.808	-13.8772	
962.65	798.862	
-500.383	330.264	
1159.41	360.544	
19.4577	423.227	
417.879	988.316	
-75.6243	25.1649	
-441.306	67.2696	
-754.228	71.6839	
-804.622	715.047	
-19.8437	-711.837	
-339.934	-478.328	
-157.915	-376.496	
-1159.08	145.476	
-551.842	61.2224	
-318.04	207.116	
533.036	-254.988	
61.0739	-639.413	
973.334	798.511	
-432.28	-52.5802	
739.677	800.275	
-1122.9	646.937	
-37.1472	33.0831	
594.634	841.772	
-396.137	749.785	
434.538	-465.972	
99.6908	358.253	
699.456	717.16	
552.379	296.688	
312.174	399.137	
221.376	-159.267	
-844.87	-227.579	
-144.54	552.64	
-80.864	900.084	
-1107.21	71.6186	
-870.006	667.835	
496.396	259.784	
-895.036	367.979	
791.151	523.528	
362.268	102.526	
2.98844	991.691	
520.578	338.573	
771.592	613.976	
1058.4	827.176	
594.017	-426.619	
-452.035	-355.741	
378.373	405.877	
-351.438	932.716	
560.996	226.365	
706.697	1032.3	
1070.9	258.804	
-972.462	61.1192	
-300.362	-175.479	
373.22	987.196	
504.931	615.042	
-501.29	823.951	
348.281	437.868	
6.20679	1049.15	
64.6168	-536.656	
718.323	935.147	
-382.631	111.534	
-18.1197	-190.564	
-37.4917	941.587	
-69.8164	-103.817	
-971.674	-598.236	
142.791	991.949	
1912.32	-109.511	
191.64	-408.296	
229.332	353.743	
617.852	-271.582	
427.091	194.582	
624.507	563.546	
1325.28	287.215	
-175.185	712.999	
630.084	386.333	
-390.43	858.545	
563.628	-607.219	
-155.456	-475.795	
308.138	901.439	
232.897	316.141	
-319.67	285.892	
-538.293	-18.6133	
-383.333	-748.588	
604.481	-74.2794	
-23.3708	929.098	
-775.229	-597.285	
-615.648	755.443	
-194.354	589.684	
481.048	233.05	
306.948	-629.834	
-769.034	371.662	
188.478	-236.655	
1068.61	367.05	
-94.5037	24.6359	
-83.6156	267.76	
-449.035	387.163	
-700.452	192.95	
1017.76	952.637	
-1532.57	82.9242	
1196.94	923.742	
-255.9	742.962	
825.506	175.385	
-320.059	-684.251	
-176.587	776.608	
242.646	1056.54	
-104.341	312.481	
-486.52	-307.205	
423.182	863.569	
350.344	115.536	
796.515	746.931	
-586.421	-105.886	
349.59	672.628	
-275.275	286.422	
211.019	-182.499	
-51.8098	812.25	
177.182	254.891	
-547.191	-750.506	
558.916	856.419	
238.519	35.1869	
-36.6078	409.661	
-825.675	114.615	
-92.0385	315.354	
-355.215	796.149	
456.039	-436.037	
-371.126	195.701	
53.0023	-577.86	
409.262	-425.122	
171.787	858.448	
-12.9445	516.335	
544.318	-257.432	
315.314	-71.2289	
756.78	356.913	
-338.82	898.241	
874.803	32.2849	
-588.432	576.184	
-117.802	695.907	
-858.039	81.2913	
38.7282	370.681	
626.542	591.151	
-317.77	89.3201	
-225.864	414.714	
708.536	63.1667	
46.2977	879.56	
-1015.64	422.225	
-211.166	288.764	
-895.008	688.397	
-152.371	446.052	
516.903	493.664	
165.88	-43.3222	
79.763	-233.065	
219.393	939.364	
-602.898	530.299	
-17.3933	-644.528	
-806.885	108.553	
-118.752	624.398	
70.1754	-564.12	
564.115	489.204	
-436.012	-751.208	
-561.973	652.485	
-427.673	267.52	
-735.175	-97.3506	
-75.1937	323.158	
782.313	505.826	
171.781	-103.537	
-396.879	509.822	
196.034	968.803	
401.871	-541.73	
-43.8734	-656.19	
792.769	293.787	
-937.385	-192.676	
739.17	726.726	
454.477	47.5839	
172.282	-672.569	
-286.829	742.035	
806.113	512.999	
315.939	-271.425	
-828.358	54.1125	
-218.697	-535.62	
-211.126	-698.871	
-633.895	-474.251	
170.933	-564.598	
883.905	87.8783	
68.2263	-452.803	
-149.653	-192.431	
-102.36	-550.633	
39.5506	-692.237	
203.63	656.197	
-1541.91	218.894	
756.649	112.277	
439.297	-394.646	
-1290.18	-353.185	
431.661	147.558	
-505.68	-379.819	
5.91173	919.094	
-619.015	789.185	
-151.525	453.64	
-346.599	825.025	
642.516	40.0853	
89.6208	448.278	
-989.09	-3.6606	
648.547	345.746	
789.188	567.442	
-811.39	114.044	
213.097	286.057	
-427.94	-781.663	
379.98	554.717	
-557.479	-751.12	
15.4559	-113.617	
663.146	793.627	
-173.811	772.246	
119.24	522.397	
-169.992	-682.059	
-1064.2	-372.305	
96.3261	896.632	
-203.781	817.042	
463.77	79.9615	
-572.733	334.045	
-9.10246	1042.33	
369.259	-601.896	
288.417	-169.167	
499.572	564.875	
487.088	180.091	
-379.526	-550.284	
-183.492	825.242	
240.352	354.401	
-302.465	119.362	
-238.061	-753.879	
466.224	-442.675	
351.96	925.32	
-487.084	278.274	
-255.116	113.955	
-520.604	710.474	
205.011	524.126	
-447.482	-721.812	
1130.91	161.928	
3.01954	930.84	
304.858	357.478	
-220.844	307.681	
743.064	1024.85	
-783.603	235.807	
-185.197	261.138	
22.1497	529.752	
-781.747	560.449	
-598.89	53.3803	
-31.3492	-682.418	
-514.518	282.872	
-251.209	191.599	
237.445	-640.723	
956.662	156.086	
435.608	942.142	
-705.913	212.58	
-1407.67	131.894	
-558.103	266.642	
-814.351	-738.281	
1462.68	413.419	
-37.1123	659.354	
642.686	-328.878	
-92.2568	330.55	
218.418	490.711	
274.425	86.7989	
106.035	-259.624	
316.384	1004.38	
-101.526	-601.658	
-79.081	344.108	
-657.253	-310.018	
202.638	1062.84	
-273.812	596.76	
501.136	438.08	
-762.718	-439.847	
-561.876	677.182	
422.144	883.422	
-6.27249	-163.877	
247.901	-550.257	
-300.093	47.2336	
285.443	-51.7066	
-162.788	941.498	
-768.173	306.854	
496.554	819.469	
436.995	299.699	
-62.8273	168.99	
61.7736	746.037	
-190.482	329.725	
-609.789	-509.081	
-190.315	861.447	
-291.44	238.762	
-345.164	420.443	
-138.503	991.323	
90.6151	358.36	
-404.309	-168.862	
646.829	-519.014	
1063.94	5.01112	
212.022	466.471	
-424.109	-438.315	
851.77	775.2	
-1126.3	-577.267	
-782.531	800.781	
-789.316	544.534	
-57.3785	-732.063	
416.641	-20.5575	
-671.056	-389.346	
715.918	392.488	
1626.72	299.724	
-54.9111	-62.7288	
1078.33	302.492	
-192.001	-557.164	
66.028	-161.389	
533.541	776.944	
-111.76	243.853	
55.9574	-84.0831	
-56.2417	-599.09	
82.7605	-63.7823	
-409.32	189.42	
165.398	1034.93	
-739.093	160.746	
8.25669	371.847	
111.617	-520.543	
682.96	-37.2106	
-419.518	779.414	
165.482	1013.75	
-674.349	-15.0959	
-211.943	-255.569	
-294.493	-235.32	
-176.963	186.683	
-261.969	519.609	
465.714	-443.286	
166.355	788.533	
165.932	-245.562	
-229.88	53.1645	
-142.274	-219.718	
-723.193	315.415	
-173.029	303.281	
-412.992	216.761	
81.6607	181.354	
-1032.79	-534.286	
657.686	497.311	
-491.885	68.4901	
-260.891	660.238	
-315.531	319.613	
327.886	156.268	
69.0751	-22.1971	
-867.665	-159.346	
823.324	452.447	
-366.708	352.327	
604.947	210.257	
-396.055	36.4195	
-1201.83	-439.702	
115.795	-186.896	
908.512	181.523	
163.931	362.494	
58.4238	-696.585	
654.859	561.586	
-194.421	254.953	
92.6798	-243.585	
-601.761	670.252	
-352.651	-227.495	
364.423	-187.26	
370.018	917.937	
928.563	-459.861	
-678.734	801.658	
128.681	-716.729	
231.216	386.667	
5.09789	1006.53	
-598.9	-541.864	
-434.89	-685.62	
147.164	16.7157	
460.215	-103.028	
660.069	131.415	
425.508	46.0278	
-335.743	-616.651	
688.979	540.844	
-1186.19	125.041	
-821.127	-209.392	
-786.234	5.17881	
188.978	-339.029	
-91.1133	609.426	
-397.293	-571.087	
-563.196	181.808	
274.075	1007.79	
-236.601	-524.54	
-170.339	-439.462	
-185.22	-220.448	
294.511	-570.99	
237.342	-506.006	
-294.077	182.118	
757.909	-106.297	
262.12	147.512	
-87.9053	-328.288	
-12.0724	1040.75	
-73.3988	949.768	
-71.1408	771.37	
-625.527	292.847	
348.744	-527.553	
596.725	-394.16	
-145.112	10.5809	
464.435	271.282	
208.752	318.033	
-476.419	74.3174	
-662.254	105.432	
1357.75	337.139	
74.5631	336.849	
85.0141	46.7765	
-643.727	-676.282	
-163.614	156.125	
214.328	437.897	
786.086	935.343	
-765.233	685.729	
490.074	447.892	
-282.467	72.1796	
594.417	103.951	
365.252	-486.363	
814.383	411.321	
-672.796	-181.641	
1407.5	369.999	
-44.658	-64.5872	
783.015	803.107	
-841.477	-654.652	
-244.631	483.62	
-694.655	17.1007	
171.374	430.244	
-493.4	-551.907	
1035.2	972.384	
-205.139	-287.205	
-779.621	701.172	
-736.974	121.277	
529	496.92	
-57.4892	-407.005	
408.846	397.354	
-450.066	-294.948	
21.3539	-723.635	
-159.174	26.7746	
233.18	665.248	
-755.024	54.9679	
11.8805	164.015	
279.202	-688.046	
-9.32833	-47.5486	
-391.902	733.798	
627.789	-430.991	
398.69	720.857	
302.889	394.195	
737.775	451.553	
-378.796	501.477	
