470.093	360.207	
-38.2971	-287.542	
-137.566	536.683	
-308.938	-240.959	
-42.1356	74.0092	
357.367	-129.471	
-76.2046	-296.642	
-216.727	387.123	
-215.449	-294.644	
494.89	-71.7921	
428.564	485.915	
-52.7549	-297.552	
-210.431	250.798	
45.6187	-221.165	
236.945	522.489	
-490.237	-34.047	
86.8318	-259.462	
906.336	319.315	
536.088	-168.812	
-99.9072	395.192	
46.9016	-202.761	
363.266	-20.6603	
-6.41939	-284.538	
82.033	619.621	
27.6789	630.908	
-173.598	-76.9608	
515.283	-23.1765	
144.94	642.573	
-261.361	384.954	
377.586	-5.50404	
-288.269	-284.629	
-625.771	-180.232	
-283.376	305.235	
254.961	517.631	
-554.078	-216.233	
52.6317	639.038	
-123.279	562.304	
-4.59657	610.416	
235.004	-4.45825	
-266.39	-109.253	
64.3856	634.08	
177.392	0.455419	
-391.11	278.944	
-558.353	410.392	
158.816	-212.642	
-277.116	-290.637	
-339.773	-63.3086	
117.649	-257.988	
-201.709	-179.746	
187.147	-183.624	
-247.031	97.9562	
439.539	-46.0534	
-662.066	80.4602	
12.2863	-271.131	
61.8406	-261.432	
-120.032	535.506	
-845.402	-65.2723	
401.678	389.994	
-73.0706	-136.258	
-24.9182	536.062	
-528.782	-212.651	
-214.493	471.124	
452.473	-43.4147	
392.091	251.16	
-413.653	176.414	
-350.528	-84.7495	
332.239	-157.095	
718.935	343.183	
414.948	-199.913	
631.28	568.321	
-370.028	256.194	
61.744	641.429	
2.06339	615.235	
-285.618	151.994	
-50.629	594.767	
58.8878	637.968	
52.3618	380.524	
-153.514	480.745	
396.25	-188.332	
202.251	-231.434	
15.4612	-278.69	
483.621	617.914	
-447.479	-69.7962	
200.35	629.024	
-27.6813	-294.28	
869.54	-23.8163	
-867.605	78.9977	
860.723	-134.325	
41.9393	-268.016	
461.978	-94.6323	
-16.404	-277.458	
414.727	477.547	
-1220.13	-185.779	
-439.708	340.676	
909.127	150.982	
390.251	613.386	
432.958	-197.723	
330.779	-161.608	
17.603	-277.305	
412.935	-144.701	
-578.058	-281.46	
149.885	593.939	
315.473	390.696	
-106.188	400.762	
-99.7862	584.285	
-42.7819	-280.325	
75.3932	470.486	
-602.393	-56.4398	
-171.142	571.716	
-1.51841	-286.069	
55.6682	-237.27	
-350.681	94.1445	
-253.788	451.211	
-724.29	92.7486	
31.2096	642.475	
749.487	176.632	
-666.21	24.1521	
-179.913	485.329	
280.906	560.911	
395.516	36.7514	
-98.1088	-291.425	
-100.065	561.353	
952.096	-67.6169	
240.507	606.036	
-199.715	221.931	
-783.125	56.0203	
-294.169	55.2163	
-271.5	-301.289	
-114.061	-259.296	
-15.1581	599.832	
-24.534	604.361	
307.405	-76.6325	
573.594	554.171	
105.641	509.484	
-780.392	-240.511	
-102.311	-301.942	
195.864	-126.875	
113.535	-231.9	
-264.456	-158.19	
-348.761	-240.651	
130.77	630.759	
-414.049	13.328	
-238.253	-215.782	
-757.985	309.463	
79.1636	-198.164	
-581.275	-16.5098	
-318.392	33.6396	
-402.158	83.2992	
11.007	-261.352	
316.104	-87.5808	
-216.236	485.364	
58.3762	340.169	
-84.5621	-298.902	
183.712	-218.642	
-316.514	-295.815	
-368.011	-259.086	
-539.364	359.302	
-281.762	189.525	
984.873	-18.9751	
445.927	-71.2933	
-366.487	361.875	
221.962	531.325	
-333.989	110.955	
73.6863	637.326	
769.405	430.154	
-743.36	91.1527	
558.064	-12.1617	
601.256	-56.4654	
-483.964	-35.6212	
-328.094	477.553	
121.735	-232.517	
352.86	-59.0483	
-314.592	487.119	
124.046	-173.004	
44.5218	615.04	
-1082.16	89.5805	
484.204	132.045	
-499.527	-221.798	
-5.98441	-276.179	
-44.1892	578.341	
731.329	110.988	
485.618	-12.8379	
348.554	436.461	
229.143	244.556	
173.656	618.018	
-354.343	129.657	
670.455	309.957	
168.572	-233.789	
796.645	317.935	
-89.3681	579.175	
45.9639	634.607	
-506.665	-263.258	
-459.012	79.6272	
53.4174	622.66	
-320.617	525.511	
-472.141	-154.852	
684.554	228.18	
147.57	297.248	
305.967	51.4198	
-239.032	175.674	
-100.24	496.558	
312.243	254.604	
433.036	300.063	
-218.52	-258.335	
-184.189	-285.08	
-78.778	327.588	
39.4703	-275.5	
196.715	386.527	
-371.428	45.4645	
-475.465	361.969	
-4.52985	619.682	
-8.0347	617.944	
896.641	464.137	
-117.461	99.5854	
426.746	378.946	
50.9779	523.363	
-150.494	-292.369	
-181.693	365.361	
105.45	642.257	
241.677	-73.8673	
31.5714	-179.49	
-50.1473	-290.768	
-278.497	-225.196	
395.07	-22.1368	
515.362	-194.506	
62.2005	631.057	
450.24	474.414	
-293.285	-197.077	
-138.152	-140.969	
719.659	262.381	
354.703	-88.298	
460.397	-126.773	
-117.038	396.151	
234.476	137.381	
-78.9062	-301.288	
390.342	325.232	
-346.699	-93.1499	
-367.771	-137.15	
521.407	356.385	
58.6514	-229.692	
-223.667	256.424	
43.2041	635.812	
-190.78	521.382	
397.226	-10.0862	
-388.806	-151.081	
-297.449	-190.815	
-194.129	534.035	
-265.716	-224.937	
-675.439	191.024	
32.0773	635.333	
38.472	-263.132	
-387.916	473.824	
79.2874	624.61	
-173.926	483.17	
139.831	-9.1118	
-37.0528	582.906	
214.406	-223.125	
-130.217	571.98	
-575.908	39.3122	
-200.948	-230.062	
177.584	495.678	
258.253	-70.9079	
-37.7604	602.275	
-18.2953	616.278	
53.4929	625.209	
197.427	205.541	
-278.968	-248.003	
219.694	415.619	
74.6812	630.276	
155.183	-211.564	
-740.772	-163.682	
262.753	236.392	
-310.179	500.225	
391.734	540.493	
-527.95	488.924	
54.5945	634.317	
-118.609	-286.099	
111.701	-246.71	
-316.725	-33.8082	
357.385	-87.6984	
-463.634	-235.19	
-92.3991	-304.322	
508.391	381.045	
-275.444	286.889	
152.935	628.378	
481.842	308.504	
39.5002	-266.382	
322.206	591.473	
348.633	-98.8818	
-145.872	575.906	
129.204	629.796	
627.508	512.848	
-137.405	513.975	
209.867	540.024	
-241.138	136.771	
119.246	-270.717	
-126.504	486.398	
31.63	-175.67	
-164.54	532.595	
-194.428	540.368	
530.043	150.864	
862.002	299.322	
63.3452	640.778	
208.475	365.603	
310.099	332.201	
953.234	-11.9714	
-639.52	101.629	
-324.276	403.863	
423.064	433.26	
-90.2071	170.979	
-179.415	-293.744	
-257.888	-296.236	
-14.0351	-284.264	
-1.79634	611.589	
-801.589	71.595	
543.841	174.705	
17.2641	627.245	
-181.39	550.921	
-222.431	376.845	
269.406	299.582	
-886.319	251.012	
347.519	-147.018	
440.979	531.34	
-129.201	531.833	
189.844	625.473	
-484.776	33.5727	
366.965	520.515	
-228.079	151.586	
757.163	335.249	
-302.773	-178.429	
14.1813	-265.16	
-174.215	63.0632	
-207.523	231.083	
-142.136	-304.654	
467.791	-109.186	
-554.915	308.611	
180.435	581.769	
176.698	610.945	
29.1588	626.845	
-346.554	491.799	
511.854	-126.185	
302.761	584.787	
435.711	-7.8078	
142.578	639.946	
193.959	-195.979	
166.776	632.819	
171.962	-219.273	
141.572	640.028	
-256.061	5.74758	
-42.1811	-297.956	
-164.343	-294.489	
232.029	-220.905	
308.412	-83.2736	
-52.2073	577.82	
348.389	383.184	
293.138	-7.99519	
64.2855	638.933	
267.972	-10.0795	
116.781	-69.5605	
-526.773	85.3486	
-225.093	502.237	
142.921	-145.705	
-258.172	225.679	
752.902	107.634	
539.565	122.914	
56.965	628.151	
-302.93	74.3121	
-171.337	497.453	
-8.23202	613.433	
307.052	-1.66279	
375.763	-128.114	
341.639	549.272	
360.223	591.258	
-148.255	588.264	
490.392	505.046	
26.1858	631.833	
739.52	543.969	
-791.742	-164.624	
-156.388	-215.817	
653.029	392.361	
104.992	-236.419	
-192.624	180.47	
457.035	3.08665	
-181.147	-289.851	
-968.434	135.927	
157.78	-128.333	
-484.226	66.5862	
-246.303	-274.935	
417.478	-59.2756	
172.892	-4.34488	
-157.828	-266.212	
-185.932	-285.158	
-119.901	-301.495	
-346.566	40.3355	
-57.3965	574.446	
436.32	-134.868	
67.3868	-236.805	
-307.342	47.6729	
-300.217	-129.183	
-126.033	45.949	
136.752	584.66	
529.735	565.13	
128.172	-242.862	
75.1671	-231.552	
-308.231	257.789	
-242.794	-297.627	
304.835	598.451	
184.662	178.036	
-476.238	-137.78	
251.793	523.24	
0.656027	617.179	
136.694	612.726	
211.835	495.684	
404.563	535.043	
-183.422	-289.648	
-275.116	-20.0256	
71.4399	-232.53	
-531.905	339.899	
-57.2095	581.1	
445.53	-190.403	
-607.429	470.723	
-63.1836	-288.641	
-194.212	-268.495	
337.483	299.929	
436.823	602.82	
551.769	356.33	
-636.762	207.143	
-219.434	371.022	
931.065	409.328	
-148.062	399.992	
-567.878	-134.992	
660.244	-168.584	
-456.675	-289.514	
-25.8841	-296.358	
68.0376	639.75	
-223.774	-248.596	
152.237	-182.118	
210.217	609.736	
-246.212	-23.8971	
725.643	535.617	
50.9831	-201.61	
117.161	631.759	
-297.657	336.385	
22.7673	-186.047	
850.672	193.97	
157.233	-235.678	
-424.303	360.981	
60.1508	-159.274	
274.512	-237.654	
-194.967	443.704	
-157.757	-292.04	
132.795	-96.1345	
-721.718	-202.654	
40.2239	-279.225	
294.332	-151.149	
105.333	-243.778	
-148.696	551.24	
-243.702	494.276	
-83.5167	-291.557	
-387.951	-289.983	
181.555	-188.331	
138.077	614.539	
-222.276	-198.906	
-385.555	263.618	
199.931	-6.77707	
59.9481	169.634	
570.358	393.628	
-205.417	-23.8919	
250.167	-60.0403	
-502.238	-293.84	
309.103	-188.644	
-498.833	431.263	
67.5317	614.868	
-274.596	-117.018	
231.299	565.898	
-197.433	-259.621	
436.691	62.8282	
-100.486	-290.931	
-259.931	-294.284	
-874.828	-56.2634	
-64.0814	-293.817	
-394.268	61.5828	
-17.2966	-289.913	
361.25	-85.9905	
401.749	-138.394	
-21.6854	604.854	
322.021	-180.124	
-267.09	339.291	
126.248	-46.6246	
-112.296	534.234	
21.5301	629.508	
74.5201	-17.659	
231.516	-27.765	
-470.076	305.512	
-123.699	546.87	
-38.1186	522.126	
630.75	574.583	
66.6352	-253.944	
41.4165	-264.163	
-282.565	349.29	
-84.7478	574.816	
-211.263	-288.383	
-160.334	-292.821	
92.6903	-180.093	
110.189	-241.965	
255.071	-20.5935	
-126.325	574.008	
-147.091	584.817	
87.2958	627.542	
-121.64	548.063	
322.746	325.024	
-13.9884	-279.897	
-326.96	298.393	
-250.661	-274.142	
196.612	595.305	
-94.6524	82.95	
347.244	-43.4096	
-20.2186	-278.696	
477.264	-85.6122	
-342.803	-9.62061	
540.186	308.038	
272.697	625.73	
232.902	569.749	
284.638	619.706	
860.669	391.482	
-546.22	295.021	
165.03	-196.962	
-307.027	-206.222	
-105.821	341.612	
71.1068	-256.531	
237.9	372.471	
-395.663	451.966	
-339.494	330.012	
-21.7809	551.009	
125.361	631.038	
320.622	-141.726	
-218.263	418.863	
-17.7844	589.077	
172.921	-247.15	
446.125	558.718	
-457.664	340.564	
-64.8674	606.396	
87.1665	548.553	
16.496	626.075	
126.728	582.969	
-27.2249	-281.916	
238.071	-68.5994	
79.4808	525.565	
404.186	393.34	
149.186	630.086	
470.152	573.265	
-210.373	-295.072	
487.32	-161.018	
-311.931	-115.593	
-33.0525	595.51	
126.267	-133.674	
-442.447	75.6972	
-386.419	-285.9	
-519.422	-9.68782	
122.869	528.687	
-489.939	-111.906	
1.98662	-280.63	
111.474	640.078	
-569.851	-47.9371	
-437.873	-199.983	
714.425	305.904	
352.502	566.496	
-554.175	-156.115	
480.309	-92.6837	
-157.001	527.616	
332.605	415.029	
-736.485	80.8779	
542.298	-30.5111	
-300.045	-231.856	
-315.348	-79.5126	
655.46	0.0255854	
-386.43	301.984	
185.914	602.341	
-73.0088	-49.3062	
393.14	-3.92068	
510.965	599.252	
40.32	639.991	
-372.098	85.1505	
-181.879	36.5061	
992.233	-41.4865	
-193.574	-83.1738	
660.815	241.442	
-145.814	553.934	
340.8	249.236	
-133.316	27.8026	
494.712	-118.51	
232.709	586.216	
41.2609	635.667	
617.339	-55.1755	
640.335	472.081	
-282.45	-300.935	
402.019	-31.6498	
486.417	170.708	
-177.771	-147.407	
-563.393	532.468	
422.376	516.965	
246.87	583.166	
287.236	-133.765	
525.071	-14.1119	
-28.3235	613.363	
209.856	640.182	
867.968	-26.3815	
-20.8333	617.123	
-276.012	-107.98	
269.737	574.471	
-177.378	525.069	
-903.673	189.363	
16.211	-283.39	
74.9603	-34.5217	
105.339	637.149	
-519.288	-117.47	
167.987	-52.846	
365.398	-73.3717	
198.641	626.015	
-376.756	-290.329	
358.76	-45.5931	
-266.866	175.023	
231.081	440.02	
526.82	-106.645	
-284.232	191.71	
484.554	-135.876	
143.833	641.493	
885.661	-19.8277	
96.1043	-232.417	
-109.874	17.6509	
-372.441	-168.386	
98.9653	623.302	
-618.212	-149.313	
681.755	382.961	
96.1923	-198.817	
424.061	305.877	
-111.824	485.478	
-66.141	601.684	
-350.799	115.139	
290.24	-92.013	
-93.8493	586.881	
-500.951	38.2014	
-700.996	-51.4184	
-131.796	-8.2643	
547.956	-66.4093	
-394.079	206	
-87.9998	593.867	
53.7439	632.04	
16.1658	622.279	
714.94	252.149	
-534.175	421.15	
663.332	-18.9192	
9.34236	-252.605	
121.985	624.645	
636.944	159.454	
164.871	-212.706	
138.523	-177.111	
226.692	87.9787	
-683.952	316.891	
-702.517	225.245	
326.319	-187.97	
-432.018	-214.379	
36.1377	-268.856	
-34.4142	-286.442	
-421.694	-265.037	
4.09136	598.06	
-301.01	148.377	
-221.507	-255.729	
254.422	-204.018	
-443.253	409.3	
-315.292	-216.634	
-707.109	-109.163	
82.9042	629.222	
238.014	601.232	
11.2978	626.791	
76.1768	636.796	
-176.434	-128.575	
-115.266	335.014	
-932.769	84.3138	
-306.351	526.383	
-395.862	141.417	
326.096	-108.576	
182.842	629.628	
109.024	615.287	
382.379	107.938	
18.0291	632.925	
-6.13739	450.378	
119.31	-202.724	
160.751	623.17	
-973.443	-166.657	
-128.808	-305.977	
-235.718	-236.339	
-273.378	235.657	
219.29	597.956	
263.916	518.885	
-108.069	-291.056	
302.255	-48.1749	
221.122	-168.079	
-185.422	580.293	
-172.048	-246.076	
-557.116	85.8482	
-414.226	-117.122	
-158.375	550.216	
624.179	-52.0026	
-34.4167	616.755	
-370.218	60.4016	
-137.455	531.168	
444.831	69.9815	
-138.577	-268.551	
57.873	631.008	
861.002	411.803	
568.839	493.823	
277.035	59.4537	
-137.655	-256.434	
-317.547	-58.0867	
-669.96	4.15657	
202.455	523.282	
-257.758	560.713	
-200.955	457.405	
-251.124	-304.105	
-392.336	328.603	
55.105	627.745	
224.255	638.127	
-111.478	506.959	
136.551	-11.201	
-348.656	-300.067	
-329.793	452.96	
143.055	36.392	
-26.9139	595.736	
29.7701	626.367	
-90.3537	-291.039	
356.147	499.614	
-14.9296	-288.122	
-146.33	124.465	
-544.094	-215.022	
290.194	466.161	
749.717	-82.1222	
192.072	-241.252	
175.407	-167.862	
169.115	611.944	
150.131	-160.106	
327.073	595.294	
-814.281	-174.703	
397.985	30.5986	
-335.371	-296.883	
73.5016	638.544	
61.7715	-275.478	
-513.154	41.1269	
122.365	542.305	
386.69	576.73	
196.478	45.5077	
303.699	-70.3358	
364.948	-92.4519	
-147.994	-291.181	
320.05	-177.632	
-527.307	139.04	
-139.124	500.51	
-948.953	-155.693	
383.267	562.021	
-612.29	353.731	
300.634	11.655	
-520.939	150.133	
-268.122	-275.174	
-76.6469	566.016	
175.921	642.021	
-402.457	-263.589	
-545.556	-103.977	
140.736	624.843	
380.416	-157.551	
350.227	-171.234	
-289.995	441.242	
621.083	-15.8864	
208.444	601.822	
369.915	509.08	
596.724	118.328	
-334.383	454.843	
-222.697	370.534	
-426.811	365.739	
-269.563	-61.7227	
-80.0765	483.406	
211.496	475.177	
-509.319	-33.5395	
247.705	560.967	
-446.102	-105.27	
-264.946	-259.433	
-285.951	-277.202	
184.871	455.947	
184.432	604.769	
158.596	-247.055	
-296.701	-261.039	
383.208	-122.193	
-10.7972	-292.793	
318.878	387.207	
-124.36	-286.927	
-263.535	-304.33	
423.764	-5.08566	
-767.94	96.3419	
654.703	-43.82	
-351.356	366.815	
-201.584	354.348	
-131.851	565.813	
628.114	-193.215	
-63.544	561.146	
-86.6824	144.654	
-402.731	4.79753	
-350.17	479.62	
212.693	279.83	
308.156	328.443	
71.9467	-244.936	
-481.711	-141.996	
-446.736	68.3286	
595.016	-8.33001	
-68.7352	-286.747	
327.339	-142.735	
314.952	-129.221	
-174.752	-296.102	
89.6045	636.099	
-407.963	-37.4888	
46.975	-275.702	
108.982	527.58	
131.344	-245.776	
-284.881	438.86	
230.22	582.33	
60.1622	242.59	
-222.093	-275.949	
-149.495	392.96	
-734.157	-214.634	
-1087.73	-170.472	
-351.389	-257.814	
-195.784	-304.815	
-509.378	-105.143	
351.262	-148.686	
10.2108	613.85	
209.098	-230.367	
-510.378	115.919	
124.3	633.294	
-961.791	-218.837	
114.111	636.791	
463.024	-89.8572	
44.8475	-272.115	
-502.744	334.183	
283.915	-205.636	
137.461	94.1282	
-166.575	378.92	
-250.293	-193.906	
-64.8379	-299.794	
-187.471	-9.37599	
101.2	571.787	
66.0749	634.861	
-281.491	445.45	
-352.512	-189.896	
375.037	585.187	
-66.1524	575.171	
147.861	-151.459	
-633.749	272.049	
575.138	485.334	
535.09	464.224	
-682.309	34.3314	
-432.207	173.944	
-348.287	-61.0849	
642.5	-21.7961	
277.649	420.528	
255.111	-128.273	
-675.68	-222.277	
-71.4631	496.175	
38.2744	628.677	
424.443	-87.6328	
-139.258	-252.849	
360.633	-133.673	
251.311	-218.736	
-777.791	126.385	
190.792	381.492	
326.264	-100.863	
274.47	-233.216	
-164.344	409.243	
245.5	624.509	
210.996	388.263	
286.137	462.169	
-156.412	-192.61	
-402.049	479.917	
416.643	461.528	
-272.672	165.229	
-72.3734	569	
-166.541	-291.739	
268.057	69.3695	
-19.3973	-300.325	
315.099	283.225	
-40.898	-302.762	
-282.742	-304.939	
275.373	-6.16836	
-296.245	202.909	
-395.062	487.147	
392.838	626.841	
-23.0778	552.423	
996.147	432	
310.675	590.175	
669.183	-88.6067	
37.3114	-264.773	
-395.954	390.719	
179.591	630.032	
322.079	181.415	
-135.419	-290.565	
86.8552	638.908	
158.294	-200.764	
476.811	-84.9465	
-188.504	529.053	
-310.67	341.627	
-244.011	490.82	
-144.259	578.936	
8.65862	-282.533	
-405.34	307.306	
528.257	525.036	
5.75497	631.972	
1171.42	505.851	
-205.553	-268.852	
145.253	574.773	
-743.042	-203.983	
-47.9459	-295.948	
-37.5923	611.906	
33.409	617.603	
-459.409	-109.903	
456.814	283.684	
-165.448	-264.337	
579.09	-103.512	
-111.405	-288.097	
223.482	-164.621	
-63.6558	414.124	
333.446	-0.345985	
-276.27	-193.342	
72.1173	610.154	
-39.3367	-219.207	
812.428	-4.89412	
961.605	236.92	
436.56	546.093	
575.677	407.723	
-196.044	-214.419	
333.398	501.791	
123.068	-254.426	
74.8774	637.754	
-469.925	-32.739	
-274.183	579.277	
-455.688	413.945	
-516.763	117.928	
-188.69	-245.395	
645.37	451.791	
-442.716	139.618	
111.93	612.224	
-256.348	567.869	
46.4699	293.33	
252.247	630.238	
44.3325	624.999	
-258.221	-252.103	
-334.131	-293.485	
477.788	475.111	
361.129	-18.6252	
319.76	-175.108	
-42.8321	608.038	
-410.932	142.693	
-239.022	-261.072	
440.304	-182.57	
-80.8282	-273.786	
430.47	561.155	
250.767	-175.483	
-402.317	-25.2135	
125.907	622.056	
462.914	374.476	
683.391	5.46289	
-3.29711	-274.951	
-147.327	557.82	
-220.159	-243.459	
-414.524	19.7412	
-206.431	506.289	
177.005	241.32	
293.498	470.685	
-263.326	-34.8219	
116.929	630.507	
568.484	481.074	
-479.193	-255.311	
178.882	618.249	
33.3073	307.606	
-400.097	71.7308	
280.552	379.288	
-374.628	460.621	
-198.14	-201.95	
-579.564	-92.1058	
-509.824	-276.597	
-123.307	413.809	
37.0547	-283.353	
-9.64549	609.908	
251.164	447.024	
165.488	447.135	
-615.171	-240.674	
255.708	540.97	
-406.516	166.965	
171.649	-112.207	
179.134	-143.389	
-381.223	513.223	
-40.762	582.999	
-395.996	-125.601	
-66.1378	567.281	
424.956	97.7312	
152.895	-176.208	
-512.222	-19.8597	
-508.235	-125.282	
74.786	-271.874	
389.48	509.884	
486.985	-44.5438	
146.916	-147.382	
-224.816	531.222	
-382.022	-151.477	
12.5958	-270.29	
-20.1798	-302.358	
-248.672	-82.7066	
-181.414	326.646	
31.2059	-260.184	
-830.08	-46.9908	
202.107	637.981	
784.034	254.003	
-137.877	561.848	
406.596	418.313	
317.804	611.233	
-628.173	391.715	
116.388	-29.6149	
-538.236	-202.016	
-375.441	-248.825	
204.804	437.929	
-321.704	-141.537	
-329.331	-271.105	
89.6728	-261.771	
-5.88906	618.721	
-71.1042	574.137	
651.052	-115.796	
28.5827	-274.004	
143.724	271.524	
739.687	307.834	
682.889	465.546	
-308.154	304.389	
434.903	264.261	
59.6662	-269.04	
275.072	-148.752	
-261.729	43.8935	
235.312	-92.939	
166.719	576.751	
241.977	614.076	
-178.673	538.945	
243.38	620.411	
-224.201	-7.45349	
-372.231	-141.804	
-466.107	249.518	
-103.833	588.949	
-6.90736	599.032	
-92.636	-298.021	
-190.886	-281.338	
-579.141	-157.48	
98.409	579.784	
244.604	415.941	
-9.55486	-280.68	
424.408	-159.286	
637.204	209.017	
511.579	370.633	
-236.005	-195.172	
-38.6113	-295.912	
-568.482	-9.64815	
150.769	-159.464	
-298.275	-268.112	
-393.494	234.498	
-595.612	-240.32	
-716.544	2.65075	
-164.569	497.431	
351.715	-163.893	
-65.9212	493.617	
799.691	-79.6296	
350.657	-8.75044	
427.328	615.173	
-858.622	105.636	
166.588	624.57	
350.56	-98.6637	
-364.413	-221.087	
144.24	638.005	
-498.669	258.432	
36.3567	623.714	
404.677	-95.7308	
264.893	606.345	
-194.686	-122.155	
-293.35	-18.5941	
-423.274	-289.859	
222.384	345.29	
42.4866	459.143	
66.3649	524.267	
166.03	-209.276	
-501.393	199.753	
50.2295	624.298	
-274.985	-292.065	
-184.114	-255.448	
-100.771	459.843	
201.714	-249.854	
648.529	-29.2051	
84.0091	-242.645	
-76.283	-301.105	
326.498	-192.3	
224.202	-9.96821	
37.8434	-285.096	
321.138	-140.539	
-549.916	422.814	
90.2169	-152.772	
-142.306	-280.748	
-175.213	-263.969	
-668.129	20.6906	
54.5864	631.08	
5.42291	613.463	
197.072	-162.334	
200.188	-65.8615	
-260.314	539.627	
-553.386	228.697	
298.652	-48.8933	
116.512	-179.169	
831.875	509.61	
102.216	531.735	
-147.658	-293.2	
-301.42	380.347	
190.103	-124.737	
-219.569	-64.8673	
-286.527	-274.593	
-358.832	-110.618	
-721.777	-84.1514	
-328.252	-289.326	
-379.028	413.869	
156.329	-243.277	
-37.4513	212.794	
520.225	-147.282	
271.442	621.854	
-905.649	-165.947	
-217.264	559.525	
277.901	-174.653	
69.7958	623.221	
-616.634	-208.555	
-131.697	-298.538	
129.604	-78.889	
-387.326	407.901	
-304.146	-54.9894	
-372.554	448.141	
-194.905	368.896	
85.2841	-135.802	
-457.065	64.8538	
-187.103	-300.078	
13.7092	-274.333	
-276.559	-281.673	
-184.012	-268.662	
83.2851	-265.893	
75.824	-4.10558	
158.31	-251.983	
-177.465	-291.479	
-68.8178	-298.31	
443.458	44.718	
591.875	-50.1287	
0.796417	-287.361	
535.859	471.181	
-38.6071	-289.286	
-16.7788	-280.425	
-166.482	560.018	
-231.884	-259.486	
-235.263	490.589	
177.738	-27.187	
792.489	-17.2677	
-450.382	-264.447	
-433.51	-249.504	
221.609	-216.907	
-195.867	-150.677	
514.425	-138.634	
562.874	-170.883	
23.1016	640.798	
-122.358	492.713	
-163.767	-284.266	
639.874	374.843	
350.678	511.957	
68.2968	-249.998	
-538.604	29.3693	
60.5198	-214.499	
-118.953	-293.296	
354.591	-1.11854	
224.11	-124.067	
295.657	617.569	
-155.88	-156.439	
-324.703	469.1	
35.3528	-274.558	
31.5236	629.795	
-173.176	413.263	
-126.144	578.173	
195.06	-224.314	
-188.338	-240.765	
496.149	305.637	
533.07	570.725	
-681.126	164.313	
379.487	497.158	
265.931	491.462	
407.298	-32.2458	
777.557	262.357	
-360.048	-248.165	
15.1779	-258.786	
183.381	-21.1256	
555.584	131.173	
405.802	-2.35909	
-620.374	317.819	
-508.392	-30.0986	
67.617	628.314	
26.3736	-266.469	
465.038	122.297	
248.029	-222.535	
186.467	437.756	
465.549	-91.2983	
-253.955	-194.918	
304.287	242.295	
-621.992	-250.8	
-198.529	402.201	
-300.393	-280.252	
799.048	-12.2278	
-695.163	-244.772	
142.77	-7.77746	
92.2836	158.642	
505.215	522.304	
-146.898	507.666	
-186.633	-268.909	
216.922	398.941	
66.3673	632.362	
463.813	-100.315	
-92.5997	589.896	
304.101	84.6304	
-91.0837	-298.318	
2.21908	-286.825	
-291.039	34.4072	
-25.7238	-291.603	
-421.144	-215.294	
-811.367	-205.291	
659.38	514.559	
46.0439	-230.696	
531.295	-93.909	
-368.019	483.72	
-610.567	-203.728	
-286.85	529.513	
356.564	59.8169	
-212.341	448.113	
358.201	603.273	
201.973	640.433	
212.652	595.267	
-322.577	211.444	
-155.409	573.711	
-608.624	-162.572	
400.044	600.479	
11.5755	624.941	
-239.073	-252.121	
-259.626	514.672	
356.795	-20.2535	
111.581	581.883	
446.717	479.173	
60.8716	637.09	
401.763	431.316	
-200.921	125.603	
378.751	-39.7091	
85.665	616.27	
169.546	624.044	
139.504	-255.995	
-307.212	80.8824	
322.62	-49.1745	
-266.639	311.694	
-288.35	-288.103	
91.9797	601.541	
-25.1234	-293.015	
-29.8049	499.076	
-180.514	-292.997	
84.5133	-139.338	
509.059	-16.5561	
47.3922	-280.311	
-403.71	326.561	
-142.132	487.201	
-374.965	-195.001	
-539.791	-222.836	
-397.931	-210.965	
-104.886	565.713	
15.977	-276.402	
155.909	520.055	
-607.227	-272.134	
-342.045	497.652	
-142.073	-236.093	
-226.027	-278.974	
-272.661	432.626	
-437.328	-15.6256	
154.999	615.273	
-227.609	482.755	
558.083	271.433	
39.6956	629.463	
-416.396	-277.254	
189.923	456.991	
-533.211	95.6729	
397.677	469.536	
-392.368	335.22	
-544.052	-245.55	
-168.608	-272.122	
-233.386	-291.756	
-224.758	-298.037	
-538.477	296.057	
-213.65	-293.079	
104.478	-82.3449	
385.925	500.089	
-339.381	-177.903	
-131.296	-303.231	
-62.5971	-301.89	
249.374	554.516	
32.106	550.575	
-30.0959	608.676	
7.11581	-279.72	
-3.22862	618.705	
-347.102	31.2746	
-338.57	-258.285	
-759.608	85.6137	
141.366	615.996	
-257.948	-111.489	
34.3744	630.012	
-872.863	-0.957104	
144.231	596.988	
313.216	240.803	
977.881	-40.9219	
-163.2	65.7484	
17.1462	635.77	
693.862	-176.107	
-624.007	148.405	
-486.694	425.263	
400.535	392.502	
88.9916	638.328	
-141.441	388.276	
-30.2958	-282.696	
195.229	-237.505	
55.9345	639.47	
-408.326	-140.242	
210.114	610.999	
-72.2467	-300.717	
2.50806	-273.963	
519.149	-108.757	
115.452	632.037	
-351.526	-231.152	
-386.99	96.0792	
232.571	460.955	
-451.669	-293.698	
-76.5134	553.69	
239.86	559.963	
189.74	527.315	
-6.76238	-286.238	
-263.057	-296.831	
-200.403	403.578	
-157.415	-289.165	
172.842	-249.271	
186.643	631.996	
1018.87	278.371	
274.088	-208.232	
339.212	42.1453	
-87.7792	-112.047	
622.863	123.006	
32.3305	-267.807	
240.607	-159.491	
104.148	-233.708	
638.497	-87.8059	
7.78434	628.011	
1.18268	-282.186	
571.08	-3.91128	
376.183	398.755	
234.434	625.679	
282.388	539.902	
-711.544	266.857	
120	636.461	
555.908	508.09	
144.996	616.292	
105.115	-236.592	
-44.2319	562.831	
410.407	117.733	
-467.316	134.232	
49.8071	636.476	
143.955	574.556	
-109.156	-295.263	
121.143	-257.746	
433.439	351.801	
722.241	137.78	
236.24	564.203	
102.812	-150.047	
185.616	89.2709	
-93.9601	-293.503	
332.183	479.039	
-105.24	500.757	
-67.5643	599.415	
-52.644	-298.149	
672.914	-83.4531	
-139.927	-283.795	
74.7525	-241.554	
-444.244	403.06	
193.99	-229.188	
326.625	-83.9547	
-373.015	-261.254	
-394.655	241.244	
164.818	-121.481	
228.525	-199.015	
64.461	-273.886	
89.0998	633.698	
516.534	328.718	
-284.369	-33.4562	
-292.227	-270.464	
435.41	-46.1418	
-145.403	-78.3462	
9.79802	-284.075	
255.868	5.80993	
94.0537	-170.71	
-433.144	349.583	
64.9447	-271.442	
-504.685	231.756	
-58.3303	601.651	
-632.288	-234.537	
188.038	-250.317	
-444.202	-15.594	
-764.274	290.679	
226.973	197.365	
-426.171	-67.3056	
-92.4294	607.409	
34.386	-260.14	
-300.256	446.628	
-494.061	57.4409	
-136.551	503.635	
167.631	-243.305	
-646.664	-179.147	
176.859	-49.7839	
-553.165	-242.807	
-48.9881	-288.742	
-218.643	357.917	
223.257	-196.008	
-568.54	450.122	
-428.068	-239.13	
-200.932	547.442	
361.021	629.168	
-91.0461	-299.322	
-238.832	-183.14	
303.019	-195.235	
306.279	402.76	
-286.602	-100.785	
-279.437	-89.8992	
-658.872	207.387	
-349.394	-253.066	
6.46555	624.869	
-10.9239	-293.653	
-605.467	-141.572	
-87.2411	-299.97	
-70.3449	-291.06	
-180.223	140.432	
59.7786	59.046	
-504.296	-90.8601	
250.572	156.191	
71.9151	633.593	
646.615	72.0186	
253.812	154.301	
-492.166	152.743	
-263.175	-268.677	
227.608	557.557	
248.936	-15.2786	
202.001	629.231	
-202.659	514.674	
46.5186	632.554	
136.75	512.545	
161.306	629.979	
249.495	-200.555	
-588.296	-146.746	
-274.994	-276.067	
136.709	-39.2582	
155.763	-21.1862	
-374.325	-290.147	
59.4577	-195.571	
4.06999	-282.212	
578.017	-171.631	
169.384	-218.411	
-209.678	414.164	
39.4997	619.373	
-345.143	126.875	
-224.325	-238.513	
400.98	-19.0273	
467.564	437.571	
-449.023	-75.6721	
174.861	484.431	
-79.7952	-293.294	
-295.273	-5.29241	
-98.5579	-264.72	
-593.546	133.565	
45.6758	631.391	
-353.216	-297.48	
-327.955	-138.185	
391.29	-122.045	
536.229	452.314	
84.4575	425.376	
61.0654	638.747	
-257.413	-304.07	
-665.421	-284.433	
180.793	622.818	
-25.3584	-290.699	
-500.188	-273.233	
-369.684	81.8546	
-309.279	385.179	
-158.257	289.694	
68.8252	-104.287	
-34.504	604.804	
11.268	-272.921	
-231.024	-252.86	
-206.885	-234.181	
98.151	-235.12	
353.438	499.3	
490.503	-140.282	
-281.238	369.248	
-452.62	-262.495	
307.073	-65.1086	
-116.371	-302.762	
101.661	-267.081	
860.47	-37.2388	
-64.2028	-80.6148	
676.29	358.26	
-239.662	-287.624	
335.491	565.869	
306.688	-178.035	
234.372	-147.838	
-152.635	-245.027	
-172.364	542.854	
30.7717	-276.854	
26.4502	-273.994	
-650.803	-215.474	
-76.6147	-63.4664	
155.831	-256.672	
-87.389	-290.941	
-38.0695	-297.413	
-324.152	-301.133	
372.662	-205.526	
214.628	-176.875	
15.4921	-263.971	
-310.183	-280.339	
419.173	541.245	
-299.236	53.9291	
294.344	-204.6	
385.097	557.922	
-349.271	-277.542	
-18.0431	595.933	
-127.47	-233.628	
-171.275	-283.888	
-500.793	-230.991	
263.531	-242.915	
189.142	634.034	
-71.7687	547.954	
211.811	-41.7097	
329.467	598.675	
-621.948	-170.773	
-6.7852	594.319	
-376.279	328.952	
441.836	-64.039	
-7.1664	599.699	
77.8188	354.762	
122.958	622.338	
172.208	-158.645	
-76.3894	585.538	
-148.529	85.9179	
120.52	387.045	
-396.773	-225.84	
-222.69	-294.076	
5.46101	-284.152	
-205.013	-142.599	
-350.484	-283.77	
822.999	-22.8137	
151.985	-233.279	
483.941	-177.465	
947.942	-22.7624	
693.304	-25.769	
2.30433	-274.669	
346.395	-151.655	
-345.857	425.664	
-474.787	132.444	
485.618	534.09	
-97.1613	489.662	
61.0694	631.424	
-17.3637	513.604	
222.746	-164.864	
-455.186	-213.154	
247.481	-72.8626	
-91.2909	287.114	
325.802	-226.789	
-428.047	-97.7382	
-650.573	-207.804	
241.592	629.522	
-61.0131	-281.605	
-163.302	45.4157	
-623.144	352.926	
233.325	-181.435	
-284.467	-289.016	
80.4375	-263.617	
290.477	-199.314	
-276.223	384.331	
399.292	-97.08	
644.332	85.3034	
1001.29	90.9548	
332.423	619.786	
-101.664	-292.655	
982.933	-23.3169	
142.512	-147.967	
-10.4055	615.304	
331.146	-40.8734	
-960.368	-78.0439	
267.916	-188.541	
262.551	-198.71	
153.149	626.745	
-269.522	-290.988	
-336.463	-97.5741	
223.353	634.069	
-285.254	247.041	
-112.611	536.093	
-614.748	-43.5305	
91.7741	-255.837	
142.715	-254.393	
86.1861	-179.8	
-170.383	-149.882	
591.976	437.125	
-348.47	510.986	
-486.923	-174.083	
-643.567	-138.726	
-324.704	376.35	
-16.4963	614.146	
125.883	-268.483	
239.589	624.87	
-141.23	534.143	
-128.437	-291.891	
-12.9417	-286.21	
-259.021	-299.586	
109.87	-190.723	
79.8291	-257.185	
-244.065	426.516	
566.76	488.676	
-429.597	-169.495	
853.267	-21.7858	
24.371	630.405	
244.596	596.331	
-36.5409	-294.897	
614.106	-40.2494	
-492.969	38.2734	
-24.3372	604.394	
-77.7749	574.909	
-58.7506	566.731	
218.423	440.977	
-2.34271	618.287	
214.041	-245.829	
-266.938	491.562	
-129.286	452.792	
-456.773	-270.006	
140.158	-236.527	
-300.024	432.737	
169.001	-197.129	
190.805	-195.872	
-15.0714	605.774	
300.083	486.98	
-65.924	-298.856	
-420.441	224.507	
-364.668	-290.456	
402.302	324.697	
-382.305	-170.865	
585.974	143.358	
280.232	-120.816	
-0.70681	614.172	
240.917	-26.5294	
-3.9925	-291.205	
353.307	-174.957	
-568.187	98.0499	
367.26	-70.7676	
1129.99	73.7932	
-240.935	569.569	
241.581	-204.976	
-610.116	249.917	
282.484	-219.795	
414.886	-88.6426	
304.9	602.398	
174.276	-181.25	
-127.466	474.267	
352.721	-78.0144	
-388.89	347.641	
-1291.18	194.128	
311.895	-14.2442	
-486.71	-236.972	
-182.778	-304.048	
-481.731	-149.36	
212.275	-10.141	
201.447	636.887	
668.521	175.202	
275.196	-185.475	
-122.213	397.2	
-331.753	168.142	
257.345	-119.921	
-68.6688	-297.643	
114.568	-246.8	
289.345	-131.272	
-322.938	-302.948	
284.676	-157.767	
193.526	-223.961	
-277.828	317.384	
-373.911	-250.457	
-91.9054	-282.966	
-122.356	-289.576	
-570.754	-168.355	
-644.765	-158.299	
306.528	539.607	
329.871	-7.13947	
-115.43	-287.682	
882.666	-5.29606	
-313.598	174.44	
-391.377	-30.803	
71.1671	-203.378	
118.966	-272.375	
-355.745	-288.182	
130.293	637.535	
-198.401	473.507	
-422.311	-0.0329078	
57.7084	629.261	
216.955	630.116	
179.976	606.65	
572.994	550.91	
-17.5514	-293.206	
-41.1647	616.991	
-578.564	-242.641	
-134.536	-188.826	
469.249	181.162	
-39.0821	-303.486	
157.012	544.063	
210.936	220.172	
612.234	387.472	
-259.113	250.555	
399.22	-1.87612	
-207.748	-252.653	
-274.395	-292.885	
167.586	-196.241	
-189.458	-81.1664	
-564.078	-121.764	
218.246	-238.396	
200.629	-197.03	
497.576	-98.1972	
-208.339	-292.82	
18.9397	-269.656	
1207.41	-70.9981	
136.82	-211.065	
-306.246	-8.66745	
118.893	628.754	
-80.1679	591.754	
-124.512	-294.945	
-233.768	-274.113	
231.29	625.939	
-158.741	544.184	
-257.85	-274.086	
623.203	446.981	
911.347	-112.031	
784.933	212.227	
-311.417	-231.425	
-280.364	250.336	
218.122	-12.0355	
70.3162	-203.418	
129.355	-184.221	
138.528	609.407	
466.703	567.022	
-546.08	63.6367	
213.65	-209.409	
322.493	-43.2033	
95.2589	-248.294	
-600.231	-257.315	
-360	-134.682	
188.999	-34.1061	
-454.632	379.303	
414.444	515.79	
-541.384	-84.6921	
339.865	612.8	
-112.605	597.539	
-77.915	-287.94	
443.957	-36.809	
-371.398	-15.2948	
270.398	158.019	
-215.792	-295.795	
370.923	348.265	
-403.212	-204.368	
268.29	609.839	
70.5899	630.922	
458.876	500.748	
-23.1788	579.266	
-404.21	-291.523	
416.981	299.931	
-243.871	-256.999	
130.281	-120.824	
-173.218	-298.273	
-306.655	245.272	
175.315	213.496	
274.176	-22.2139	
-8.88245	615.566	
266.295	595.94	
198.116	386.712	
-79.1458	40.4045	
-365.224	-166.722	
-370.477	272.397	
172.379	4.23305	
-101.265	569.787	
501.486	398.9	
-719.134	-159.675	
387.051	-33.1992	
541.049	-53.6302	
197.576	626.938	
399.717	-95.8094	
100.604	-262.872	
-214.695	56.1245	
99.9002	497.269	
329.217	-174.378	
-331.647	246.818	
-550.511	187.682	
-398.239	-213.927	
304.554	-28.2507	
11.5652	-278.229	
589.358	517.446	
899.949	40.1008	
207.086	-258.269	
-221.621	-28.1216	
-428.681	-288.884	
-190.915	579.581	
-61.0435	-293.26	
-247.441	203.059	
880.113	-85.1414	
200.834	-231.872	
43.3194	-258.948	
166.495	-18.5181	
-90.4636	374.067	
386.188	6.21505	
46.2293	-250.741	
-169.577	-273.789	
37.6456	638.813	
281.991	101.673	
-73.927	606.683	
-401.315	-172.99	
248.09	-162.434	
22.8853	-255.906	
295.187	263.77	
-451.467	-198.393	
-217.047	524.051	
-753.701	-104.601	
520.481	485.321	
-218.335	119.577	
-249.672	-32.3632	
-53.2102	-304.532	
38.2725	641.25	
259.853	299.377	
-543.706	132.874	
-314.667	-242.842	
636.942	569.742	
-162.064	-302.739	
542.706	-79.7206	
-7.93427	-281.865	
-362.756	-280.571	
-44.0255	542.422	
390.231	388.681	
521.88	464.543	
-198.693	400.176	
35.7087	633.698	
-272.11	-156.637	
-280.5	293.35	
782.259	-13.7075	
644.589	-12.5954	
-46.2911	-292.974	
314.544	-41.4695	
-9.53387	610.078	
304.655	-57.2841	
313.793	317.963	
-760.978	13.6961	
305.667	348.602	
290.056	-175.249	
21.7119	-210.812	
-811.315	30.7749	
-17.9065	578.116	
-156.472	575.238	
72.269	632.696	
-422.963	143.274	
-408.949	402.661	
-209.269	365.294	
-166.513	-236.709	
160.767	616.039	
273.953	587.835	
73.0206	-235.168	
-448.505	-47.1892	
54.9625	638.257	
305.808	44.2501	
-175.165	-70.2414	
56.5361	633.166	
-165.835	453.598	
-593.269	-100.497	
408.995	-218.306	
-155.285	-260.08	
-530.837	-187.047	
-36.515	506.086	
-407.461	91.005	
-173.4	-256.107	
236.444	-191.66	
-395.558	-232.669	
272.453	-68.6914	
-450.421	363.888	
570.938	535.707	
-97.3086	-61.5279	
-684.084	225.572	
224.986	-34.5886	
485.905	59.9733	
476.218	289.472	
79.6811	627.591	
-478.544	185.41	
10.5296	-267.897	
-6.15918	613.659	
67.2101	-194.829	
-58.0159	-295.709	
-98.5874	-291.621	
128.155	-22.9828	
-235.259	-272.344	
145.556	641.252	
-172.954	-293.22	
-444.002	-224.13	
316.681	569.377	
-151.351	-297.53	
84.7672	-223.023	
-394.151	24.5666	
-56.5141	601.668	
-25.7079	-283.537	
-317.88	-299.363	
-328.765	-294.911	
180.954	-222.74	
-391.042	-154.781	
-116.463	463.49	
135.977	473.297	
-226.947	-106.252	
187.554	-102.585	
-502.988	467.576	
-462.726	210.422	
-23.8603	-295.824	
185.677	331.48	
-260.943	331.98	
453.529	-43.1384	
74.1578	-104.656	
-268.572	-187.476	
337.874	-46.6223	
823.714	-23.9905	
-132.215	576.345	
548.123	513.128	
-30.2487	604.204	
306.641	591.993	
-779.599	-103.426	
202.258	630.465	
-17.0265	-285.83	
84.8406	-195.61	
25.5462	634.427	
-41.377	-286.701	
27.1334	635.306	
499.999	458.599	
460.43	591.635	
-1029.86	-79.8424	
311.205	-66.5014	
1111.94	130.35	
-150.378	343.121	
-998.379	-122.427	
382.997	252.146	
333.599	589.783	
548.756	574.948	
-359.496	-287.388	
490.67	367.127	
251.568	457.159	
515.877	482.94	
171.208	62.6397	
136.536	629.159	
-55.3344	609.142	
439.028	225.333	
160.656	20.1918	
-193.978	-167.521	
431.817	463.243	
378.06	-21.5178	
54.2542	-253.29	
377.237	-18.8928	
-454.046	495.45	
151.156	-14.6399	
-10.1563	-250.826	
-338.818	142.033	
136.019	-244.8	
145.586	636.477	
331.041	-205.716	
-129.925	-60.748	
46.2931	-225.643	
-308.863	102.375	
820.588	-25.43	
-589.346	52.5101	
196.783	3.73778	
602.891	356.107	
73.8213	435.234	
379.641	-138.759	
-730.285	144.197	
-194.429	-214.213	
-70.4503	-303.719	
276.276	547.729	
-212.073	-46.6324	
-685.517	324.655	
-516.172	419.416	
-598.551	328.899	
-623.946	188.467	
-190.163	-300.833	
86.9227	-36.4316	
-107.051	167.633	
568.711	324.062	
331.954	-193.267	
-273.865	-301.342	
113.775	295.671	
160.853	-207.2	
-166.889	-304.279	
177.566	620.413	
-74.1848	-292.712	
368.439	-127.547	
-61.0775	605.719	
-27.7983	-295.528	
-229.022	-246.749	
-13.1675	-259.036	
-101.689	601.417	
797.97	-27.1543	
83.7705	-249.113	
-135.497	596.424	
-90.4799	531.731	
-309.149	-192.924	
-645.464	292.017	
158.385	510.487	
370.038	598.482	
-4.47604	615.263	
384.694	601.651	
738.656	-41.3236	
25.5402	636.274	
-143.249	-276.984	
301.922	516.64	
112.641	-82.0406	
13.2264	627.592	
-36.2462	-300.911	
1.42992	-278.48	
860.48	-68.8862	
-11.7973	618.578	
-52.1599	597.41	
766.731	0.423348	
-290.69	-292.144	
-290.808	-294.644	
-329.467	198.35	
472.582	-123.822	
-109.273	-297.163	
-219.923	455.409	
914.938	-28.3871	
-18.1174	611.055	
505.378	2.62592	
-166.468	-50.6616	
133.676	-11.4822	
358.008	-170.749	
-338.607	44.8206	
-166.455	332.476	
-458.25	82.7171	
78.2236	634.021	
-703.178	-2.04378	
-295.729	-269.722	
229.457	623.297	
186.664	-48.2491	
243.238	-157.275	
571.824	518.81	
-123.648	-123.187	
-432.362	-276.617	
-569.822	-190.555	
-865.301	-61.3117	
-112.035	199.343	
174.754	475.525	
591.812	-91.2442	
-180.496	436.341	
-362.954	-217.311	
