3793.58
2720.74
2462.2
2315.3
1938.19
1804.02
1671.78
1616.4
1383.32
1320.38
1146.6
920.866
796.394
788.463
766.778
734.271
676.05
634.618
597.843
561.824
546.508
521.016
495.1
451.047
450.791
437.824
416.303
399.132
391.272
377.567
348.156
342.384
318.713
312.831
290.104
275.626
262.231
260.655
258.203
248.384
243.197
237.47
230.553
221.086
219.141
207.74
201.144
200.397
200.151
185.584
183.769
181.372
177.937
174.097
171.837
165.81
163.632
156.514
154.683
154.19
152.962
150.842
146.166
140.316
135.408
134.542
133.721
131.063
129.523
126.493
125.553
123.138
119.298
116.173
115.025
114.035
112.254
109.319
107.159
106.492
103.595
102.743
102.465
99.6282
99.0476
98.6159
96.8912
95.4646
95.399
93.2006
91.5837
91.1899
89.0876
88.4011
86.7305
85.9883
85.0146
84.3584
82.8718
81.9009
81.0882
79.9027
79.402
78.6442
78.177
77.9189
76.5082
75.1114
74.6033
73.5665
73.378
72.731
71.6279
71.1725
70.6235
70.0768
68.5377
68.1796
67.7989
67.2805
66.1011
65.3989
65.2063
64.4489
64.3439
64.0306
62.8245
62.5745
61.9157
61.7486
60.4244
59.5493
59.2131
58.3077
58.0571
57.6285
57.2207
57.0406
56.0179
55.5973
55.4064
54.659
54.0806
54.0683
52.9859
52.4511
51.7212
51.5153
51.4837
50.9499
50.522
49.8971
49.4355
48.8537
48.7535
48.4551
48.0429
47.9525
47.8087
47.1337
47.0801
46.3611
45.8896
45.6214
45.4568
45.3707
44.8245
44.5067
43.6847
43.4592
43.096
42.6934
42.616
42.374
41.9153
41.5836
41.5669
41.3212
41.0895
40.5153
40.1464
40.0343
39.7976
39.6698
39.3187
38.9107
38.8555
38.6632
38.5833
38.5558
38.2427
37.644
37.5483
37.4385
37.0863
36.9312
36.5286
36.4863
36.1753
35.8833
35.6453
35.4652
35.1498
34.8194
34.729
34.5056
34.3845
34.316
34.051
33.6988
33.5975
33.2578
33.2037
33.1206
32.8464
32.5695
32.5215
32.4413
32.1921
32.1039
31.8458
31.6367
31.5231
31.3382
31.2564
31.0145
30.8175
30.7202
30.6223
30.5683
30.2873
30.0617
29.9542
29.7979
29.613
29.3999
29.3542
29.29
29.1212
28.8626
28.6546
28.4722
28.3814
28.2818
28.1831
28.0669
27.9692
27.95
27.8756
27.6618
27.5197
27.3589
27.0905
26.9142
26.8771
26.6466
26.5373
26.4477
26.3107
26.2289
26.0738
26.0087
25.7903
25.5745
25.4353
25.31
25.2481
25.18
24.9545
24.9119
24.9023
24.8451
24.7091
24.6306
24.4923
24.3556
24.2416
24.0238
24.0117
23.8313
23.7952
23.7446
23.6792
23.6321
23.4985
23.4087
23.2791
23.2239
23.1312
22.9709
22.9553
22.8658
22.6174
22.597
22.4828
22.4259
22.3042
22.1286
21.9685
21.7093
21.6767
21.6298
21.5785
21.5043
21.4729
21.3823
21.1847
21.1381
21.0679
21.0367
20.9602
20.8795
20.7863
20.7044
20.6745
20.5983
20.4238
20.4017
20.2909
20.1923
20.1172
19.9801
19.9173
19.8899
19.8357
19.7638
19.7071
19.7016
19.468
19.3675
19.3127
19.2297
19.1598
19.0621
19.031
18.9388
18.8753
18.794
18.714
18.6151
18.5963
18.5811
18.471
18.3633
18.2538
18.2149
18.0837
18.0138
17.9895
17.8691
17.8259
17.766
17.74
17.5759
17.5521
17.4818
17.422
17.3408
17.3285
17.2384
17.1804
17.1255
17.0917
16.9852
16.9245
16.8338
16.7792
16.7783
16.7198
16.6152
16.5533
16.4919
16.3842
16.2848
16.1968
16.1436
15.9879
15.965
15.9628
15.9437
15.7906
15.7289
15.694
15.5864
15.562
15.5308
15.4487
15.3638
15.3304
15.2961
15.267
15.2021
15.1521
15.1058
15.0732
15.0038
14.9267
14.8599
14.8318
14.7427
14.6805
14.6197
14.5526
14.4871
14.4653
14.3611
14.3295
14.2511
14.2142
14.209
14.1404
14.0999
14.0649
13.9722
13.9626
13.8741
13.8127
13.7635
13.6755
13.6068
13.5893
13.5156
13.4841
13.4605
13.434
13.3615
13.323
13.3155
13.2932
13.2438
13.212
13.1523
13.0783
13.0377
12.9844
12.8819
12.8759
12.8117
12.7929
12.752
12.7033
12.6633
12.5968
12.5469
12.5239
12.5074
12.485
12.4075
12.3845
12.3665
12.2708
12.2105
12.1824
12.134
12.086
12.0301
11.991
11.9345
11.8557
11.7954
11.7487
11.6753
11.6189
11.5975
11.5655
11.488
11.4703
11.4481
11.353
11.3014
11.2938
11.2707
11.2257
11.1732
11.1407
11.1088
11.0485
11.0281
10.9798
10.8747
10.8643
10.827
10.782
10.7553
10.712
10.6602
10.6054
10.573
10.5235
10.5041
10.454
10.4279
10.4089
10.3213
10.306
10.2604
10.2441
10.2137
10.1884
10.1268
10.0906
10.0651
9.99329
9.98061
9.95234
9.92717
9.87016
9.83598
9.81174
9.75516
9.72895
9.72551
9.62244
9.61931
9.61143
9.603
9.5565
9.51769
9.48395
9.45505
9.4385
9.39427
9.35549
9.30038
9.25785
9.25614
9.2393
9.19731
9.15535
9.11724
9.06668
9.05171
9.04496
9.03935
8.99917
8.96818
8.94245
8.90239
8.86431
8.78134
8.77632
8.74713
8.69065
8.68723
8.66865
8.65587
8.58294
8.56579
8.5492
8.52613
8.48524
8.44242
8.41045
8.38529
8.3522
8.34627
8.32524
8.28059
8.24839
8.20933
8.19746
8.17608
8.14414
8.08316
8.03945
8.01044
8.00471
7.99325
7.97783
7.95338
7.93256
7.90334
7.85259
7.82653
7.80016
7.78855
7.77012
7.73508
7.72779
7.67889
7.65881
7.64115
7.57756
7.53212
7.52293
7.51721
7.49807
7.48699
7.44827
7.43688
7.38269
7.36424
7.35669
7.30072
7.27611
7.24397
7.23121
7.18787
7.17956
7.15444
7.13871
7.12175
7.09806
7.05385
7.03071
6.99392
6.97139
6.96811
6.94449
6.89429
6.87171
6.84821
6.83168
6.80912
6.78692
6.7535
6.73927
6.6991
6.67661
6.6669
6.61289
6.58294
6.55956
6.54429
6.52839
6.51356
6.48754
6.47818
6.45814
6.43966
6.41629
6.38662
6.34209
6.30493
6.28999
6.27895
6.2675
6.24125
6.19084
6.18382
6.15643
6.1152
6.10437
6.0874
6.06694
6.05174
6.01993
6.01448
5.97829
5.96452
5.9449
5.92045
5.90009
5.87969
5.86597
5.83935
5.83044
5.79236
5.76918
5.76737
5.76317
5.7332
5.71872
5.70624
5.68749
5.66817
5.6479
5.63425
5.6121
5.5781
5.57333
5.55128
5.53236
5.52855
5.49502
5.47662
5.43745
5.42652
5.42561
5.39603
5.38613
5.37446
5.33301
5.3053
5.29804
5.27075
5.24768
5.22902
5.21171
5.18115
5.17952
5.15135
5.14565
5.09372
5.08346
5.0801
5.04428
5.02021
5.00774
4.99492
4.96122
4.95363
4.92927
4.91767
4.88968
4.88191
4.86144
4.84953
4.81797
4.81136
4.79724
4.76549
4.75268
4.74102
4.70576
4.69054
4.68145
4.66265
4.6596
4.65317
4.64568
4.62989
4.58198
4.57512
4.57331
4.55703
4.53029
4.51476
4.50467
4.47642
4.45181
4.44377
4.41515
4.40139
4.38361
4.37165
4.35142
4.33898
4.32046
4.3163
4.31206
4.29258
4.27834
4.26713
4.25422
4.2236
4.21761
4.21387
4.19241
4.15974
4.14401
4.13109
4.12566
4.10647
4.09485
4.06424
4.056
4.03545
4.01141
3.99824
3.9956
3.98726
3.98265
3.95432
3.93802
3.93668
3.91415
3.90785
3.89138
3.87314
3.86246
3.85091
3.81497
3.80099
3.79009
3.76557
3.75226
3.73777
3.72345
3.71232
3.70054
3.68967
3.67905
3.66043
3.64643
3.633
3.6165
3.6068
3.58265
3.57136
3.56347
3.54909
3.53461
3.5212
3.50701
3.50352
3.48006
3.46688
3.45528
3.44535
3.40532
3.40227
3.39115
3.38594
3.37992
3.37531
3.37247
3.33902
3.33512
3.32408
3.32381
3.3069
3.29129
3.27188
3.266
3.24499
3.235
3.23212
3.21499
3.20552
3.19386
3.17258
3.17047
3.1612
3.13478
3.12585
3.11846
3.11237
3.08389
3.06927
3.06075
3.05587
3.04617
3.03733
3.02532
3.01676
2.99607
2.98725
2.98513
2.97186
2.95635
2.95123
2.94266
2.9256
2.9103
2.90386
2.89157
2.8879
2.8758
2.86975
2.85247
2.83945
2.81538
2.80907
2.80022
2.78871
2.78313
2.77319
2.7562
2.74925
2.72034
2.71261
2.69729
2.6939
2.68336
2.67501
2.6654
2.6353
2.62505
2.62111
2.61315
2.60623
2.59908
2.58577
2.57158
2.5577
2.55371
2.53804
2.53119
2.51813
2.51016
2.50271
2.48903
2.47589
2.4734
2.46058
2.44039
2.42052
2.41534
2.40427
2.40297
2.3986
2.38214
2.37216
2.35369
2.34996
2.33188
2.32492
2.31908
2.29918
2.29858
2.29459
2.28962
2.28509
2.26694
2.25807
2.25158
2.23615
2.21462
2.21211
2.19451
2.19248
2.18008
2.17601
2.17448
2.16569
2.15859
2.14835
2.1348
2.12917
2.12111
2.10841
2.10429
2.08824
2.08005
2.06479
2.04859
2.0448
2.04406
2.03759
2.03622
2.01699
2.01521
2.00391
1.98802
1.97532
1.96043
1.95699
1.95168
1.93822
1.93122
1.92468
1.91471
1.91251
1.90508
1.88678
1.88368
1.87156
1.85085
1.84292
1.8403
1.83932
1.83412
1.82408
1.81447
1.81162
1.79792
1.78429
1.78093
1.77769
1.76878
1.75904
1.75511
1.75119
1.73876
1.72166
1.71688
1.71211
1.69487
1.68953
1.68319
1.67511
1.67301
1.66599
1.65486
1.6532
1.64487
1.63369
1.62669
1.61839
1.6127
1.60299
1.59492
1.58869
1.58012
1.57965
1.57173
1.56674
1.5536
1.54317
1.53517
1.51877
1.51661
1.51412
1.50731
1.50391
1.49256
1.48017
1.47787
1.47195
1.46563
1.46192
1.45874
1.45497
1.44392
1.43832
1.42236
1.4175
1.40285
1.39736
1.39359
1.38696
1.37886
1.37525
1.35831
1.35631
1.34895
1.3447
1.3444
1.33944
1.33848
1.32543
1.3159
1.31031
1.3005
1.29468
1.28269
1.27711
1.26806
1.2623
1.2572
1.25059
1.24256
1.23717
1.22709
1.22333
1.21034
1.20798
1.20257
1.19535
1.18982
1.18692
1.18183
1.17722
1.17335
1.16618
1.16549
1.15803
1.15548
1.1391
1.13497
1.13025
1.12074
1.11277
1.11079
1.10176
1.09995
1.09353
1.08773
1.08293
1.07891
1.07475
1.06853
1.05921
1.0478
1.03627
1.02993
1.02924
1.02364
1.01996
1.01397
1.00985
1.00561
1.00353
0.993408
0.989939
0.985969
0.983065
0.978862
0.971609
0.967275
0.962553
0.957372
0.952399
0.943833
0.933863
0.926361
0.924561
0.920038
0.917413
0.907939
0.906755
0.90018
0.897402
0.89144
0.885978
0.884651
0.873677
0.870266
0.862228
0.858181
0.855613
0.851448
0.84742
0.838492
0.83624
0.82313
0.821861
0.816775
0.811171
0.808716
0.805629
0.801317
0.799353
0.794043
0.79305
0.788358
0.781744
0.777769
0.773032
0.767141
0.762232
0.757564
0.754165
0.751683
0.746312
0.736715
0.73456
0.728836
0.725758
0.715694
0.714263
0.712592
0.705656
0.700039
0.695396
0.693304
0.682475
0.680976
0.675218
0.673419
0.670664
0.667995
0.660824
0.659617
0.656467
0.652775
0.646097
0.642758
0.641158
0.638416
0.632057
0.626778
0.619994
0.618618
0.615855
0.609646
0.607027
0.603226
0.600351
0.594091
0.591458
0.587951
0.586872
0.575992
0.573687
0.571179
0.568824
0.567988
0.563415
0.555281
0.55417
0.552132
0.545655
0.544671
0.541257
0.533783
0.531419
0.527753
0.524412
0.52064
0.514036
0.504184
0.499889
0.498393
0.494321
0.491584
0.488341
0.483354
0.482341
0.479844
0.47326
0.471889
0.469072
0.463481
0.462563
0.461168
0.455243
0.450367
0.447918
0.445064
0.439522
0.435226
0.433482
0.428937
0.420783
0.419109
0.417333
0.41414
0.412108
0.405396
0.402902
0.400346
0.396874
0.392959
0.389664
0.388475
0.384342
0.383707
0.379188
0.375452
0.372719
0.368234
0.367438
0.364499
0.363964
0.36323
0.357332
0.356443
0.351267
0.34928
0.345365
0.340089
0.337424
0.334667
0.332932
0.33076
0.324489
0.323356
0.322067
0.318381
0.316077
0.314771
0.309585
0.304741
0.302878
0.301606
0.298752
0.298184
0.290595
0.289143
0.285735
0.283144
0.282798
0.279213
0.27826
0.275791
0.273517
0.269658
0.267164
0.265806
0.260276
0.259559
0.254698
0.25336
0.252218
0.252057
0.249292
0.247964
0.246285
0.241818
0.237441
0.236139
0.2342
0.229635
0.228024
0.226633
0.224896
0.223889
0.221094
0.221005
0.219136
0.21538
0.214412
0.210651
0.206279
0.204177
0.200389
0.198781
0.196448
0.195872
0.192543
0.191206
0.187786
0.185609
0.183951
0.181895
0.178987
0.177211
0.17499
0.173914
0.171451
0.167833
0.166619
0.166255
0.16289
0.162544
0.158449
0.155059
0.154856
0.153009
0.15279
0.150734
0.145542
0.144507
0.142589
0.140625
0.137818
0.13525
0.133387
0.130542
0.129266
0.127704
0.126262
0.123909
0.122752
0.120443
0.117875
0.117431
0.116472
0.11428
0.112519
0.11112
0.109094
0.108436
0.106842
0.106172
0.102838
0.101995
0.098443
0.0970357
0.0957175
0.0954292
0.0936088
0.0914638
0.0905215
0.0881185
0.0867208
0.0854142
0.084868
0.083029
0.0801602
0.0794243
0.0775423
0.0762826
0.0742956
0.0724027
0.0707379
0.0699366
0.0685917
0.0680193
0.0671414
0.0638741
0.0634134
0.0617923
0.060506
0.0592428
0.0581732
0.0575794
0.0573916
0.0562562
0.0555772
0.0550081
0.0532433
0.0501068
0.0495909
0.0473825
0.04669
0.0452168
0.0446711
0.0438229
0.0422526
0.0410611
0.040559
0.0399077
0.0391856
0.0381732
0.0365904
0.0358792
0.0343099
0.033468
0.0320779
0.0312526
0.0302553
0.0295297
0.0285828
0.0280703
0.0274908
0.0265662
0.02604
0.0246091
0.0243339
0.0231775
0.023074
0.0220308
0.0208158
0.0202132
0.0196254
0.0189111
0.0184889
0.0173446
0.0165491
0.0160374
0.0148093
0.0139606
0.0135526
0.0131175
0.0124283
0.0116513
0.0111109
0.0105955
0.00964587
0.00820237
0.00747871
0.00738367
0.00655188
0.00624018
0.005908
0.00541986
0.00482975
0.00392932
0.00345565
0.00259796
0.00233875
0.00192218
0.00150737
0.0014714
0.00108861
0.000790302
0.000599309
0.00030257
8.05758e-05
5.1504e-13
3.82383e-13
1.88195e-13
1.80332e-13
1.70182e-13
1.59869e-13
1.47811e-13
1.42985e-13
1.36804e-13
1.35098e-13
1.32358e-13
1.28379e-13
1.26309e-13
1.21041e-13
1.15213e-13
1.09516e-13
1.0788e-13
1.02594e-13
1.00532e-13
9.88845e-14
9.62673e-14
9.50611e-14
9.27744e-14
8.91322e-14
8.53145e-14
8.33064e-14
8.15055e-14
8.03338e-14
7.92248e-14
7.65427e-14
7.58043e-14
7.40609e-14
7.20852e-14
7.01993e-14
6.97035e-14
6.68944e-14
6.67667e-14
6.56301e-14
6.43007e-14
6.23771e-14
6.21927e-14
5.99281e-14
5.97196e-14
5.8366e-14
5.77532e-14
5.73052e-14
5.53547e-14
5.4741e-14
5.35205e-14
5.23934e-14
5.10904e-14
5.05354e-14
4.89695e-14
4.87837e-14
4.849e-14
4.81692e-14
4.66158e-14
4.6304e-14
4.53247e-14
4.46958e-14
4.39928e-14
4.35875e-14
4.32244e-14
4.22011e-14
4.1824e-14
4.12378e-14
4.02205e-14
4.00126e-14
3.92761e-14
3.88969e-14
3.8246e-14
3.784e-14
3.71788e-14
3.64762e-14
3.62758e-14
3.56493e-14
3.56292e-14
3.48522e-14
3.46123e-14
3.44399e-14
3.39861e-14
3.32301e-14
3.28576e-14
3.23659e-14
3.21922e-14
3.15499e-14
3.11856e-14
3.07383e-14
3.05231e-14
3.03236e-14
3.0112e-14
2.97686e-14
2.90425e-14
2.89838e-14
2.86121e-14
2.80317e-14
2.77883e-14
2.77647e-14
2.72154e-14
2.71164e-14
2.66492e-14
2.62495e-14
2.60257e-14
2.57995e-14
2.57065e-14
2.51047e-14
2.49092e-14
2.44492e-14
2.44059e-14
2.41199e-14
2.39537e-14
2.37024e-14
2.33249e-14
2.30705e-14
2.29276e-14
2.28481e-14
2.26372e-14
2.23485e-14
2.20951e-14
2.18543e-14
2.17281e-14
2.13424e-14
2.12295e-14
2.1021e-14
2.05495e-14
2.04162e-14
2.01558e-14
2.01044e-14
1.98462e-14
1.96635e-14
1.95001e-14
1.93011e-14
1.89494e-14
1.87805e-14
1.8468e-14
1.84093e-14
1.80816e-14
1.79839e-14
1.77315e-14
1.77128e-14
1.74079e-14
1.72763e-14
1.70191e-14
1.68662e-14
1.66766e-14
1.64178e-14
1.63016e-14
1.62082e-14
1.59757e-14
1.57959e-14
1.56879e-14
1.55529e-14
1.52903e-14
1.51167e-14
1.50093e-14
1.49354e-14
1.46762e-14
1.45488e-14
1.42271e-14
1.4141e-14
1.38837e-14
1.37551e-14
1.36535e-14
1.34121e-14
1.32276e-14
1.31713e-14
1.30976e-14
1.306e-14
1.27383e-14
1.24881e-14
1.23917e-14
1.22426e-14
1.21218e-14
1.20158e-14
1.19295e-14
1.18376e-14
1.17626e-14
1.1412e-14
1.13136e-14
1.10593e-14
1.09922e-14
1.08939e-14
1.06986e-14
1.05855e-14
1.04693e-14
1.02822e-14
1.02059e-14
1.01348e-14
9.86636e-15
9.57503e-15
9.52873e-15
9.40171e-15
9.3524e-15
9.11258e-15
8.996e-15
8.88377e-15
8.77709e-15
8.6355e-15
8.46847e-15
8.31478e-15
8.29396e-15
8.18348e-15
8.05775e-15
7.96159e-15
7.84177e-15
7.72692e-15
7.53142e-15
7.49558e-15
7.38789e-15
7.31203e-15
7.14407e-15
7.05636e-15
6.99543e-15
6.85395e-15
6.63345e-15
6.55937e-15
6.51685e-15
6.42638e-15
6.34483e-15
6.23451e-15
6.19811e-15
6.13964e-15
5.98472e-15
5.81383e-15
5.6886e-15
5.57661e-15
5.39594e-15
5.30539e-15
5.2591e-15
5.18114e-15
5.1118e-15
5.04233e-15
4.92881e-15
4.79583e-15
4.74501e-15
4.71563e-15
4.54562e-15
4.5011e-15
4.44897e-15
4.29871e-15
4.24018e-15
4.16777e-15
4.10798e-15
4.01695e-15
3.95964e-15
3.93135e-15
3.8327e-15
3.69781e-15
3.68342e-15
3.64578e-15
3.5398e-15
3.51e-15
3.43214e-15
3.36288e-15
3.26078e-15
3.21971e-15
3.15568e-15
3.1095e-15
3.07069e-15
3.00991e-15
3.00163e-15
2.83455e-15
2.78238e-15
2.75013e-15
2.66598e-15
2.65926e-15
2.58841e-15
2.52768e-15
2.46484e-15
2.43646e-15
2.37426e-15
2.30667e-15
2.26916e-15
2.25795e-15
2.23898e-15
2.18499e-15
2.14692e-15
2.1121e-15
2.05498e-15
1.95748e-15
1.94443e-15
1.92331e-15
1.87733e-15
1.82879e-15
1.80105e-15
1.7724e-15
1.74669e-15
1.72617e-15
1.69272e-15
1.63964e-15
1.61389e-15
1.58691e-15
1.49229e-15
1.47221e-15
1.45651e-15
1.44552e-15
1.39591e-15
1.37378e-15
1.34959e-15
1.33545e-15
1.2982e-15
1.27114e-15
1.24519e-15
1.224e-15
1.1831e-15
1.1633e-15
1.14993e-15
1.12865e-15
1.08835e-15
1.08039e-15
1.06485e-15
1.0332e-15
1.0027e-15
9.85527e-16
9.70908e-16
9.42541e-16
9.19576e-16
8.87264e-16
8.77074e-16
8.62007e-16
8.47682e-16
8.33541e-16
8.07314e-16
7.94405e-16
7.81963e-16
7.76874e-16
7.63164e-16
7.45368e-16
7.41345e-16
7.16265e-16
6.99304e-16
6.97364e-16
6.89109e-16
6.76847e-16
6.69624e-16
6.45458e-16
6.3317e-16
6.25073e-16
6.06585e-16
5.87192e-16
5.78077e-16
5.60514e-16
5.50699e-16
5.48105e-16
5.461e-16
5.2488e-16
5.20566e-16
5.0967e-16
4.97836e-16
4.87065e-16
4.74978e-16
4.68643e-16
4.5807e-16
4.53356e-16
4.466e-16
4.39024e-16
4.22829e-16
4.16146e-16
4.1216e-16
4.04554e-16
3.93616e-16
3.78589e-16
3.76349e-16
3.71783e-16
3.6816e-16
3.55679e-16
3.46261e-16
3.42707e-16
3.3333e-16
3.30566e-16
3.16702e-16
3.16296e-16
3.11915e-16
3.07711e-16
3.0439e-16
2.91235e-16
2.84125e-16
2.82985e-16
2.79385e-16
2.67872e-16
2.63929e-16
2.60453e-16
2.52528e-16
2.42482e-16
2.39013e-16
2.32498e-16
2.29126e-16
2.18009e-16
2.14854e-16
2.07494e-16
2.03715e-16
1.98857e-16
1.90045e-16
1.86756e-16
1.82055e-16
1.79104e-16
1.74449e-16
1.63103e-16
1.60001e-16
1.58131e-16
1.55014e-16
1.53858e-16
1.47284e-16
1.42553e-16
1.37619e-16
1.35848e-16
1.34139e-16
1.28648e-16
1.2697e-16
1.25304e-16
1.15269e-16
1.12222e-16
1.07918e-16
1.04412e-16
1.02698e-16
9.89545e-17
9.55761e-17
9.26387e-17
8.97347e-17
8.79075e-17
8.45468e-17
7.95721e-17
7.73909e-17
7.2895e-17
7.04689e-17
6.88565e-17
6.52861e-17
6.42737e-17
5.77618e-17
5.57923e-17
5.4749e-17
5.26829e-17
5.03743e-17
4.91106e-17
4.63939e-17
4.61049e-17
4.22151e-17
4.0636e-17
3.88029e-17
3.67165e-17
3.5719e-17
3.5506e-17
3.21331e-17
3.07539e-17
2.98175e-17
2.78148e-17
2.67064e-17
2.4869e-17
2.22406e-17
2.10857e-17
1.82903e-17
1.79999e-17
1.6411e-17
1.43049e-17
1.29738e-17
1.23785e-17
1.21447e-17
1.11513e-17
9.79895e-18
8.98605e-18
8.46306e-18
6.97629e-18
6.45066e-18
5.9383e-18
5.21664e-18
4.5861e-18
4.0566e-18
3.22602e-18
2.34364e-18
2.31605e-18
1.94537e-18
1.81831e-18
1.52117e-18
1.20271e-18
6.2125e-19
3.51962e-19
2.08332e-19
9.38448e-20
6.41761e-21
1.98458e-29
1.86534e-29
1.83195e-29
1.72329e-29
1.60394e-29
1.58643e-29
1.52592e-29
1.31505e-29
1.2702e-29
1.2262e-29
1.14856e-29
1.12353e-29
1.10105e-29
1.01075e-29
9.71917e-30
9.56175e-30
8.83327e-30
8.3025e-30
8.12746e-30
7.88174e-30
7.45686e-30
7.37692e-30
7.00853e-30
6.71142e-30
6.41118e-30
6.08228e-30
5.93266e-30
5.80616e-30
5.72207e-30
5.52172e-30
5.37798e-30
5.23302e-30
4.99614e-30
4.8496e-30
4.65789e-30
4.38285e-30
4.25164e-30
3.96253e-30
3.89377e-30
3.78516e-30
3.72749e-30
3.45513e-30
3.36109e-30
3.20863e-30
3.01141e-30
2.95651e-30
2.87157e-30
2.70752e-30
2.50193e-30
2.34887e-30
2.3055e-30
2.07259e-30
2.03364e-30
1.88213e-30
1.74332e-30
1.67904e-30
1.60287e-30
1.56058e-30
1.30716e-30
1.29469e-30
1.23655e-30
1.20125e-30
1.08491e-30
9.76253e-31
8.94121e-31
8.49383e-31
7.79841e-31
7.14896e-31
6.88331e-31
6.73032e-31
6.14136e-31
5.62799e-31
5.17042e-31
5.01447e-31
4.19628e-31
4.0599e-31
3.72663e-31
3.50291e-31
3.31999e-31
3.08077e-31
3.02208e-31
2.72029e-31
2.68336e-31
2.50328e-31
2.30714e-31
2.11899e-31
2.08646e-31
1.88407e-31
1.7037e-31
1.52413e-31
1.43333e-31
1.3388e-31
1.20986e-31
9.74365e-32
7.67816e-32
6.17879e-32
5.3199e-32
4.94405e-32
3.55393e-32
3.3046e-32
2.7635e-32
2.61682e-32
2.21345e-32
2.12832e-32
1.60338e-32
1.30064e-32
1.02562e-32
1.01718e-32
8.0945e-33
6.70502e-33
5.87276e-33
4.46115e-33
3.99677e-33
3.164e-33
2.55844e-33
1.94053e-33
1.45363e-33
1.21628e-33
1.00338e-33
6.19023e-34
5.32745e-34
3.6758e-34
2.10097e-34
1.53479e-34
1.02806e-34
4.36112e-35
3.23124e-35
2.81082e-35
8.81347e-36
6.21821e-36
1.95779e-45
1.32673e-45
8.87428e-46
6.42835e-46
4.93124e-46
3.45928e-46
2.26765e-46
1.78421e-46
1.39155e-46
9.75318e-47
8.14133e-47
3.36196e-47
2.94966e-47
1.121e-47
3.76248e-48
5.36042e-49
1.65431e-62
1.16626e-63
1.96602e-64
