60.1595	11874.7	
49.9418	11875.5	
63.2654	11871.4	
60.9043	11874	
61.6668	11874.1	
55.9293	11870.7	
64.8007	11872.2	
60.4225	11873.2	
57.3175	11867.5	
51.3502	11876.2	
62.9929	11872.6	
50.2843	11877.3	
60.4783	11876.2	
60.6699	11874.8	
61.2286	11872.4	
51.8799	11875.8	
61.5066	11874.2	
60.7273	11874.1	
63.8609	11882.3	
60.0847	11874.6	
61.4863	11874.6	
55.7447	11872	
63.5295	11876.6	
49.8125	11873.5	
59.618	11874.5	
49.8054	11874	
59.6156	11874.5	
62.5887	11874.7	
55.5653	11870.7	
48.0205	11873.9	
61.701	11875.3	
61.0024	11874.4	
64.7705	11873.4	
57.0963	11876.2	
50.9702	11871.5	
58.0266	11876.5	
54.6458	11878	
61.6642	11873.7	
63.0218	11872.6	
58.0406	11875.5	
56.8735	11871.3	
51.3683	11870.1	
59.6518	11879.2	
50.176	11872.5	
56.7925	11875.4	
60.4211	11866.7	
59.0271	11874.7	
55.1325	11870.4	
61.0023	11875.3	
61.4021	11881.8	
61.1534	11874.6	
60.638	11868	
65.538	11873.1	
57.388	11875.1	
61.0735	11870.6	
62.1004	11871.9	
62.7247	11872.1	
55.7392	11869.4	
62.8849	11875	
59.8882	11881.9	
56.889	11876	
62.824	11879.1	
56.9671	11878.9	
63.4675	11873.8	
57.4092	11875.1	
64.899	11878.1	
60.4572	11873.5	
52.952	11866.9	
51.633	11874.1	
50.2712	11872.2	
59.6327	11876	
61.1909	11874	
57.5082	11876.2	
59.6252	11876.3	
62.3174	11874.3	
60.9971	11875.3	
58.823	11873.8	
62.2727	11882.1	
57.0457	11875.5	
62.3356	11870.1	
63.8341	11872.1	
63.8257	11871.2	
63.0682	11872.7	
56.0629	11870.1	
64.5381	11880.8	
58.3688	11874.6	
61.524	11872	
58.8562	11875.4	
48.9487	11872	
47.7648	11875.4	
61.2631	11871.3	
61.2014	11878.5	
52.6087	11877.5	
59.1416	11873.3	
54.5543	11874.9	
60.5069	11872.1	
60.2997	11873	
49.3948	11870.6	
59.5736	11874.9	
53.1891	11878.1	
64.2675	11877.2	
48.7215	11873.4	
62.9812	11878.8	
57.0346	11877.4	
63.5893	11875	
53.0622	11877.9	
53.3307	11877.8	
62.1483	11877.6	
60.5837	11877	
53.4095	11870.8	
64.6923	11874.7	
51.4904	11877.8	
56.6748	11870.4	
51.1841	11871.1	
50.0458	11873.2	
51.5145	11877.8	
61.3588	11878	
57.8529	11874.7	
51.1112	11872.2	
63.3117	11875.4	
53.2048	11878.1	
56.9647	11872.4	
61.8153	11874	
61.112	11874.9	
58.6865	11876.1	
63.05	11878.6	
64.4275	11875.8	
63.0239	11873.1	
60.2259	11878.3	
60.7246	11871.4	
56.9125	11877.5	
59.1549	11877	
62.7935	11878.9	
54.6468	11874.4	
60.1476	11873.9	
50.0102	11873.3	
64.3198	11878.3	
62.4487	11871.4	
52.7431	11872.1	
64.2315	11875.2	
51.1912	11872.4	
54.9191	11877.1	
60.1007	11875.2	
52.9728	11878.3	
65.0687	11877	
61.2824	11878.3	
52.5038	11873.4	
63.6866	11876.4	
53.4927	11879.2	
55.328	11876.8	
51.9293	11877.5	
59.0325	11877.8	
50.3851	11871	
60.949	11873.8	
62.3834	11873.4	
52.1264	11872.6	
50.8283	11875.9	
65.503	11877.4	
62.1091	11871.1	
55.1621	11876.8	
53.1954	11871.7	
61.7009	11873.8	
48.9541	11877.3	
49.175	11876.2	
53.4207	11869.6	
60.5318	11877.6	
60.2195	11873.2	
56.0051	11878.6	
61.329	11870.9	
65.0432	11877.1	
51.7005	11871.8	
62.3988	11879.6	
60.2248	11874	
62.3579	11875.3	
61.2221	11876.4	
59.9406	11872.7	
54.6165	11874.4	
57.2197	11877.7	
63.4835	11875.2	
63.4472	11878.3	
54.3106	11873.8	
51.1272	11874.1	
57.5885	11875	
59.9427	11873.6	
57.5942	11874.5	
50.0217	11872.8	
59.35	11871.3	
50.8592	11875.2	
54.2138	11875.3	
57.3806	11874.5	
57.7055	11875.7	
56.9332	11873	
59.9335	11875.2	
50.6294	11873.3	
53.221	11873.5	
57.1993	11874.1	
57.0748	11875.7	
58.1108	11874.9	
57.0126	11872.9	
58.0989	11874.9	
54.4512	11874.4	
62.0168	11877.9	
57.556	11875	
58.4009	11874.7	
59.6431	11875.6	
54.7277	11874.3	
54.4085	11874.4	
56.7407	11873.9	
57.8623	11875.6	
57.6302	11872.1	
58.7047	11874.2	
49.0152	11875.5	
57.1732	11874.7	
57.6403	11875.2	
57.1223	11876.2	
57.5787	11875	
57.5096	11872	
57.3411	11874.3	
57.6967	11875.7	
58.1421	11875.2	
49.9363	11872.8	
60.2589	11872.3	
57.3688	11874.3	
57.913	11873.2	
61.1236	11877.3	
57.4582	11871.8	
59.0516	11873.4	
58.5831	11871.5	
60.4224	11870.4	
52.4237	11871.7	
60.1869	11874.5	
58.719	11873.6	
53.5944	11875.8	
57.5462	11875	
55.9765	11871.1	
54.0803	11873.7	
58.8028	11874.7	
57.3171	11877.2	
56.8324	11874.6	
51.3342	11875.3	
56.4284	11874.5	
58.9973	11875.2	
50.0485	11872.7	
56.2701	11873.3	
61.0716	11877.9	
60.4619	11880.8	
53.3638	11873.4	
57.3518	11874.3	
52.7395	11874.1	
50.6144	11874.9	
57.6697	11873.8	
50.8967	11873.4	
57.6046	11875.2	
58.1019	11874.9	
57.4112	11875.2	
54.4321	11874.4	
54.4544	11874.4	
63.3057	11876.2	
57.5748	11875	
59.2446	11874.8	
62.4979	11876	
60.8667	11875.2	
64.1464	11876	
58.3489	11876.1	
56.9686	11871	
57.3172	11874.3	
60.7882	11874.6	
58.1844	11872	
53.591	11875.8	
53.4167	11873.9	
57.1813	11877.4	
52.1558	11881.9	
59.0548	11877.9	
60.6887	11880.9	
61.8436	11882.8	
57.2937	11879.1	
59.1499	11878	
55.6281	11875.1	
60.5446	11882.1	
57.906	11879	
59.8931	11880.1	
59.9093	11880.1	
63.9776	11873.7	
55.6678	11873.1	
57.3386	11877.4	
58.6248	11880.1	
58.0287	11879.1	
57.9741	11879.8	
54.1868	11871.4	
58.9925	11880.3	
60.7245	11878	
57.1586	11878.1	
51.3541	11879.3	
59.1316	11879.5	
57.0991	11877.4	
58.903	11878.8	
55.5179	11875	
62.0422	11880.4	
57.1814	11878.1	
50.4219	11881.2	
49.6277	11878.2	
59.9054	11881.8	
57.3777	11880.1	
60.4461	11878.5	
60.5558	11882.1	
58.1047	11877.6	
58.1547	11879.2	
60.3018	11878.2	
62.3037	11880.1	
56.7666	11878.3	
59.3566	11879.8	
57.2165	11877.5	
60.8422	11883.4	
60.3241	11879.5	
58.8636	11878.9	
59.5195	11880.9	
53.3191	11872	
61.7475	11879.8	
60.044	11879.5	
58.9946	11880.6	
56.6791	11877.7	
50.6562	11880.7	
50.1359	11877.1	
52.9189	11881.1	
57.2748	11879.1	
61.8942	11879.7	
57.2754	11879.1	
58.7766	11880	
59.1104	11877.9	
57.2043	11878.1	
59.1137	11877.5	
58.9832	11880.6	
58.9375	11879.9	
57.222	11877.4	
52.0163	11871.2	
61.3147	11881.5	
59.0404	11877.7	
60.5535	11881	
60.6204	11881.1	
50.6644	11880.8	
60.8111	11875.9	
57.2317	11879.1	
52.5761	11871.9	
56.9216	11878.3	
56.5985	11878.4	
61.7479	11881	
51.2355	11871.9	
53.3062	11872.4	
57.9195	11879.1	
57.773	11877.7	
58.7898	11878.5	
58.9065	11880	
55.0456	11873.6	
57.1359	11877.6	
59.9198	11881	
57.3401	11877.5	
60.9488	11883.1	
57.983	11879.7	
55.203	11873.5	
51.3625	11878.6	
57.5893	11877.9	
56.8188	11875.3	
53.7343	11879.2	
59.9971	11874.3	
53.8308	11871.5	
56.849	11876	
61.1909	11876.3	
61.5344	11872.5	
59.879	11875.7	
60.7201	11877.1	
55.086	11879.6	
59.5816	11881.6	
56.5403	11876.5	
56.0968	11870.4	
52.4615	11874	
56.1529	11876.6	
58.7537	11875.4	
60.6204	11875.6	
53.2368	11878.3	
61.4051	11875.2	
53.3955	11879.4	
54.9812	11879.6	
58.1477	11875	
60.271	11877.7	
59.9554	11874.5	
53.0429	11869.8	
54.0936	11879.1	
54.5322	11879.8	
54.3352	11871.4	
56.2604	11882.4	
59.9695	11874.5	
50.6401	11877.2	
52.8647	11872.8	
59.0136	11874.8	
55.6729	11875.2	
53.3979	11881.4	
57.9536	11877.8	
57.1137	11877.3	
56.5545	11879.1	
49.497	11877.1	
48.8546	11876.7	
57.5729	11877.8	
51.9035	11877.4	
60.4832	11875.6	
58.5672	11880.3	
49.326	11877.9	
54.2443	11879.6	
53.4437	11880.5	
52.3417	11874.2	
58.5866	11877.8	
53.7395	11879.2	
62.2633	11872.9	
53.5155	11876.2	
58.6559	11882.7	
53.9958	11880	
56.6984	11876.9	
58.2136	11875	
58.3378	11882.9	
53.5553	11875	
56.0261	11876.4	
51.741	11876.1	
59.1312	11878.2	
59.3038	11876.2	
60.2286	11877.3	
51.9567	11872.7	
59.1194	11874.6	
60.6959	11877.2	
58.89	11875.4	
53.7485	11879.2	
57.3029	11875.1	
60.929	11874.2	
51.3817	11873.2	
55.2196	11877.3	
56.9521	11882.9	
55.3907	11879.1	
61.6203	11873.5	
61.8965	11872.4	
60.7658	11873.3	
59.9376	11874.6	
55.0741	11883.4	
62.2736	11874.6	
51.9756	11872.7	
58.0711	11869.9	
59.2006	11879.5	
61.7531	11877.5	
59.7545	11876.2	
60.7021	11872.4	
52.501	11882.5	
48.6765	11878	
60.7555	11875.3	
57.7236	11878	
55.9522	11874.9	
57.7193	11878	
57.7127	11878	
55.6596	11874.3	
57.1436	11876.6	
60.098	11878.4	
58.17	11877.4	
56.4684	11876.1	
59.9898	11878.6	
54.6484	11874.8	
56.3454	11875.6	
54.3478	11877	
54.7726	11876.5	
53.8282	11874.4	
55.2788	11871.6	
57.1297	11877.6	
57.0514	11877.7	
57.0102	11876.8	
57.6142	11876.9	
55.5232	11874.3	
58.9494	11878.4	
57.5228	11876.2	
58.4224	11877.9	
57.148	11877.6	
57.5358	11877.5	
55.2309	11877.1	
56.4939	11875.1	
55.4778	11875.6	
59.9389	11876.8	
56.2489	11872.1	
56.6838	11878.3	
57.4896	11876.2	
58.3152	11872.8	
57.2432	11875.5	
57.526	11876.2	
59.9658	11878.9	
56.5387	11874.4	
55.2122	11875.3	
54.8574	11873.4	
55.4668	11875.6	
57.6073	11876.9	
60.7012	11879.1	
58.4567	11877.9	
57.6346	11876.9	
57.6234	11876.9	
54.6239	11874.7	
57.5946	11875.5	
57.4771	11875.6	
59.9624	11878.7	
56.5254	11875.1	
57.7484	11878	
57.7004	11878	
58.4197	11878	
55.0438	11873.4	
55.2688	11874.3	
56.9304	11876	
55.4926	11875	
57.7291	11878	
57.5033	11876.2	
55.4958	11875.6	
53.2346	11880.2	
57.5264	11877.5	
56.0101	11876	
57.1586	11877.6	
55.4043	11875.1	
59.2033	11876.3	
56.7086	11878.8	
54.3546	11875.8	
58.2758	11876.1	
57.6535	11876.9	
57.6244	11876.9	
57.7436	11878	
55.5427	11873.5	
55.6683	11875.5	
57.467	11875.6	
57.5294	11876.2	
55.4341	11875.1	
55.4875	11875.6	
59.9622	11879	
58.9484	11872.2	
57.5101	11876.2	
59.9623	11878.9	
57.7454	11878	
56.0457	11877.8	
54.6081	11874.9	
55.4763	11875.6	
55.6819	11874.5	
58.5748	11878.2	
55.0071	11874.7	
58.0787	11871.4	
58.1784	11871.4	
57.0655	11871.1	
58.6242	11877.6	
56.7185	11873.6	
58.2067	11871.5	
56.8093	11872.9	
56.5263	11874.3	
57.0998	11873	
57.1357	11871.1	
59.411	11871.5	
55.3903	11873.9	
58.3034	11871.4	
56.8443	11873	
60.6962	11878.7	
56.6952	11873.7	
58.5965	11877.6	
57.1199	11873	
57.1208	11873	
57.1872	11873	
60.5619	11879.9	
52.2052	11877.6	
58.055	11871.5	
55.2789	11875.8	
60.1153	11875	
57.8533	11870.6	
59.5891	11875.5	
57.9393	11872	
57.3323	11871	
57.1196	11873	
59.5539	11875.3	
57.3627	11873	
56.079	11876.8	
55.478	11874	
56.6213	11874.1	
59.731	11869	
55.0933	11875.9	
59.5435	11871.8	
57.1088	11873	
59.607	11870.1	
55.1245	11875.9	
57.0336	11872.9	
61.8427	11878.4	
57.4208	11870.9	
55.9916	11875.3	
58.0998	11871.5	
57.1184	11873	
57.1279	11871.1	
55.8933	11876.6	
56.5882	11874.1	
55.0872	11873.3	
55.1383	11877.4	
56.8474	11873	
56.6879	11873.6	
56.7695	11872.9	
56.6751	11873.6	
55.6832	11873.6	
56.69	11873.6	
53.7872	11873	
57.0343	11872.1	
55.4125	11876.1	
54.9175	11875.7	
55.9123	11876.5	
56.8352	11873	
57.765	11870.5	
56.8433	11872.9	
57.0167	11872.1	
55.8435	11874.5	
57.114	11872.9	
55.2884	11874.7	
57.1215	11871.2	
55.4286	11873.9	
57.7115	11872.5	
57.1277	11871.8	
56.7952	11873	
57.1416	11871.1	
56.683	11873.7	
61.4342	11874.7	
57.1138	11873	
57.0411	11872.1	
57.1839	11873	
59.9861	11873.3	
58.2497	11871.5	
57.1731	11871.2	
57.1334	11871.2	
56.629	11873.8	
55.3044	11875.2	
59.9936	11873.6	
56.6926	11873.6	
54.784	11874.2	
55.3476	11873	
63.6401	11875.8	
57.5077	11878.3	
59.3159	11877.1	
56.5748	11874.6	
54.2512	11872.2	
53.6043	11870.6	
60.3902	11877	
53.4222	11869.5	
54.6616	11872	
54.3989	11871.4	
54.3774	11871.2	
55.5228	11867.8	
54.6361	11871.7	
56.0312	11874.9	
57.074	11875.3	
53.9746	11871.2	
63.2678	11876.1	
61.3665	11877.4	
54.5784	11872	
58.5025	11878.7	
59.3168	11877.2	
52.7588	11869.3	
53.6221	11871.4	
55.1794	11873.1	
53.857	11871.2	
62.2847	11877.6	
53.7236	11871.3	
57.2291	11869.2	
58.7203	11877.1	
54.4007	11871.2	
60.4786	11877.3	
53.2111	11872.7	
54.4573	11871.9	
57.5357	11879.5	
60.4458	11876.8	
54.346	11872	
54.8743	11872	
61.3053	11877.5	
61.2748	11877	
54.4012	11872	
61.2973	11877.5	
54.9616	11872	
56.8285	11870.1	
56.6651	11871.1	
58.7094	11877.1	
60.4533	11877.1	
54.4229	11871.2	
54.3992	11872	
54.8254	11872	
53.5901	11872.5	
61.3113	11877.5	
56.28	11875.5	
60.5381	11878.1	
56.0058	11874.9	
54.9288	11871.7	
62.4853	11878.3	
61.1268	11874.8	
61.2991	11877.6	
54.4002	11871.2	
53.2789	11882.9	
61.3735	11878.2	
55.6196	11873.6	
55.0549	11873.4	
60.9391	11874.7	
54.8299	11872	
53.8825	11871.2	
60.5199	11877.3	
55.1413	11873.1	
52.0815	11871	
56.9183	11873.8	
52.5893	11868.7	
53.3487	11872.6	
62.543	11873.8	
52.5733	11870.2	
64.7807	11876.3	
62.3351	11878.1	
63.1534	11875.8	
59.2719	11877.5	
54.5911	11871.9	
56.813	11870.8	
58.6914	11877.1	
55.425	11873	
54.0553	11871.3	
61.2024	11877.8	
60.4449	11876.8	
57.4271	11875.9	
55.1382	11867.4	
54.5821	11871.4	
60.3552	11877.7	
55.9097	11878.4	
58.021	11875.7	
56.0464	11877.8	
56.1236	11876.7	
57.8713	11876.6	
56.5537	11877	
55.6024	11877	
57.8618	11876.6	
56.1121	11876.7	
58.4354	11876.2	
57.8685	11876.6	
56.057	11877.8	
53.8536	11876.3	
55.9462	11877.7	
56.1178	11876.7	
58.4396	11876.2	
55.1956	11878	
56.1223	11876.7	
58.4299	11876.2	
57.8399	11876.6	
57.8637	11876.6	
55.1317	11878.5	
58.4254	11876.2	
57.9841	11876.5	
53.9553	11876.6	
55.9261	11877.7	
56.1274	11876.7	
53.9746	11876.6	
55.5984	11877.3	
56.0206	11877.8	
55.598	11877.3	
58.4392	11876.2	
57.3362	11876.6	
56.0134	11877.8	
55.9655	11877.7	
58.9368	11878.2	
56.5459	11877	
57.223	11876.1	
56.2447	11876.8	
57.8179	11876.6	
56.0605	11877.8	
56.1862	11878.4	
51.8144	11877	
55.789	11878.7	
56.1142	11876.6	
56.5598	11877	
55.9313	11876.4	
58.4086	11876.2	
58.4271	11876.2	
56.0376	11877.8	
56.1008	11876.7	
52.7992	11876.4	
57.8794	11876.5	
56.534	11877	
57.7796	11878.1	
56.1029	11876.7	
55.5812	11877.3	
58.2118	11875.1	
57.8635	11876.6	
56.0513	11877.8	
53.7572	11876.1	
58.468	11876.1	
56.1411	11876.7	
56.9527	11875.8	
56.04	11877.8	
53.8038	11876.4	
52.0974	11876.2	
55.5824	11877.3	
56.1331	11877.3	
55.2318	11877.3	
58.6164	11876.1	
58.456	11876.2	
58.4377	11876.2	
56.0245	11876.5	
56.5563	11877	
57.8718	11876.6	
58.4626	11876.2	
54.6574	11876.5	
55.1456	11878.6	
56.5237	11877	
57.856	11876.6	
55.5754	11877.3	
55.4427	11877.8	
56.572	11877	
55.9982	11876.5	
54.62	11876.5	
53.8717	11876.3	
56.1107	11876.7	
55.9364	11877.7	
56.072	11877.8	
58.1877	11877	
59.736	11870.7	
55.9396	11878.7	
56.6052	11874.8	
57.4235	11871	
57.2722	11879.1	
58.4509	11871.9	
57.9	11879.5	
53.8568	11874.5	
59.5848	11878.4	
51.8605	11873.2	
58.3367	11879.2	
58.0039	11879.2	
57.1143	11873.5	
51.7144	11872.9	
57.4867	11873.7	
58.5123	11880.1	
60.9184	11878.7	
57.9685	11881.1	
57.7777	11879.1	
55.0492	11873.4	
52.4439	11871.5	
57.1495	11877.8	
58.1021	11877.1	
60.3917	11880.4	
59.4956	11880.2	
61.3316	11877.1	
54.9688	11872.8	
57.6341	11881.1	
58.3476	11879.2	
59.6808	11876.3	
55.9309	11874.9	
59.2593	11880.3	
57.4404	11871.1	
57.1127	11874.8	
55.1781	11878.7	
57.401	11876.8	
54.8349	11880.5	
58.7733	11877	
62.9064	11876.9	
55.5499	11872.7	
57.5092	11878.6	
59.1023	11870.2	
63.3937	11874	
57.5565	11878.6	
51.7936	11872.8	
58.197	11877	
60.5609	11874.5	
55.1745	11872.8	
57.4307	11871	
59.0595	11877.4	
56.4502	11874.7	
52.3324	11872.1	
57.6011	11879	
57.4932	11878.6	
57.3363	11880.5	
52.7147	11871.5	
57.1442	11873.5	
59.0973	11880.4	
57.5061	11878.6	
54.995	11874.1	
60.346	11880.4	
57.0713	11872.9	
58.8673	11875.2	
54.8573	11872.9	
59.3207	11880.5	
57.9251	11877.9	
54.7918	11874.7	
58.3895	11879.8	
60.3211	11875.3	
53.5176	11874.7	
57.5073	11878.6	
51.9795	11872.4	
57.4115	11876.8	
60.1941	11880.6	
58.3804	11879.3	
57.5274	11879.2	
51.054	11870.9	
58.3886	11880	
58.8707	11875.3	
55.9365	11878.7	
59.7122	11881.3	
60.719	11878.4	
57.1339	11878.5	
57.1351	11873.5	
58.4785	11879.6	
53.6608	11883.1	
55.1283	11870.7	
56.7239	11871.3	
60.1487	11876.4	
57.1007	11875.3	
54.6899	11872.8	
55.1977	11876.6	
52.9321	11871.3	
54.9438	11873	
57.1666	11874.7	
59.7838	11875.6	
59.2149	11878	
61.1011	11878.3	
60.2835	11870.4	
55.0021	11878.4	
56.8444	11871.2	
56.8305	11871.9	
60.5064	11878.2	
56.8057	11875.1	
59.0072	11879.1	
56.9164	11873	
54.5351	11874.2	
56.945	11871	
55.7106	11874.8	
55.3254	11872.8	
56.4342	11875.7	
60.8952	11876.7	
56.5516	11878.6	
61.8027	11878.8	
56.9466	11875.9	
61.8522	11878.7	
55.6151	11873.9	
55.6928	11875.3	
60.9967	11877.9	
62.6665	11876.5	
57.3214	11874.4	
53.8028	11871.4	
56.9618	11875.9	
56.3965	11875.1	
55.6975	11874.7	
55.7312	11875	
56.5057	11878.9	
56.8395	11873.1	
52.401	11879.4	
55.4507	11873.5	
55.6607	11874.8	
55.8894	11875.9	
61.3634	11878.8	
56.6737	11873.9	
56.8257	11874.7	
52.5257	11871.9	
53.0116	11871.1	
55.7129	11874.8	
52.866	11871.3	
56.1623	11875.7	
54.8377	11878.4	
53.4144	11875.4	
61.7737	11878.8	
60.4767	11878.2	
56.667	11873.9	
56.9234	11873	
60.5841	11879.3	
56.8369	11873.1	
58.6428	11871	
57.0976	11875.3	
58.9095	11876.1	
56.8336	11872	
56.9632	11878.5	
56.5114	11874.6	
57.1431	11875.3	
53.5407	11871.9	
55.0036	11872.6	
55.7805	11874.7	
57.3446	11874.4	
55.8151	11874.7	
54.9535	11874.7	
50.9007	11877.9	
53.6821	11879	
55.6993	11874.8	
60.25	11872.1	
54.9789	11873	
52.664	11871.6	
52.5407	11870.4	
53.2993	11871	
56.6558	11873.9	
59.1009	11870	
53.7806	11872	
56.8003	11873.1	
56.3999	11874.9	
56.4557	11878	
55.8917	11874.5	
54.1866	11870.9	
57.1565	11874.7	
55.3436	11873.9	
53.4973	11878.2	
60.0744	11879.8	
55.1013	11876.2	
57.4728	11873.6	
54.2016	11875.6	
58.6946	11872.7	
57.7767	11874	
55.9749	11876.4	
53.5876	11875.8	
58.2771	11877.7	
51.8481	11875.3	
52.6306	11878.6	
57.9032	11874.6	
57.5828	11875	
56.0746	11875.5	
56.0717	11875.4	
58.4537	11868.9	
59.6756	11876.8	
55.9689	11876.4	
57.3892	11875.1	
57.3279	11874.5	
58.0025	11876.9	
56.0102	11875.5	
57.751	11873.9	
57.7756	11874	
58.5393	11877.7	
57.4288	11873.2	
56.0158	11875.5	
57.7465	11871	
56.0005	11872.5	
57.92	11874.6	
53.2656	11875.1	
57.5623	11877.8	
55.1549	11876.4	
54.324	11875.4	
57.7649	11874	
55.9516	11876.4	
51.9627	11873.4	
56.0763	11875.5	
56.0881	11877.8	
56.008	11875.9	
53.5295	11878.2	
54.6284	11878.3	
56.4181	11876.7	
54.8255	11875.6	
54.3791	11875.6	
55.1217	11876.3	
57.758	11873.9	
54.2095	11875.6	
53.5176	11878.2	
56.0582	11876.1	
56.0078	11875.6	
56.0043	11876.4	
57.8813	11874.6	
55.9704	11876.3	
55.9956	11875.5	
57.3136	11875	
57.7741	11874	
52.1508	11875.6	
56.6153	11874.9	
55.1194	11876.3	
56.0451	11876.5	
55.9251	11873.5	
56.0562	11876.1	
56.2864	11871.7	
57.8988	11874.6	
57.7558	11874	
54.84	11875.6	
58.2731	11874.2	
56.0629	11875.5	
54.8991	11877.1	
55.1724	11876.4	
57.5137	11877.5	
58.3885	11874.3	
55.9632	11876.4	
57.2868	11874.9	
57.2293	11874.8	
56.0845	11875.5	
55.0191	11875.6	
58.3549	11872.6	
56.4914	11874.6	
55.204	11876	
56.0132	11875.5	
54.7986	11875.8	
57.3788	11875.1	
55.3954	11875.8	
55.9688	11876.4	
57.5629	11877.4	
55.2891	11877.3	
56.03	11875.5	
55.5953	11878.6	
57.8728	11875.6	
57.8312	11876.3	
56.3949	11874.1	
57.0424	11874.5	
58.3169	11878.2	
57.8877	11876.9	
56.4177	11873	
59.5738	11875.4	
57.8145	11876.3	
58.0961	11874.9	
57.8388	11876.3	
56.5301	11873.7	
57.8903	11878.4	
57.8614	11876.9	
57.844	11875.6	
56.4471	11874.1	
54.5364	11879.4	
59.6601	11875.3	
56.4582	11876	
58.359	11876.6	
54.3987	11874.2	
58.1981	11878.3	
55.5302	11874.1	
58.2508	11876.6	
57.8565	11875.6	
57.8069	11876.3	
57.8056	11876.3	
58.1698	11877.1	
50.3703	11878.5	
57.821	11876.3	
58.0945	11875.8	
55.8101	11879	
53.0538	11873.2	
57.5026	11877.7	
56.4538	11874.1	
58.3046	11878.2	
57.857	11875.6	
58.4166	11875.6	
50.7485	11878.7	
53.7385	11879.9	
57.8213	11876.3	
57.4692	11875.6	
55.6015	11873.8	
55.814	11875.1	
57.813	11876.3	
57.4569	11875.6	
55.5242	11878.7	
56.4958	11873.7	
59.5503	11878.7	
57.3353	11873	
56.4368	11874	
53.2432	11873	
58.6172	11876.8	
52.892	11879.4	
57.1404	11876	
56.35	11874.2	
57.4919	11875.6	
55.4731	11878.7	
56.5415	11873.7	
55.4658	11878.7	
57.5634	11876.4	
56.5759	11873.1	
57.1924	11874.1	
58.9043	11878.1	
57.8101	11876.3	
57.8789	11876.9	
53.705	11875.2	
57.8614	11875.6	
53.5611	11879.8	
57.2305	11875.6	
57.8112	11876.3	
57.813	11876.3	
59.4203	11878	
56.5368	11873.7	
58.3628	11876.6	
57.8085	11876.3	
56.0967	11875.7	
55.4732	11878.7	
57.8409	11876.3	
55.73	11873.3	
56.9106	11878.1	
57.8268	11876.3	
57.4853	11875.7	
58.3839	11876.6	
56.5031	11872.9	
58.9443	11876	
58.6287	11874.8	
57.8841	11876.9	
58.3389	11876.6	
55.1022	11877	
56.5553	11877	
53.5989	11875.8	
53.7527	11877.5	
54.9052	11875.6	
53.9006	11876.5	
56.1406	11876.6	
54.0463	11876.9	
54.3707	11876.1	
62.1535	11876	
53.9314	11876	
51.6682	11876.6	
56.561	11877	
56.5463	11877	
54.8645	11876.4	
53.6069	11875.8	
54.8349	11876.2	
54.7509	11876.5	
56.3664	11877.4	
54.7635	11876.5	
53.3693	11876.8	
52.0965	11877	
51.3046	11876.6	
53.6032	11875.8	
53.9678	11874.9	
54.3025	11877	
56.0467	11876.5	
54.1098	11876.3	
53.6666	11876.3	
53.6203	11875.8	
53.6768	11876.3	
53.7918	11876.5	
51.7552	11877.2	
53.9707	11876.9	
53.6096	11875.8	
51.9967	11876.3	
56.0681	11876.1	
55.942	11872.5	
54.1172	11876.2	
54.1613	11876.9	
53.9142	11876.5	
54.751	11876.5	
51.6527	11875.7	
52.5791	11876.3	
54.624	11875.9	
57.363	11874.3	
58.0398	11875.7	
53.581	11875.8	
53.7028	11877.4	
53.6384	11876.3	
56.1132	11876.6	
56.1322	11876.7	
56.3815	11877.5	
52.7027	11878	
53.8162	11876.3	
54.6829	11877.6	
61.4498	11873.2	
53.3087	11876.8	
54.1047	11876.2	
58.0371	11875.7	
52.1463	11876.4	
53.8226	11876.4	
51.5814	11876.4	
57.1663	11877	
56.1217	11876.6	
52.9746	11877.6	
51.6651	11877.2	
57.364	11874.3	
52.0825	11876.7	
54.7468	11876.5	
53.8205	11876.3	
51.7722	11877.2	
52.7439	11877	
53.7853	11876.5	
53.3512	11876.8	
56.3739	11877	
56.3985	11877.4	
56.1211	11877.3	
53.8508	11876.4	
60.9717	11873	
56.3805	11877.5	
52.0082	11876.2	
56.3856	11877.5	
59.8131	11874.9	
53.6745	11876.3	
54.7798	11877.7	
54.1384	11876.3	
52.6358	11877.9	
56.125	11876.6	
54.332	11877.1	
52.8251	11874.7	
53.7404	11873.7	
53.8461	11873.8	
53.7923	11873.6	
53.8012	11876.5	
53.7944	11873.6	
54.1782	11875.6	
55.5036	11872.8	
54.6814	11873.2	
59.9759	11877.4	
56.6627	11873.8	
53.6332	11875.8	
53.5391	11874.4	
54.0348	11876.8	
54.5439	11873.2	
53.7871	11873.6	
54.166	11874.6	
54.5326	11873.2	
59.6958	11878	
57.3418	11878.3	
59.0037	11879	
52.7534	11875.3	
53.858	11873.8	
53.7605	11873.6	
56.0539	11877.8	
53.777	11873.6	
53.6354	11873.9	
54.1957	11875.6	
54.1759	11875.6	
55.2525	11874	
54.1629	11875.6	
54.5775	11873.1	
53.932	11873.7	
53.5305	11874.4	
55.065	11873	
60.1499	11876.9	
54.7026	11873.1	
53.4534	11874.4	
53.6199	11873.8	
53.6224	11873.8	
54.1845	11875.6	
52.3805	11877.5	
54.1711	11875.6	
55.8245	11873.9	
53.5449	11874.4	
53.4442	11874.7	
54.1944	11875.6	
55.4621	11874.1	
53.62	11873.8	
54.2427	11874.3	
53.4755	11874	
54.2147	11874.8	
54.5308	11874.2	
54.2947	11875.3	
52.6965	11874.7	
53.6292	11874.4	
58.5962	11879.2	
53.6353	11873.8	
55.4127	11874	
53.7694	11873.7	
55.3765	11872.3	
59.728	11877.6	
54.7102	11873.4	
58.8377	11879	
53.7742	11873.6	
61.337	11875.9	
53.6354	11873.9	
53.762	11873.7	
53.9478	11873.7	
53.6042	11873.8	
58.8352	11878	
53.6071	11873.8	
54.1723	11875.6	
56.7224	11873.7	
53.3867	11874.1	
58.411	11878	
52.6711	11875.4	
53.6347	11875.4	
53.5494	11874.4	
53.4707	11874.4	
53.7956	11876.5	
56.7969	11873	
52.4834	11874.9	
59.9648	11877.4	
53.6197	11873.9	
53.5409	11874.4	
53.9028	11873.7	
59.9822	11877.3	
56.3881	11878.5	
53.9861	11874.2	
53.0918	11877.1	
53.1132	11877.1	
54.3749	11877.8	
56.3269	11877.3	
53.3275	11876.5	
54.3674	11877.8	
53.71	11877.4	
55.8602	11876.5	
54.1617	11878	
57.6838	11875.7	
54.3507	11877.8	
54.6004	11877	
54.339	11877.8	
54.3627	11877.8	
52.5584	11877.7	
54.2793	11877	
54.5069	11876.7	
57.7065	11874.9	
54.6526	11876.3	
59.6055	11877.7	
54.3604	11877.8	
57.814	11875.9	
57.7136	11879	
54.9736	11877.1	
54.5257	11876.7	
55.882	11876.5	
54.3686	11877.8	
54.344	11877	
53.1774	11876.4	
53.8824	11877.3	
55.0019	11876.6	
57.8325	11875.9	
54.0153	11877.4	
54.8112	11876.1	
57.7918	11875	
55.1501	11878.2	
55.9092	11876.6	
54.1034	11876.2	
54.8754	11877.2	
56.0365	11876.1	
52.7443	11877	
53.0951	11876.3	
53.0947	11877.1	
56.6221	11876.7	
53.9036	11877.3	
55.7877	11876.4	
58.4406	11875.6	
53.9923	11877.3	
55.2076	11875.4	
59.2193	11874.6	
54.3401	11877.8	
54.5217	11876.7	
54.3651	11877.8	
58.3892	11874.6	
54.6234	11877	
54.1942	11877.7	
54.6169	11877	
53.137	11876.2	
57.3499	11875	
53.8705	11877.3	
54.0213	11877.3	
54.3458	11878	
54.3235	11878	
54.359	11877.8	
53.0309	11876.5	
56.5148	11877	
52.908	11875.5	
53.3551	11876.8	
54.5404	11876.7	
54.3693	11877.8	
53.8872	11877.3	
55.3508	11878.4	
55.8512	11877.9	
56.7283	11877.2	
52.8975	11875.5	
53.4103	11876.8	
56.3843	11877	
58.511	11874.9	
55.8876	11876.5	
53.9838	11877.3	
53.899	11877.3	
54.1378	11878.4	
54.3265	11877.8	
53.8892	11877.3	
54.3196	11878	
54.0424	11876.8	
52.9537	11875.5	
54.3437	11877.8	
53.7168	11877.4	
53.5458	11875.4	
55.7074	11870.5	
53.9932	11877.8	
56.425	11873	
55.5658	11873.9	
59.2909	11874.3	
55.3073	11880.2	
53.9535	11877.9	
55.8577	11872	
54.5491	11876.7	
52.7034	11879.4	
58.4207	11876.2	
56.1061	11877.6	
56.8372	11875.7	
54.2795	11870.5	
55.5375	11870.5	
53.9196	11879.1	
53.0665	11874.9	
54.6158	11875.6	
58.2309	11876.6	
54.3614	11877.8	
55.5136	11877.2	
59.7816	11871.7	
54.3495	11877.1	
58.6919	11880.5	
55.4175	11879.9	
56.817	11875	
56.4015	11872.2	
55.436	11880.1	
56.0873	11877.5	
54.6145	11876.2	
58.4671	11871.6	
54.3	11874.1	
55.2188	11880	
54.2243	11877.7	
57.8317	11874.2	
58.3506	11875.7	
57.3685	11880.7	
56.8226	11874.8	
55.1462	11875.9	
54.0142	11877.3	
55.512	11877.2	
59.3948	11878.2	
58.4569	11877.7	
59.8032	11873.2	
56.7764	11875.1	
61.3674	11876.6	
54.0082	11877.3	
54.011	11877.3	
58.674	11875.1	
55.407	11870.3	
58.347	11875.8	
57.3444	11874.5	
55.2855	11880.1	
53.9197	11877.9	
54.6377	11877.2	
53.6746	11872.1	
55.5827	11873.9	
54.6376	11873.5	
54.0681	11877.7	
61.3706	11876.5	
58.2601	11876.2	
55.0962	11871.1	
59.4843	11871.6	
57.0146	11875.9	
55.2938	11874.4	
52.7065	11873.6	
55.3045	11880	
59.7786	11874.2	
54.5922	11876.3	
56.7157	11873.1	
57.1117	11874	
54.2824	11873.8	
59.3816	11878.2	
57.4504	11878.8	
55.2988	11874.4	
55.3698	11876.2	
54.2074	11876.5	
54.1806	11876.4	
54.1703	11876.4	
51.7514	11878.8	
59.8065	11874.3	
58.0658	11875	
55.0221	11875.9	
60.4157	11875.8	
59.7918	11873.2	
50.6845	11875.8	
58.7027	11875.1	
57.7945	11874.2	
58.2003	11876.6	
51.8872	11878.9	
59.2789	11879	
55.807	11870.3	
50.4456	11879.4	
57.6988	11882.6	
51.3847	11880.6	
57.1681	11878.1	
49.304	11874.7	
51.6044	11879.7	
61.6399	11877.2	
55.3617	11877.6	
54.9748	11882.1	
57.4282	11883.7	
51.3856	11880.5	
52.2806	11880	
61.9098	11880.1	
51.4152	11880.7	
61.9543	11880.5	
55.3134	11877.6	
63.6772	11877	
53.0479	11879	
50.0467	11874.8	
54.5925	11877.4	
61.1084	11879.9	
56.2844	11883.3	
52.7065	11880.3	
51.3812	11880.7	
50.6424	11874.2	
55.9694	11878	
50.779	11881	
52.1012	11880.9	
55.3256	11877.6	
54.6074	11877.4	
61.1858	11879.8	
50.7075	11880.1	
54.5698	11877.4	
63.3707	11877.3	
57.8066	11882.8	
52.0727	11880.1	
55.6108	11878.4	
52.2944	11880	
51.611	11880.4	
50.419	11879.8	
54.9473	11876.9	
50.3728	11879.8	
56.6745	11878.3	
56.5318	11878.5	
50.3776	11879.7	
56.5564	11883.7	
62.6298	11880.6	
54.5309	11877.3	
55.0627	11877.8	
51.3682	11880.5	
53.3161	11879.8	
50.5063	11879.4	
52.259	11880	
49.2448	11875.1	
57.2978	11882.9	
52.1142	11880.1	
56.618	11878.2	
54.6231	11870.8	
55.3248	11877.6	
55.2906	11877.6	
56.7122	11877.7	
51.4878	11879.5	
51.3652	11880.5	
55.6591	11878	
54.6021	11877.4	
61.7532	11880.1	
54.5079	11870.1	
52.0697	11880.9	
54.9797	11877.9	
50.5148	11880	
50.7732	11879.8	
51.6129	11880.5	
54.5999	11877.4	
61.223	11880	
61.9489	11880	
51.3941	11880.6	
55.3041	11877.6	
50.8975	11880.1	
52.2766	11880	
64.1423	11877.6	
51.2439	11879.8	
55.3062	11877.6	
54.5827	11877.4	
61.5319	11876.8	
51.4163	11880.7	
51.3642	11880.6	
61.1975	11879.9	
54.5839	11877.4	
59.0914	11873.4	
57.6182	11874.5	
59.0765	11872.9	
58.4436	11871.5	
56.6939	11873.6	
56.5564	11873.5	
59.0764	11872.9	
56.5854	11873.1	
59.3362	11873.4	
58.7914	11872.7	
58.0769	11874.3	
58.9592	11872.9	
57.8507	11874	
53.4421	11878	
59.3599	11873.4	
58.8704	11872.7	
58.0322	11874	
56.5131	11873.7	
58.5237	11872.9	
58.0214	11874.1	
51.6369	11878.3	
59.0697	11872.8	
59.3215	11873.3	
59.0582	11872.9	
57.1168	11875.3	
53.5825	11878.2	
57.9432	11874	
59.348	11872.1	
58.9737	11872.9	
59.0297	11872.1	
57.9943	11874	
58.8408	11871.8	
57.8909	11869.1	
58.6673	11873.6	
57.864	11874	
56.8137	11874.6	
58.7262	11871.5	
58.6653	11872.5	
57.6057	11875.6	
61.1951	11873.1	
59.2702	11872.3	
58.0234	11874	
51.7415	11878.7	
58.0018	11874	
59.0253	11872.8	
63.0545	11873.6	
57.4278	11871.5	
56.4617	11873.9	
56.6848	11873	
59.0467	11872.9	
58.8304	11872.7	
58.5112	11871.4	
56.5666	11874.4	
58.8339	11872	
58.0198	11874	
58.0039	11874	
57.1697	11874.7	
58.0239	11874	
57.9315	11871.9	
58.4754	11874.1	
59.3816	11873.6	
58.6617	11873.6	
59.3049	11873.4	
57.5554	11875	
58.9648	11871.9	
56.5094	11873.7	
59.0099	11872.1	
59.0597	11872.9	
57.5647	11875	
58.6674	11873.6	
59.4625	11872.7	
59.0777	11873.4	
58.9647	11871.9	
59.331	11872.3	
59.0548	11872.9	
57.6534	11873.8	
58.9757	11872.7	
54.3831	11873.2	
59.0948	11872.9	
57.5246	11874.4	
53.4331	11878	
57.9686	11874.6	
57.3475	11873.6	
58.7776	11871.8	
58.0596	11871.9	
61.4205	11878.9	
58.6064	11871.6	
59.0787	11872.9	
58.0168	11874	
58.0469	11874	
55.4212	11881.7	
56.9472	11882.4	
56.1424	11882.1	
55.6919	11880	
55.6946	11875.6	
55.4568	11879.1	
55.7064	11878.2	
55.6569	11880	
57.1872	11882.1	
57.9987	11883.3	
56.5682	11883.3	
55.5972	11881.7	
55.7585	11879.1	
60.0951	11872.7	
60.1701	11872.7	
55.215	11874.9	
55.1535	11881.7	
55.6599	11879.9	
56.9774	11882.4	
59.1535	11876.5	
55.7792	11880.7	
54.818	11882.7	
55.1517	11881.7	
56.3787	11878.8	
55.2877	11876.9	
58.1166	11882.5	
58.4978	11883.3	
57.7059	11882.4	
56.1742	11881	
55.2256	11880.2	
57.2478	11882.4	
56.297	11882	
59.94	11872.4	
54.3599	11876.9	
55.7294	11878.2	
55.1651	11881.7	
55.173	11881.7	
56.5807	11878.9	
55.3557	11876.6	
53.518	11872.3	
55.6785	11881.4	
57.3583	11880	
54.7271	11883.5	
57.7491	11882.4	
55.8158	11870.3	
55.5301	11882.1	
55.6652	11875.7	
56.9845	11882.4	
54.9998	11881.8	
57.5359	11881.7	
54.4936	11877.3	
60.3066	11872.2	
56.9037	11882.4	
55.2123	11877.9	
56.9334	11884	
55.7108	11881.3	
52.4497	11877.8	
55.1683	11881.7	
56.0197	11881.3	
55.3017	11877.9	
58.5686	11875.1	
54.7848	11882.6	
55.8365	11871.9	
57.3186	11879.6	
54.9125	11876.8	
55.7161	11881.4	
55.8602	11875.2	
59.4139	11874.3	
56.9335	11879	
55.9607	11881.5	
57.2333	11882.5	
54.9154	11882.7	
55.5711	11882.8	
56.0183	11881.3	
55.0284	11875.1	
59.721	11876.3	
62.0673	11877	
55.3965	11881.9	
59.6295	11873.5	
55.9931	11870.3	
59.6564	11873.5	
56.9455	11882.4	
55.7207	11880.7	
55.2453	11878	
56.0334	11871.5	
55.5795	11880.9	
57.0159	11881.6	
59.2198	11882.2	
59.6912	11873.9	
52.8799	11874.2	
55.6965	11875.9	
55.8714	11874.7	
55.1433	11874.4	
57.5711	11876.4	
53.8071	11881.5	
53.1862	11877	
57.1943	11877	
54.9975	11879	
54.8681	11877.6	
58.2034	11879.4	
57.8654	11875.6	
57.718	11875.7	
57.0083	11879.6	
56.5265	11879.7	
56.2885	11874.2	
55.1188	11874.4	
54.3403	11878.4	
54.9896	11879	
53.4855	11874.9	
57.1183	11875.3	
53.7966	11876.5	
57.6917	11875.7	
54.8169	11875.3	
58.9753	11876.3	
52.7256	11874.5	
56.5847	11876	
54.8232	11876.5	
58.5721	11874.7	
57.5759	11876.4	
53.1911	11877	
59.1169	11877.1	
55.0181	11874.4	
56.5053	11879.7	
59.5179	11874.9	
53.828	11876.5	
52.6932	11874.5	
58.6645	11875.1	
55.0258	11878.9	
53.6003	11876.6	
57.5934	11876.4	
56.5287	11879.7	
52.4714	11875.1	
54.2992	11878.4	
56.5629	11875	
53.7633	11876.5	
54.3868	11876.1	
53.1647	11877	
51.3825	11876.7	
54.2169	11880.6	
56.3534	11878.9	
53.3711	11875.3	
53.2847	11877.1	
56.31	11874.2	
56.9279	11875.7	
59.5925	11875	
55.7482	11875.7	
56.3228	11874.2	
59.114	11877.1	
56.3856	11877	
54.8192	11875.3	
56.3425	11878.9	
53.5454	11876.5	
54.3273	11878.4	
53.182	11877	
54.9817	11879	
52.6188	11875.8	
56.373	11877	
54.3098	11878.4	
58.5556	11874.7	
57.7009	11875.7	
58.191	11878.4	
57.6912	11875.7	
52.4473	11875.4	
56.8705	11879.7	
57.047	11879.6	
55.0159	11879	
51.1941	11874.5	
53.7811	11876.5	
57.6839	11875.7	
52.8813	11875.2	
52.3665	11875	
53.7644	11876.5	
56.8449	11879.7	
61.6715	11874.3	
57.1075	11875.3	
57.1126	11879.6	
52.4456	11875.4	
54.9314	11877.9	
55.134	11874.4	
53.2703	11877	
56.0927	11877.5	
55.7713	11880.4	
56.0322	11880.5	
53.3727	11876.8	
53.8401	11877.5	
57.1257	11878.4	
54.8076	11874.4	
52.4862	11876.6	
54.3425	11879.3	
57.1903	11877.9	
53.212	11878.9	
57.7434	11877.6	
59.4366	11878.7	
57.0625	11878	
59.5764	11877.9	
57.0662	11878	
56.0429	11877.8	
54.3336	11879.3	
55.8824	11875.4	
54.2595	11879.4	
55.8607	11878.1	
52.5636	11874.5	
60.2883	11879	
55.7729	11880.4	
53.7748	11876.5	
55.9391	11882.2	
55.4666	11878.7	
59.2497	11878.9	
52.9472	11878.8	
55.763	11878.2	
54.2785	11879.4	
58.2791	11880.7	
57.4538	11877.5	
50.3938	11874.8	
52.5871	11874.6	
58.3266	11881.5	
58.2118	11880.7	
54.2888	11879.4	
57.0335	11880.8	
58.2935	11880.7	
52.316	11875.4	
52.5447	11874.9	
54.0311	11878.5	
53.9593	11878.4	
54.3731	11879.3	
56.7039	11878.5	
55.7861	11880.4	
52.0057	11878.9	
57.2426	11878	
53.3457	11879.7	
55.7819	11880.4	
58.2847	11880.8	
57.6983	11880.1	
53.0852	11877	
57.114	11878.4	
55.9248	11877.8	
51.5218	11878.4	
52.9483	11874.9	
52.7738	11880.5	
55.6565	11878	
52.4104	11876.3	
57.0263	11878	
57.6865	11877.5	
59.0773	11879	
55.7841	11880.4	
57.1176	11878.5	
57.5898	11877.6	
55.4813	11877.6	
52.5016	11875.5	
55.4868	11878.7	
52.653	11875.4	
52.4355	11876.3	
55.3137	11877	
56.0285	11880.4	
55.7732	11880.4	
52.5951	11874.9	
57.2639	11879.2	
56.9123	11877.3	
57.0742	11878.2	
59.4402	11878.8	
55.7464	11878.3	
55.3475	11882	
57.3258	11878.4	
54.2568	11879.4	
54.3031	11879.4	
55.6906	11877.9	
55.3575	11880.1	
57.8923	11882.7	
55.8854	11878.1	
53.0192	11878.9	
56.8107	11876.2	
55.0542	11874.6	
55.5094	11882.1	
57.9478	11883.6	
60.845	11878.9	
55.53	11879.5	
53.0614	11879.8	
51.6275	11874.3	
59.3558	11874.2	
54.3582	11879.4	
55.5027	11882.1	
61.8719	11880	
49.2826	11874.3	
55.6068	11883.1	
51.8488	11879.9	
51.6963	11881	
56.751	11876.3	
58.2807	11872.8	
52.7623	11880.9	
55.075	11877.4	
52.5292	11876	
56.9963	11882.3	
51.8353	11875	
55.8707	11875.2	
54.5932	11879.5	
55.1177	11882.5	
52.6787	11876.2	
56.7759	11876.4	
56.0838	11882.1	
55.3251	11876.9	
57.0423	11883.3	
52.0316	11874.8	
52.7019	11876.2	
58.0538	11880.6	
51.643	11874.7	
55.0017	11880.7	
52.1658	11876.6	
57.0002	11881.6	
55.8349	11882.2	
52.607	11872.6	
58.717	11881.4	
56.7473	11875.6	
55.0513	11878.2	
60.4248	11879	
53.6911	11879.7	
58.6169	11881.3	
56.6769	11875.6	
56.7077	11883.2	
49.9546	11879.5	
49.8709	11875.3	
51.9283	11880	
56.8632	11880.7	
57.075	11876.5	
52.5775	11876	
55.6418	11882.8	
56.6847	11883.2	
50.1312	11875.3	
57.3049	11881.3	
60.7679	11878.3	
56.7642	11876.2	
57.2756	11882.5	
55.8026	11882.2	
53.3906	11878.7	
55.4978	11880.2	
52.2121	11876.8	
51.8361	11874	
52.1622	11876.6	
53.3731	11880.1	
57.0958	11876.2	
55.2369	11880.8	
57.4263	11881.3	
56.9607	11878.6	
52.0378	11871.8	
57.1407	11881.2	
57.0243	11876	
58.0873	11882.9	
56.6626	11876.1	
57.0015	11883.4	
53.0212	11878.8	
52.6526	11876.1	
60.3077	11878.9	
58.0645	11878.1	
56.7928	11878.3	
56.726	11876.3	
51.7766	11874.1	
51.5919	11879.7	
57.9564	11883.4	
52.4881	11872.7	
56.7933	11880.7	
51.5128	11881.2	
55.6035	11878.6	
57.8944	11875.6	
57.8295	11876.3	
56.4086	11874	
57.0155	11874.4	
58.3575	11878.2	
57.9048	11877	
59.6449	11875.3	
59.5137	11875.4	
57.8453	11876.3	
58.0997	11874.9	
57.8176	11876.3	
56.5421	11873.6	
57.9079	11878.4	
57.8706	11877	
57.8765	11875.6	
56.4701	11874.1	
54.5438	11879.4	
56.4143	11873	
56.4573	11876.1	
58.319	11876.6	
54.4331	11874.2	
58.2667	11878.2	
55.5669	11874.1	
58.2584	11876.6	
57.8604	11875.6	
57.8297	11876.3	
57.8348	11876.3	
58.1717	11877.1	
50.3491	11878.5	
57.8169	11876.3	
58.0795	11875.8	
55.8314	11879	
53.1619	11873.2	
57.4806	11877.7	
56.4507	11874.1	
58.3418	11878.2	
57.8862	11875.6	
58.4387	11875.6	
50.7846	11878.7	
53.7295	11879.9	
57.8389	11876.3	
57.4481	11875.7	
55.6503	11873.9	
55.8196	11875.1	
57.8419	11876.3	
57.4912	11875.6	
55.455	11878.7	
56.5051	11873.7	
59.5386	11878.7	
59.5307	11875.3	
56.4626	11874.1	
53.2096	11873	
58.6159	11876.8	
52.8694	11879.4	
57.1208	11876	
56.3501	11874.2	
57.4463	11875.6	
55.4592	11878.7	
56.5418	11873.7	
55.4809	11878.7	
57.5928	11876.5	
56.5876	11873	
57.1521	11874.2	
58.9425	11878	
57.8104	11876.3	
57.8382	11876.9	
53.6974	11875.2	
57.8565	11875.6	
53.5884	11879.8	
57.2253	11875.6	
57.8013	11876.3	
57.8159	11876.3	
53.6931	11872.8	
56.5033	11873.7	
58.3789	11876.6	
57.8227	11876.3	
56.0989	11875.7	
55.4823	11878.7	
57.827	11876.3	
58.8248	11877.2	
56.8988	11878.1	
57.8149	11876.3	
57.4594	11875.6	
58.3536	11876.6	
59.6275	11875.3	
58.9714	11876	
58.6098	11874.8	
57.8887	11876.9	
58.3793	11876.6	
55.0876	11877	
56.5501	11877	
53.5776	11875.8	
53.7286	11877.5	
54.8966	11875.7	
53.9114	11876.5	
56.1191	11876.7	
54.0611	11876.9	
54.3809	11876.1	
62.1938	11876.1	
53.9304	11876.1	
51.6793	11876.6	
56.5582	11877	
56.5438	11877	
54.8185	11876.3	
53.5762	11875.8	
54.8426	11876.2	
54.753	11876.5	
56.3872	11877.5	
54.7519	11876.5	
53.3465	11876.8	
52.0742	11877	
51.3068	11876.6	
53.6041	11875.8	
53.9513	11874.9	
54.2924	11877	
56.0173	11876.5	
54.1083	11876.3	
53.6819	11876.3	
53.5927	11875.8	
53.67	11876.3	
53.766	11876.5	
51.7667	11877.2	
53.9287	11876.9	
53.6076	11875.8	
51.9826	11876.2	
56.0815	11876.1	
55.9046	11872.5	
54.1025	11876.3	
54.1176	11876.9	
53.9154	11876.5	
54.7755	11876.5	
51.6595	11875.7	
52.5685	11876.3	
54.6204	11875.9	
57.3653	11874.3	
58.0083	11875.7	
53.5961	11875.8	
53.7117	11877.4	
53.6419	11876.4	
56.1266	11876.6	
56.1117	11876.6	
56.3885	11877.5	
52.6906	11878	
53.8138	11876.4	
54.7039	11877.6	
61.4964	11873.1	
53.3387	11876.8	
54.1021	11876.3	
58.0056	11875.7	
52.1366	11876.3	
53.847	11876.4	
51.5703	11876.3	
57.1408	11877	
56.122	11876.6	
52.9859	11877.7	
51.6401	11877.2	
57.3413	11874.3	
52.0927	11876.7	
54.7674	11876.5	
53.8189	11876.3	
60.2562	11875.9	
52.74	11877.1	
53.8035	11876.5	
53.3403	11876.8	
56.3543	11877	
56.385	11877.5	
56.1264	11877.3	
53.8337	11876.3	
60.9364	11873	
56.3889	11877.5	
51.9465	11876.2	
56.4087	11877.5	
59.8043	11874.8	
53.6351	11876.3	
54.7581	11877.7	
54.0969	11876.3	
52.5913	11877.9	
56.112	11876.6	
54.3313	11877.1	
52.8067	11874.7	
53.7881	11873.7	
53.884	11873.8	
53.7789	11873.6	
53.7819	11876.5	
53.7973	11873.6	
54.1797	11875.6	
55.472	11872.8	
58.7152	11879.2	
54.6138	11873.1	
56.6774	11873.8	
53.6437	11875.8	
53.536	11874.4	
54.0391	11876.8	
59.9794	11877.3	
53.7799	11873.6	
54.1791	11874.6	
59.687	11878	
59.6906	11878	
57.3522	11878.4	
58.9668	11879	
52.767	11875.3	
53.8542	11873.8	
60.1504	11877.1	
56.0889	11877.8	
60.1619	11877.1	
53.6511	11873.9	
54.1717	11875.6	
54.1991	11875.6	
57.8358	11878.6	
54.1782	11875.6	
59.99	11877.3	
53.8978	11873.7	
53.53	11874.4	
60.0988	11876.7	
53.608	11873.8	
54.7079	11873.1	
53.4493	11874.4	
53.5962	11873.8	
53.6572	11873.8	
54.1874	11875.6	
52.3881	11877.5	
54.1796	11875.6	
55.8305	11873.9	
53.5244	11874.4	
53.452	11874.7	
54.2126	11875.6	
55.4786	11874.1	
53.655	11873.8	
54.2418	11874.4	
53.8755	11874	
54.2222	11874.8	
54.5189	11874.1	
54.2724	11875.2	
52.7256	11874.7	
53.6438	11874.4	
58.6157	11879.2	
53.6206	11873.8	
57.7412	11878.6	
53.76	11873.7	
53.982	11872.7	
59.7519	11877.7	
54.6943	11873.4	
58.8529	11879	
53.7985	11873.7	
52.3665	11874	
53.625	11873.9	
60.1535	11877.1	
53.9059	11873.7	
53.6485	11873.8	
58.8329	11878	
60.1533	11876.9	
54.2085	11875.6	
56.7602	11873.7	
53.3971	11874.1	
58.3864	11878	
52.6731	11875.4	
53.6314	11875.4	
53.5556	11874.4	
60.0219	11876.9	
53.7953	11876.5	
56.812	11873	
52.4486	11874.9	
54.5871	11873.1	
53.6637	11874	
53.5386	11874.4	
53.8974	11873.7	
59.9647	11877.4	
56.4162	11878.5	
53.9848	11874.2	
53.0835	11877.1	
53.048	11877.1	
54.3687	11877.8	
56.3126	11877.3	
53.3233	11876.5	
54.3727	11877.8	
53.7205	11877.4	
55.8935	11876.5	
54.1595	11878	
57.6743	11875.7	
54.3731	11877.8	
54.6171	11877	
54.3712	11877.8	
54.3784	11877.8	
52.4841	11877.7	
54.2766	11877	
54.5227	11876.7	
57.7442	11874.9	
54.6626	11876.3	
53.0669	11873.5	
54.3817	11877.8	
57.8254	11875.9	
57.7074	11878.9	
54.955	11877.1	
54.5381	11876.7	
55.8932	11876.5	
54.3615	11877.8	
54.3412	11876.9	
53.1778	11876.4	
53.8728	11877.3	
54.9907	11876.6	
57.8322	11875.9	
54.0478	11877.3	
54.7726	11876	
57.7933	11875	
55.1302	11878.2	
55.9396	11876.6	
54.1361	11876.3	
54.8982	11877.3	
56.016	11876.1	
52.7961	11877	
53.0972	11876.3	
53.0847	11877.1	
56.6164	11876.7	
53.8935	11877.3	
55.8114	11876.4	
58.4292	11875.6	
54.028	11877.3	
55.2311	11875.4	
59.205	11874.6	
54.3694	11877.8	
54.542	11876.7	
54.3609	11877.8	
58.4359	11874.6	
54.6298	11877	
54.2582	11877.7	
54.6322	11877	
53.1876	11876.2	
57.3615	11875	
53.8811	11877.3	
53.9884	11877.3	
54.3243	11878	
54.3401	11878	
54.3899	11877.8	
53.0549	11876.5	
56.5308	11877	
52.926	11875.5	
53.363	11876.8	
54.5491	11876.7	
54.3536	11877.8	
53.8642	11877.3	
55.3487	11878.4	
55.8871	11877.8	
56.7615	11877.2	
52.9358	11875.5	
53.4164	11876.8	
56.3868	11877	
58.4866	11874.8	
55.8987	11876.5	
53.976	11877.3	
53.8821	11877.3	
54.1684	11878.4	
54.345	11877.8	
53.8892	11877.3	
54.3409	11878	
54.0328	11876.8	
52.9158	11875.5	
54.3559	11877.8	
53.7262	11877.4	
53.5538	11875.5	
55.6575	11870.4	
53.9743	11877.8	
59.4904	11875.3	
55.5832	11873.9	
59.3338	11874.3	
55.3339	11880.2	
53.9454	11877.9	
55.8606	11872	
54.5721	11876.7	
52.7598	11879.4	
58.4322	11876.2	
56.113	11877.5	
56.8574	11875.8	
54.3394	11870.5	
60.8211	11876	
53.9212	11879.1	
59.2414	11878.1	
54.6328	11875.6	
58.2294	11876.6	
54.3487	11877.8	
55.4915	11877.2	
59.7687	11871.8	
54.3561	11877.1	
58.7013	11880.5	
55.3914	11880	
56.8195	11875	
56.4728	11872.2	
55.4894	11880.1	
56.1064	11877.5	
54.6243	11876.2	
58.4517	11871.5	
54.3084	11874.1	
55.2397	11880	
54.2231	11877.7	
57.8475	11874.2	
58.3417	11875.8	
57.3568	11880.7	
56.8392	11874.8	
55.1778	11875.9	
54.0313	11877.3	
55.5177	11877.1	
59.3544	11878.2	
55.0991	11874.7	
59.8097	11873.2	
56.7715	11875.1	
54.8287	11870.9	
54.0338	11877.3	
54.005	11877.3	
58.6924	11875.1	
55.4761	11870.3	
58.33	11875.7	
57.3217	11874.5	
55.3471	11880.2	
53.9435	11877.9	
54.6528	11877.1	
58.6926	11880.5	
55.5206	11873.9	
59.8073	11877.6	
54.0318	11877.7	
54.7262	11871	
58.2543	11876.1	
61.2996	11876.3	
59.5947	11871.7	
57.0318	11875.9	
55.3093	11874.5	
52.6549	11873.7	
55.3104	11879.9	
59.7576	11874.2	
54.6121	11876.3	
56.6617	11873.1	
57.0868	11874	
54.2644	11873.8	
52.7724	11873.8	
57.431	11878.8	
55.2975	11874.4	
55.3709	11876.2	
54.1759	11876.4	
54.1893	11876.4	
54.2065	11876.5	
51.7519	11878.8	
59.8111	11874.3	
58.0578	11875	
55.0115	11875.9	
60.4216	11875.8	
59.7996	11873.2	
50.6677	11875.7	
58.6702	11875.1	
57.7936	11874.2	
58.2505	11876.6	
60.8227	11879.1	
53.3133	11879.8	
55.8166	11870.3	
50.4993	11879.4	
57.6824	11882.6	
61.1875	11880	
57.1661	11878.1	
64.1229	11878	
51.5409	11879.7	
61.6646	11877.2	
55.3282	11877.6	
55.0069	11882.1	
57.3916	11883.7	
51.3709	11880.5	
52.2448	11880	
50.4382	11880	
51.3907	11880.6	
50.748	11881	
55.311	11877.6	
63.7036	11877.1	
53.0748	11879	
50.0404	11874.8	
54.5933	11877.3	
51.4933	11880.7	
56.3775	11883.3	
52.6752	11880.3	
61.1928	11880	
50.6215	11874.2	
55.9906	11878	
50.7872	11880.9	
60.8692	11880.2	
55.3332	11877.6	
54.5985	11877.4	
51.3741	11880.5	
50.6626	11880.1	
54.5953	11877.4	
50.0378	11874.8	
57.7317	11882.8	
52.0972	11880.1	
55.6043	11878.4	
52.2733	11880	
51.6029	11880.4	
50.4344	11879.8	
54.9417	11876.9	
50.3962	11879.8	
56.6597	11878.2	
56.5073	11878.5	
61.8296	11880.1	
56.5005	11883.7	
49.927	11880.4	
54.5835	11877.4	
55.0864	11877.8	
51.3834	11880.5	
53.3296	11879.9	
61.7644	11879.4	
52.2718	11880	
49.242	11875.1	
57.2433	11882.9	
52.1135	11880.1	
56.6224	11878.2	
61.5641	11876.8	
55.279	11877.6	
55.3334	11877.6	
56.7597	11877.7	
51.513	11879.5	
61.2118	11879.8	
55.6449	11877.9	
54.5922	11877.4	
50.6523	11880.2	
61.6235	11877.3	
52.0686	11880.9	
54.9741	11877.8	
61.9649	11880	
50.7587	11879.8	
51.5781	11880.4	
54.5895	11877.4	
51.3829	11880.6	
50.5462	11880.1	
61.2081	11879.9	
55.3481	11877.6	
50.8526	11880	
52.3002	11880	
64.1338	11877.6	
51.2064	11879.8	
55.3411	11877.6	
54.5897	11877.4	
61.5479	11876.8	
51.4161	11880.7	
51.416	11880.6	
61.207	11880	
54.5867	11877.3	
59.0675	11873.4	
57.5948	11874.5	
59.094	11872.9	
58.4279	11871.5	
56.7421	11873.6	
56.5117	11873.5	
59.0662	11872.9	
56.5753	11873.1	
59.3192	11873.4	
58.8013	11872.7	
58.0871	11874.3	
58.922	11872.8	
57.844	11874	
53.4183	11877.9	
59.3443	11873.4	
58.8565	11872.7	
58.0078	11874	
56.4993	11873.7	
58.5625	11872.9	
58.0265	11874.1	
51.6081	11878.3	
59.0348	11872.9	
59.2958	11873.3	
59.0723	11872.9	
57.1259	11875.2	
54.4968	11875.7	
57.936	11874	
59.3358	11872.1	
58.9306	11872.8	
59.0045	11872	
58.0301	11874	
58.8594	11871.8	
60.3472	11870	
58.6872	11873.6	
57.8063	11873.9	
56.8227	11874.6	
58.7158	11871.6	
58.6903	11872.5	
57.5698	11875.5	
57.5988	11870.3	
59.3024	11872.3	
58.0474	11874.1	
51.7985	11878.7	
58.024	11874.1	
59.0153	11872.7	
63.1141	11873.6	
57.4158	11871.5	
56.4653	11873.8	
56.69	11873	
59.0372	11872.9	
58.8375	11872.7	
58.5351	11871.4	
56.5165	11874.4	
58.8391	11872	
58.0492	11874	
58.0298	11874	
57.1735	11874.7	
58.0239	11874	
57.9654	11871.9	
58.4926	11874.1	
59.3608	11873.6	
58.7014	11873.6	
59.2819	11873.4	
57.572	11875	
59.0006	11871.9	
56.5092	11873.7	
59.0756	11872.1	
59.0629	11872.9	
57.604	11875	
58.6932	11873.6	
59.483	11872.7	
59.0818	11873.4	
58.9778	11871.9	
59.3286	11872.3	
59.051	11872.9	
57.6362	11873.8	
58.9643	11872.7	
59.7219	11878	
59.0429	11872.9	
57.5406	11874.4	
53.4074	11878	
58.0061	11874.7	
57.3329	11873.6	
58.7847	11871.8	
58.02	11871.9	
52.7317	11871.8	
58.6234	11871.7	
59.073	11872.9	
58.0358	11874.1	
58.0394	11874.1	
55.4244	11881.7	
56.9473	11882.4	
56.163	11882.1	
55.7469	11880	
55.6799	11875.6	
55.4386	11879.1	
55.7447	11878.2	
55.6788	11879.9	
57.2228	11882.1	
58.0409	11883.3	
56.4777	11883.3	
55.5769	11881.7	
55.7558	11879.1	
60.0797	11872.7	
60.1845	11872.7	
55.194	11874.9	
55.1593	11881.7	
55.6493	11879.9	
56.948	11882.4	
59.1447	11876.5	
55.7457	11880.7	
54.8229	11882.8	
55.1383	11881.7	
56.3506	11878.8	
55.3319	11876.9	
58.1789	11882.5	
58.5344	11883.3	
57.7025	11882.4	
56.1729	11881	
55.17	11880.2	
57.2249	11882.5	
56.2825	11882	
60.0077	11872.5	
54.3415	11877	
55.7509	11878.3	
55.1408	11881.7	
55.1514	11881.7	
56.5455	11878.9	
55.3657	11876.6	
58.561	11880.5	
55.6861	11881.4	
57.3185	11880.1	
54.7188	11883.5	
57.7551	11882.4	
61.4408	11875.4	
55.5717	11882.1	
55.679	11875.7	
56.9922	11882.4	
55.0068	11881.9	
57.5512	11881.7	
54.4834	11877.3	
60.3192	11872.3	
56.888	11882.4	
55.2522	11877.9	
56.9528	11884	
55.69	11881.4	
52.4422	11877.8	
55.1807	11881.7	
56.0223	11881.3	
55.2923	11878	
58.5822	11875.1	
54.8437	11882.6	
55.798	11871.9	
57.3515	11879.6	
54.9336	11876.8	
55.6779	11881.4	
55.8593	11875.2	
59.3927	11874.2	
52.4123	11877.3	
55.9561	11881.4	
57.2379	11882.5	
54.9	11882.7	
55.5442	11882.7	
55.9828	11881.4	
55.0591	11875.1	
59.6807	11876.3	
62.0622	11877	
55.3953	11881.8	
59.6505	11873.5	
56.0114	11870.3	
59.6271	11873.5	
56.9541	11882.4	
55.7381	11880.6	
55.2074	11877.9	
60.3891	11875.6	
55.5531	11880.9	
57.0435	11881.6	
59.2332	11882.1	
59.6738	11873.9	
52.94	11874.2	
55.7057	11875.8	
55.8518	11874.7	
55.1428	11874.4	
57.5819	11876.4	
59.0776	11881.2	
53.1768	11877	
57.1871	11877	
54.9966	11879	
54.87	11877.6	
52.7442	11873.5	
57.8825	11875.6	
57.6957	11875.7	
57.0493	11879.6	
56.5111	11879.7	
56.3174	11874.2	
58.3228	11878.4	
54.3658	11878.4	
55.0144	11879	
53.4879	11875	
57.1068	11875.3	
53.8153	11876.5	
57.7038	11875.7	
54.8366	11875.3	
58.958	11876.2	
59.219	11878.4	
56.6414	11876	
54.8367	11876.5	
58.557	11874.7	
57.587	11876.4	
53.1876	11877	
55.2598	11874.2	
58.4753	11878.4	
56.4796	11879.7	
59.4995	11875	
53.7788	11876.5	
52.7018	11874.5	
58.68	11875.1	
55.0825	11878.9	
53.5778	11876.5	
57.5495	11876.4	
56.5105	11879.7	
52.4751	11875.1	
54.3128	11878.4	
56.5445	11875	
53.8086	11876.5	
54.4024	11876.1	
53.1864	11877	
51.4065	11876.7	
51.0337	11877.2	
56.3546	11878.9	
53.3871	11875.4	
53.2666	11877.1	
56.2925	11874.2	
56.9149	11875.7	
59.5314	11875	
55.696	11875.7	
56.32	11874.2	
55.2524	11874.2	
56.376	11877	
54.7971	11875.3	
56.3374	11879	
53.5555	11876.4	
54.3335	11878.4	
53.1659	11877	
54.9978	11879	
52.6738	11875.8	
56.4001	11877	
54.3404	11878.4	
58.5576	11874.7	
57.6845	11875.7	
58.2486	11878.4	
57.7129	11875.7	
52.4612	11875.4	
56.842	11879.7	
57.02	11879.6	
55.0251	11879	
51.201	11874.5	
53.7703	11876.5	
57.685	11875.7	
52.8892	11875.2	
52.3531	11875	
53.7819	11876.5	
56.8905	11879.7	
61.6653	11874.4	
57.147	11875.3	
57.1632	11879.6	
52.4574	11875.4	
54.8882	11877.9	
58.2328	11878.5	
53.2588	11877.1	
56.0871	11877.5	
55.7398	11880.5	
56.0214	11880.4	
53.3924	11876.9	
53.8199	11877.5	
57.1307	11878.4	
54.8229	11874.4	
52.4967	11876.6	
54.3378	11879.4	
57.1782	11877.9	
52.7864	11878.6	
57.692	11877.6	
59.4509	11878.8	
57.0521	11878	
52.6569	11874.3	
57.0882	11878	
56.0216	11877.8	
54.3489	11879.4	
55.8559	11875.4	
54.2696	11879.4	
55.8852	11878.1	
52.5984	11874.5	
51.2698	11878.4	
55.7738	11880.4	
53.7573	11876.5	
55.9516	11882.2	
55.4805	11878.7	
59.2537	11878.9	
52.9425	11878.7	
55.7389	11878.3	
54.278	11879.4	
58.291	11880.8	
57.4226	11877.5	
63.1361	11876.8	
52.548	11874.7	
58.333	11881.4	
58.2338	11880.7	
54.2699	11879.4	
57.0573	11880.9	
58.3138	11880.8	
52.3195	11875.4	
52.5113	11874.9	
54.0065	11878.5	
53.9657	11878.4	
54.3956	11879.3	
56.67	11878.5	
55.8039	11880.4	
52.0878	11878.9	
57.1978	11878	
59.2261	11878.9	
55.769	11880.4	
58.3113	11880.8	
57.6831	11880.1	
53.0458	11877	
57.122	11878.4	
55.9409	11877.8	
51.551	11878.5	
52.9587	11874.9	
52.7716	11880.5	
55.649	11878	
52.4527	11876.3	
57.0013	11878	
57.692	11877.5	
59.0562	11879	
55.772	11880.4	
57.1232	11878.4	
57.5707	11877.6	
55.483	11877.6	
52.4721	11875.5	
55.4909	11878.7	
52.6863	11875.4	
52.4423	11876.3	
55.3159	11877	
56.0031	11880.4	
55.7258	11880.4	
52.5936	11874.9	
57.2513	11879.2	
56.9371	11877.3	
57.0543	11878.1	
59.415	11878.8	
55.7541	11878.3	
55.3621	11882	
57.3567	11878.3	
54.2864	11879.4	
54.2462	11879.4	
55.6907	11877.9	
55.3541	11880.1	
57.91	11882.6	
55.8687	11878.1	
53.0152	11878.9	
56.8269	11876.2	
58.4839	11877.7	
55.504	11882	
58.0517	11883.5	
50.8643	11878.3	
55.5233	11879.5	
53.065	11879.8	
60.9555	11878.1	
59.3264	11874.2	
54.3752	11879.3	
55.5342	11882.1	
50.2615	11879.6	
49.2672	11874.2	
55.6056	11883.1	
51.8551	11879.9	
51.6775	11881	
56.7457	11876.4	
58.2483	11872.7	
52.7928	11880.9	
55.1125	11877.4	
52.5686	11876	
56.971	11882.3	
60.2318	11878.6	
55.8723	11875.2	
54.6374	11879.5	
55.1155	11882.5	
52.6878	11876.2	
56.7855	11876.4	
55.1642	11882.1	
55.3089	11876.8	
57.0591	11883.3	
60.7199	11876.5	
52.7103	11876.1	
58.008	11880.7	
51.6096	11874.7	
55.0324	11880.8	
52.1755	11876.5	
57.0085	11881.6	
55.851	11882.2	
51.2106	11878.2	
58.6926	11881.4	
56.7593	11875.6	
55.0732	11878.2	
51.7512	11874.4	
59.4531	11879	
58.5762	11881.3	
56.6984	11875.6	
56.6985	11883.2	
61.762	11880.2	
49.8649	11875.3	
51.88	11880	
56.8619	11880.7	
57.0785	11876.5	
52.5611	11876	
55.6025	11882.8	
56.6576	11883.2	
50.0969	11875.3	
57.3011	11881.3	
51.8223	11874.1	
56.7561	11876.3	
57.2343	11882.5	
55.8409	11882.2	
53.4105	11878.7	
55.513	11880.2	
52.1945	11876.7	
51.8381	11874.1	
52.1509	11876.6	
53.3069	11880.1	
57.1053	11876.2	
55.259	11880.8	
57.39	11881.3	
57.04	11878.6	
50.3435	11878.3	
57.1223	11881.2	
56.9993	11876.1	
58.0669	11882.9	
56.654	11876.1	
56.9462	11883.4	
53.0268	11878.8	
52.6768	11876.1	
51.2311	11878.3	
58.0721	11878.1	
56.8037	11878.3	
56.7538	11876.4	
51.853	11874.1	
51.5808	11879.7	
57.915	11883.4	
51.145	11878.2	
56.8124	11880.7	
51.4804	11881.2	
54.3057	11874.6	
56.6861	11879.4	
59.6765	11877.2	
59.6467	11877.1	
59.6702	11877	
57.9267	11878.9	
58.9828	11876.2	
58.0077	11877.9	
57.9147	11877.5	
58.0148	11877.9	
54.5701	11872.4	
54.4653	11872.8	
59.564	11877.4	
58.8673	11877.1	
55.2392	11872.9	
55.3754	11872.7	
54.1918	11872.7	
54.5961	11872.4	
54.511	11872.6	
55.2335	11872.5	
59.0761	11876.1	
54.178	11872.6	
52.8344	11874.4	
52.5583	11875.3	
59.6598	11875.5	
55.2648	11872.6	
54.8893	11872.6	
59.5428	11877.4	
59.6733	11877.1	
58.9329	11876.2	
52.8235	11874.5	
52.7186	11874.3	
58.0047	11877.9	
55.2944	11873.7	
57.1327	11873	
54.802	11873	
55.3842	11872.7	
52.5537	11875.2	
59.7361	11877.1	
58.1145	11875.9	
55.25	11872.6	
57.7091	11879	
58.0102	11877.8	
54.4883	11872.7	
59.5427	11877.1	
57.8033	11878.6	
54.201	11872.8	
55.7756	11874.5	
59.0489	11876	
53.8421	11873.8	
57.8289	11876.3	
55.6517	11872.8	
56.7844	11879.7	
58.1664	11876.8	
55.1297	11873.8	
54.1256	11872.6	
57.1253	11873.8	
52.767	11874.5	
58.9865	11876.1	
54.7148	11872.6	
55.6637	11872.7	
55.3544	11873.7	
53.5343	11873.1	
57.8802	11878.8	
59.0315	11876.1	
58.4867	11879.3	
57.3672	11879.2	
52.5486	11874.6	
54.7432	11872.5	
55.643	11872.7	
59.444	11877.6	
59.9797	11877.6	
55.0269	11872.4	
59.6509	11877	
59.3778	11878	
58.9736	11876.2	
54.7591	11872.5	
52.9727	11874.3	
56.9714	11875.7	
59.6478	11876.8	
58.6138	11879	
58.1735	11879.4	
55.5834	11873.4	
53.3494	11875.1	
55.3045	11873.7	
57.0636	11879.3	
58.1174	11876.3	
56.8215	11874.6	
58.2286	11879.4	
52.3313	11875	
57.3429	11876.6	
57.1181	11876.2	
57.9491	11880.2	
59.7272	11875.8	
57.2978	11879.8	
59.2832	11881.6	
50.7629	11874.3	
57.0738	11877.3	
57.9343	11880.3	
56.3999	11880.1	
63.4705	11877.4	
58.0517	11881.3	
57.9702	11880.3	
57.8124	11881.4	
57.0861	11876.2	
51.5045	11875.8	
56.0247	11880.1	
57.5119	11879.7	
59.3885	11875	
57.9674	11880.3	
57.6386	11880.5	
56.3295	11880.1	
57.9785	11880.4	
57.5946	11879.7	
57.3245	11876.6	
57.7862	11881.4	
56.3837	11880	
57.1059	11877.4	
58.0602	11880.4	
55.3441	11880.4	
57.3376	11876.6	
57.9389	11880.3	
57.9671	11880.2	
55.9271	11877.4	
56.3179	11881.7	
57.2142	11876.6	
57.3311	11876.6	
58.8149	11881	
56.3536	11880.1	
57.2728	11880.5	
56.9214	11876.7	
58.1899	11875	
56.1504	11879.5	
57.3227	11876.6	
57.8473	11880.4	
58.002	11880.4	
59.2873	11874.2	
57.7828	11881.4	
57.1189	11876.2	
56.9339	11881.5	
57.2458	11876.6	
56.0891	11880	
55.5517	11880.4	
57.3144	11876.6	
57.6434	11879.7	
57.6181	11879.7	
56.3705	11880	
57.8477	11877.9	
59.2673	11881.6	
57.9498	11880.3	
59.7429	11875.8	
57.2369	11880.5	
57.6359	11881.3	
57.0805	11876.2	
57.3165	11876.6	
57.9589	11880.3	
56.316	11881	
57.943	11880.3	
56.385	11880.1	
56.9949	11881.5	
59.6234	11882.4	
56.3763	11880.3	
56.2148	11879.4	
57.9747	11880.3	
58.0708	11880.3	
55.3507	11880.4	
56.3409	11881.1	
57.6475	11879.6	
50.6	11874.5	
57.2318	11876.7	
57.0961	11876.2	
56.9291	11876.7	
56.361	11880	
57.9196	11880.3	
57.8648	11880.4	
57.6239	11879.7	
59.2877	11874.2	
56.3129	11881.1	
58.8091	11880.9	
57.9255	11880.3	
55.2378	11874.9	
55.1027	11874.9	
57.3337	11874.4	
57.2959	11874.9	
54.445	11875.3	
57.3051	11875.3	
54.7698	11874.1	
57.7924	11875	
56.8235	11874.6	
57.766	11875	
54.8418	11876.8	
57.3285	11874.4	
54.9714	11876.6	
57.3349	11874.4	
55.3233	11874.1	
57.2227	11875.6	
54.993	11876.6	
54.8596	11876.7	
54.5256	11876	
58.3695	11876.6	
54.9735	11876.6	
54.3369	11875.4	
54.0498	11875.9	
57.5781	11874.5	
54.4092	11875.3	
58.6001	11874.8	
58.6245	11874.7	
55.8126	11872.9	
54.6729	11877.5	
54.4161	11875.3	
57.4016	11874.3	
56.8204	11874.7	
54.9031	11875.7	
54.0426	11875.9	
54.0518	11875.9	
58.6461	11874.8	
59.3028	11878.4	
58.1099	11874.8	
53.8402	11875.3	
57.3374	11874.3	
58.1088	11875.3	
56.8428	11874.6	
52.6189	11874.2	
54.2002	11872.6	
57.7698	11875	
54.5473	11876	
54.9106	11875.7	
54.8461	11876.8	
56.835	11874.6	
57.5703	11875	
58.6371	11874.8	
55.5958	11879	
54.2902	11875.4	
53.0542	11876.5	
54.4256	11875.3	
58.2092	11874.7	
54.0466	11875.9	
54.8526	11876.7	
54.0966	11875.9	
58.613	11874.7	
55.0211	11875.6	
57.7014	11874.9	
54.4226	11875.3	
54.3187	11875.4	
54.8986	11875.7	
55.2929	11874.8	
53.832	11875.4	
54.4211	11875.3	
56.8408	11874.6	
57.5791	11875	
55.2135	11874.6	
54.8942	11875.7	
56.0889	11875.5	
58.9769	11876	
55.0093	11875.6	
57.8689	11875.9	
54.4127	11875.3	
57.9235	11874	
57.3529	11874.3	
54.3835	11875.3	
56.5548	11874.3	
57.9721	11875.9	
56.9335	11875.5	
54.1846	11875.9	
57.2374	11875.6	
54.4887	11875.8	
57.7414	11874.9	
55.0292	11875.6	
54.5823	11876	
55.0232	11875.6	
53.9766	11873.8	
55.9336	11878.2	
57.6761	11873.8	
58.657	11875	
56.5006	11874.3	
57.9269	11874	
57.5784	11875	
57.5843	11875	
58.8192	11877	
53.4836	11878	
58.6586	11874.9	
57.4608	11875.6	
58.0859	11874.8	
57.2249	11877.8	
54.645	11875.5	
53.4659	11878	
59.6819	11878	
57.7068	11874.1	
58.4059	11876	
58.6946	11875.1	
56.6479	11876.7	
56.4834	11876	
57.9467	11875.9	
57.2983	11876.3	
54.4792	11878.3	
56.156	11877.9	
58.3647	11876.6	
58.0894	11874.9	
57.7453	11874.1	
58.3742	11877.9	
58.3559	11877.9	
59.4875	11877.5	
57.4653	11875.6	
55.5858	11878.5	
57.5764	11875	
55.6075	11878.6	
54.2504	11876	
53.8484	11878.5	
58.4776	11877.6	
58.6913	11874.9	
58.0929	11874.9	
57.8651	11875.6	
58.3558	11876	
58.3716	11876.1	
62.2016	11878.3	
58.3868	11876.1	
58.2645	11877.9	
57.42	11874	
56.7582	11874.7	
59.5991	11878	
56.6718	11872.7	
57.8139	11876.3	
53.7204	11875.6	
54.4348	11873.4	
58.1062	11874.8	
53.7357	11873.8	
57.5315	11875	
57.1263	11873.8	
57.5715	11874.9	
54.4781	11873.4	
54.4432	11874.1	
55.4634	11872.8	
58.4022	11876	
57.8926	11875.6	
56.8779	11872.9	
53.5573	11879.8	
57.5631	11875	
57.3592	11873.7	
57.6876	11875.7	
57.1267	11873.8	
57.1685	11873.8	
57.4645	11875.6	
59.8582	11877.5	
58.9041	11878.7	
57.5993	11875	
56.4703	11876	
59.555	11878	
55.8637	11877.4	
57.4651	11875.6	
57.4838	11875.6	
57.4471	11875.6	
55.2593	11872.8	
58.3866	11877.9	
56.1494	11877.8	
58.3531	11876.6	
58.2568	11876.2	
55.94	11878.2	
57.4485	11875.6	
57.4949	11875.6	
54.4576	11874	
57.3708	11879.7	
62.9155	11880	
59.2399	11876.2	
58.6667	11873.6	
49.8803	11880.6	
58.7015	11873.6	
57.5089	11880.2	
48.7351	11873.1	
51.0094	11879.1	
58.5091	11882.5	
58.4136	11872.5	
54.9099	11870	
58.067	11871.6	
58.0987	11872.4	
58.8181	11873.7	
59.8667	11872.5	
50.5526	11879.2	
55.1814	11871.9	
61.5771	11876.7	
62.765	11879.5	
56.2163	11872.1	
57.5177	11883.2	
55.8809	11872	
58.6702	11873.6	
59.5944	11872.5	
59.2892	11873.6	
54.2049	11869.5	
62.943	11880	
54.499	11869.4	
58.167	11871.5	
53.9554	11872.2	
59.1334	11870.7	
61.8941	11875.9	
55.0983	11880.8	
62.3387	11879.5	
49.7789	11880.3	
55.1309	11871.9	
55.6663	11871	
58.1255	11871.5	
51.6827	11879.2	
57.973	11872	
62.6406	11880.4	
63.1026	11876.6	
58.4408	11872.5	
55.5843	11870.4	
55.8352	11871.5	
58.6914	11873.6	
62.9009	11880	
55.7824	11881.6	
60.4913	11876	
54.0762	11870.3	
58.9122	11870.1	
53.0622	11871.6	
52.4784	11881.2	
59.2777	11884.6	
59.2714	11873.5	
52.5672	11870.9	
62.4638	11879.8	
62.4304	11879.9	
61.9247	11875.9	
57.9511	11872	
61.3351	11876.6	
58.9198	11872.8	
54.7378	11871.2	
54.7631	11870.6	
59.4543	11873.8	
58.6839	11873.6	
57.4764	11882.8	
57.967	11882	
55.7757	11881.6	
61.6364	11879.4	
58.937	11874.4	
58.8481	11871.6	
54.7394	11883.2	
61.4194	11876.4	
58.0828	11871.6	
58.6876	11873.9	
53.5657	11871.5	
59.4004	11874.6	
58.6372	11872.2	
55.2132	11883.2	
58.1382	11871.4	
53.3319	11879.1	
54.7082	11870	
58.0952	11872.7	
50.0398	11873.4	
58.1168	11871.5	
54.9015	11870	
54.781	11871.2	
58.4978	11872.5	
63.9966	11876.8	
52.6023	11878.5	
50.9506	11876	
52.6699	11880.3	
58.0987	11874.7	
57.0927	11876.5	
52.6975	11880.3	
55.7487	11878.2	
57.8782	11872.7	
57.0846	11876.5	
58.5379	11875.1	
50.1016	11875.9	
52.8312	11879.7	
56.0747	11878.9	
59.2605	11873.9	
57.2923	11876.3	
50.9379	11875.9	
58.8165	11874.2	
53.468	11879.9	
57.0625	11876.5	
50.2606	11874.4	
52.6503	11880.2	
53.4585	11879.8	
55.7456	11878.3	
55.3637	11877.8	
55.3032	11877.8	
51.2372	11879.4	
57.6864	11875.7	
49.4698	11874.4	
54.346	11877	
49.8532	11875.9	
53.1557	11880	
50.1488	11875.8	
58.5725	11875.1	
53.7941	11876.5	
50.0887	11875.9	
52.1284	11880.2	
49.8994	11875.2	
53.6307	11880.1	
51.6676	11881	
50.2891	11874.4	
50.6763	11876	
55.9221	11877.4	
53.5096	11879.9	
52.0649	11880.9	
55.1346	11878.2	
52.134	11880.2	
55.0365	11878.4	
52.149	11880.2	
55.9157	11877.4	
55.7075	11878.2	
52.6617	11880.3	
62.2955	11881.4	
52.6719	11880.3	
56.6498	11875.9	
51.2355	11879.4	
52.6619	11880.3	
56.3613	11878.1	
52.6792	11880.2	
56.5124	11878.2	
63.9824	11876.7	
58.8374	11874.2	
52.2991	11875.1	
50.1185	11875.9	
52.6597	11880.3	
52.0569	11879.9	
63.7437	11877.5	
64.0443	11876.5	
50.6656	11875.4	
52.6478	11880.3	
52.6529	11880.3	
51.4891	11881.4	
59.4059	11874.1	
50.6907	11876	
52.6615	11880.3	
52.3141	11880.6	
54.2743	11879.4	
52.6666	11880.3	
52.1482	11880.2	
53.4373	11879.8	
63.1315	11877.5	
54.2775	11879.4	
52.6514	11880.3	
49.8958	11875.8	
51.6261	11880.9	
52.2763	11880.5	
55.7412	11878.2	
52.6837	11880.3	
57.0998	11876.5	
49.8652	11876.2	
51.0864	11879.3	
55.7812	11880.4	
55.5373	11880.1	
55.5007	11883.2	
55.6474	11883.1	
55.5464	11882	
55.6622	11870.3	
55.7841	11882.3	
55.8586	11882.2	
55.9691	11879.8	
60.0091	11873.5	
55.1604	11882.8	
55.4222	11882.9	
51.1032	11875	
61.3021	11881.2	
57.8449	11883.4	
62.0428	11876.4	
54.1758	11870.2	
55.7481	11882.3	
50.8599	11875.5	
50.6681	11875.4	
55.4974	11883.2	
55.8841	11882.2	
55.8783	11882.2	
56.0246	11882.3	
50.9098	11875.5	
55.5049	11882	
58.1066	11876.2	
58.3161	11882.5	
52.1929	11879.2	
54.7417	11870	
55.1653	11882.8	
55.5122	11882.1	
50.8777	11875.5	
55.6495	11880.2	
55.8208	11882.2	
55.6264	11882.4	
55.3853	11882.8	
55.7692	11882.3	
52.5355	11879.7	
55.1124	11882.8	
55.7472	11882.4	
58.5783	11877.3	
54.3663	11879.3	
50.6293	11874.7	
55.7665	11882.3	
54.6774	11870.2	
55.8639	11882.2	
60.4387	11876	
50.8786	11875.5	
55.7356	11882.3	
50.4046	11876.3	
58.2192	11883.6	
51.0838	11875	
55.4179	11882.3	
55.7348	11871.3	
55.0395	11882.8	
55.578	11882.1	
55.1366	11881	
55.4798	11883.2	
55.3074	11881	
62.4847	11877	
55.5144	11882.1	
55.5033	11882.1	
55.2769	11882	
55.3979	11883.2	
55.99	11880.7	
53.275	11879.2	
50.0775	11875.4	
55.8685	11882.2	
63.0813	11877.2	
61.6909	11877.1	
54.3566	11878.8	
55.6285	11882.8	
55.9623	11882.3	
52.4795	11880.3	
58.4642	11882.8	
55.775	11882.4	
55.7873	11882.3	
57.7749	11877.6	
52.9508	11879.6	
55.2061	11876.7	
55.5102	11882.7	
55.5977	11882.6	
55.5472	11882.1	
55.9366	11879.8	
56.8122	11882.7	
55.747	11871.3	
56.0217	11882.2	
60.4618	11875.8	
