11.7107	12.0476	
13.7576	21.0219	
11.2781	13.8023	
10.4258	14.2867	
15.2754	24.9365	
15.6829	16.7992	
14.2534	18.308	
9.35783	4.92804	
22.7743	18.7814	
13.2139	9.76353	
24.7452	17.0864	
15.5073	12.978	
10.4907	16.1256	
16.0045	12.1544	
1.87366	9.15293	
12.6885	23.0004	
15.5073	12.978	
11.7107	12.0476	
10.5815	15.8671	
24.7961	18.9715	
12.1275	12.254	
10.641	11.7559	
1.68764	9.54674	
15.5073	12.978	
1.84359	10.3769	
23.772	19.0471	
2.31244	9.43833	
2.50172	10.2048	
12.949	20.4164	
5.6117	19.077	
15.3776	12.8016	
10.1924	18.9392	
25.0645	19.7665	
12.0752	13.8877	
12.6938	12.2688	
22.0937	0.278237	
13.0274	18.359	
15.9381	-2.18777	
13.8707	18.2752	
15.5073	12.978	
13.4301	18.5188	
13.9439	18.0037	
11.9292	13.9625	
12.6938	12.2688	
10.2843	14.5638	
8.90979	4.87323	
14.9478	-0.0601064	
13.7625	18.7605	
6.02862	4.80523	
10.7499	24.3382	
10.8711	15.8734	
15.7391	24.1788	
2.9977	12.3783	
8.40398	7.50665	
8.08653	19.1813	
22.7743	18.7814	
13.5659	22.7417	
23.5505	16.1769	
21.9129	16.7324	
2.76454	10.0861	
10.2986	15.8368	
23.5264	16.4509	
7.38023	4.75751	
12.4206	18.2553	
6.06734	20.6377	
11.3598	15.5962	
11.9677	17.1309	
14.2669	22.5058	
22.7218	16.4698	
11.5346	19.2274	
11.5967	13.5183	
14.4339	17.9495	
15.5073	12.978	
11.6979	18.1892	
15.6997	13.1984	
23.6437	16.8731	
15.5073	12.978	
14.0078	9.07811	
22.7218	16.4698	
12.6938	12.2688	
11.7107	12.0476	
11.1746	19.5492	
8.6552	21.5831	
15.6997	13.1984	
9.58208	6.43533	
9.58208	6.43533	
1.34518	9.38252	
23.9358	18.1235	
14.4339	17.9495	
15.6997	13.1984	
2.6713	15.731	
10.4356	19.9004	
11.2006	23.7823	
8.5435	14.7858	
12.5608	24.3897	
5.1369	16.4841	
25.1798	12.3656	
9.43492	15.2492	
14.3742	25.7882	
9.23364	14.1234	
6.7047	17.4823	
11.9766	13.5587	
9.67023	14.8971	
10.6656	20.7539	
6.18908	17.7603	
7.11076	17.9314	
11.8767	24.2046	
9.69089	12.7992	
18.1343	27.3317	
7.53807	19.1567	
11.6051	13.1575	
4.94489	17.8743	
14.7968	23.8319	
9.23344	13.8811	
12.5103	12.9418	
9.69089	12.7992	
9.92249	19.7677	
9.06549	14.0805	
-1.87936	9.89178	
8.86214	14.4481	
9.52975	12.6786	
9.62019	19.1958	
10.5994	15.0409	
11.9766	13.5587	
10.681	20.5005	
11.5593	20.3145	
13.2587	23.6438	
5.46815	17.7076	
10.9579	12.729	
12.5138	23.937	
3.79914	19.8575	
9.9504	15.0145	
13.7673	24.4212	
3.9915	18.6546	
7.28324	20.9388	
1.29704	22.0547	
11.8767	24.2046	
8.2687	18.7315	
6.45491	19.8865	
9.9504	15.0145	
0.388301	20.8202	
12.635	25.0182	
6.07646	18.4663	
10.5994	15.0409	
14.0084	23.6846	
22.6468	1.54397	
3.54837	20.6924	
7.23441	18.6476	
6.74157	19.0498	
12.2807	25.1351	
9.55562	11.9366	
13.018	1.68466	
7.13412	19.1541	
10.5994	15.0409	
6.75435	21.0439	
7.11076	17.9314	
12.1463	13.5414	
9.90838	11.4797	
9.43492	15.2492	
3.79825	15.1251	
6.85222	18.3481	
11.6051	13.1575	
7.56893	18.555	
7.53775	18.0965	
6.43103	18.0125	
6.74157	19.0498	
6.76251	17.8113	
17.937	8.20381	
4.27063	17.9344	
5.94921	17.8283	
10.2503	19.4981	
13.7235	25.2933	
12.4932	12.7639	
11.1884	12.8368	
10.866	15.15	
8.50327	13.6396	
19.6644	26.162	
5.62981	19.5713	
13.397	23.9428	
22.9515	20.7812	
12.1444	11.9895	
12.1444	11.9895	
-0.128944	10.1919	
11.3536	15.3972	
10.7864	13.9496	
10.7353	17.3113	
6.99548	8.05823	
13.1205	17.9259	
9.78885	11.1329	
11.7148	10.8823	
12.0659	12.4601	
10.9324	17.1586	
14.7123	9.1117	
8.48212	13.2476	
11.3536	15.3972	
7.28203	8.43182	
25.5721	13.7868	
7.41577	9.9849	
5.4199	8.57439	
10.219	10.4908	
12.0659	12.4601	
8.72401	13.2925	
11.689	15.1762	
0.506201	10.1261	
2.17884	21.2118	
8.08418	11.246	
13.3276	12.2481	
12.1444	11.9895	
2.62842	13.6905	
9.17878	11.391	
9.50705	10.4683	
10.0554	10.9873	
9.7886	10.1246	
10.5698	10.4384	
12.1444	11.9895	
11.4064	14.2951	
7.93808	13.0254	
10.219	10.4908	
9.27738	10.9771	
22.8581	19.7349	
11.1884	12.8368	
10.219	10.4908	
13.1017	14.3116	
10.219	10.4908	
10.5744	10.2721	
12.2347	14.3814	
11.1124	11.8537	
8.48212	13.2476	
1.82187	11.1233	
7.94661	12.661	
6.71406	7.93181	
3.28942	14.4906	
13.0618	10.7855	
11.5529	17.2006	
14.1433	14.3153	
12.2347	14.3814	
10.5871	13.9831	
15.9534	13.5866	
10.219	10.4908	
10.9324	17.1586	
10.8956	10.7005	
11.2561	17.2831	
8.08418	11.246	
13.0618	10.7855	
13.0618	10.7855	
9.50705	10.4683	
12.1444	11.9895	
9.27738	10.9771	
7.94661	12.661	
12.0659	12.4601	
8.83125	19.0561	
11.3914	17.6571	
11.5769	14.0579	
9.88815	10.5617	
0.64864	10.7296	
7.94661	12.661	
25.3286	11.086	
4.14175	17.2327	
10.219	10.4908	
13.1017	14.3116	
7.39759	10.14	
13.0618	10.7855	
11.1259	12.5506	
9.17878	11.391	
12.1444	11.9895	
9.50705	10.4683	
13.0618	10.7855	
13.534	19.183	
3.44951	13.7219	
7.60924	8.44142	
22.3701	10.6254	
15.4716	8.45536	
14.5649	7.76908	
9.24113	8.0667	
11.0484	14.2313	
13.3141	7.60208	
20.1875	11.7441	
12.9943	13.2137	
18.2428	0.81801	
19.5096	10.9714	
21.4477	3.99462	
7.14291	3.68603	
16.7656	7.96005	
14.4081	2.33819	
14.5871	12.5776	
19.9046	10.2807	
16.6793	11.8841	
21.6259	10.7697	
20.1984	10.4055	
12.9147	13.6337	
16.0047	11.7763	
16.595	11.4043	
11.0484	14.2313	
12.6109	9.59275	
14.7409	8.75676	
16.0047	11.7763	
15.3452	2.07262	
16.595	11.4043	
15.5839	10.0595	
20.1984	10.4055	
14.6424	12.2489	
7.48626	3.24714	
22.3657	12.7499	
12.6301	14.2937	
22.1729	10.5372	
22.1221	10.939	
11.4189	8.21219	
12.8617	7.65966	
13.6484	8.94065	
3.5015	15.608	
15.7028	9.86519	
16.6633	11.5882	
7.45628	12.0311	
10.0785	6.25993	
19.3828	10.0094	
12.1772	9.73188	
21.3576	9.48674	
22.2817	10.024	
15.8239	9.57356	
13.3475	13.5852	
7.45628	12.0311	
12.8617	7.65966	
16.6793	11.8841	
18.3159	10.3222	
13.2616	7.84316	
21.9201	10.3583	
16.0047	11.7763	
13.7333	5.40906	
12.8211	13.4633	
9.53074	7.58102	
20.3053	9.98352	
13.6484	8.94065	
20.2982	2.23875	
10.2578	9.52356	
9.08015	7.64434	
20.6434	13.9153	
13.0203	7.49605	
13.6484	8.94065	
9.31239	7.86296	
13.0284	4.21742	
22.773	9.58108	
13.6484	8.94065	
24.0824	11.0764	
12.3421	7.89555	
20.1984	10.4055	
10.2578	9.52356	
19.4359	10.5867	
13.1203	13.7548	
13.3141	7.60208	
21.9201	10.3583	
19.8149	12.5531	
10.2578	9.52356	
13.2548	13.3318	
10.861	8.37153	
14.4735	2.61965	
19.4359	10.5867	
20.8159	2.5033	
12.3421	7.89555	
21.3121	12.928	
16.6633	11.5882	
9.84453	12.4141	
10.4439	12.5483	
8.02462	6.70874	
8.40827	15.7597	
9.88815	10.5617	
10.6458	12.1766	
7.3783	11.3977	
7.79308	7.15985	
8.04457	10.8497	
10.2578	9.52356	
9.68489	13.535	
9.8306	15.1512	
11.6127	8.65491	
10.8566	24.9918	
7.26738	16.5573	
9.46196	10.7312	
9.8637	14.2883	
8.02462	6.70874	
14.7283	23.0541	
7.18639	6.60047	
7.18639	6.60047	
9.37247	13.3469	
7.18639	6.60047	
10.7928	12.3584	
6.6936	6.95633	
9.37247	13.3469	
11.0096	22.8615	
10.0948	11.6498	
10.1876	12.331	
6.67115	16.4706	
9.05634	12.0434	
8.94088	12.2459	
7.18639	6.60047	
7.18639	6.60047	
7.18639	6.60047	
10.1876	12.331	
9.50705	10.4683	
10.1876	12.331	
9.64353	13.9264	
8.08816	15.4692	
9.86365	15.6122	
9.94279	14.5906	
7.61727	15.6155	
7.00548	16.4259	
8.40827	15.7597	
12.6912	8.07847	
11.8413	23.2192	
9.46479	11.2741	
6.88378	6.39844	
6.51562	16.0861	
8.02462	6.70874	
14.4727	21.4273	
10.6458	12.1766	
9.64198	15.9275	
8.62483	15.2969	
10.3437	11.6765	
7.00548	16.4259	
8.02462	6.70874	
10.2578	9.52356	
10.1876	12.331	
10.2578	9.52356	
10.1876	12.331	
8.97327	11.2146	
10.6458	12.1766	
9.46479	11.2741	
6.88378	6.39844	
1.37265	16.2946	
7.18639	6.60047	
6.50751	6.2034	
3.86127	16.0433	
10.1277	12.7238	
7.76032	15.384	
10.6458	12.1766	
6.58462	8.62276	
9.88815	10.5617	
7.18639	6.60047	
9.64218	11.6538	
8.17157	4.4957	
8.02462	6.70874	
8.09301	4.75451	
9.64353	13.9264	
5.9658	5.83841	
16.6753	26.5081	
9.73593	13.2243	
10.0444	14.2217	
10.2578	9.52356	
6.29061	16.0872	
11.4929	12.8826	
6.36382	6.526	
9.05634	12.0434	
14.3651	7.03776	
15.7005	3.02315	
14.5572	6.27878	
10.861	8.37153	
14.3539	6.68724	
7.8775	7.97877	
14.5572	6.27878	
10.861	8.37153	
15.3768	3.05918	
10.861	8.37153	
14.5572	6.27878	
14.5572	6.27878	
15.3559	4.1186	
14.5572	6.27878	
14.5572	6.27878	
13.6484	8.94065	
14.0384	8.03984	
14.3539	6.68724	
15.0168	6.23021	
11.2347	8.54637	
14.5572	6.27878	
14.5572	6.27878	
14.5572	6.27878	
10.861	8.37153	
10.861	8.37153	
11.5638	11.2828	
14.3539	6.68724	
13.6484	8.94065	
14.5572	6.27878	
14.5572	6.27878	
14.5572	6.27878	
10.861	8.37153	
11.879	11.8679	
14.5572	6.27878	
10.861	8.37153	
14.7613	1.70918	
11.1872	10.9465	
10.9776	11.2813	
14.5572	6.27878	
15.3745	6.25083	
14.5656	5.82486	
11.1061	11.1755	
14.5572	6.27878	
14.5572	6.27878	
15.0624	10.698	
14.3539	6.68724	
14.5572	6.27878	
14.5572	6.27878	
14.5572	6.27878	
14.5572	6.27878	
14.5572	6.27878	
10.861	8.37153	
14.0384	8.03984	
14.3539	6.68724	
14.5572	6.27878	
14.5572	6.27878	
11.1872	10.9465	
17.358	10.5444	
20.5758	0.00773279	
13.6484	8.94065	
10.861	8.37153	
14.5572	6.27878	
11.1061	11.1755	
14.5572	6.27878	
10.861	8.37153	
10.861	8.37153	
15.0168	6.23021	
15.7005	3.02315	
13.7914	8.48353	
10.861	8.37153	
11.1061	11.1755	
28.2732	11.001	
12.6912	8.07847	
15.0168	6.23021	
14.5572	6.27878	
14.5572	6.27878	
13.6484	8.94065	
10.861	8.37153	
14.5572	6.27878	
14.5572	6.27878	
14.5572	6.27878	
11.1872	10.9465	
14.3539	6.68724	
14.3539	6.68724	
11.2347	8.54637	
10.861	8.37153	
24.7837	11.5834	
15.0168	6.23021	
14.5572	6.27878	
13.6484	8.94065	
18.739	10.1513	
12.478	2.20914	
14.8246	4.8819	
12.4333	3.31595	
4.07837	14.5423	
11.9601	5.31151	
13.3544	4.75469	
20.941	-1.37558	
11.5511	2.01137	
12.1741	3.94864	
21.5512	8.56275	
12.5557	5.18543	
15.8467	5.34397	
14.1512	-2.21731	
11.324	4.44925	
21.5912	8.09006	
26.8794	6.78417	
19.557	9.43876	
14.8246	4.8819	
26.0456	4.49508	
12.7304	0.90666	
14.043	7.23603	
16.8937	8.68759	
15.1118	4.93868	
12.9976	5.62151	
12.9976	5.62151	
13.0187	2.82792	
25.8135	4.79792	
18.739	10.1513	
13.3484	2.4646	
8.73901	5.54565	
18.739	10.1513	
11.6266	4.71989	
17.8894	8.92566	
18.739	10.1513	
10.5707	9.11598	
15.3805	1.20371	
18.739	10.1513	
12.5557	5.18543	
24.3736	10.1505	
16.2012	4.93656	
23.7718	6.45323	
13.105	5.97465	
12.5557	5.18543	
17.8894	8.92566	
13.3184	5.20544	
12.4647	4.10177	
20.9012	12.2428	
11.9796	2.74454	
11.4284	0.801581	
17.5427	8.37574	
13.2833	3.16389	
21.7307	3.35639	
13.0284	4.21742	
10.8465	9.21915	
23.7718	6.45323	
14.5558	3.19541	
12.9976	5.62151	
15.6795	4.63195	
15.708	7.47755	
20.5864	12.2181	
8.31635	21.3682	
11.9601	5.31151	
17.7256	9.09797	
9.1412	15.6563	
17.7256	9.09797	
24.9832	4.62984	
23.3292	-0.557175	
6.40752	5.37085	
12.4333	3.31595	
14.5558	3.19541	
10.6569	9.41296	
19.4663	12.1892	
17.7229	11.1239	
17.6814	11.3533	
9.35676	5.28447	
12.5557	5.18543	
12.1741	3.94864	
14.0116	7.61512	
9.93885	5.40294	
12.5557	5.18543	
12.9976	5.62151	
12.266	1.47224	
17.5092	13.6179	
24.9235	5.56077	
22.7118	12.3137	
12.1996	0.270379	
17.3565	8.53863	
12.3659	3.08931	
12.9463	7.17708	
11.1392	27.2267	
9.64088	21.6836	
9.15172	1.80435	
8.94464	24.2146	
9.6295	2.03828	
9.12566	23.4688	
6.13988	25.9031	
11.6982	-1.15193	
8.04029	1.36017	
4.10669	22.8025	
13.011	-1.59224	
3.33905	22.5327	
6.67975	23.2468	
9.53664	27.5297	
6.24096	21.8403	
1.8063	14.7869	
9.65912	22.3051	
6.67975	23.2468	
8.81602	1.92685	
11.5442	26.2204	
6.46976	24.3007	
10.0925	21.5233	
4.71461	24.5619	
3.55839	23.7059	
10.0585	27.889	
13.2766	26.9738	
-0.0810431	12.9602	
21.6417	18.0008	
9.65912	22.3051	
6.00883	8.29871	
5.44828	24.1136	
7.4543	23.7118	
10.1797	3.41909	
10.4081	22.9786	
10.066	23.4445	
5.35939	22.6876	
3.19164	21.5588	
12.7025	-1.02526	
7.02543	12.1171	
10.4773	21.3228	
10.0965	3.16097	
7.67656	27.7222	
-0.0114507	8.24355	
8.1808	21.9842	
4.35217	21.3284	
7.90682	2.02357	
7.79309	26.48	
9.37865	27.0548	
-2.66964	12.7273	
4.96925	26.2484	
2.83089	23.4403	
8.73127	27.9059	
6.32637	27.4629	
8.09714	23.9877	
5.95408	23.6172	
8.1752	23.1792	
8.93947	26.1147	
6.90019	22.8325	
10.0585	27.889	
5.19602	22.9425	
6.86145	24.2318	
6.59949	22.5798	
-2.74775	14.5776	
14.3746	28.6752	
10.9868	27.9917	
9.97165	4.21892	
14.3203	27.6872	
9.23215	22.8089	
6.19975	22.7991	
11.6334	28.7008	
6.3446	23.4867	
12.4727	26.9393	
5.8725	23.2052	
9.81838	1.12517	
29.435	12.4861	
21.2678	17.678	
4.61012	23.0882	
14.9289	-1.31246	
5.75053	21.8809	
12.7034	28.0526	
7.16937	25.5542	
7.54218	22.2833	
8.07498	25.5676	
2.74951	25.8605	
15.7528	27.7753	
9.16793	25.0874	
10.4051	25.8789	
4.97295	21.8959	
8.81602	1.92685	
-1.09447	8.85587	
10.5757	0.670436	
12.4781	15.0556	
0.0368831	9.14365	
12.6191	14.7441	
23.4701	11.1317	
8.12769	15.0001	
3.99157	16.5746	
12.156	16.0198	
5.17518	18.7398	
22.7182	5.05515	
10.7823	14.6094	
11.9106	15.7597	
13.1334	19.8882	
23.5091	11.6041	
11.3363	14.7787	
23.4701	11.1317	
8.70373	11.3787	
11.9796	15.4131	
4.55804	19.4292	
12.156	16.0198	
11.2154	16.1496	
6.86655	11.6515	
3.34635	19.0448	
22.9156	13.1907	
11.8095	16.0834	
11.5301	15.2084	
12.1651	15.1092	
4.43941	15.8626	
11.8095	16.0834	
-1.31863	11.1137	
9.33363	18.4263	
12.4781	15.0556	
25.9125	12.8006	
9.33363	18.4263	
11.8095	16.0834	
15.6495	26.0424	
14.2354	20.6543	
15.8797	15.1894	
19.0541	13.5812	
9.66928	18.2446	
4.53408	16.1909	
10.7823	14.6094	
11.8095	16.0834	
11.8887	16.3982	
27.2985	12.8403	
11.2154	16.1496	
22.5584	12.0507	
4.65846	18.6458	
15.2449	16.1599	
22.8166	10.7417	
7.38324	21.601	
14.3118	22.006	
12.4781	15.0556	
21.6618	14.1819	
20.2473	12.7799	
23.1179	11.1502	
12.1651	15.1092	
9.33363	18.4263	
12.4758	18.6365	
22.7404	11.6334	
22.9156	13.1907	
24.1492	11.5358	
12.6191	14.7441	
10.6736	15.7022	
23.1179	11.1502	
12.4781	15.0556	
18.5379	12.3137	
12.4781	15.0556	
17.715	13.2653	
9.12269	11.7606	
20.4087	12.9685	
23.4701	11.1317	
24.3471	12.353	
11.8095	16.0834	
20.4087	12.9685	
24.2134	13.3887	
17.7	10.7266	
20.3076	14.8234	
11.7376	14.2348	
24.5743	12.8146	
8.86318	18.354	
11.8887	16.3982	
8.22543	18.1689	
12.4781	15.0556	
11.8887	16.3982	
23.1179	11.1502	
23.7031	13.4876	
26.1724	12.9139	
22.2976	3.19348	
12.4781	15.0556	
4.26292	14.0849	
9.94945	16.2544	
22.376	4.37141	
13.0802	11.1541	
6.01031	7.46201	
6.02878	9.99697	
3.5031	8.42506	
9.19619	5.93118	
5.96159	10.5038	
4.76914	13.0357	
4.86562	8.72548	
5.39797	13.8129	
18.9441	0.564797	
5.17105	14.8501	
4.57384	9.50863	
12.3763	13.5989	
16.2061	10.8283	
5.17105	14.8501	
5.39797	13.8129	
15.991	10.6431	
6.02878	9.99697	
4.36194	7.7862	
4.36194	7.7862	
5.60135	9.09251	
4.73639	8.99373	
7.2952	14.3232	
5.22713	9.78858	
4.00909	6.63114	
4.46844	8.07882	
4.9374	15.2023	
6.4183	9.77042	
18.8503	6.7509	
3.51908	7.9092	
5.68958	9.76535	
14.1935	17.4402	
6.02878	9.99697	
2.35878	6.42654	
1.53355	8.22829	
4.96233	11.4913	
4.21462	10.4487	
4.76914	13.0357	
3.14189	7.53606	
2.40829	7.06572	
15.5985	10.9721	
15.5985	10.9721	
18.8936	13.0898	
4.9374	15.2023	
12.0794	9.3208	
6.01031	7.46201	
7.71403	13.4999	
2.96634	6.34232	
3.37314	8.98579	
7.22413	13.9965	
13.4675	13.9587	
4.0772	10.8211	
4.35449	7.28711	
14.8309	12.9692	
15.5985	10.9721	
3.71814	10.2742	
2.1356	8.00575	
4.86562	8.72548	
2.99838	8.72641	
5.96159	10.5038	
13.808	16.9489	
4.47037	9.08764	
3.5031	8.42506	
5.41915	7.19447	
6.4183	9.77042	
6.81285	13.7118	
19.3617	13.3105	
5.41915	7.19447	
4.28339	8.72524	
4.36194	7.7862	
4.9374	15.2023	
2.87086	9.09702	
11.8851	14.6586	
3.46833	9.57638	
2.82253	7.67634	
2.99849	8.36819	
4.97677	8.02316	
3.51302	6.72226	
4.81389	6.76332	
4.08889	9.75246	
14.1935	17.4402	
14.1935	17.4402	
19.4302	6.98478	
4.86562	8.72548	
2.69499	8.42017	
5.82047	9.24409	
4.46844	8.07882	
12.4223	20.63	
7.13859	5.39508	
8.55985	11.7991	
13.1065	21.8836	
8.51624	12.1961	
12.8874	22.0879	
2.41789	14.1901	
18.3896	8.41487	
10.3046	13.5107	
18.3478	8.15381	
7.64091	4.03869	
9.21326	12.4397	
10.3046	13.5107	
10.3046	13.5107	
10.3046	13.5107	
12.0066	20.8422	
12.4889	21.1832	
9.68489	13.535	
10.8301	13.4003	
8.46213	6.98798	
9.80298	12.9895	
10.8301	13.4003	
13.0497	21.5442	
10.0858	11.9754	
10.8301	13.4003	
12.8874	22.0879	
8.01981	11.7528	
5.48396	18.418	
18.3896	8.41487	
11.542	22.4772	
12.3236	21.376	
8.40538	11.4321	
12.037	21.2162	
9.26535	12.8134	
12.8874	22.0879	
10.8301	13.4003	
13.1065	21.8836	
10.8301	13.4003	
12.3236	21.376	
8.31433	12.0301	
11.3891	21.1857	
10.3046	13.5107	
11.1571	22.0228	
8.46213	6.98798	
10.8301	13.4003	
2.71323	15.0124	
12.7688	20.9252	
10.3046	13.5107	
11.8653	21.4226	
5.96545	16.9833	
7.91175	12.2669	
8.51624	12.1961	
11.2997	13.3215	
9.40721	14.526	
10.7441	11.6157	
10.3046	13.5107	
12.3669	22.1727	
13.6928	21.537	
10.8301	13.4003	
8.31433	12.0301	
10.3046	13.5107	
8.81327	7.16305	
8.273	12.7812	
8.29867	3.94727	
9.84453	12.4141	
8.43425	5.06565	
7.32649	5.23339	
9.40721	14.526	
11.0092	21.5795	
14.8927	8.05132	
8.55985	11.7991	
12.0391	21.8451	
9.23212	13.1178	
8.97202	12.667	
7.07773	5.06776	
10.6622	12.951	
7.1214	1.49596	
8.89486	12.8005	
8.31433	12.0301	
10.3046	13.5107	
8.14717	12.2088	
9.68489	13.535	
9.9114	13.1665	
4.77928	17.2176	
11.7896	14.9551	
8.46213	6.98798	
13.3254	21.2264	
11.2351	20.6285	
10.093	18.6879	
11.2919	13.8816	
11.3363	14.7787	
1.11567	16.4798	
9.19088	21.4283	
5.76552	16.2329	
2.40816	18.2516	
9.80621	20.294	
19.8111	24.2553	
3.61187	17.6132	
0.860986	17.8969	
3.15395	18.1965	
1.99694	18.8522	
18.9772	23.929	
18.0028	23.9801	
11.5607	12.499	
18.4281	25.3207	
9.83974	20.8316	
12.1478	17.5227	
12.3946	19.9892	
9.87815	24.4252	
8.20195	20.5715	
16.0301	23.3725	
7.98091	19.6927	
7.65323	14.7046	
0.772175	15.4624	
12.5483	19.292	
10.4464	22.1898	
14.8112	16.9036	
-0.194103	17.6969	
5.33018	20.2499	
-0.530613	14.4888	
8.88262	20.4482	
1.51745	20.1042	
6.41721	17.0787	
0.117729	18.9721	
1.97811	20.011	
2.80962	19.718	
-0.837109	21.5605	
12.1854	13.0249	
0.854245	16.3012	
-1.46805	19.2678	
10.866	19.8423	
12.8306	12.7405	
7.00653	20.0737	
6.34245	19.4519	
24.4997	1.43487	
12.7014	19.5848	
5.95352	15.5133	
12.9191	19.4239	
11.833	19.8417	
12.1189	19.4542	
21.1121	24.5985	
12.2196	19.1747	
24.213	1.96576	
10.3269	15.442	
1.11567	16.4798	
0.0857129	16.4955	
4.72751	20.2806	
8.32006	19.7082	
7.97284	20.2068	
9.25015	20.8319	
14.4945	18.9257	
12.1854	13.0249	
1.65256	16.9606	
8.66641	14.2104	
5.08305	20.3771	
8.79016	19.7243	
16.9782	24.7578	
1.10026	19.3255	
3.08034	17.5841	
7.3151	20.1383	
16.8509	24.0693	
5.34431	21.0927	
12.1189	19.4542	
1.77853	18.2476	
17.6625	25.4943	
-2.32183	17.0364	
8.80378	13.8842	
1.79403	15.7304	
7.33001	14.6915	
7.92422	21.1059	
13.0623	18.8744	
9.25495	19.5763	
-0.893538	17.2238	
14.2832	16.6233	
2.01763	17.3119	
9.26855	20.3258	
7.12793	17.2119	
-0.922105	15.5139	
14.5964	16.3221	
8.53876	22.4636	
17.7229	11.1239	
10.9777	16.4488	
16.2705	8.17615	
23.2234	7.8336	
17.5027	11.6119	
19.5245	14.4864	
16.7338	0.817811	
18.0726	14.1336	
17.5036	13.1798	
12.5557	5.18543	
18.7543	13.9605	
17.7256	9.09797	
22.572	17.2382	
18.7543	13.9605	
18.3282	13.8716	
21.0939	14.6034	
23.3959	8.61412	
18.9769	14.3675	
22.0293	7.45167	
18.1838	12.6748	
12.0774	18.0472	
18.3997	13.4715	
20.0856	14.2951	
18.7543	13.9605	
16.7338	0.817811	
17.101	7.87107	
16.549	1.09383	
19.2337	9.19823	
18.7543	13.9605	
22.0293	7.45167	
17.3742	8.07771	
14.7823	14.4507	
11.922	18.6407	
17.7229	11.1239	
5.32126	10.873	
18.067	10.1891	
19.5245	14.4864	
21.2729	5.20898	
22.3045	7.24216	
17.5027	11.6119	
24.2539	16.202	
17.9021	13.5751	
19.3048	8.54392	
11.6127	18.7712	
17.1793	1.38655	
9.00789	16.107	
16.0084	0.892101	
14.7823	14.4507	
12.8039	16.7105	
16.2705	8.17615	
18.9769	14.3675	
14.7823	14.4507	
10.7268	16.4684	
23.1799	13.4686	
17.0337	8.16231	
19.0606	11.8507	
17.6916	12.5863	
18.216	11.2485	
17.4021	0.770605	
12.5488	17.1013	
6.375	10.2923	
18.3282	13.8716	
17.3316	6.21118	
22.3045	7.24216	
16.0835	10.1338	
17.3004	11.9506	
17.8023	11.7715	
19.5245	14.4864	
17.3316	6.21118	
18.3282	13.8716	
15.2706	13.8775	
8.21859	9.07262	
14.7823	14.4507	
18.0777	10.0383	
17.5027	11.6119	
7.44121	9.23606	
19.3987	11.4711	
16.549	1.09383	
17.5027	11.6119	
8.21859	9.07262	
7.89971	9.11554	
17.1793	1.38655	
18.3997	13.4715	
18.082	12.9975	
17.2248	11.18	
17.8341	12.3727	
20.2854	14.4287	
16.9077	14.1185	
17.3538	12.3559	
18.3997	13.4715	
15.2706	13.8775	
14.9182	15.2389	
16.0552	12.4313	
15.2706	13.8775	
18.082	12.9975	
19.9454	12.4434	
16.7726	14.5263	
17.7122	14.3785	
14.8792	17.9317	
17.047	13.9532	
15.8222	14.3867	
5.53007	15.8366	
18.1377	14.6548	
16.7726	14.5263	
15.8222	14.3867	
15.2706	13.8775	
13.7004	13.4115	
16.7726	14.5263	
18.2482	14.7562	
16.7726	14.5263	
15.8222	14.3867	
15.2706	13.8775	
16.7726	14.5263	
15.8222	14.3867	
16.7305	10.816	
15.8222	14.3867	
16.4495	15.124	
15.2706	13.8775	
15.5236	16.2976	
6.93513	12.7167	
17.7122	14.3785	
16.7726	14.5263	
15.2706	13.8775	
15.153	14.9116	
15.2706	13.8775	
16.7726	14.5263	
16.2991	14.2933	
19.3987	11.4711	
15.5423	14.9694	
16.7726	14.5263	
16.3125	12.3987	
15.6114	16.1453	
15.4596	12.1156	
16.0552	12.4313	
16.7726	14.5263	
16.7726	14.5263	
16.7726	14.5263	
16.7726	14.5263	
18.2482	14.7562	
15.8222	14.3867	
20.3187	10.6823	
16.2991	14.2933	
15.8222	14.3867	
16.0552	12.4313	
16.7726	14.5263	
16.2581	15.5284	
18.082	12.9975	
16.3125	12.3987	
16.7726	14.5263	
17.7122	14.3785	
15.153	14.9116	
18.4255	17.0196	
17.6916	12.5863	
14.7908	15.5838	
16.2991	14.2933	
15.6965	13.6129	
16.8349	12.376	
16.2859	10.4161	
16.7726	14.5263	
14.9114	19.9007	
14.7908	15.5838	
9.5088	8.57354	
14.1433	14.3153	
16.2991	14.2933	
16.6932	10.5964	
16.7726	14.5263	
17.7122	14.3785	
16.2991	14.2933	
14.7794	18.4622	
14.7804	15.2479	
16.8349	12.376	
15.8222	14.3867	
16.7726	14.5263	
15.8222	14.3867	
16.7726	14.5263	
15.8222	14.3867	
16.7726	14.5263	
16.7726	14.5263	
15.8222	14.3867	
16.2991	14.2933	
12.7209	9.22668	
13.7914	8.48353	
16.8035	7.33263	
14.8485	9.75476	
15.364	5.51123	
10.1106	8.41266	
13.9694	11.2407	
16.6674	3.11623	
14.3419	11.0849	
12.6247	10.8821	
13.7914	8.48353	
12.7209	9.22668	
14.3419	11.0849	
13.8856	4.86172	
16.8035	7.33263	
1.6594	13.9742	
16.854	4.67291	
17.752	5.06962	
12.7209	9.22668	
12.0794	9.3208	
13.2175	9.34082	
15.9285	6.01049	
14.3419	11.0849	
16.854	4.67291	
14.9828	4.17335	
12.0794	9.3208	
13.7914	8.48353	
17.224	5.15788	
13.5193	1.3459	
12.7209	9.22668	
7.31778	13.3591	
4.88847	10.4767	
12.7209	9.22668	
15.9725	2.06856	
13.7914	8.48353	
13.7914	8.48353	
16.854	4.67291	
16.5474	2.51536	
11.2981	7.72434	
17.0617	3.83605	
12.7209	9.22668	
17.0965	5.75336	
12.6109	9.59275	
12.0794	9.3208	
11.5294	9.00216	
12.6109	9.59275	
13.8856	4.86172	
14.7701	11.6878	
13.9694	11.2407	
11.3276	12.2316	
13.7914	8.48353	
13.6994	9.38912	
14.125	12.532	
14.0456	5.62644	
10.8465	9.21915	
15.9878	4.27741	
6.11237	11.7401	
13.7028	13.9692	
15.7375	6.32773	
14.2418	11.4709	
13.6484	8.94065	
12.7209	9.22668	
12.834	10.6308	
16.6674	3.11623	
16.854	4.67291	
15.4391	9.55242	
14.2418	11.4709	
12.6109	9.59275	
15.7253	5.05408	
11.4522	11.7498	
16.441	8.99323	
14.9526	11.3571	
16.5689	8.83594	
4.60636	11.0189	
12.7209	9.22668	
13.1135	8.86954	
12.834	10.6308	
12.6109	9.59275	
4.88847	10.4767	
1.28899	13.9925	
12.7209	9.22668	
14.3237	4.44793	
16.7172	10.0407	
17.752	5.06962	
12.7209	9.22668	
11.4334	9.4566	
12.834	10.6308	
12.0794	9.3208	
12.16	11.2143	
12.7209	9.22668	
13.438	12.9963	
10.8992	9.9431	
13.0802	11.1541	
12.5505	9.94646	
11.5944	10.0534	
9.60599	5.69046	
12.0794	9.3208	
15.0452	10.1816	
13.6593	11.5717	
15.008	16.6451	
13.9694	11.2407	
12.5505	9.94646	
16.9077	14.1185	
13.5578	12.1667	
12.6109	9.59275	
13.0802	11.1541	
13.9694	11.2407	
12.5505	9.94646	
12.0794	9.3208	
11.1431	9.86999	
13.6484	8.94065	
8.48339	8.1988	
14.2418	11.4709	
13.435	11.1805	
12.2705	10.9967	
14.8748	10.3876	
10.7223	9.78962	
11.1431	9.86999	
12.5505	9.94646	
13.6593	11.5717	
11.1431	9.86999	
11.1431	9.86999	
14.6028	10.4924	
9.46389	7.04315	
13.8314	13.1314	
14.2418	11.4709	
13.9694	11.2407	
13.6593	11.5717	
12.5505	9.94646	
12.5505	9.94646	
13.6593	11.5717	
12.6912	8.07847	
8.48339	8.1988	
11.2373	9.29533	
12.0794	9.3208	
13.6593	11.5717	
13.6593	11.5717	
13.6593	11.5717	
10.6942	18.9761	
13.9694	11.2407	
13.435	11.1805	
14.1365	12.2758	
13.6593	11.5717	
12.5505	9.94646	
15.008	16.6451	
14.6028	10.4924	
13.5578	12.1667	
11.2373	9.29533	
13.6593	11.5717	
13.6151	10.7759	
15.2421	16.7944	
13.435	11.1805	
13.6593	11.5717	
15.4311	15.3962	
13.0802	11.1541	
15.0047	14.6687	
14.2418	11.4709	
11.0888	9.54481	
13.435	11.1805	
13.5578	12.1667	
12.5505	9.94646	
13.6593	11.5717	
10.8298	10.2081	
12.0683	8.8903	
12.0794	9.3208	
12.5505	9.94646	
9.9091	9.44616	
13.6593	11.5717	
12.5505	9.94646	
13.6994	9.38912	
13.6593	11.5717	
12.5505	9.94646	
13.934	11.8414	
9.46389	7.04315	
13.6994	9.38912	
11.1367	18.7473	
13.6593	11.5717	
12.0794	9.3208	
10.8298	10.2081	
14.0513	9.71809	
21.5327	12.4539	
18.6306	2.21667	
18.5259	3.70923	
20.9673	8.91509	
20.7388	6.57619	
16.0594	7.05129	
18.7148	4.31029	
14.8485	9.75476	
20.8993	10.3519	
19.7707	4.50394	
18.7148	4.31029	
16.119	6.65866	
27.3856	9.38674	
6.51928	12.0918	
20.8993	10.3519	
14.7409	8.75676	
23.4163	9.70315	
20.8533	8.61589	
9.14527	10.5004	
17.3977	3.47386	
16.119	6.65866	
7.96817	14.4419	
17.3977	3.47386	
19.019	1.80528	
20.5463	9.51852	
20.3053	9.98352	
23.2369	10.2197	
8.60198	10.3538	
22.1974	13.3802	
19.3828	10.0094	
19.8788	13.3246	
18.5259	3.70923	
16.8136	9.60747	
18.2792	1.95674	
20.3053	9.98352	
8.82015	6.71784	
20.9798	13.15	
19.0859	3.02582	
14.7409	8.75676	
8.74219	10.2891	
3.83554	13.492	
16.3113	11.25	
19.0859	3.02582	
16.8136	9.60747	
16.0594	7.05129	
21.3279	10.0626	
20.3053	9.98352	
9.50705	10.4683	
18.5999	2.55389	
17.9134	4.19467	
18.7418	9.51259	
17.9658	3.65826	
20.3053	9.98352	
16.8136	9.60747	
21.3121	12.928	
20.1037	9.15165	
20.8599	9.22841	
10.7352	18.5925	
19.2594	4.46528	
18.7418	9.51259	
21.3121	12.928	
20.8993	10.3519	
9.0736	14.8111	
17.213	2.48186	
15.5956	6.66807	
14.7409	8.75676	
15.399	7.8125	
19.9764	7.95365	
20.2459	11.1845	
14.7409	8.75676	
16.8136	9.60747	
13.2395	12.8845	
18.2906	9.16997	
17.9658	3.65826	
23.4205	12.577	
21.3279	10.0626	
19.2594	4.46528	
19.5263	1.69533	
21.332	11.2581	
18.2865	4.63588	
5.41832	12.9038	
19.8788	13.3246	
20.8993	10.3519	
16.8136	9.60747	
15.0173	8.56234	
21.2189	12.4475	
17.9658	3.65826	
16.8638	9.18845	
19.2594	4.46528	
18.7418	9.51259	
4.15712	1.22082	
5.04533	4.92818	
10.0447	-0.158031	
2.57948	5.38291	
9.06352	-0.101304	
5.72913	3.91313	
1.34136	4.11915	
5.04533	4.92818	
4.13179	5.22932	
4.30608	4.6338	
5.8037	-0.826571	
3.90804	5.6212	
8.22291	-1.18627	
-0.837811	4.96545	
11.3585	-3.17176	
1.36637	2.91823	
5.04533	4.92818	
11.0003	1.46008	
8.49889	-1.17415	
5.24897	1.23549	
10.869	-1.19121	
14.9376	-3.31206	
11.5224	-2.3209	
6.58947	3.57561	
9.44872	-1.36667	
9.44872	-1.36667	
9.84397	-3.15791	
3.19376	2.1034	
3.10845	-1.11629	
1.62808	4.30616	
6.72582	2.46349	
8.3776	-2.09609	
0.0276527	1.55338	
5.72804	2.41092	
13.3885	0.416262	
6.58947	3.57561	
11.3731	-0.219137	
3.92739	2.95628	
9.72949	-1.35661	
16.923	-3.50332	
4.94538	5.73397	
6.51399	-0.968143	
2.34932	0.625601	
14.4582	-0.634648	
6.45613	0.648833	
-3.06294	6.62795	
5.94101	1.68448	
0.756115	1.01002	
4.66468	5.94756	
15.3893	-5.15408	
13.8976	2.08848	
13.3903	-0.337723	
13.3472	-4.37685	
0.167303	4.7822	
6.72582	2.46349	
6.40482	4.07949	
-0.0538336	6.39608	
3.24327	0.89781	
4.06185	-1.73571	
5.02552	3.78565	
3.12268	5.02492	
8.1567	-0.0578917	
-1.21537	6.71326	
5.22987	3.13414	
11.0946	-5.1834	
2.66284	4.36767	
2.6123	3.49779	
14.22	0.328468	
3.90804	5.6212	
1.13193	6.02081	
5.76856	-1.73899	
7.30773	-2.92839	
5.13195	0.207566	
18.4947	-3.00722	
5.3389	5.30399	
12.971	-2.8166	
6.19405	3.18562	
5.15309	6.18529	
4.26106	-0.00546188	
3.13512	0.108132	
3.64582	4.20781	
7.41742	0.0562506	
8.82468	0.892761	
5.46144	6.45583	
5.4171	5.57643	
6.96014	4.05397	
6.58947	3.57561	
9.86115	-2.28044	
4.64478	2.48032	
6.06932	-4.34418	
15.9438	11.0095	
11.7426	6.34922	
17.0838	14.93	
19.0941	17.5079	
14.6619	9.52041	
10.6191	5.61653	
10.71	5.04642	
12.0293	6.7137	
19.0941	17.5079	
21.2787	18.9135	
12.17	7.07427	
17.2693	16.0186	
18.9936	15.7497	
18.7567	17.5357	
17.2119	15.4618	
11.7426	6.34922	
12.0293	6.7137	
12.4238	6.53089	
13.1242	8.34378	
12.0293	6.7137	
14.6619	9.52041	
18.6131	17.8224	
11.7426	6.34922	
11.0063	4.98199	
17.0838	14.93	
19.5661	16.9147	
19.0941	17.5079	
11.7426	6.34922	
12.0293	6.7137	
11.7426	6.34922	
14.6619	9.52041	
17.0838	14.93	
11.7426	6.34922	
12.0293	6.7137	
12.4238	6.53089	
19.0941	17.5079	
15.9438	11.0095	
19.0941	17.5079	
12.4238	6.53089	
11.7426	6.34922	
11.7426	6.34922	
14.6619	9.52041	
11.7426	6.34922	
17.0838	14.93	
10.6191	5.61653	
12.0293	6.7137	
15.0452	10.1816	
13.6484	8.94065	
12.0293	6.7137	
19.0941	17.5079	
11.7426	6.34922	
16.1605	11.8913	
22.7926	16.8587	
10.4182	5.26265	
19.0941	17.5079	
12.0293	6.7137	
13.1242	8.34378	
17.2119	15.4618	
10.572	5.96769	
12.0293	6.7137	
14.3176	9.31394	
19.969	15.3122	
12.0293	6.7137	
12.4238	6.53089	
19.0941	17.5079	
10.9036	5.4362	
10.9036	5.4362	
19.0941	17.5079	
10.9036	5.4362	
12.4238	6.53089	
19.969	15.3122	
11.7426	6.34922	
17.2119	15.4618	
18.6131	17.8224	
12.0293	6.7137	
12.4238	6.53089	
13.1242	8.34378	
17.2791	13.8455	
19.0941	17.5079	
11.7426	6.34922	
17.627	15.9463	
9.82019	14.7399	
11.7426	6.34922	
11.3431	10.6599	
14.6619	9.52041	
11.7426	6.34922	
11.7426	6.34922	
11.7426	6.34922	
12.0293	6.7137	
19.0941	17.5079	
16.8136	9.60747	
15.1413	11.7075	
16.7726	14.5263	
14.9526	11.3571	
15.8222	14.3867	
16.7726	14.5263	
17.3866	10.0519	
15.1408	19.3246	
15.2244	8.76343	
12.9126	8.8114	
17.3866	10.0519	
16.9708	17.2876	
16.8505	16.4695	
16.4929	16.3825	
15.8222	14.3867	
16.7172	10.0407	
17.2248	11.18	
16.8193	13.4241	
15.6332	13.9725	
14.7908	15.5838	
14.1419	16.0232	
16.8193	13.4241	
15.4066	11.7259	
16.4495	15.124	
14.3082	15.5227	
17.3866	10.0519	
16.1486	13.4383	
14.3068	15.1458	
14.2459	13.5018	
16.2748	9.19657	
14.3185	13.8588	
21.5518	11.826	
2.03228	11.7971	
15.4391	9.55242	
17.6638	9.58167	
15.6332	13.9725	
14.6428	13.6947	
13.6151	10.7759	
17.989	9.63987	
14.9526	11.3571	
16.8136	9.60747	
17.3866	10.0519	
15.2299	11.8707	
16.9077	14.1185	
17.3866	10.0519	
18.8849	15.2694	
14.3419	11.0849	
13.435	11.1805	
19.0942	18.9137	
14.315	8.67001	
17.3208	16.9485	
15.4249	7.22441	
14.4567	15.7878	
17.2653	9.28299	
13.9165	14.2483	
14.6619	9.52041	
15.6667	7.06883	
15.8797	15.1894	
10.4201	11.2199	
19.6255	13.0429	
15.2244	8.76343	
16.3485	13.7748	
12.7388	13.9287	
17.3866	10.0519	
17.0838	14.93	
16.2654	13.1751	
13.6994	9.38912	
16.4495	15.124	
15.4066	11.7259	
13.0924	14.0731	
17.3866	10.0519	
16.2654	13.1751	
14.0513	9.71809	
15.8222	14.3867	
14.4058	11.9253	
14.5769	13.1917	
16.8193	13.4241	
9.71455	9.73039	
16.2654	13.1751	
16.2654	13.1751	
15.6126	11.9101	
14.7701	11.6878	
14.9526	11.3571	
15.4391	9.55242	
16.2654	13.1751	
16.3485	13.7748	
15.8768	15.6137	
18.7382	16.2643	
21.3213	1.10036	
16.5845	16.1841	
13.4745	15.3858	
14.4058	11.9253	
7.36242	7.52645	
13.627	14.7852	
13.627	14.7852	
6.87795	14.9995	
7.65447	12.6955	
7.02689	15.5261	
11.1431	9.86999	
13.3622	15.9236	
9.84754	8.99242	
6.87795	14.9995	
6.08446	13.7297	
9.84754	8.99242	
9.03719	9.11785	
13.6663	13.001	
13.7174	12.5759	
7.02689	15.5261	
13.627	14.7852	
13.627	14.7852	
13.938	13.7053	
12.9338	15.7834	
11.5944	10.0534	
13.6663	13.001	
9.74979	17.5276	
13.627	14.7852	
13.1054	14.8465	
10.1265	17.3335	
11.3552	10.438	
13.4745	15.3858	
9.70088	16.7796	
13.4745	15.3858	
12.9338	15.7834	
13.7174	12.5759	
8.64418	16.0316	
9.62718	16.2149	
13.627	14.7852	
8.96732	16.6268	
13.7174	12.5759	
9.70088	16.7796	
12.9338	15.7834	
20.7001	11.4943	
10.4748	8.34449	
9.27468	16.6915	
13.4745	15.3858	
13.7618	16.213	
7.02689	15.5261	
8.1049	8.71311	
9.03719	9.11785	
9.03719	9.11785	
9.74979	17.5276	
13.984	19.6076	
11.5944	10.0534	
13.2764	15.6439	
13.7174	12.5759	
13.7618	16.213	
7.37679	12.9215	
12.6032	15.692	
11.4404	16.7324	
20.7001	11.4943	
13.5578	12.1667	
13.938	13.7053	
13.627	14.7852	
9.03719	9.11785	
10.2537	17.1466	
12.9261	14.9203	
6.38826	15.3136	
12.9338	15.7834	
13.3622	15.9236	
7.02689	15.5261	
13.7174	12.5759	
7.32037	15.9225	
10.4748	8.34449	
6.93819	10.4649	
7.90211	16.3592	
13.3622	15.9236	
12.44	16.4222	
13.627	14.7852	
9.74979	17.5276	
9.9901	8.00557	
14.6028	10.4924	
8.21859	9.07262	
12.9338	15.7834	
13.627	14.7852	
10.1984	10.2127	
13.627	14.7852	
10.2211	16.6795	
13.4745	15.3858	
7.53788	12.5307	
9.54272	16.4925	
16.4516	12.6578	
13.7914	8.48353	
13.8686	6.47195	
18.0689	10.6724	
13.7914	8.48353	
18.7418	9.51259	
14.5649	7.76908	
12.7209	9.22668	
16.1198	8.82319	
16.4516	12.6578	
13.8686	6.47195	
13.7914	8.48353	
14.0116	7.61512	
13.7914	8.48353	
12.7209	9.22668	
14.8348	7.01423	
13.7914	8.48353	
13.7914	8.48353	
13.7914	8.48353	
14.8348	7.01423	
14.0116	7.61512	
14.0116	7.61512	
16.4516	12.6578	
13.7914	8.48353	
14.0116	7.61512	
18.7418	9.51259	
12.834	10.6308	
13.7914	8.48353	
13.7914	8.48353	
14.5649	7.76908	
13.7914	8.48353	
13.7914	8.48353	
13.7914	8.48353	
14.8348	7.01423	
14.0116	7.61512	
13.7914	8.48353	
14.5649	7.76908	
13.7914	8.48353	
13.7914	8.48353	
13.7914	8.48353	
12.0794	9.3208	
15.6403	8.11017	
14.5649	7.76908	
14.0116	7.61512	
11.2981	7.72434	
16.7869	6.97045	
13.7914	8.48353	
18.7418	9.51259	
14.0116	7.61512	
13.7914	8.48353	
14.0116	7.61512	
13.8686	6.47195	
13.7914	8.48353	
13.7914	8.48353	
13.8686	6.47195	
14.0116	7.61512	
13.7914	8.48353	
13.7914	8.48353	
14.7409	8.75676	
13.8686	6.47195	
14.8348	7.01423	
14.5649	7.76908	
16.4516	12.6578	
19.6769	8.59112	
16.4516	12.6578	
13.7914	8.48353	
13.7914	8.48353	
14.0116	7.61512	
12.7209	9.22668	
13.7914	8.48353	
12.7209	9.22668	
13.7914	8.48353	
13.7914	8.48353	
13.7914	8.48353	
14.0116	7.61512	
11.2981	7.72434	
13.7914	8.48353	
15.7375	6.32773	
12.7209	9.22668	
15.399	7.8125	
13.7914	8.48353	
13.7914	8.48353	
14.0116	7.61512	
15.7323	9.11351	
15.4391	9.55242	
13.7914	8.48353	
13.7914	8.48353	
8.17017	13.2193	
13.7914	8.48353	
15.9369	16.0662	
18.4273	5.44323	
15.7313	20.7802	
16.1478	11.5786	
17.0535	5.33017	
16.891	15.9147	
18.1088	15.8815	
18.3718	7.3723	
19.2203	6.25523	
19.5545	3.66818	
7.86429	14.0238	
11.5288	13.5915	
8.91173	15.3231	
17.883	7.27784	
23.5911	14.435	
15.7313	20.7802	
19.0889	5.55841	
15.6013	19.9057	
16.0837	19.4771	
17.8167	15.0032	
19.2203	6.25523	
23.2546	14.3655	
17.883	7.27784	
14.6367	3.93087	
18.1612	7.30646	
7.97593	17.1755	
8.43573	17.2443	
18.2938	15.6479	
8.20636	14.1506	
23.8767	14.1477	
4.69598	12.0035	
8.43573	17.2443	
23.2553	5.52624	
18.2938	15.6479	
7.97593	17.1755	
7.86429	14.0238	
8.20636	14.1506	
15.4693	21.4306	
5.46316	17.0683	
15.4693	21.4306	
15.34	20.24	
7.97593	17.1755	
23.2546	14.3655	
19.0889	5.55841	
14.3618	20.0058	
17.883	7.27784	
17.883	7.27784	
17.5626	15.4347	
15.7313	20.7802	
15.6013	19.9057	
19.0889	5.55841	
18.8079	5.76507	
15.7313	20.7802	
18.2938	15.6479	
21.8582	12.0221	
21.8736	13.7686	
18.5337	7.53525	
15.7313	20.7802	
19.0889	5.55841	
15.4693	21.4306	
13.8969	3.59504	
16.8745	20.3961	
16.6726	20.326	
15.7313	20.7802	
16.2654	13.1751	
18.5337	7.53525	
15.1486	20.6683	
16.1747	20.2998	
15.667	10.6327	
17.3126	16.2547	
18.084	7.80971	
18.8079	5.76507	
18.8079	5.76507	
8.28933	16.6715	
22.5346	14.2323	
19.2203	6.25523	
16.891	15.9147	
16.4048	21.3203	
17.5688	4.56797	
7.97593	17.1755	
17.6085	7.63438	
17.883	7.27784	
8.64575	16.6727	
20.8911	15.516	
16.1747	20.2998	
18.4273	5.44323	
17.6085	7.63438	
18.551	8.06564	
18.5337	7.53525	
16.7471	21.0102	
15.1486	20.6683	
14.2771	1.22212	
19.2742	7.36873	
14.074	12.8186	
16.6325	6.80687	
20.2685	0.937901	
14.6997	5.0726	
21.8834	2.24762	
17.1258	6.57889	
17.6474	6.72665	
18.7418	9.51259	
19.2742	7.36873	
15.6574	3.62892	
17.1258	6.57889	
15.6668	8.66911	
20.3053	9.98352	
22.0266	9.0037	
21.668	9.50947	
20.1933	16.1827	
17.6474	6.72665	
18.7418	9.51259	
19.3828	10.0094	
22.0101	12.8856	
16.4621	3.61364	
19.9403	8.45385	
21.668	9.50947	
12.834	10.6308	
15.1167	3.66827	
20.4214	16.5451	
20.3053	9.98352	
20.3053	9.98352	
19.876	6.74565	
18.5134	6.72837	
14.9497	12.3336	
26.797	11.5484	
14.9497	12.3336	
17.2219	7.17638	
22.1541	9.3497	
19.3828	10.0094	
18.5134	6.72837	
19.5096	10.9714	
21.2636	1.92904	
18.7418	9.51259	
26.797	11.5484	
20.1315	2.95592	
18.5134	6.72837	
20.3053	9.98352	
20.3053	9.98352	
15.4254	4.99973	
19.3224	8.23788	
21.049	3.69029	
14.9497	12.3336	
1.0854	7.20254	
17.6474	6.72665	
16.6274	5.25287	
19.7085	7.63266	
19.6609	9.18587	
20.1715	5.08849	
20.61	7.61397	
16.4621	3.61364	
20.5112	4.40605	
19.3828	10.0094	
20.128	7.12054	
21.3121	12.928	
18.7418	9.51259	
19.1232	7.86096	
20.492	5.21848	
20.3141	9.11769	
14.1712	0.929706	
19.6609	9.18587	
19.2742	7.36873	
16.4185	5.71114	
18.739	10.1513	
19.2742	7.36873	
19.6609	9.18587	
19.8188	2.46781	
18.7418	9.51259	
23.7621	12.2907	
20.61	7.61397	
20.61	7.61397	
15.1234	4.52393	
16.7985	6.40393	
22.3571	9.61528	
21.331	13.9037	
20.61	7.61397	
22.0598	5.3902	
16.4754	4.0872	
20.1315	2.95592	
20.7427	3.36602	
22.1975	5.67631	
19.2742	7.36873	
20.5281	8.38657	
16.1229	16.0149	
5.41732	11.85	
5.45609	11.526	
5.98467	12.4136	
14.7938	17.19	
8.28287	10.1346	
14.2154	4.06031	
16.2825	5.9326	
14.2154	4.06031	
5.55873	12.2956	
7.17068	11.2465	
17.3977	3.47386	
6.83099	13.0684	
7.24793	10.8375	
6.2761	12.8139	
5.6404	10.947	
5.55873	12.2956	
5.70403	11.2835	
6.70049	10.9448	
9.14527	10.5004	
17.9957	5.71774	
21.7104	6.78134	
20.9426	6.8556	
8.32052	5.90919	
6.00762	13.0927	
7.58734	11.0447	
17.3977	3.47386	
5.98467	12.4136	
8.28287	10.1346	
20.8991	6.34635	
21.9717	6.20352	
14.2154	4.06031	
17.8133	6.31758	
7.82612	5.96519	
6.38769	13.9133	
6.2761	12.8139	
20.9426	6.8556	
5.55873	12.2956	
10.2652	5.8314	
6.00762	13.0927	
15.0954	17.3696	
14.2154	4.06031	
7.17068	11.2465	
5.70403	11.2835	
15.8432	4.03212	
5.6404	10.947	
17.3316	6.21118	
9.14527	10.5004	
5.8467	14.5471	
14.8485	9.75476	
6.93819	10.4649	
18.9224	14.7552	
15.2338	8.61288	
7.85126	16.0209	
17.9957	5.71774	
9.46978	10.0251	
5.09206	13.4163	
7.97764	10.2222	
6.41349	11.0227	
8.49966	10.9616	
21.207	4.67232	
13.7516	19.9505	
14.6336	17.4498	
9.14527	10.5004	
13.7516	19.9505	
15.4604	15.6073	
21.4381	7.48747	
5.98467	12.4136	
8.49966	10.9616	
18.0809	3.09335	
5.76934	14.8896	
6.54474	11.2926	
7.17068	11.2465	
17.3813	2.957	
8.28287	10.1346	
5.98467	12.4136	
21.5295	6.34401	
15.6403	8.11017	
7.58734	11.0447	
19.8218	5.35849	
14.9658	20.202	
5.5126	9.32995	
19.3048	8.54392	
17.8133	6.31758	
16.4441	15.6362	
10.638	10.9433	
8.44047	9.50308	
14.456	19.4476	
20.128	7.12054	
13.6263	10.2818	
14.3176	9.31394	
16.6115	18.6079	
8.89144	8.27393	
16.2222	17.2231	
16.6467	22.5761	
26.6038	7.99771	
12.8514	12.0913	
16.5625	18.0211	
16.9708	17.2876	
26.4009	8.9519	
17.3852	17.5358	
16.5625	18.0211	
17.3875	18.7846	
14.3176	9.31394	
24.8112	9.67539	
17.2693	16.0186	
16.6681	17.6017	
9.82399	4.7557	
16.5625	18.0211	
17.1564	18.5833	
16.9708	17.2876	
15.7843	18.3183	
16.221	17.8902	
13.6263	10.2818	
17.3875	18.7846	
16.9708	17.2876	
12.3793	12.478	
15.7843	18.3183	
17.8049	16.7879	
13.6263	10.2818	
16.5625	18.0211	
16.6115	18.6079	
15.4313	12.3427	
18.094	18.2679	
13.1425	10.3561	
13.6263	10.2818	
15.6453	22.5304	
16.9708	17.2876	
16.0907	16.8711	
15.4475	10.415	
11.0888	9.54481	
17.0267	16.7498	
13.6263	10.2818	
15.4468	18.7726	
15.7843	18.3183	
10.8177	6.52107	
17.5182	19.1384	
14.3176	9.31394	
18.1496	19.1428	
13.1425	10.3561	
16.6484	16.7907	
18.038	16.5981	
13.6263	10.2818	
15.5255	18.1069	
15.5255	18.1069	
16.9708	17.2876	
12.6393	17.7006	
16.6467	22.5761	
16.5625	18.0211	
8.89144	8.27393	
16.0907	16.8711	
17.2252	19.4558	
14.3176	9.31394	
13.6263	10.2818	
16.5625	18.0211	
17.8509	18.1719	
16.5625	18.0211	
16.9708	17.2876	
18.1496	19.1428	
17.358	23.0576	
17.6958	17.7796	
16.999	16.9998	
16.5625	18.0211	
16.091	18.6718	
17.8049	16.7879	
17.8509	18.1719	
15.9306	17.5067	
25.6936	5.89279	
13.1425	10.3561	
14.3176	9.31394	
15.5096	10.6373	
16.9708	17.2876	
16.5625	18.0211	
15.4468	18.7726	
15.5255	18.1069	
10.8177	6.52107	
17.8509	18.1719	
16.6467	19.1835	
16.5625	18.0211	
8.53986	17.6312	
21.6239	4.67256	
12.133	8.29617	
12.3421	7.89555	
19.5096	10.9714	
12.3093	7.51895	
20.2925	8.45092	
11.8565	7.56354	
8.44047	9.50308	
11.8565	7.56354	
18.4642	12.5577	
12.133	8.29617	
17.8023	11.7715	
12.133	8.29617	
8.97061	16.9063	
16.2705	8.17615	
17.8023	11.7715	
18.4642	12.5577	
18.6681	10.6021	
12.16	11.2143	
17.8023	11.7715	
18.8326	10.9699	
18.3971	10.8581	
11.8444	10.4175	
19.5096	10.9714	
10.5144	7.49238	
10.5144	7.49238	
6.49787	13.3105	
19.2339	12.6172	
19.5096	10.9714	
11.9731	7.97959	
8.21859	9.07262	
18.7034	12.1027	
18.3971	10.8581	
18.3971	10.8581	
10.5144	7.49238	
9.00955	17.7673	
12.117	10.375	
20.5308	11.0993	
11.9731	7.97959	
10.8907	7.30766	
8.44047	9.50308	
4.65365	13.794	
4.97687	12.3104	
11.8565	7.56354	
18.6681	10.6021	
18.7034	12.1027	
18.4642	12.5577	
8.44047	9.50308	
13.6994	9.38912	
10.5144	7.49238	
18.5366	15.0553	
18.8326	10.9699	
20.0298	11.9669	
19.5096	10.9714	
10.3756	7.78546	
18.3971	10.8581	
18.4642	12.5577	
18.3971	10.8581	
10.5144	7.49238	
18.2917	11.7867	
12.2825	7.38284	
19.5096	10.9714	
18.8326	10.9699	
18.7034	12.1027	
8.79634	17.2672	
20.5308	11.0993	
19.5096	10.9714	
8.44047	9.50308	
13.6994	9.38912	
18.867	8.60307	
18.7034	12.1027	
16.0835	10.1338	
7.81669	10.3931	
18.2917	11.7867	
16.1557	7.76072	
19.5096	10.9714	
9.7268	8.49146	
11.9731	7.97959	
19.5096	10.9714	
10.0058	6.87282	
16.1557	7.76072	
15.9806	8.25605	
19.3987	11.4711	
16.2705	8.17615	
13.9491	15.4971	
12.2825	7.38284	
18.2917	11.7867	
18.6681	10.6021	
18.2917	11.7867	
5.76091	14.2876	
17.097	12.8921	
9.9091	9.44616	
11.2981	7.72434	
10.0058	6.87282	
9.7268	8.49146	
13.6994	9.38912	
13.6994	9.38912	
6.74217	12.8459	
20.619	13.4758	
10.2684	9.24241	
14.2644	10.0308	
12.117	10.375	
15.1647	13.5721	
14.1433	14.3153	
20.619	13.4758	
10.689	18.2882	
11.1431	9.86999	
12.6069	11.4127	
11.2373	9.29533	
15.0452	10.1816	
14.6028	10.4924	
16.1557	7.76072	
14.6619	9.52041	
19.6987	12.9157	
14.5225	13.3068	
12.16	11.2143	
12.117	10.375	
11.1431	9.86999	
13.3813	17.2046	
13.3813	17.2046	
18.2865	4.63588	
14.2644	10.0308	
15.2706	13.8775	
13.6994	9.38912	
15.2706	13.8775	
13.2396	16.4994	
21.1872	13.3584	
13.1789	17.6804	
10.2684	9.24241	
12.117	10.375	
12.7955	8.43325	
12.6069	11.4127	
12.6069	11.4127	
23.8124	4.92372	
12.6069	11.4127	
13.1336	17.3968	
9.07364	9.76597	
9.71455	9.73039	
11.0254	17.9197	
8.79685	4.38775	
14.8485	9.75476	
20.7001	11.4943	
11.0254	17.9197	
12.117	10.375	
6.0689	14.7555	
13.6994	9.38912	
9.46978	10.0251	
13.6994	9.38912	
11.0254	17.9197	
6.37277	14.4913	
6.76548	14.2022	
12.6069	11.4127	
12.7955	8.43325	
7.94401	5.47852	
20.3452	15.0943	
13.6994	9.38912	
9.05278	6.2305	
13.7914	8.48353	
9.46978	10.0251	
9.46978	10.0251	
14.2644	10.0308	
10.5627	17.5988	
11.1523	19.0348	
13.6994	9.38912	
14.6028	10.4924	
11.0254	17.9197	
16.4638	9.3944	
14.2644	10.0308	
14.2644	10.0308	
14.2644	10.0308	
6.9377	13.4361	
13.3813	17.2046	
14.5225	13.3068	
12.16	11.2143	
13.0802	11.1541	
17.097	12.8921	
14.2644	10.0308	
14.2644	10.0308	
6.37277	14.4913	
15.4146	17.71	
26.4552	16.0455	
15.3182	9.12335	
11.4462	5.80323	
25.7841	17.4199	
11.4462	5.80323	
13.4653	20.4738	
25.9955	3.40788	
25.5126	15.2657	
18.014	22.3365	
10.9875	3.89696	
17.9471	-0.296974	
10.7828	2.78628	
9.70613	3.76348	
12.1786	5.21292	
9.37206	3.35494	
26.1209	14.894	
4.04062	11.4417	
3.62648	12.6489	
-1.24794	12.5152	
6.22645	9.02645	
19.438	21.9191	
16.1398	0.559107	
11.4462	5.80323	
9.39318	4.07768	
11.324	4.21049	
0.4461	11.915	
26.8006	15.2903	
0.852391	13.1966	
9.44886	2.87523	
2.99473	16.5059	
11.6971	2.60115	
16.9809	-1.20487	
18.1196	16.2358	
0.392265	14.2461	
25.9236	16.7596	
4.06815	12.0967	
16.481	-0.268497	
9.44886	2.87523	
24.9853	15.3972	
11.2771	3.23335	
25.9236	16.7596	
26.177	9.96572	
10.9875	3.89696	
17.3122	-0.188136	
7.43466	9.5067	
11.4462	5.80323	
26.4552	16.0455	
18.4848	20.5861	
16.481	-0.268497	
1.24406	11.6197	
10.6451	2.05897	
2.70973	16.7452	
22.8883	17.7411	
22.2619	22.8659	
11.9663	4.69311	
26.0435	15.8244	
-1.16467	13.3982	
26.5637	14.944	
16.9809	-1.20487	
11.2771	3.23335	
3.41316	11.854	
10.3597	3.93732	
3.17061	11.1038	
4.08805	12.643	
10.8138	4.33001	
11.4462	5.80323	
17.7336	20.0061	
17.3556	21.4667	
18.4848	20.5861	
25.6254	15.8142	
11.8466	5.92509	
8.80097	3.46216	
21.4317	19.9307	
3.87869	12.005	
10.9744	3.01653	
10.9831	6.68712	
2.91709	11.8022	
10.2016	4.68308	
11.7468	3.51525	
21.3296	21.2623	
10.4059	2.47621	
20.0856	14.2951	
1.29194	12.4358	
11.6609	3.85781	
26.6786	5.49654	
8.65931	2.8594	
1.52204	12.7016	
3.17061	11.1038	
10.9875	3.89696	
23.2618	3.96514	
22.0548	11.5371	
22.8357	8.34037	
21.6658	15.7299	
13.5134	7.13021	
14.315	8.67001	
21.6658	15.7299	
16.2654	13.1751	
13.2833	3.70619	
14.315	8.67001	
13.4489	8.22265	
24.6767	7.81635	
22.0795	14.7625	
20.2687	5.81234	
14.2433	5.94768	
14.6619	9.52041	
22.8357	8.34037	
13.2629	6.84023	
21.2254	15.6618	
14.315	8.67001	
22.9418	6.24297	
21.6658	15.7299	
21.2254	15.6618	
16.2654	13.1751	
16.5659	13.0529	
17.1068	10.6043	
24.7587	14.3	
13.7914	8.48353	
23.9297	3.67382	
18.2906	9.16997	
24.1291	7.78283	
23.6942	15.1585	
23.4281	7.28325	
13.4489	8.22265	
18.7418	9.51259	
24.6767	7.81635	
22.2367	15.1053	
24.348	6.37351	
20.9731	16.5458	
22.9413	15.0677	
22.9418	6.24297	
22.6171	8.68345	
16.1478	11.5786	
20.3838	15.6027	
22.4453	16.0865	
17.9021	13.5751	
22.2367	15.1053	
17.5036	13.1798	
22.2367	15.1053	
16.1478	11.5786	
16.2654	13.1751	
21.6658	15.7299	
24.6767	7.81635	
21.6658	15.7299	
15.0569	7.74394	
24.7587	14.3	
21.6658	15.7299	
15.1447	12.9347	
21.6658	15.7299	
20.2061	6.2856	
23.6579	3.97261	
13.2629	6.84023	
21.0596	5.89157	
24.6767	7.81635	
21.6658	15.7299	
21.9274	17.2629	
24.6767	7.81635	
24.1722	5.63487	
22.9099	7.71703	
21.6658	15.7299	
21.6658	15.7299	
23.8826	17.2727	
12.9241	6.56486	
22.6171	8.68345	
21.6658	15.7299	
23.4518	15.8543	
20.8911	15.516	
21.6658	15.7299	
22.2367	15.1053	
21.2254	15.6618	
25.6045	6.52702	
20.8911	15.516	
21.6658	15.7299	
23.4682	6.69728	
22.9944	15.4252	
23.4518	15.8543	
16.2654	13.1751	
21.6658	15.7299	
14.315	8.67001	
25.5037	7.61612	
24.9621	14.8761	
17.3126	16.2547	
18.9368	16.1989	
19.4761	21.1159	
20.1728	20.1301	
19.8793	18.4262	
2.24727	12.0075	
19.0942	18.9137	
19.2323	18.2083	
17.0838	14.93	
12.3705	4.5631	
20.1453	20.981	
19.8324	19.5726	
24.975	8.66269	
25.3859	9.72661	
19.4573	22.7644	
19.1769	-0.654554	
2.9001	12.9036	
19.0942	18.9137	
24.426	8.76769	
23.998	9.06701	
19.4761	21.1159	
19.2323	18.2083	
19.2323	18.2083	
19.4166	20.236	
24.426	8.76769	
19.8793	18.4262	
9.8057	10.7732	
18.7586	22.4167	
22.3789	13.6974	
18.9177	-0.994399	
20.1453	20.981	
19.8793	18.4262	
24.426	8.76769	
17.8252	15.4237	
19.2323	18.2083	
19.1687	20.7147	
19.5919	19.3698	
19.0942	18.9137	
21.3542	14.8021	
20.1453	20.981	
19.0942	18.9137	
6.34844	11.8826	
19.7524	15.2647	
26.0171	9.44729	
19.0942	18.9137	
2.34061	12.6555	
19.2323	18.2083	
15.7908	-0.0271428	
24.426	8.76769	
19.0942	18.9137	
25.1063	10.0233	
20.4547	22.1932	
24.975	8.66269	
19.9556	19.2187	
7.00276	9.14453	
20.6304	20.634	
19.8793	18.4262	
17.9911	20.9185	
19.4761	21.1159	
19.2412	16.4199	
23.7365	2.69823	
19.8793	18.4262	
19.8793	18.4262	
19.9576	20.5464	
18.9621	21.0366	
17.3377	15.1032	
20.4549	14.601	
25.4416	8.48233	
19.2323	18.2083	
25.3859	9.72661	
2.31523	13.1403	
19.7901	13.8871	
20.5063	19.4326	
19.4166	20.236	
21.5951	16.4881	
18.1445	21.7007	
19.0942	18.9137	
19.0942	18.9137	
11.8572	12.8503	
19.6964	14.7316	
14.7823	14.4507	
20.3873	19.1145	
19.6957	20.8683	
19.8793	18.4262	
17.0838	14.93	
18.5604	19.7805	
7.00276	9.14453	
19.4166	20.236	
7.01873	9.55439	
