-6.35791	13.4555	
-5.95777	14.1418	
-4.79777	14.7309	
-8.26158	14.5144	
-6.84467	15.3938	
-12.1857	13.0228	
-4.75782	12.0596	
-3.93858	9.94145	
-7.19811	14.4583	
-6.51526	11.2654	
-4.90388	6.33056	
-5.25598	5.71765	
-3.57584	3.28179	
-4.90388	6.33056	
-4.3026	5.36945	
-4.53815	5.0518	
-4.53815	5.0518	
-2.7252	3.71205	
-1.1685	3.79551	
-4.23205	5.78523	
-7.83731	3.15864	
-3.72599	2.53712	
-4.18182	2.64065	
-9.56851	4.1164	
-8.15781	4.41577	
-8.29969	8.18853	
-3.59415	1.96347	
-1.98305	15.0079	
-0.787341	5.48794	
-6.0465	6.6058	
-4.90388	6.33056	
-3.36206	8.80134	
-9.40944	9.99632	
-3.36206	8.80134	
-6.74493	6.74361	
-3.36206	8.80134	
-1.5837	0.730851	
-2.37019	12.0925	
-3.36206	8.80134	
-5.80024	6.24389	
-6.7072	8.61182	
-7.93449	6.19408	
-5.41284	9.20932	
-6.50365	10.508	
-4.83803	7.66473	
-5.1734	7.66818	
-7.93449	6.19408	
-7.11633	5.55234	
-6.53107	10.0217	
-5.32036	9.95108	
-0.762208	11.7532	
1.17083	10.5756	
-4.27307	10.7505	
-3.36206	8.80134	
3.01486	9.41074	
0.443097	11.5632	
-2.81701	9.54858	
-1.01653	10.3951	
-0.938902	9.64769	
-3.88249	11.2287	
-0.18817	4.75478	
0.112539	5.50191	
0.234439	4.61197	
-10.3896	9.32339	
0.234439	4.61197	
-2.25037	5.03738	
-6.71889	9.46019	
-3.01592	12.1012	
-5.20576	11.7247	
-2.18658	10.2387	
-5.81662	10.6223	
-7.37585	10.4983	
-5.43881	9.67206	
-1.66145	8.84476	
-7.68488	10.1038	
-5.81662	10.6223	
-5.81662	10.6223	
-5.71504	10.2269	
-7.40081	11.5496	
-8.10328	12.2084	
-2.18658	10.2387	
-2.81701	9.54858	
-2.81701	9.54858	
-0.297598	6.43178	
-2.32497	9.76515	
-2.32497	9.76515	
-3.93858	9.94145	
-2.32497	9.76515	
-2.81701	9.54858	
-2.75107	7.69901	
-2.0724	7.65906	
-7.07335	8.50482	
-2.81701	9.54858	
-2.11002	11.0097	
-2.11002	11.0097	
-3.36729	11.1348	
-2.18658	10.2387	
-2.18658	10.2387	
-2.11002	11.0097	
-2.3098	7.65586	
-5.75407	5.6592	
-6.66393	2.6397	
2.97296	7.45892	
-5.71235	5.37106	
-6.66393	2.6397	
3.94424	7.67179	
2.42358	7.09864	
-5.75407	5.6592	
-5.20266	0.842299	
4.72608	7.42271	
-5.48399	11.3318	
0.0088282	8.40419	
-6.10459	11.8861	
-0.539236	7.63176	
-4.34894	9.49511	
0.0088282	8.40419	
-3.50903	10.6984	
-0.539236	7.63176	
-3.93858	9.94145	
0.333612	8.07982	
-3.49762	7.09907	
-3.35193	6.2933	
-4.651	9.3411	
-4.54845	8.79275	
-3.49762	7.09907	
-5.22269	8.67205	
-4.54845	8.79275	
-3.49762	7.09907	
-3.49762	7.09907	
-5.25598	5.71765	
1.36261	7.72339	
-0.539236	7.63176	
-5.42781	6.97292	
-4.53815	5.0518	
-4.2274	6.59257	
-4.47003	6.27025	
-0.881191	12.9961	
-4.47003	6.27025	
-1.0335	7.81125	
0.0427007	7.23827	
-3.78142	12.387	
-4.52475	10.2585	
-8.48534	11.0884	
-8.48534	11.0884	
-9.29761	11.4163	
-7.21819	12.6454	
-2.81701	9.54858	
-3.93858	9.94145	
-8.75541	9.09185	
-10.0536	7.2909	
-3.36206	8.80134	
1.84812	3.91754	
-3.57477	13.0189	
-7.26936	7.2417	
1.58856	11.5615	
-9.90658	8.336	
-3.18184	4.27193	
-4.8198	4.38876	
-6.66588	7.18447	
1.42427	3.74352	
-2.36138	6.61628	
-2.56088	2.84449	
-3.49762	7.09907	
0.852492	6.84146	
-10.3286	6.47728	
-7.71808	5.39101	
-3.64874	4.9626	
-4.46287	3.81707	
-3.24161	3.67303	
-4.53815	5.0518	
-6.11111	5.22307	
-2.95896	8.04678	
-0.804014	6.8679	
-5.09359	2.5379	
-6.16269	3.3156	
-5.78552	3.57623	
-5.26052	3.71947	
-3.76192	8.46502	
-5.27824	4.00855	
-5.94695	3.90661	
-6.02925	8.5957	
-5.71235	5.37106	
-12.4633	7.4268	
-7.48191	8.9685	
1.67494	5.39393	
-11.3499	5.65215	
-6.61059	1.29742	
-2.83917	1.64556	
1.3885	14.8288	
-8.71949	7.584	
-11.8444	3.4386	
2.84027	1.49031	
-10.5725	4.05124	
-7.31885	1.53542	
-7.6794	-0.63398	
-9.44221	13.5112	
-4.13318	-1.01903	
-6.6732	-0.159121	
3.42288	12.388	
-12.9311	9.74563	
-4.0888	0.400393	
-10.3976	1.93749	
-8.80025	1.91639	
-9.49757	2.38038	
-5.44452	1.98209	
-6.15418	2.52008	
-9.08528	0.790637	
-8.93963	5.10263	
-6.09008	1.57858	
-8.80025	1.91639	
0.852492	6.84146	
-9.289	6.42124	
3.5669	4.23605	
-2.95896	8.04678	
-1.38495	5.83546	
3.14522	5.85119	
3.16475	5.15574	
-4.53815	5.0518	
-2.95896	8.04678	
-5.15855	13.5534	
-3.37052	9.76805	
-2.90971	5.73388	
-1.81814	8.54401	
-0.667481	7.2235	
2.2868	10.4466	
-6.53107	10.0217	
-5.1734	7.66818	
2.2868	10.4466	
-2.00576	6.90485	
-1.0335	7.81125	
-4.19296	8.80514	
-4.61198	11.0691	
-3.77168	7.7365	
-3.36206	8.80134	
-5.41376	12.2327	
-3.57477	13.0189	
-3.57477	13.0189	
-4.19296	8.80514	
-6.48553	8.37449	
-3.57477	13.0189	
0.21437	9.96096	
-0.121257	9.08021	
-0.0958179	10.3599	
-3.93858	9.94145	
0.950319	9.04295	
0.501066	8.57575	
0.0088282	8.40419	
0.0088282	8.40419	
0.0088282	8.40419	
-0.401878	8.69412	
-0.443004	3.74839	
0.0494505	2.11787	
-2.26889	13.0029	
-2.55007	13.3851	
-1.15759	2.57545	
1.99525	2.57475	
-0.935746	3.23125	
0.887247	12.6211	
-1.12948	6.47073	
-1.49562	3.3547	
-1.38495	5.83546	
-2.91591	9.91398	
-1.84846	4.22629	
-1.62437	13.9873	
-1.29484	6.79976	
-0.986129	1.18052	
-0.496306	4.29588	
-10.302	12.2894	
-1.29484	6.79976	
-1.36824	4.88468	
